21:33:24.668 > Roll:  2.79  | Pitch:  8.03  | Yaw:  9755.96  | VS (m/s):  333.74  | FS (m/s):  -1247.18  | LS (m/s):  -502.40  | Altura (m):  322.09  | Temp BMP (C):  32.01
21:33:25.671 > Roll:  0.61  | Pitch:  2.00  | Yaw:  9755.78  | VS (m/s):  333.77  | FS (m/s):  -1246.54  | LS (m/s):  -502.42  | Altura (m):  322.10  | Temp BMP (C):  32.01
21:33:26.675 > Roll:  -0.58  | Pitch:  -1.30  | Yaw:  9756.21  | VS (m/s):  333.80  | FS (m/s):  -1245.92  | LS (m/s):  -502.49  | Altura (m):  322.10  | Temp BMP (C):  32.01
21:33:27.677 > Roll:  -7.18  | Pitch:  -10.83  | Yaw:  9834.00  | VS (m/s):  333.85  | FS (m/s):  -1245.83  | LS (m/s):  -502.08  | Altura (m):  322.12  | Temp BMP (C):  32.01
21:33:28.680 > Roll:  0.18  | Pitch:  -2.31  | Yaw:  9833.66  | VS (m/s):  334.04  | FS (m/s):  -1247.30  | LS (m/s):  -501.37  | Altura (m):  322.16  | Temp BMP (C):  32.01
21:33:29.686 > Roll:  -0.98  | Pitch:  -2.57  | Yaw:  9833.46  | VS (m/s):  334.05  | FS (m/s):  -1247.43  | LS (m/s):  -501.24  | Altura (m):  322.14  | Temp BMP (C):  32.01
21:33:30.686 > Roll:  2.69  | Pitch:  1.46  | Yaw:  9833.47  | VS (m/s):  334.05  | FS (m/s):  -1247.49  | LS (m/s):  -501.44  | Altura (m):  322.10  | Temp BMP (C):  32.01
21:33:31.691 > Roll:  -3.20  | Pitch:  -0.46  | Yaw:  9833.16  | VS (m/s):  334.06  | FS (m/s):  -1247.64  | LS (m/s):  -501.51  | Altura (m):  322.10  | Temp BMP (C):  32.01
21:33:32.692 > Roll:  -0.94  | Pitch:  0.77  | Yaw:  9833.01  | VS (m/s):  334.08  | FS (m/s):  -1247.38  | LS (m/s):  -500.99  | Altura (m):  322.09  | Temp BMP (C):  32.01
21:33:33.695 > Roll:  -1.34  | Pitch:  0.54  | Yaw:  9832.82  | VS (m/s):  334.08  | FS (m/s):  -1247.55  | LS (m/s):  -501.09  | Altura (m):  322.09  | Temp BMP (C):  32.01
21:33:34.699 > Roll:  -0.17  | Pitch:  3.98  | Yaw:  9832.70  | VS (m/s):  334.11  | FS (m/s):  -1246.85  | LS (m/s):  -501.00  | Altura (m):  322.10  | Temp BMP (C):  32.01
21:33:35.702 > Roll:  -0.75  | Pitch:  0.29  | Yaw:  9832.53  | VS (m/s):  334.11  | FS (m/s):  -1246.86  | LS (m/s):  -500.87  | Altura (m):  322.07  | Temp BMP (C):  32.01
21:33:36.704 > Roll:  -0.10  | Pitch:  2.60  | Yaw:  9832.25  | VS (m/s):  334.14  | FS (m/s):  -1246.28  | LS (m/s):  -500.87  | Altura (m):  322.07  | Temp BMP (C):  32.01
21:33:37.706 > Roll:  0.59  | Pitch:  0.77  | Yaw:  9832.05  | VS (m/s):  334.15  | FS (m/s):  -1245.88  | LS (m/s):  -500.96  | Altura (m):  322.07  | Temp BMP (C):  32.01
21:33:38.709 > Roll:  -0.37  | Pitch:  1.67  | Yaw:  9831.86  | VS (m/s):  334.16  | FS (m/s):  -1245.56  | LS (m/s):  -500.80  | Altura (m):  322.09  | Temp BMP (C):  32.01
21:33:39.713 > Roll:  -0.37  | Pitch:  0.46  | Yaw:  9831.66  | VS (m/s):  334.17  | FS (m/s):  -1245.53  | LS (m/s):  -500.74  | Altura (m):  322.09  | Temp BMP (C):  32.02
21:33:40.715 > Roll:  -2.82  | Pitch:  -4.60  | Yaw:  9831.49  | VS (m/s):  334.21  | FS (m/s):  -1245.73  | LS (m/s):  -500.38  | Altura (m):  322.08  | Temp BMP (C):  32.02
21:33:41.719 > Roll:  1.50  | Pitch:  5.13  | Yaw:  9831.48  | VS (m/s):  334.24  | FS (m/s):  -1246.08  | LS (m/s):  -500.32  | Altura (m):  322.12  | Temp BMP (C):  32.02
21:33:42.724 > Roll:  0.44  | Pitch:  -0.67  | Yaw:  9831.27  | VS (m/s):  334.25  | FS (m/s):  -1245.90  | LS (m/s):  -500.34  | Altura (m):  322.12  | Temp BMP (C):  32.02
21:33:43.724 > Roll:  -2.55  | Pitch:  6.14  | Yaw:  9831.19  | VS (m/s):  334.30  | FS (m/s):  -1245.24  | LS (m/s):  -500.02  | Altura (m):  322.15  | Temp BMP (C):  32.02
21:33:44.727 > Roll:  -1.48  | Pitch:  -3.07  | Yaw:  9831.15  | VS (m/s):  334.31  | FS (m/s):  -1245.03  | LS (m/s):  -499.77  | Altura (m):  322.14  | Temp BMP (C):  32.02
21:33:45.730 > Roll:  -3.02  | Pitch:  3.01  | Yaw:  9831.09  | VS (m/s):  334.32  | FS (m/s):  -1245.04  | LS (m/s):  -499.82  | Altura (m):  322.14  | Temp BMP (C):  32.02
21:33:46.733 > Roll:  0.49  | Pitch:  0.43  | Yaw:  9830.92  | VS (m/s):  334.32  | FS (m/s):  -1245.04  | LS (m/s):  -499.77  | Altura (m):  322.13  | Temp BMP (C):  32.02
21:33:47.736 > Roll:  3.22  | Pitch:  0.28  | Yaw:  9830.80  | VS (m/s):  334.33  | FS (m/s):  -1244.98  | LS (m/s):  -499.85  | Altura (m):  322.13  | Temp BMP (C):  32.02
21:33:48.740 > Roll:  3.69  | Pitch:  4.11  | Yaw:  9830.66  | VS (m/s):  334.36  | FS (m/s):  -1244.80  | LS (m/s):  -500.33  | Altura (m):  322.13  | Temp BMP (C):  32.02
21:33:49.742 > Roll:  2.04  | Pitch:  -1.99  | Yaw:  9830.65  | VS (m/s):  334.39  | FS (m/s):  -1244.48  | LS (m/s):  -500.63  | Altura (m):  322.16  | Temp BMP (C):  32.02
21:33:50.746 > Roll:  -0.75  | Pitch:  -1.44  | Yaw:  9830.37  | VS (m/s):  334.40  | FS (m/s):  -1244.45  | LS (m/s):  -500.63  | Altura (m):  322.17  | Temp BMP (C):  32.02
21:33:51.018 > ets Jun  8 2016 00:22:57
21:33:51.021 > 
21:33:51.021 > rst:0x1 (POWERON_RESET),boot:0x3 (DOWNLOAD_BOOT(UART0/UART1/SDIO_REI_REO_V2))
21:33:51.028 > waiting for download
21:33:51.927 > ets Jun  8 2016 00:22:57
21:33:51.929 > 
21:33:51.929 > rst:0x1 (POWERON_RESET),boot:0x3 (DOWNLOAD_BOOT(UART0/UART1/SDIO_REI_REO_V2))
21:33:51.936 > waiting for download
21:33:52.929 > U