19:37:51.243 > Loop t1
19:37:51.249 > 游닍 IMU | Acc:  -0.27 ,  0.13 ,  10.02  | Gyro:  -0.08 ,  0.01 ,  0.02  | Temp:  33.33  춿C
19:37:51.258 > 游닍 BMP | Temp:  32.05  춿C | Presi칩n:  98291.11  Pa | Altitud:  255.71  m
19:37:51.265 > ----------------------------
19:37:52.266 > Loop t1
19:37:52.272 > 游닍 IMU | Acc:  -0.23 ,  0.08 ,  10.11  | Gyro:  -0.08 ,  0.02 ,  0.02  | Temp:  33.42  춿C
19:37:52.281 > 游닍 BMP | Temp:  32.05  춿C | Presi칩n:  98291.28  Pa | Altitud:  255.70  m
19:37:52.288 > ----------------------------
19:37:53.289 > Loop t1
19:37:53.295 > 游닍 IMU | Acc:  -0.23 ,  0.14 ,  10.06  | Gyro:  -0.09 ,  0.02 ,  0.02  | Temp:  33.38  춿C
19:37:53.304 > 游닍 BMP | Temp:  32.05  춿C | Presi칩n:  98291.46  Pa | Altitud:  255.68  m
19:37:53.310 > ----------------------------
19:37:54.312 > Loop t1
19:37:54.318 > 游닍 IMU | Acc:  -0.29 ,  0.16 ,  9.96  | Gyro:  -0.09 ,  0.01 ,  0.02  | Temp:  33.38  춿C
19:37:54.327 > 游닍 BMP | Temp:  32.05  춿C | Presi칩n:  98291.46  Pa | Altitud:  255.68  m
19:37:54.333 > ----------------------------
19:37:55.335 > Loop t1
19:37:55.341 > 游닍 IMU | Acc:  -0.34 ,  0.13 ,  10.06  | Gyro:  -0.08 ,  0.01 ,  0.02  | Temp:  33.38  춿C
19:37:55.350 > 游닍 BMP | Temp:  32.05  춿C | Presi칩n:  98291.46  Pa | Altitud:  255.68  m
19:37:55.356 > ----------------------------
19:37:56.358 > Loop t1
19:37:56.364 > 游닍 IMU | Acc:  -0.31 ,  0.16 ,  10.08  | Gyro:  -0.09 ,  0.01 ,  0.02  | Temp:  33.38  춿C
19:37:56.373 > 游닍 BMP | Temp:  32.05  춿C | Presi칩n:  98291.46  Pa | Altitud:  255.68  m
19:37:56.379 > ----------------------------
19:37:57.381 > Loop t1
19:37:57.387 > 游닍 IMU | Acc:  -0.27 ,  0.21 ,  10.04  | Gyro:  -0.09 ,  0.01 ,  0.01  | Temp:  33.42  춿C
19:37:57.396 > 游닍 BMP | Temp:  32.05  춿C | Presi칩n:  98291.46  Pa | Altitud:  255.68  m
19:37:57.402 > ----------------------------
19:37:58.404 > Loop t1
19:37:58.410 > 游닍 IMU | Acc:  -0.32 ,  0.12 ,  10.02  | Gyro:  -0.08 ,  0.01 ,  -0.01  | Temp:  33.42  춿C
19:37:58.419 > 游닍 BMP | Temp:  32.05  춿C | Presi칩n:  98291.28  Pa | Altitud:  255.70  m
19:37:58.425 > ----------------------------
19:37:59.427 > Loop t1
19:37:59.433 > 游닍 IMU | Acc:  -0.27 ,  0.22 ,  10.10  | Gyro:  -0.09 ,  0.00 ,  0.01  | Temp:  33.42  춿C
19:37:59.442 > 游닍 BMP | Temp:  32.05  춿C | Presi칩n:  98291.11  Pa | Altitud:  255.71  m
19:37:59.448 > ----------------------------
19:38:00.450 > Loop t1
19:38:00.456 > 游닍 IMU | Acc:  -0.17 ,  0.10 ,  10.16  | Gyro:  -0.08 ,  0.01 ,  0.01  | Temp:  33.42  춿C
19:38:00.465 > 游닍 BMP | Temp:  32.05  춿C | Presi칩n:  98291.28  Pa | Altitud:  255.70  m
19:38:00.471 > ----------------------------
19:38:01.473 > Loop t1
19:38:01.479 > 游닍 IMU | Acc:  -0.28 ,  0.07 ,  9.99  | Gyro:  -0.09 ,  0.01 ,  0.00  | Temp:  33.47  춿C
19:38:01.487 > 游닍 BMP | Temp:  32.05  춿C | Presi칩n:  98291.28  Pa | Altitud:  255.70  m
19:38:01.495 > ----------------------------
19:38:02.496 > Loop t1
19:38:02.502 > 游닍 IMU | Acc:  -0.25 ,  0.07 ,  10.03  | Gyro:  -0.08 ,  0.01 ,  0.02  | Temp:  33.47  춿C
19:38:02.511 > 游닍 BMP | Temp:  32.04  춿C | Presi칩n:  98290.73  Pa | Altitud:  255.74  m
19:38:02.517 > ----------------------------
19:38:03.519 > Loop t1
19:38:03.525 > 游닍 IMU | Acc:  -0.43 ,  0.26 ,  10.05  | Gyro:  -0.10 ,  -0.01 ,  -0.08  | Temp:  33.47  춿C
19:38:03.534 > 游닍 BMP | Temp:  32.05  춿C | Presi칩n:  98291.11  Pa | Altitud:  255.71  m
19:38:03.540 > ----------------------------
19:38:04.542 > Loop t1
19:38:04.548 > 游닍 IMU | Acc:  -0.26 ,  0.14 ,  10.07  | Gyro:  -0.09 ,  0.02 ,  -0.01  | Temp:  33.38  춿C
19:38:04.556 > 游닍 BMP | Temp:  32.05  춿C | Presi칩n:  98291.11  Pa | Altitud:  255.71  m
19:38:04.563 > ----------------------------
19:38:05.565 > Loop t1
19:38:05.571 > 游닍 IMU | Acc:  -0.17 ,  0.18 ,  10.06  | Gyro:  -0.09 ,  0.01 ,  0.01  | Temp:  33.52  춿C
19:38:05.579 > 游닍 BMP | Temp:  32.05  춿C | Presi칩n:  98290.94  Pa | Altitud:  255.73  m
19:38:05.586 > ----------------------------
19:38:06.588 > Loop t1
19:38:06.594 > 游닍 IMU | Acc:  -0.18 ,  0.18 ,  10.10  | Gyro:  -0.08 ,  0.01 ,  0.02  | Temp:  33.42  춿C
19:38:06.602 > 游닍 BMP | Temp:  32.05  춿C | Presi칩n:  98290.94  Pa | Altitud:  255.73  m
19:38:06.609 > ----------------------------
19:38:07.611 > Loop t1
19:38:07.617 > 游닍 IMU | Acc:  -0.07 ,  0.19 ,  10.01  | Gyro:  -0.08 ,  0.01 ,  0.00  | Temp:  33.52  춿C
19:38:07.626 > 游닍 BMP | Temp:  32.05  춿C | Presi칩n:  98290.94  Pa | Altitud:  255.73  m
19:38:07.634 > ----------------------------
19:38:08.634 > Loop t1
19:38:08.640 > 游닍 IMU | Acc:  -0.14 ,  0.16 ,  10.01  | Gyro:  -0.08 ,  0.00 ,  0.02  | Temp:  33.42  춿C
19:38:08.649 > 游닍 BMP | Temp:  32.05  춿C | Presi칩n:  98290.94  Pa | Altitud:  255.73  m
19:38:08.656 > ----------------------------
19:38:09.657 > Loop t1
19:38:09.663 > 游닍 IMU | Acc:  -0.13 ,  0.22 ,  9.99  | Gyro:  -0.08 ,  0.02 ,  0.11  | Temp:  33.52  춿C
19:38:09.672 > 游닍 BMP | Temp:  32.05  춿C | Presi칩n:  98291.28  Pa | Altitud:  255.70  m
19:38:09.678 > ----------------------------
19:38:10.680 > Loop t1
19:38:10.686 > 游닍 IMU | Acc:  -0.11 ,  0.14 ,  10.07  | Gyro:  -0.09 ,  0.02 ,  0.22  | Temp:  33.52  춿C
19:38:10.695 > 游닍 BMP | Temp:  32.05  춿C | Presi칩n:  98291.46  Pa | Altitud:  255.68  m
19:38:10.701 > ----------------------------
19:38:11.703 > Loop t1
19:38:11.708 > 游닍 IMU | Acc:  -0.23 ,  0.49 ,  10.08  | Gyro:  -0.09 ,  0.01 ,  -0.02  | Temp:  33.38  춿C
19:38:11.718 > 游닍 BMP | Temp:  32.05  춿C | Presi칩n:  98291.28  Pa | Altitud:  255.70  m
19:38:11.724 > ----------------------------
19:38:12.726 > Loop t1
19:38:12.732 > 游닍 IMU | Acc:  -4.90 ,  0.24 ,  8.88  | Gyro:  -0.04 ,  -0.09 ,  -0.01  | Temp:  33.47  춿C
19:38:12.740 > 游닍 BMP | Temp:  32.05  춿C | Presi칩n:  98291.11  Pa | Altitud:  255.71  m
19:38:12.746 > ----------------------------
19:38:13.748 > Loop t1
19:38:13.754 > 游닍 IMU | Acc:  -4.88 ,  0.17 ,  8.56  | Gyro:  -0.07 ,  -0.02 ,  -0.04  | Temp:  33.52  춿C
19:38:13.764 > 游닍 BMP | Temp:  32.05  춿C | Presi칩n:  98291.28  Pa | Altitud:  255.70  m
19:38:13.770 > ----------------------------
19:38:14.771 > Loop t1
19:38:14.778 > 游닍 IMU | Acc:  -4.94 ,  0.15 ,  8.51  | Gyro:  -0.08 ,  0.02 ,  0.02  | Temp:  33.42  춿C
19:38:14.786 > 游닍 BMP | Temp:  32.05  춿C | Presi칩n:  98291.28  Pa | Altitud:  255.70  m
19:38:14.793 > ----------------------------
19:38:15.794 > Loop t1
19:38:15.800 > 游닍 IMU | Acc:  -7.78 ,  -0.01 ,  4.77  | Gyro:  -0.67 ,  0.98 ,  0.29  | Temp:  33.52  춿C
19:38:15.810 > 游닍 BMP | Temp:  32.05  춿C | Presi칩n:  98291.28  Pa | Altitud:  255.70  m
19:38:15.816 > ----------------------------
19:38:16.818 > Loop t1
19:38:16.824 > 游닍 IMU | Acc:  -8.77 ,  -0.75 ,  3.84  | Gyro:  0.18 ,  -0.02 ,  -0.08  | Temp:  33.52  춿C
19:38:16.832 > 游닍 BMP | Temp:  32.05  춿C | Presi칩n:  98291.28  Pa | Altitud:  255.70  m
19:38:16.839 > ----------------------------
19:38:17.840 > Loop t1
19:38:17.846 > 游닍 IMU | Acc:  -8.99 ,  0.16 ,  3.72  | Gyro:  -0.10 ,  -0.03 ,  0.02  | Temp:  33.42  춿C
19:38:17.855 > 游닍 BMP | Temp:  32.05  춿C | Presi칩n:  98291.64  Pa | Altitud:  255.67  m
19:38:17.862 > ----------------------------
19:38:18.863 > Loop t1
19:38:18.869 > 游닍 IMU | Acc:  -9.47 ,  0.16 ,  -0.51  | Gyro:  -0.07 ,  0.28 ,  0.02  | Temp:  33.57  춿C
19:38:18.879 > 游닍 BMP | Temp:  32.05  춿C | Presi칩n:  98291.47  Pa | Altitud:  255.68  m
19:38:18.885 > ----------------------------
19:38:19.886 > Loop t1
19:38:19.892 > 游닍 IMU | Acc:  -9.46 ,  0.10 ,  -0.15  | Gyro:  -0.08 ,  -0.00 ,  0.02  | Temp:  33.47  춿C
19:38:19.902 > 游닍 BMP | Temp:  32.05  춿C | Presi칩n:  98291.64  Pa | Altitud:  255.67  m
19:38:19.908 > ----------------------------
19:38:20.909 > Loop t1
19:38:20.915 > 游닍 IMU | Acc:  -9.59 ,  0.07 ,  -0.34  | Gyro:  -0.08 ,  0.02 ,  0.02  | Temp:  33.47  춿C
19:38:20.925 > 游닍 BMP | Temp:  32.05  춿C | Presi칩n:  98291.64  Pa | Altitud:  255.67  m
19:38:20.931 > ----------------------------
19:38:21.932 > Loop t1
19:38:21.938 > 游닍 IMU | Acc:  -9.60 ,  0.08 ,  -0.31  | Gyro:  -0.08 ,  0.01 ,  0.02  | Temp:  33.57  춿C
19:38:21.947 > 游닍 BMP | Temp:  32.05  춿C | Presi칩n:  98291.64  Pa | Altitud:  255.67  m
19:38:21.954 > ----------------------------
19:38:22.955 > Loop t1
19:38:22.961 > 游닍 IMU | Acc:  -9.57 ,  0.08 ,  -0.32  | Gyro:  -0.08 ,  -0.01 ,  0.02  | Temp:  33.42  춿C
19:38:22.970 > 游닍 BMP | Temp:  32.05  춿C | Presi칩n:  98291.28  Pa | Altitud:  255.70  m
19:38:22.977 > ----------------------------
19:38:23.978 > Loop t1
19:38:23.984 > 游닍 IMU | Acc:  -9.59 ,  0.09 ,  -0.11  | Gyro:  -0.09 ,  0.02 ,  0.02  | Temp:  33.52  춿C
19:38:23.993 > 游닍 BMP | Temp:  32.05  춿C | Presi칩n:  98291.46  Pa | Altitud:  255.68  m
19:38:24.000 > ----------------------------
19:38:25.001 > Loop t1
19:38:25.007 > 游닍 IMU | Acc:  -9.57 ,  0.12 ,  -0.13  | Gyro:  -0.08 ,  0.02 ,  0.02  | Temp:  33.52  춿C
19:38:25.016 > 游닍 BMP | Temp:  32.05  춿C | Presi칩n:  98291.46  Pa | Altitud:  255.68  m
19:38:25.023 > ----------------------------
19:38:26.024 > Loop t1
19:38:26.030 > 游닍 IMU | Acc:  -9.65 ,  0.09 ,  -0.15  | Gyro:  -0.09 ,  0.00 ,  0.02  | Temp:  33.42  춿C
19:38:26.039 > 游닍 BMP | Temp:  32.05  춿C | Presi칩n:  98291.98  Pa | Altitud:  255.64  m
19:38:26.046 > ----------------------------
19:38:27.047 > Loop t1
19:38:27.053 > 游닍 IMU | Acc:  -9.65 ,  0.13 ,  -0.15  | Gyro:  -0.08 ,  -0.00 ,  0.02  | Temp:  33.47  춿C
19:38:27.062 > 游닍 BMP | Temp:  32.05  춿C | Presi칩n:  98291.98  Pa | Altitud:  255.64  m
19:38:27.069 > ----------------------------
19:38:28.070 > Loop t1
19:38:28.076 > 游닍 IMU | Acc:  -9.60 ,  0.18 ,  -0.12  | Gyro:  -0.08 ,  0.03 ,  0.02  | Temp:  33.57  춿C
19:38:28.085 > 游닍 BMP | Temp:  32.05  춿C | Presi칩n:  98291.98  Pa | Altitud:  255.64  m
19:38:28.092 > ----------------------------
19:38:29.093 > Loop t1
19:38:29.099 > 游닍 IMU | Acc:  -9.57 ,  0.17 ,  -0.03  | Gyro:  -0.08 ,  0.01 ,  0.02  | Temp:  33.47  춿C
19:38:29.108 > 游닍 BMP | Temp:  32.05  춿C | Presi칩n:  98292.16  Pa | Altitud:  255.62  m
19:38:29.115 > ----------------------------
19:38:30.116 > Loop t1
19:38:30.122 > 游닍 IMU | Acc:  -9.55 ,  0.17 ,  -0.07  | Gyro:  -0.08 ,  0.01 ,  0.02  | Temp:  33.57  춿C
19:38:30.131 > 游닍 BMP | Temp:  32.05  춿C | Presi칩n:  98292.52  Pa | Altitud:  255.59  m
19:38:30.137 > ----------------------------
19:38:31.139 > Loop t1
19:38:31.145 > 游닍 IMU | Acc:  -9.55 ,  0.21 ,  -0.06  | Gyro:  -0.09 ,  0.02 ,  0.02  | Temp:  33.42  춿C
19:38:31.154 > 游닍 BMP | Temp:  32.05  춿C | Presi칩n:  98292.34  Pa | Altitud:  255.61  m
19:38:31.160 > ----------------------------
19:38:32.162 > Loop t1
19:38:32.168 > 游닍 IMU | Acc:  -9.42 ,  0.16 ,  -0.14  | Gyro:  -0.09 ,  0.02 ,  0.02  | Temp:  33.52  춿C
19:38:32.177 > 游닍 BMP | Temp:  32.05  춿C | Presi칩n:  98292.34  Pa | Altitud:  255.61  m
19:38:32.183 > ----------------------------
19:38:33.185 > Loop t1
19:38:33.191 > 游닍 IMU | Acc:  -9.47 ,  0.11 ,  -0.54  | Gyro:  -0.07 ,  -0.05 ,  0.02  | Temp:  33.52  춿C
19:38:33.200 > 游닍 BMP | Temp:  32.05  춿C | Presi칩n:  98292.34  Pa | Altitud:  255.61  m
19:38:33.206 > ----------------------------
19:38:34.208 > Loop t1
19:38:34.214 > 游닍 IMU | Acc:  -9.46 ,  0.15 ,  0.66  | Gyro:  -0.14 ,  0.14 ,  0.02  | Temp:  33.42  춿C
19:38:34.223 > 游닍 BMP | Temp:  32.05  춿C | Presi칩n:  98292.34  Pa | Altitud:  255.61  m
19:38:34.229 > ----------------------------
19:38:35.231 > Loop t1
19:38:35.237 > 游닍 IMU | Acc:  -9.57 ,  0.09 ,  0.00  | Gyro:  -0.08 ,  0.02 ,  0.02  | Temp:  33.47  춿C
19:38:35.246 > 游닍 BMP | Temp:  32.05  춿C | Presi칩n:  98292.34  Pa | Altitud:  255.61  m
19:38:35.252 > ----------------------------
19:38:36.254 > Loop t1
19:38:36.260 > 游닍 IMU | Acc:  -9.61 ,  0.12 ,  -0.13  | Gyro:  -0.08 ,  0.03 ,  0.02  | Temp:  33.47  춿C
19:38:36.269 > 游닍 BMP | Temp:  32.05  춿C | Presi칩n:  98292.00  Pa | Altitud:  255.63  m
19:38:36.275 > ----------------------------
19:38:37.277 > Loop t1
19:38:37.283 > 游닍 IMU | Acc:  -9.65 ,  0.11 ,  -0.10  | Gyro:  -0.09 ,  -0.03 ,  0.02  | Temp:  33.66  춿C
19:38:37.292 > 游닍 BMP | Temp:  32.05  춿C | Presi칩n:  98292.00  Pa | Altitud:  255.63  m
19:38:37.298 > ----------------------------
19:38:38.300 > Loop t1
19:38:38.306 > 游닍 IMU | Acc:  -9.64 ,  0.13 ,  -0.06  | Gyro:  -0.09 ,  0.02 ,  0.02  | Temp:  33.57  춿C
19:38:38.315 > 游닍 BMP | Temp:  32.05  춿C | Presi칩n:  98292.17  Pa | Altitud:  255.62  m
19:38:38.321 > ----------------------------
19:38:39.323 > Loop t1
19:38:39.329 > 游닍 IMU | Acc:  -9.34 ,  0.12 ,  1.92  | Gyro:  -0.07 ,  -0.74 ,  0.02  | Temp:  33.52  춿C
19:38:39.337 > 游닍 BMP | Temp:  32.06  춿C | Presi칩n:  98292.50  Pa | Altitud:  255.59  m
19:38:39.344 > ----------------------------
19:38:40.346 > Loop t1
19:38:40.351 > 游닍 IMU | Acc:  -9.02 ,  0.11 ,  3.66  | Gyro:  -0.08 ,  -0.00 ,  0.02  | Temp:  33.52  춿C
19:38:40.360 > 游닍 BMP | Temp:  32.05  춿C | Presi칩n:  98292.17  Pa | Altitud:  255.62  m
19:38:40.367 > ----------------------------
19:38:41.369 > Loop t1
19:38:41.374 > 游닍 IMU | Acc:  -9.04 ,  0.18 ,  3.59  | Gyro:  -0.09 ,  0.01 ,  0.02  | Temp:  33.52  춿C
19:38:41.383 > 游닍 BMP | Temp:  32.05  춿C | Presi칩n:  98292.17  Pa | Altitud:  255.62  m
19:38:41.390 > ----------------------------
19:38:42.392 > Loop t1
19:38:42.397 > 游닍 IMU | Acc:  -8.93 ,  0.22 ,  3.64  | Gyro:  -0.08 ,  0.01 ,  0.02  | Temp:  33.52  춿C
19:38:42.406 > 游닍 BMP | Temp:  32.05  춿C | Presi칩n:  98291.83  Pa | Altitud:  255.65  m
19:38:42.413 > ----------------------------
19:38:43.414 > Loop t1
19:38:43.420 > 游닍 IMU | Acc:  -8.93 ,  0.14 ,  3.57  | Gyro:  -0.08 ,  0.01 ,  0.02  | Temp:  33.52  춿C
19:38:43.430 > 游닍 BMP | Temp:  32.05  춿C | Presi칩n:  98292.17  Pa | Altitud:  255.62  m
19:38:43.436 > ----------------------------
19:38:44.437 > Loop t1
19:38:44.443 > 游닍 IMU | Acc:  -8.78 ,  0.17 ,  4.77  | Gyro:  -0.04 ,  0.08 ,  0.02  | Temp:  33.52  춿C
19:38:44.452 > 游닍 BMP | Temp:  32.05  춿C | Presi칩n:  98292.17  Pa | Altitud:  255.62  m
19:38:44.459 > ----------------------------
19:38:45.460 > Loop t1
19:38:45.466 > 游닍 IMU | Acc:  -5.84 ,  -0.33 ,  7.23  | Gyro:  -0.11 ,  -0.34 ,  0.28  | Temp:  33.47  춿C
19:38:45.475 > 游닍 BMP | Temp:  32.05  춿C | Presi칩n:  98292.17  Pa | Altitud:  255.62  m
19:38:45.482 > ----------------------------
19:38:46.483 > Loop t1
19:38:46.489 > 游닍 IMU | Acc:  0.06 ,  0.72 ,  10.05  | Gyro:  0.01 ,  0.01 ,  -0.03  | Temp:  33.47  춿C
19:38:46.499 > 游닍 BMP | Temp:  32.05  춿C | Presi칩n:  98292.00  Pa | Altitud:  255.63  m
19:38:46.505 > ----------------------------
19:38:47.506 > Loop t1
19:38:47.512 > 游닍 IMU | Acc:  -0.51 ,  0.37 ,  10.15  | Gyro:  -0.08 ,  0.02 ,  0.19  | Temp:  33.52  춿C
19:38:47.521 > 游닍 BMP | Temp:  32.05  춿C | Presi칩n:  98292.17  Pa | Altitud:  255.62  m
19:38:47.528 > ----------------------------
19:38:48.529 > Loop t1
19:38:48.535 > 游닍 IMU | Acc:  -0.15 ,  0.13 ,  10.06  | Gyro:  -0.09 ,  0.01 ,  0.06  | Temp:  33.52  춿C
19:38:48.544 > 游닍 BMP | Temp:  32.05  춿C | Presi칩n:  98291.82  Pa | Altitud:  255.65  m
19:38:48.550 > ----------------------------
19:38:49.552 > Loop t1
19:38:49.558 > 游닍 IMU | Acc:  -0.30 ,  0.12 ,  9.95  | Gyro:  -0.08 ,  0.01 ,  -0.02  | Temp:  33.52  춿C
19:38:49.567 > 游닍 BMP | Temp:  32.05  춿C | Presi칩n:  98291.82  Pa | Altitud:  255.65  m
19:38:49.573 > ----------------------------
19:38:50.575 > Loop t1
19:38:50.581 > 游닍 IMU | Acc:  -0.32 ,  0.11 ,  10.03  | Gyro:  -0.08 ,  0.01 ,  0.03  | Temp:  33.61  춿C
19:38:50.590 > 游닍 BMP | Temp:  32.05  춿C | Presi칩n:  98292.00  Pa | Altitud:  255.63  m
19:38:50.596 > ----------------------------
19:38:51.598 > Loop t1
19:38:51.604 > 游닍 IMU | Acc:  -0.28 ,  0.20 ,  10.14  | Gyro:  -0.08 ,  0.01 ,  0.01  | Temp:  33.52  춿C
19:38:51.613 > 游닍 BMP | Temp:  32.05  춿C | Presi칩n:  98291.64  Pa | Altitud:  255.67  m
19:38:51.619 > ----------------------------
19:38:52.621 > Loop t1
19:38:52.627 > 游닍 IMU | Acc:  -0.15 ,  0.22 ,  10.11  | Gyro:  -0.08 ,  0.01 ,  0.02  | Temp:  33.57  춿C
19:38:52.636 > 游닍 BMP | Temp:  32.05  춿C | Presi칩n:  98291.13  Pa | Altitud:  255.71  m
19:38:52.642 > ----------------------------
19:38:53.644 > Loop t1
19:38:53.650 > 游닍 IMU | Acc:  -0.10 ,  0.19 ,  10.11  | Gyro:  -0.08 ,  0.01 ,  0.02  | Temp:  33.47  춿C
19:38:53.659 > 游닍 BMP | Temp:  32.05  춿C | Presi칩n:  98290.95  Pa | Altitud:  255.72  m
19:38:53.666 > ----------------------------
19:38:54.667 > Loop t1
19:38:54.673 > 游닍 IMU | Acc:  -0.16 ,  0.19 ,  10.04  | Gyro:  -0.08 ,  0.01 ,  0.02  | Temp:  33.57  춿C
19:38:54.682 > 游닍 BMP | Temp:  32.05  춿C | Presi칩n:  98291.13  Pa | Altitud:  255.71  m
19:38:54.689 > ----------------------------
19:38:55.690 > Loop t1
19:38:55.696 > 游닍 IMU | Acc:  -0.21 ,  0.16 ,  10.09  | Gyro:  -0.08 ,  0.01 ,  0.02  | Temp:  33.57  춿C
19:38:55.705 > 游닍 BMP | Temp:  32.05  춿C | Presi칩n:  98291.13  Pa | Altitud:  255.71  m
19:38:55.711 > ----------------------------
19:38:56.713 > Loop t1
19:38:56.719 > 游닍 IMU | Acc:  -0.16 ,  0.10 ,  10.06  | Gyro:  -0.08 ,  0.01 ,  0.02  | Temp:  33.61  춿C
19:38:56.728 > 游닍 BMP | Temp:  32.05  춿C | Presi칩n:  98291.30  Pa | Altitud:  255.69  m
19:38:56.735 > ----------------------------
19:38:57.736 > Loop t1
19:38:57.742 > 游닍 IMU | Acc:  -0.28 ,  0.16 ,  10.01  | Gyro:  -0.09 ,  0.01 ,  0.02  | Temp:  33.52  춿C
19:38:57.750 > 游닍 BMP | Temp:  32.05  춿C | Presi칩n:  98291.47  Pa | Altitud:  255.68  m
19:38:57.757 > ----------------------------
19:38:58.759 > Loop t1
19:38:58.765 > 游닍 IMU | Acc:  -0.29 ,  0.18 ,  10.03  | Gyro:  -0.08 ,  0.02 ,  0.02  | Temp:  33.52  춿C
19:38:58.774 > 游닍 BMP | Temp:  32.05  춿C | Presi칩n:  98291.47  Pa | Altitud:  255.68  m
19:38:58.780 > ----------------------------
19:38:59.782 > Loop t1
19:38:59.788 > 游닍 IMU | Acc:  -0.27 ,  0.21 ,  10.05  | Gyro:  -0.08 ,  0.01 ,  0.02  | Temp:  33.52  춿C
19:38:59.797 > 游닍 BMP | Temp:  32.05  춿C | Presi칩n:  98291.47  Pa | Altitud:  255.68  m
19:38:59.803 > ----------------------------
19:39:00.805 > Loop t1
19:39:00.811 > 游닍 IMU | Acc:  -0.26 ,  0.20 ,  10.01  | Gyro:  -0.08 ,  0.01 ,  0.02  | Temp:  33.57  춿C
19:39:00.820 > 游닍 BMP | Temp:  32.05  춿C | Presi칩n:  98291.30  Pa | Altitud:  255.69  m
19:39:00.827 > ----------------------------
19:39:01.828 > Loop t1
19:39:01.834 > 游닍 IMU | Acc:  -0.19 ,  0.24 ,  10.09  | Gyro:  -0.09 ,  0.01 ,  0.02  | Temp:  33.47  춿C
19:39:01.842 > 游닍 BMP | Temp:  32.06  춿C | Presi칩n:  98291.80  Pa | Altitud:  255.65  m
19:39:01.849 > ----------------------------
19:39:02.851 > Loop t1
19:39:02.857 > 游닍 IMU | Acc:  -0.20 ,  0.26 ,  10.05  | Gyro:  -0.09 ,  0.01 ,  0.01  | Temp:  33.57  춿C
19:39:02.865 > 游닍 BMP | Temp:  32.06  춿C | Presi칩n:  98291.63  Pa | Altitud:  255.67  m
19:39:02.872 > ----------------------------
19:39:03.874 > Loop t1
19:39:03.880 > 游닍 IMU | Acc:  -0.12 ,  0.20 ,  10.01  | Gyro:  -0.08 ,  0.01 ,  0.02  | Temp:  33.47  춿C
19:39:03.888 > 游닍 BMP | Temp:  32.06  춿C | Presi칩n:  98291.63  Pa | Altitud:  255.67  m
19:39:03.895 > ----------------------------
19:39:04.897 > Loop t1
19:39:04.903 > 游닍 IMU | Acc:  -0.24 ,  0.07 ,  10.04  | Gyro:  -0.08 ,  0.01 ,  0.02  | Temp:  33.57  춿C
19:39:04.911 > 游닍 BMP | Temp:  32.06  춿C | Presi칩n:  98291.45  Pa | Altitud:  255.68  m
19:39:04.919 > ----------------------------
19:39:05.920 > Loop t1
19:39:05.926 > 游닍 IMU | Acc:  -0.28 ,  0.11 ,  10.06  | Gyro:  -0.09 ,  0.01 ,  0.02  | Temp:  33.61  춿C
19:39:05.934 > 游닍 BMP | Temp:  32.06  춿C | Presi칩n:  98291.63  Pa | Altitud:  255.67  m
19:39:05.941 > ----------------------------
19:39:06.942 > Loop t1
19:39:06.948 > 游닍 IMU | Acc:  -0.31 ,  0.12 ,  10.04  | Gyro:  -0.09 ,  0.01 ,  0.02  | Temp:  33.52  춿C
19:39:06.958 > 游닍 BMP | Temp:  32.06  춿C | Presi칩n:  98291.45  Pa | Altitud:  255.68  m
19:39:06.964 > ----------------------------
19:39:07.965 > Loop t1
19:39:07.971 > 游닍 IMU | Acc:  -0.27 ,  0.17 ,  10.07  | Gyro:  -0.08 ,  0.01 ,  0.02  | Temp:  33.42  춿C
19:39:07.981 > 游닍 BMP | Temp:  32.06  춿C | Presi칩n:  98291.45  Pa | Altitud:  255.68  m
19:39:07.986 > ----------------------------
19:39:08.988 > Loop t1
19:39:08.995 > 游닍 IMU | Acc:  -0.19 ,  0.22 ,  10.09  | Gyro:  -0.09 ,  0.01 ,  0.02  | Temp:  33.61  춿C
19:39:09.004 > 游닍 BMP | Temp:  32.06  춿C | Presi칩n:  98291.80  Pa | Altitud:  255.65  m
19:39:09.009 > ----------------------------
19:39:10.011 > Loop t1
19:39:10.018 > 游닍 IMU | Acc:  -0.17 ,  0.21 ,  10.12  | Gyro:  -0.09 ,  0.01 ,  0.02  | Temp:  33.57  춿C
19:39:10.026 > 游닍 BMP | Temp:  32.06  춿C | Presi칩n:  98291.80  Pa | Altitud:  255.65  m
19:39:10.032 > ----------------------------
19:39:11.034 > Loop t1
19:39:11.041 > 游닍 IMU | Acc:  -0.16 ,  0.17 ,  10.06  | Gyro:  -0.09 ,  0.01 ,  0.02  | Temp:  33.57  춿C
19:39:11.050 > 游닍 BMP | Temp:  32.06  춿C | Presi칩n:  98291.63  Pa | Altitud:  255.67  m
19:39:11.055 > ----------------------------
19:39:12.057 > Loop t1
19:39:12.063 > 游닍 IMU | Acc:  -0.30 ,  0.13 ,  10.03  | Gyro:  -0.09 ,  0.01 ,  0.02  | Temp:  33.57  춿C
19:39:12.072 > 游닍 BMP | Temp:  32.06  춿C | Presi칩n:  98291.63  Pa | Altitud:  255.67  m
19:39:12.078 > ----------------------------
19:39:13.080 > Loop t1
19:39:13.086 > 游닍 IMU | Acc:  -0.26 ,  0.17 ,  10.03  | Gyro:  -0.08 ,  0.01 ,  0.02  | Temp:  33.47  춿C
19:39:13.095 > 游닍 BMP | Temp:  32.06  춿C | Presi칩n:  98291.66  Pa | Altitud:  255.66  m
19:39:13.101 > ----------------------------
19:39:14.103 > Loop t1
19:39:14.109 > 游닍 IMU | Acc:  -0.28 ,  0.17 ,  10.13  | Gyro:  -0.09 ,  0.01 ,  0.02  | Temp:  33.52  춿C
19:39:14.119 > 游닍 BMP | Temp:  32.06  춿C | Presi칩n:  98291.66  Pa | Altitud:  255.66  m
19:39:14.125 > ----------------------------
19:39:15.126 > Loop t1
19:39:15.133 > 游닍 IMU | Acc:  -0.24 ,  0.17 ,  10.07  | Gyro:  -0.08 ,  0.01 ,  0.02  | Temp:  33.52  춿C
19:39:15.141 > 游닍 BMP | Temp:  32.06  춿C | Presi칩n:  98291.48  Pa | Altitud:  255.68  m
19:39:15.148 > ----------------------------
19:39:16.149 > Loop t1
19:39:16.155 > 游닍 IMU | Acc:  -0.09 ,  0.22 ,  10.14  | Gyro:  -0.09 ,  0.01 ,  0.02  | Temp:  33.52  춿C
19:39:16.164 > 游닍 BMP | Temp:  32.06  춿C | Presi칩n:  98291.48  Pa | Altitud:  255.68  m
19:39:16.170 > ----------------------------
19:39:17.172 > Loop t1
19:39:17.178 > 游닍 IMU | Acc:  -0.07 ,  0.16 ,  10.09  | Gyro:  -0.09 ,  0.01 ,  0.02  | Temp:  33.52  춿C
19:39:17.186 > 游닍 BMP | Temp:  32.06  춿C | Presi칩n:  98291.66  Pa | Altitud:  255.66  m
19:39:17.194 > ----------------------------
19:39:18.195 > Loop t1
19:39:18.201 > 游닍 IMU | Acc:  -0.12 ,  0.20 ,  10.14  | Gyro:  -0.08 ,  0.01 ,  0.02  | Temp:  33.52  춿C
19:39:18.209 > 游닍 BMP | Temp:  32.07  춿C | Presi칩n:  98292.19  Pa | Altitud:  255.62  m
19:39:18.216 > ----------------------------
19:39:19.218 > Loop t1
19:39:19.224 > 游닍 IMU | Acc:  -0.27 ,  0.13 ,  10.05  | Gyro:  -0.08 ,  0.01 ,  0.02  | Temp:  33.42  춿C
19:39:19.233 > 游닍 BMP | Temp:  32.07  춿C | Presi칩n:  98292.19  Pa | Altitud:  255.62  m
19:39:19.240 > ----------------------------
19:39:20.241 > Loop t1
19:39:20.247 > 游닍 IMU | Acc:  -0.18 ,  0.13 ,  10.05  | Gyro:  -0.08 ,  0.01 ,  0.02  | Temp:  33.57  춿C
19:39:20.256 > 游닍 BMP | Temp:  32.07  춿C | Presi칩n:  98292.19  Pa | Altitud:  255.62  m
19:39:20.263 > ----------------------------
19:39:21.264 > Loop t1
19:39:21.270 > 游닍 IMU | Acc:  -0.27 ,  0.12 ,  10.01  | Gyro:  -0.09 ,  0.01 ,  0.02  | Temp:  33.66  춿C
19:39:21.279 > 游닍 BMP | Temp:  32.07  춿C | Presi칩n:  98292.02  Pa | Altitud:  255.63  m
19:39:21.286 > ----------------------------
19:39:22.287 > Loop t1
19:39:22.293 > 游닍 IMU | Acc:  -0.27 ,  0.11 ,  10.11  | Gyro:  -0.08 ,  0.01 ,  0.02  | Temp:  33.57  춿C
19:39:22.302 > 游닍 BMP | Temp:  32.07  춿C | Presi칩n:  98292.37  Pa | Altitud:  255.60  m
19:39:22.309 > ----------------------------
19:39:23.310 > Loop t1
19:39:23.316 > 游닍 IMU | Acc:  -0.22 ,  0.13 ,  10.04  | Gyro:  -0.08 ,  0.01 ,  0.02  | Temp:  33.52  춿C
19:39:23.325 > 游닍 BMP | Temp:  32.07  춿C | Presi칩n:  98292.37  Pa | Altitud:  255.60  m
19:39:23.332 > ----------------------------
19:39:24.333 > Loop t1
19:39:24.339 > 游닍 IMU | Acc:  -0.16 ,  0.17 ,  10.02  | Gyro:  -0.08 ,  0.01 ,  0.02  | Temp:  33.42  춿C
19:39:24.348 > 游닍 BMP | Temp:  32.07  춿C | Presi칩n:  98292.37  Pa | Altitud:  255.60  m
19:39:24.354 > ----------------------------
19:39:25.356 > Loop t1
19:39:25.362 > 游닍 IMU | Acc:  -0.14 ,  0.27 ,  10.00  | Gyro:  -0.08 ,  0.01 ,  0.02  | Temp:  33.52  춿C
19:39:25.371 > 游닍 BMP | Temp:  32.07  춿C | Presi칩n:  98292.54  Pa | Altitud:  255.59  m
19:39:25.378 > ----------------------------
19:39:26.379 > Loop t1
19:39:26.385 > 游닍 IMU | Acc:  -0.13 ,  0.13 ,  10.07  | Gyro:  -0.08 ,  0.01 ,  0.02  | Temp:  33.52  춿C
19:39:26.394 > 游닍 BMP | Temp:  32.07  춿C | Presi칩n:  98292.19  Pa | Altitud:  255.62  m
19:39:26.400 > ----------------------------
19:39:27.402 > Loop t1
19:39:27.408 > 游닍 IMU | Acc:  -0.26 ,  0.13 ,  10.07  | Gyro:  -0.09 ,  0.01 ,  0.02  | Temp:  33.57  춿C
19:39:27.417 > 游닍 BMP | Temp:  32.07  춿C | Presi칩n:  98292.02  Pa | Altitud:  255.63  m
19:39:27.423 > ----------------------------
19:39:28.425 > Loop t1
19:39:28.431 > 游닍 IMU | Acc:  -0.25 ,  0.12 ,  10.07  | Gyro:  -0.08 ,  0.01 ,  0.02  | Temp:  33.57  춿C
19:39:28.441 > 游닍 BMP | Temp:  32.07  춿C | Presi칩n:  98292.20  Pa | Altitud:  255.62  m
19:39:28.446 > ----------------------------
19:39:29.448 > Loop t1
19:39:29.454 > 游닍 IMU | Acc:  -0.25 ,  0.15 ,  10.13  | Gyro:  -0.08 ,  0.01 ,  0.02  | Temp:  33.57  춿C
19:39:29.463 > 游닍 BMP | Temp:  32.07  춿C | Presi칩n:  98292.02  Pa | Altitud:  255.63  m
19:39:29.469 > ----------------------------
19:39:30.470 > Loop t1
19:39:30.476 > 游닍 IMU | Acc:  -0.17 ,  0.21 ,  10.01  | Gyro:  -0.08 ,  0.01 ,  0.02  | Temp:  33.66  춿C
19:39:30.486 > 游닍 BMP | Temp:  32.07  춿C | Presi칩n:  98291.84  Pa | Altitud:  255.65  m
19:39:30.492 > ----------------------------
19:39:31.494 > Loop t1
19:39:31.499 > 游닍 IMU | Acc:  -0.16 ,  0.23 ,  10.04  | Gyro:  -0.09 ,  0.01 ,  0.02  | Temp:  33.47  춿C
19:39:31.509 > 游닍 BMP | Temp:  32.07  춿C | Presi칩n:  98291.67  Pa | Altitud:  255.66  m
19:39:31.515 > ----------------------------
19:39:32.516 > Loop t1
19:39:32.522 > 游닍 IMU | Acc:  -0.13 ,  0.21 ,  10.02  | Gyro:  -0.08 ,  0.02 ,  0.02  | Temp:  33.52  춿C
19:39:32.532 > 游닍 BMP | Temp:  32.08  춿C | Presi칩n:  98291.85  Pa | Altitud:  255.65  m
19:39:32.538 > ----------------------------
19:39:33.539 > Loop t1
19:39:33.545 > 游닍 IMU | Acc:  -0.23 ,  0.17 ,  10.07  | Gyro:  -0.08 ,  0.01 ,  0.02  | Temp:  33.52  춿C
19:39:33.555 > 游닍 BMP | Temp:  32.08  춿C | Presi칩n:  98291.50  Pa | Altitud:  255.68  m
19:39:33.561 > ----------------------------
19:39:34.562 > Loop t1
19:39:34.569 > 游닍 IMU | Acc:  -0.29 ,  0.16 ,  10.01  | Gyro:  -0.09 ,  0.01 ,  0.02  | Temp:  33.61  춿C
19:39:34.578 > 游닍 BMP | Temp:  32.08  춿C | Presi칩n:  98291.16  Pa | Altitud:  255.71  m
19:39:34.584 > ----------------------------
19:39:35.585 > Loop t1
19:39:35.592 > 游닍 IMU | Acc:  -0.29 ,  0.14 ,  10.18  | Gyro:  -0.09 ,  0.01 ,  0.02  | Temp:  33.61  춿C
19:39:35.600 > 游닍 BMP | Temp:  32.08  춿C | Presi칩n:  98291.16  Pa | Altitud:  255.71  m
19:39:35.607 > ----------------------------
19:39:36.608 > Loop t1
19:39:36.614 > 游닍 IMU | Acc:  -0.21 ,  0.20 ,  10.11  | Gyro:  -0.09 ,  0.02 ,  0.02  | Temp:  33.47  춿C
19:39:36.623 > 游닍 BMP | Temp:  32.08  춿C | Presi칩n:  98291.16  Pa | Altitud:  255.71  m
19:39:36.630 > ----------------------------
19:39:37.631 > Loop t1
19:39:37.637 > 游닍 IMU | Acc:  -0.13 ,  0.22 ,  10.05  | Gyro:  -0.08 ,  0.01 ,  0.02  | Temp:  33.47  춿C
19:39:37.646 > 游닍 BMP | Temp:  32.08  춿C | Presi칩n:  98291.16  Pa | Altitud:  255.71  m
19:39:37.653 > ----------------------------
19:39:38.654 > Loop t1
19:39:38.660 > 游닍 IMU | Acc:  -0.09 ,  0.14 ,  10.04  | Gyro:  -0.08 ,  0.01 ,  0.02  | Temp:  33.57  춿C
19:39:38.669 > 游닍 BMP | Temp:  32.08  춿C | Presi칩n:  98291.16  Pa | Altitud:  255.71  m
19:39:38.676 > ----------------------------
19:39:39.677 > Loop t1
19:39:39.683 > 游닍 IMU | Acc:  -0.25 ,  0.20 ,  10.00  | Gyro:  -0.08 ,  0.01 ,  0.02  | Temp:  33.47  춿C
19:39:39.692 > 游닍 BMP | Temp:  32.08  춿C | Presi칩n:  98290.98  Pa | Altitud:  255.72  m
19:39:39.699 > ----------------------------
19:39:40.700 > Loop t1
19:39:40.706 > 游닍 IMU | Acc:  -0.31 ,  0.17 ,  10.08  | Gyro:  -0.09 ,  0.02 ,  0.02  | Temp:  33.42  춿C
19:39:40.715 > 游닍 BMP | Temp:  32.08  춿C | Presi칩n:  98291.16  Pa | Altitud:  255.71  m
19:39:40.722 > ----------------------------
19:39:41.723 > Loop t1
19:39:41.729 > 游닍 IMU | Acc:  -0.25 ,  0.19 ,  10.03  | Gyro:  -0.08 ,  0.01 ,  0.02  | Temp:  33.52  춿C
19:39:41.738 > 游닍 BMP | Temp:  32.08  춿C | Presi칩n:  98290.98  Pa | Altitud:  255.72  m
19:39:41.747 > ----------------------------
19:39:42.746 > Loop t1
19:39:42.752 > 游닍 IMU | Acc:  -0.18 ,  0.23 ,  10.04  | Gyro:  -0.08 ,  0.01 ,  0.02  | Temp:  33.52  춿C
19:39:42.761 > 游닍 BMP | Temp:  32.08  춿C | Presi칩n:  98290.98  Pa | Altitud:  255.72  m
19:39:42.768 > ----------------------------
19:39:43.769 > Loop t1
19:39:43.775 > 游닍 IMU | Acc:  -0.13 ,  0.21 ,  10.04  | Gyro:  -0.08 ,  0.01 ,  0.02  | Temp:  33.52  춿C
19:39:43.784 > 游닍 BMP | Temp:  32.08  춿C | Presi칩n:  98290.98  Pa | Altitud:  255.72  m
19:39:43.791 > ----------------------------
19:39:44.792 > Loop t1
19:39:44.798 > 游닍 IMU | Acc:  -0.23 ,  0.16 ,  10.10  | Gyro:  -0.08 ,  0.01 ,  0.02  | Temp:  33.57  춿C
19:39:44.807 > 游닍 BMP | Temp:  32.08  춿C | Presi칩n:  98290.98  Pa | Altitud:  255.72  m
19:39:44.813 > ----------------------------
19:39:45.815 > Loop t1
19:39:45.821 > 游닍 IMU | Acc:  -0.33 ,  0.14 ,  9.94  | Gyro:  -0.09 ,  0.01 ,  0.02  | Temp:  33.57  춿C
19:39:45.830 > 游닍 BMP | Temp:  32.08  춿C | Presi칩n:  98291.14  Pa | Altitud:  255.71  m
19:39:45.836 > ----------------------------
19:39:46.838 > Loop t1
19:39:46.844 > 游닍 IMU | Acc:  -0.25 ,  0.22 ,  10.12  | Gyro:  -0.08 ,  0.01 ,  0.02  | Temp:  33.66  춿C
19:39:46.853 > 游닍 BMP | Temp:  32.08  춿C | Presi칩n:  98290.97  Pa | Altitud:  255.72  m
19:39:46.859 > ----------------------------
19:39:47.861 > Loop t1
19:39:47.867 > 游닍 IMU | Acc:  -0.17 ,  0.18 ,  10.03  | Gyro:  -0.08 ,  0.01 ,  0.02  | Temp:  33.57  춿C
19:39:47.876 > 游닍 BMP | Temp:  32.08  춿C | Presi칩n:  98290.97  Pa | Altitud:  255.72  m
19:39:47.882 > ----------------------------
19:39:48.884 > Loop t1
19:39:48.890 > 游닍 IMU | Acc:  -0.17 ,  0.17 ,  9.98  | Gyro:  -0.08 ,  0.01 ,  0.02  | Temp:  33.47  춿C
19:39:48.899 > 游닍 BMP | Temp:  32.08  춿C | Presi칩n:  98290.79  Pa | Altitud:  255.74  m
19:39:48.905 > ----------------------------
19:39:49.907 > Loop t1
19:39:49.913 > 游닍 IMU | Acc:  -0.15 ,  0.15 ,  9.98  | Gyro:  -0.09 ,  0.01 ,  0.02  | Temp:  33.42  춿C
19:39:49.922 > 游닍 BMP | Temp:  32.08  춿C | Presi칩n:  98290.62  Pa | Altitud:  255.75  m
19:39:49.928 > ----------------------------
19:39:50.930 > Loop t1
19:39:50.936 > 游닍 IMU | Acc:  -0.19 ,  0.13 ,  10.08  | Gyro:  -0.08 ,  0.01 ,  0.02  | Temp:  33.61  춿C
19:39:50.945 > 游닍 BMP | Temp:  32.08  춿C | Presi칩n:  98290.45  Pa | Altitud:  255.77  m
19:39:50.951 > ----------------------------
19:39:51.953 > Loop t1
19:39:51.960 > 游닍 IMU | Acc:  -0.29 ,  0.20 ,  9.98  | Gyro:  -0.09 ,  0.01 ,  0.02  | Temp:  33.61  춿C
19:39:51.969 > 游닍 BMP | Temp:  32.09  춿C | Presi칩n:  98290.64  Pa | Altitud:  255.75  m
19:39:51.974 > ----------------------------
19:39:52.976 > Loop t1
19:39:52.982 > 游닍 IMU | Acc:  -0.25 ,  0.19 ,  9.98  | Gyro:  -0.09 ,  0.02 ,  0.02  | Temp:  33.52  춿C
19:39:52.990 > 游닍 BMP | Temp:  32.09  춿C | Presi칩n:  98290.30  Pa | Altitud:  255.78  m
19:39:52.997 > ----------------------------
19:39:53.999 > Loop t1
19:39:54.005 > 游닍 IMU | Acc:  -0.21 ,  0.20 ,  10.07  | Gyro:  -0.09 ,  0.01 ,  0.02  | Temp:  33.61  춿C
19:39:54.013 > 游닍 BMP | Temp:  32.09  춿C | Presi칩n:  98290.13  Pa | Altitud:  255.79  m
19:39:54.020 > ----------------------------
19:39:55.022 > Loop t1
19:39:55.028 > 游닍 IMU | Acc:  -0.11 ,  0.13 ,  10.09  | Gyro:  -0.08 ,  0.01 ,  0.02  | Temp:  33.61  춿C
19:39:55.036 > 游닍 BMP | Temp:  32.09  춿C | Presi칩n:  98290.30  Pa | Altitud:  255.78  m
19:39:55.043 > ----------------------------
19:39:56.045 > Loop t1
19:39:56.050 > 游닍 IMU | Acc:  -0.09 ,  0.14 ,  10.08  | Gyro:  -0.09 ,  0.01 ,  0.02  | Temp:  33.57  춿C
19:39:56.060 > 游닍 BMP | Temp:  32.09  춿C | Presi칩n:  98290.47  Pa | Altitud:  255.77  m
19:39:56.066 > ----------------------------
19:39:57.067 > Loop t1
19:39:57.073 > 游닍 IMU | Acc:  -0.23 ,  0.16 ,  10.10  | Gyro:  -0.08 ,  0.01 ,  0.02  | Temp:  33.47  춿C
19:39:57.082 > 游닍 BMP | Temp:  32.09  춿C | Presi칩n:  98291.00  Pa | Altitud:  255.72  m
19:39:57.089 > ----------------------------
19:39:58.091 > Loop t1
19:39:58.096 > 游닍 IMU | Acc:  -0.28 ,  0.11 ,  9.96  | Gyro:  -0.09 ,  0.01 ,  0.02  | Temp:  33.57  춿C
19:39:58.105 > 游닍 BMP | Temp:  32.09  춿C | Presi칩n:  98291.17  Pa | Altitud:  255.71  m
19:39:58.112 > ----------------------------
19:39:59.113 > Loop t1
19:39:59.119 > 游닍 IMU | Acc:  -0.24 ,  0.21 ,  10.12  | Gyro:  -0.09 ,  0.01 ,  0.02  | Temp:  33.52  춿C
19:39:59.128 > 游닍 BMP | Temp:  32.09  춿C | Presi칩n:  98291.00  Pa | Altitud:  255.72  m
19:39:59.135 > ----------------------------
19:40:00.136 > Loop t1
19:40:00.142 > 游닍 IMU | Acc:  -0.15 ,  0.22 ,  10.08  | Gyro:  -0.08 ,  0.01 ,  0.02  | Temp:  33.52  춿C
19:40:00.151 > 游닍 BMP | Temp:  32.09  춿C | Presi칩n:  98291.00  Pa | Altitud:  255.72  m
19:40:00.158 > ----------------------------
19:40:01.161 > Loop t1
19:40:01.165 > 游닍 IMU | Acc:  -0.11 ,  0.17 ,  9.99  | Gyro:  -0.09 ,  0.01 ,  0.02  | Temp:  33.61  춿C
19:40:01.174 > 游닍 BMP | Temp:  32.09  춿C | Presi칩n:  98291.00  Pa | Altitud:  255.72  m
19:40:01.183 > ----------------------------
19:40:02.182 > Loop t1
19:40:02.188 > 游닍 IMU | Acc:  -0.22 ,  0.13 ,  10.02  | Gyro:  -0.09 ,  0.01 ,  0.02  | Temp:  33.52  춿C
19:40:02.197 > 游닍 BMP | Temp:  32.09  춿C | Presi칩n:  98290.48  Pa | Altitud:  255.76  m
19:40:02.204 > ----------------------------
19:40:03.205 > Loop t1
19:40:03.211 > 游닍 IMU | Acc:  -0.24 ,  0.12 ,  10.09  | Gyro:  -0.08 ,  0.01 ,  0.02  | Temp:  33.57  춿C
19:40:03.221 > 游닍 BMP | Temp:  32.09  춿C | Presi칩n:  98290.30  Pa | Altitud:  255.78  m
19:40:03.226 > ----------------------------
19:40:04.228 > Loop t1
19:40:04.234 > 游닍 IMU | Acc:  -0.22 ,  0.24 ,  10.11  | Gyro:  -0.09 ,  0.01 ,  0.02  | Temp:  33.47  춿C
19:40:04.243 > 游닍 BMP | Temp:  32.09  춿C | Presi칩n:  98290.66  Pa | Altitud:  255.75  m
19:40:04.249 > ----------------------------
19:40:05.251 > Loop t1
19:40:05.257 > 游닍 IMU | Acc:  -0.14 ,  0.19 ,  10.15  | Gyro:  -0.08 ,  0.01 ,  0.02  | Temp:  33.57  춿C
19:40:05.266 > 游닍 BMP | Temp:  32.09  춿C | Presi칩n:  98290.83  Pa | Altitud:  255.73  m
19:40:05.272 > ----------------------------
19:40:06.274 > Loop t1
19:40:06.280 > 游닍 IMU | Acc:  -0.10 ,  0.13 ,  10.15  | Gyro:  -0.09 ,  0.01 ,  0.02  | Temp:  33.57  춿C
19:40:06.289 > 游닍 BMP | Temp:  32.09  춿C | Presi칩n:  98290.83  Pa | Altitud:  255.73  m
19:40:06.295 > ----------------------------
19:40:07.297 > Loop t1
19:40:07.303 > 游닍 IMU | Acc:  -0.20 ,  0.11 ,  10.02  | Gyro:  -0.09 ,  0.01 ,  0.02  | Temp:  33.57  춿C
19:40:07.312 > 游닍 BMP | Temp:  32.09  춿C | Presi칩n:  98291.01  Pa | Altitud:  255.72  m
19:40:07.318 > ----------------------------
19:40:08.320 > Loop t1
19:40:08.326 > 游닍 IMU | Acc:  -0.28 ,  0.15 ,  10.11  | Gyro:  -0.08 ,  0.01 ,  0.02  | Temp:  33.61  춿C
19:40:08.335 > 游닍 BMP | Temp:  32.09  춿C | Presi칩n:  98291.01  Pa | Altitud:  255.72  m
19:40:08.341 > ----------------------------
19:40:09.343 > Loop t1
19:40:09.349 > 游닍 IMU | Acc:  -0.25 ,  0.21 ,  10.11  | Gyro:  -0.09 ,  0.01 ,  0.02  | Temp:  33.61  춿C
19:40:09.358 > 游닍 BMP | Temp:  32.09  춿C | Presi칩n:  98290.83  Pa | Altitud:  255.73  m
19:40:09.364 > ----------------------------
19:40:10.366 > Loop t1
19:40:10.372 > 游닍 IMU | Acc:  -0.15 ,  0.17 ,  10.07  | Gyro:  -0.08 ,  0.01 ,  0.02  | Temp:  33.61  춿C
19:40:10.381 > 游닍 BMP | Temp:  32.10  춿C | Presi칩n:  98291.19  Pa | Altitud:  255.70  m
19:40:10.388 > ----------------------------
19:40:11.389 > Loop t1
19:40:11.395 > 游닍 IMU | Acc:  -0.15 ,  0.15 ,  10.07  | Gyro:  -0.08 ,  0.01 ,  0.02  | Temp:  33.61  춿C
19:40:11.404 > 游닍 BMP | Temp:  32.10  춿C | Presi칩n:  98291.02  Pa | Altitud:  255.72  m
19:40:11.410 > ----------------------------
19:40:12.412 > Loop t1
19:40:12.418 > 游닍 IMU | Acc:  -0.28 ,  0.13 ,  10.00  | Gyro:  -0.09 ,  0.01 ,  0.02  | Temp:  33.57  춿C
19:40:12.426 > 游닍 BMP | Temp:  32.10  춿C | Presi칩n:  98291.02  Pa | Altitud:  255.72  m
19:40:12.433 > ----------------------------
19:40:13.435 > Loop t1
19:40:13.441 > 游닍 IMU | Acc:  -0.28 ,  0.18 ,  10.08  | Gyro:  -0.08 ,  0.01 ,  0.02  | Temp:  33.57  춿C
19:40:13.450 > 游닍 BMP | Temp:  32.10  춿C | Presi칩n:  98291.19  Pa | Altitud:  255.70  m
19:40:13.457 > ----------------------------
19:40:14.458 > Loop t1
19:40:14.465 > 游닍 IMU | Acc:  -0.24 ,  0.20 ,  10.11  | Gyro:  -0.09 ,  0.01 ,  0.02  | Temp:  33.57  춿C
19:40:14.473 > 游닍 BMP | Temp:  32.10  춿C | Presi칩n:  98291.19  Pa | Altitud:  255.70  m
19:40:14.482 > ----------------------------
19:40:15.481 > Loop t1
19:40:15.487 > 游닍 IMU | Acc:  -0.19 ,  0.20 ,  10.14  | Gyro:  -0.08 ,  0.01 ,  0.02  | Temp:  33.57  춿C
19:40:15.496 > 游닍 BMP | Temp:  32.10  춿C | Presi칩n:  98291.02  Pa | Altitud:  255.72  m
19:40:15.503 > ----------------------------
19:40:16.504 > Loop t1
19:40:16.510 > 游닍 IMU | Acc:  -0.18 ,  0.17 ,  10.04  | Gyro:  -0.09 ,  0.01 ,  0.02  | Temp:  33.66  춿C
19:40:16.518 > 游닍 BMP | Temp:  32.10  춿C | Presi칩n:  98291.19  Pa | Altitud:  255.70  m
19:40:16.525 > ----------------------------
19:40:17.527 > Loop t1
19:40:17.533 > 游닍 IMU | Acc:  -0.22 ,  0.11 ,  9.99  | Gyro:  -0.08 ,  0.01 ,  0.02  | Temp:  33.61  춿C
19:40:17.542 > 游닍 BMP | Temp:  32.10  춿C | Presi칩n:  98291.02  Pa | Altitud:  255.72  m
19:40:17.549 > ----------------------------
19:40:18.550 > Loop t1
19:40:18.556 > 游닍 IMU | Acc:  -0.34 ,  0.13 ,  10.13  | Gyro:  -0.09 ,  0.01 ,  0.02  | Temp:  33.52  춿C
19:40:18.566 > 游닍 BMP | Temp:  32.10  춿C | Presi칩n:  98290.49  Pa | Altitud:  255.76  m
19:40:18.572 > ----------------------------
19:40:19.573 > Loop t1
19:40:19.579 > 游닍 IMU | Acc:  -0.19 ,  0.19 ,  10.10  | Gyro:  -0.09 ,  0.01 ,  0.02  | Temp:  33.52  춿C
19:40:19.587 > 游닍 BMP | Temp:  32.10  춿C | Presi칩n:  98290.32  Pa | Altitud:  255.78  m
19:40:19.595 > ----------------------------
19:40:20.596 > Loop t1
19:40:20.602 > 游닍 IMU | Acc:  -0.10 ,  0.17 ,  10.07  | Gyro:  -0.08 ,  0.01 ,  0.02  | Temp:  33.61  춿C
19:40:20.611 > 游닍 BMP | Temp:  32.10  춿C | Presi칩n:  98290.50  Pa | Altitud:  255.76  m
19:40:20.618 > ----------------------------
19:40:21.619 > Loop t1
19:40:21.625 > 游닍 IMU | Acc:  -0.22 ,  0.17 ,  10.03  | Gyro:  -0.09 ,  0.02 ,  0.02  | Temp:  33.57  춿C
19:40:21.634 > 游닍 BMP | Temp:  32.10  춿C | Presi칩n:  98290.50  Pa | Altitud:  255.76  m
19:40:21.641 > ----------------------------
19:40:22.642 > Loop t1
19:40:22.647 > 游닍 IMU | Acc:  -0.21 ,  0.13 ,  10.15  | Gyro:  -0.08 ,  0.01 ,  0.02  | Temp:  33.57  춿C
19:40:22.657 > 游닍 BMP | Temp:  32.10  춿C | Presi칩n:  98290.33  Pa | Altitud:  255.78  m
19:40:22.663 > ----------------------------
19:40:23.665 > Loop t1
19:40:23.671 > 游닍 IMU | Acc:  -0.25 ,  0.20 ,  9.99  | Gyro:  -0.08 ,  0.01 ,  0.02  | Temp:  33.57  춿C
19:40:23.679 > 游닍 BMP | Temp:  32.10  춿C | Presi칩n:  98290.33  Pa | Altitud:  255.78  m
19:40:23.686 > ----------------------------
19:40:24.688 > Loop t1
19:40:24.694 > 游닍 IMU | Acc:  -0.08 ,  0.27 ,  10.08  | Gyro:  -0.08 ,  0.01 ,  0.02  | Temp:  33.66  춿C
19:40:24.702 > 游닍 BMP | Temp:  32.10  춿C | Presi칩n:  98290.67  Pa | Altitud:  255.75  m
19:40:24.709 > ----------------------------
19:40:25.711 > Loop t1
19:40:25.717 > 游닍 IMU | Acc:  -0.13 ,  0.16 ,  10.10  | Gyro:  -0.09 ,  0.01 ,  0.02  | Temp:  33.61  춿C
19:40:25.726 > 游닍 BMP | Temp:  32.10  춿C | Presi칩n:  98290.33  Pa | Altitud:  255.78  m
19:40:25.732 > ----------------------------
19:40:26.733 > Loop t1
19:40:26.739 > 游닍 IMU | Acc:  -0.23 ,  0.12 ,  10.08  | Gyro:  -0.08 ,  0.01 ,  0.02  | Temp:  33.61  춿C
19:40:26.749 > 游닍 BMP | Temp:  32.10  춿C | Presi칩n:  98290.50  Pa | Altitud:  255.76  m
19:40:26.755 > ----------------------------
19:40:27.757 > Loop t1
19:40:27.763 > 游닍 IMU | Acc:  -0.26 ,  0.16 ,  10.11  | Gyro:  -0.08 ,  0.01 ,  0.02  | Temp:  33.52  춿C
19:40:27.772 > 游닍 BMP | Temp:  32.10  춿C | Presi칩n:  98290.67  Pa | Altitud:  255.75  m
19:40:27.778 > ----------------------------
19:40:28.779 > Loop t1
19:40:28.785 > 游닍 IMU | Acc:  -0.22 ,  0.19 ,  10.03  | Gyro:  -0.09 ,  0.01 ,  0.02  | Temp:  33.61  춿C
19:40:28.795 > 游닍 BMP | Temp:  32.10  춿C | Presi칩n:  98290.67  Pa | Altitud:  255.75  m
19:40:28.801 > ----------------------------
19:40:29.803 > Loop t1
19:40:29.808 > 游닍 IMU | Acc:  -0.16 ,  0.20 ,  10.05  | Gyro:  -0.09 ,  0.01 ,  0.02  | Temp:  33.61  춿C
19:40:29.818 > 游닍 BMP | Temp:  32.10  춿C | Presi칩n:  98290.50  Pa | Altitud:  255.76  m
19:40:29.824 > ----------------------------
19:40:30.825 > Loop t1
19:40:30.831 > 游닍 IMU | Acc:  -0.17 ,  0.15 ,  10.13  | Gyro:  -0.08 ,  0.01 ,  0.02  | Temp:  33.61  춿C
19:40:30.841 > 游닍 BMP | Temp:  32.10  춿C | Presi칩n:  98290.15  Pa | Altitud:  255.79  m
19:40:30.847 > ----------------------------
19:40:31.848 > Loop t1
19:40:31.854 > 游닍 IMU | Acc:  -0.28 ,  0.12 ,  10.08  | Gyro:  -0.09 ,  0.01 ,  0.02  | Temp:  33.61  춿C
19:40:31.863 > 游닍 BMP | Temp:  32.10  춿C | Presi칩n:  98290.15  Pa | Altitud:  255.79  m
19:40:31.870 > ----------------------------
19:40:32.871 > Loop t1
19:40:32.877 > 游닍 IMU | Acc:  -0.24 ,  0.14 ,  9.98  | Gyro:  -0.09 ,  0.01 ,  0.02  | Temp:  33.57  춿C
19:40:32.887 > 游닍 BMP | Temp:  32.10  춿C | Presi칩n:  98290.15  Pa | Altitud:  255.79  m
19:40:32.893 > ----------------------------
19:40:33.894 > Loop t1
19:40:33.900 > 游닍 IMU | Acc:  -0.34 ,  0.14 ,  10.06  | Gyro:  -0.08 ,  0.01 ,  0.02  | Temp:  33.57  춿C
19:40:33.909 > 游닍 BMP | Temp:  32.11  춿C | Presi칩n:  98290.36  Pa | Altitud:  255.77  m
19:40:33.916 > ----------------------------
19:40:34.917 > Loop t1
19:40:34.923 > 游닍 IMU | Acc:  -0.29 ,  0.17 ,  10.09  | Gyro:  -0.08 ,  0.01 ,  0.02  | Temp:  33.57  춿C
19:40:34.932 > 游닍 BMP | Temp:  32.11  춿C | Presi칩n:  98290.36  Pa | Altitud:  255.77  m
19:40:34.939 > ----------------------------
19:40:35.940 > Loop t1
19:40:35.946 > 游닍 IMU | Acc:  -0.09 ,  0.29 ,  10.06  | Gyro:  -0.09 ,  0.01 ,  0.02  | Temp:  33.61  춿C
19:40:35.955 > 游닍 BMP | Temp:  32.11  춿C | Presi칩n:  98290.19  Pa | Altitud:  255.79  m
19:40:35.962 > ----------------------------
19:40:36.963 > Loop t1
19:40:36.969 > 游닍 IMU | Acc:  -0.20 ,  0.17 ,  10.08  | Gyro:  -0.09 ,  0.01 ,  0.02  | Temp:  33.61  춿C
19:40:36.978 > 游닍 BMP | Temp:  32.11  춿C | Presi칩n:  98290.36  Pa | Altitud:  255.77  m
19:40:36.985 > ----------------------------
19:40:37.986 > Loop t1
19:40:37.992 > 游닍 IMU | Acc:  -0.27 ,  0.13 ,  10.06  | Gyro:  -0.09 ,  0.01 ,  0.02  | Temp:  33.71  춿C
19:40:38.001 > 游닍 BMP | Temp:  32.11  춿C | Presi칩n:  98290.68  Pa | Altitud:  255.75  m
19:40:38.008 > ----------------------------
19:40:39.009 > Loop t1
19:40:39.015 > 游닍 IMU | Acc:  -0.30 ,  0.14 ,  10.12  | Gyro:  -0.08 ,  0.01 ,  0.02  | Temp:  33.61  춿C
19:40:39.024 > 游닍 BMP | Temp:  32.11  춿C | Presi칩n:  98290.51  Pa | Altitud:  255.76  m
19:40:39.031 > ----------------------------
19:40:40.032 > Loop t1
19:40:40.038 > 游닍 IMU | Acc:  -0.18 ,  0.15 ,  10.06  | Gyro:  -0.09 ,  0.01 ,  0.02  | Temp:  33.57  춿C
19:40:40.047 > 游닍 BMP | Temp:  32.11  춿C | Presi칩n:  98290.51  Pa | Altitud:  255.76  m
19:40:40.054 > ----------------------------
19:40:41.055 > Loop t1
19:40:41.061 > 游닍 IMU | Acc:  -0.16 ,  0.19 ,  10.07  | Gyro:  -0.08 ,  0.01 ,  0.02  | Temp:  33.57  춿C
19:40:41.070 > 游닍 BMP | Temp:  32.11  춿C | Presi칩n:  98290.33  Pa | Altitud:  255.78  m
19:40:41.076 > ----------------------------
19:40:42.078 > Loop t1
19:40:42.084 > 游닍 IMU | Acc:  -0.19 ,  0.13 ,  10.05  | Gyro:  -0.08 ,  0.01 ,  0.02  | Temp:  33.57  춿C
19:40:42.093 > 游닍 BMP | Temp:  32.11  춿C | Presi칩n:  98290.16  Pa | Altitud:  255.79  m
19:40:42.099 > ----------------------------
19:40:43.101 > Loop t1
19:40:43.107 > 游닍 IMU | Acc:  -0.30 ,  0.15 ,  9.98  | Gyro:  -0.09 ,  0.01 ,  0.01  | Temp:  33.57  춿C
19:40:43.116 > 游닍 BMP | Temp:  32.11  춿C | Presi칩n:  98290.16  Pa | Altitud:  255.79  m
19:40:43.122 > ----------------------------
19:40:44.124 > Loop t1
19:40:44.130 > 游닍 IMU | Acc:  -0.18 ,  0.23 ,  10.05  | Gyro:  -0.08 ,  0.02 ,  0.02  | Temp:  33.57  춿C
19:40:44.139 > 游닍 BMP | Temp:  32.11  춿C | Presi칩n:  98290.34  Pa | Altitud:  255.78  m
19:40:44.145 > ----------------------------
19:40:45.147 > Loop t1
19:40:45.153 > 游닍 IMU | Acc:  -0.11 ,  0.21 ,  9.99  | Gyro:  -0.08 ,  0.01 ,  0.02  | Temp:  33.61  춿C
19:40:45.162 > 游닍 BMP | Temp:  32.11  춿C | Presi칩n:  98290.34  Pa | Altitud:  255.78  m
19:40:45.169 > ----------------------------
19:40:46.170 > Loop t1
19:40:46.176 > 游닍 IMU | Acc:  -0.22 ,  0.20 ,  10.12  | Gyro:  -0.08 ,  0.01 ,  0.02  | Temp:  33.52  춿C
19:40:46.185 > 游닍 BMP | Temp:  32.11  춿C | Presi칩n:  98290.34  Pa | Altitud:  255.78  m
19:40:46.191 > ----------------------------
19:40:47.193 > Loop t1
19:40:47.199 > 游닍 IMU | Acc:  -0.30 ,  0.14 ,  10.05  | Gyro:  -0.09 ,  0.01 ,  0.02  | Temp:  33.52  춿C
19:40:47.208 > 游닍 BMP | Temp:  32.11  춿C | Presi칩n:  98290.34  Pa | Altitud:  255.78  m
19:40:47.214 > ----------------------------
19:40:48.216 > Loop t1
19:40:48.222 > 游닍 IMU | Acc:  -0.33 ,  0.16 ,  10.09  | Gyro:  -0.08 ,  0.01 ,  0.02  | Temp:  33.61  춿C
19:40:48.231 > 游닍 BMP | Temp:  32.11  춿C | Presi칩n:  98290.34  Pa | Altitud:  255.78  m
19:40:48.237 > ----------------------------
19:40:49.239 > Loop t1
19:40:49.245 > 游닍 IMU | Acc:  -0.13 ,  0.21 ,  10.07  | Gyro:  -0.08 ,  0.01 ,  0.02  | Temp:  33.57  춿C
19:40:49.254 > 游닍 BMP | Temp:  32.11  춿C | Presi칩n:  98290.69  Pa | Altitud:  255.75  m
19:40:49.260 > ----------------------------
19:40:50.263 > Loop t1
19:40:50.268 > 游닍 IMU | Acc:  -0.18 ,  0.21 ,  10.11  | Gyro:  -0.08 ,  0.01 ,  0.02  | Temp:  33.66  춿C
19:40:50.276 > 游닍 BMP | Temp:  32.11  춿C | Presi칩n:  98290.51  Pa | Altitud:  255.76  m
19:40:50.283 > ----------------------------
19:40:51.285 > Loop t1
19:40:51.291 > 游닍 IMU | Acc:  -0.28 ,  0.17 ,  10.09  | Gyro:  -0.08 ,  0.01 ,  0.02  | Temp:  33.66  춿C
19:40:51.299 > 游닍 BMP | Temp:  32.11  춿C | Presi칩n:  98290.69  Pa | Altitud:  255.75  m
19:40:51.306 > ----------------------------
19:40:52.308 > Loop t1
19:40:52.314 > 游닍 IMU | Acc:  -0.22 ,  0.16 ,  10.08  | Gyro:  -0.08 ,  0.01 ,  0.02  | Temp:  33.66  춿C
19:40:52.322 > 游닍 BMP | Temp:  32.11  춿C | Presi칩n:  98291.03  Pa | Altitud:  255.72  m
19:40:52.329 > ----------------------------
19:40:53.332 > Loop t1
19:40:53.336 > 游닍 IMU | Acc:  -0.12 ,  0.19 ,  10.12  | Gyro:  -0.08 ,  0.01 ,  0.02  | Temp:  33.57  춿C
19:40:53.345 > 游닍 BMP | Temp:  32.11  춿C | Presi칩n:  98291.03  Pa | Altitud:  255.72  m
19:40:53.352 > ----------------------------
19:40:54.353 > Loop t1
19:40:54.359 > 游닍 IMU | Acc:  -0.22 ,  0.14 ,  10.10  | Gyro:  -0.09 ,  0.01 ,  0.02  | Temp:  33.52  춿C
19:40:54.368 > 游닍 BMP | Temp:  32.11  춿C | Presi칩n:  98291.03  Pa | Altitud:  255.72  m
19:40:54.375 > ----------------------------
19:40:55.376 > Loop t1
19:40:55.382 > 游닍 IMU | Acc:  -0.27 ,  0.15 ,  10.11  | Gyro:  -0.09 ,  0.01 ,  0.02  | Temp:  33.52  춿C
19:40:55.391 > 游닍 BMP | Temp:  32.11  춿C | Presi칩n:  98290.86  Pa | Altitud:  255.73  m
19:40:55.398 > ----------------------------
19:40:56.399 > Loop t1
19:40:56.405 > 游닍 IMU | Acc:  -0.22 ,  0.18 ,  10.04  | Gyro:  -0.08 ,  0.01 ,  0.02  | Temp:  33.61  춿C
19:40:56.414 > 游닍 BMP | Temp:  32.11  춿C | Presi칩n:  98290.69  Pa | Altitud:  255.75  m
19:40:56.422 > ----------------------------
19:40:57.422 > Loop t1
19:40:57.428 > 游닍 IMU | Acc:  -0.06 ,  0.17 ,  10.10  | Gyro:  -0.08 ,  0.01 ,  0.02  | Temp:  33.61  춿C
19:40:57.437 > 游닍 BMP | Temp:  32.11  춿C | Presi칩n:  98290.69  Pa | Altitud:  255.75  m
19:40:57.444 > ----------------------------
19:40:58.445 > Loop t1
19:40:58.451 > 游닍 IMU | Acc:  -0.29 ,  0.17 ,  10.02  | Gyro:  -0.08 ,  0.01 ,  0.02  | Temp:  33.75  춿C
19:40:58.460 > 游닍 BMP | Temp:  32.11  춿C | Presi칩n:  98290.86  Pa | Altitud:  255.73  m
19:40:58.467 > ----------------------------
19:40:59.468 > Loop t1
19:40:59.474 > 游닍 IMU | Acc:  -0.32 ,  0.15 ,  10.03  | Gyro:  -0.09 ,  0.01 ,  0.02  | Temp:  33.57  춿C
19:40:59.483 > 游닍 BMP | Temp:  32.11  춿C | Presi칩n:  98290.86  Pa | Altitud:  255.73  m
19:40:59.489 > ----------------------------
19:41:00.491 > Loop t1
19:41:00.497 > 游닍 IMU | Acc:  -0.18 ,  0.14 ,  10.10  | Gyro:  -0.09 ,  0.01 ,  0.02  | Temp:  33.66  춿C
19:41:00.506 > 游닍 BMP | Temp:  32.11  춿C | Presi칩n:  98291.03  Pa | Altitud:  255.72  m
19:41:00.512 > ----------------------------
19:41:01.514 > Loop t1
19:41:01.520 > 游닍 IMU | Acc:  -0.13 ,  0.19 ,  10.06  | Gyro:  -0.09 ,  0.01 ,  0.02  | Temp:  33.57  춿C
19:41:01.529 > 游닍 BMP | Temp:  32.11  춿C | Presi칩n:  98291.03  Pa | Altitud:  255.72  m
19:41:01.535 > ----------------------------
19:41:02.537 > Loop t1
19:41:02.543 > 游닍 IMU | Acc:  -0.28 ,  0.18 ,  10.02  | Gyro:  -0.08 ,  0.01 ,  0.02  | Temp:  33.66  춿C
19:41:02.552 > 游닍 BMP | Temp:  32.11  춿C | Presi칩n:  98291.03  Pa | Altitud:  255.72  m
19:41:02.559 > ----------------------------
19:41:03.561 > Loop t1
19:41:03.566 > 游닍 IMU | Acc:  -0.23 ,  0.15 ,  10.06  | Gyro:  -0.09 ,  0.01 ,  0.02  | Temp:  33.61  춿C
19:41:03.575 > 游닍 BMP | Temp:  32.11  춿C | Presi칩n:  98291.21  Pa | Altitud:  255.70  m
19:41:03.582 > ----------------------------
19:41:04.583 > Loop t1
19:41:04.589 > 游닍 IMU | Acc:  -0.17 ,  0.20 ,  10.06  | Gyro:  -0.09 ,  0.01 ,  0.02  | Temp:  33.61  춿C
19:41:04.598 > 游닍 BMP | Temp:  32.11  춿C | Presi칩n:  98291.21  Pa | Altitud:  255.70  m
19:41:04.604 > ----------------------------
19:41:05.606 > Loop t1
19:41:05.612 > 游닍 IMU | Acc:  -0.12 ,  0.17 ,  10.03  | Gyro:  -0.09 ,  0.01 ,  0.02  | Temp:  33.71  춿C
19:41:05.621 > 游닍 BMP | Temp:  32.11  춿C | Presi칩n:  98291.21  Pa | Altitud:  255.70  m
19:41:05.628 > ----------------------------
19:41:06.629 > Loop t1
19:41:06.635 > 游닍 IMU | Acc:  -0.33 ,  0.16 ,  9.94  | Gyro:  -0.08 ,  0.01 ,  0.02  | Temp:  33.61  춿C
19:41:06.643 > 游닍 BMP | Temp:  32.11  춿C | Presi칩n:  98291.21  Pa | Altitud:  255.70  m
19:41:06.650 > ----------------------------
19:41:07.652 > Loop t1
19:41:07.658 > 游닍 IMU | Acc:  -0.27 ,  0.15 ,  10.06  | Gyro:  -0.08 ,  0.01 ,  0.02  | Temp:  33.61  춿C
19:41:07.667 > 游닍 BMP | Temp:  32.11  춿C | Presi칩n:  98291.21  Pa | Altitud:  255.70  m
19:41:07.673 > ----------------------------
19:41:08.675 > Loop t1
19:41:08.681 > 游닍 IMU | Acc:  -0.16 ,  0.25 ,  10.01  | Gyro:  -0.09 ,  0.01 ,  0.02  | Temp:  33.61  춿C
19:41:08.690 > 游닍 BMP | Temp:  32.11  춿C | Presi칩n:  98291.56  Pa | Altitud:  255.67  m
19:41:08.697 > ----------------------------
19:41:09.698 > Loop t1
19:41:09.704 > 游닍 IMU | Acc:  -0.09 ,  0.17 ,  10.02  | Gyro:  -0.09 ,  0.01 ,  0.02  | Temp:  33.57  춿C
19:41:09.712 > 游닍 BMP | Temp:  32.11  춿C | Presi칩n:  98291.39  Pa | Altitud:  255.69  m
19:41:09.719 > ----------------------------
19:41:10.721 > Loop t1
19:41:10.727 > 游닍 IMU | Acc:  -0.24 ,  0.17 ,  10.00  | Gyro:  -0.08 ,  0.01 ,  0.02  | Temp:  33.66  춿C
19:41:10.735 > 游닍 BMP | Temp:  32.11  춿C | Presi칩n:  98291.03  Pa | Altitud:  255.72  m
19:41:10.742 > ----------------------------
19:41:11.744 > Loop t1
19:41:11.750 > 游닍 IMU | Acc:  -0.32 ,  0.23 ,  9.99  | Gyro:  -0.09 ,  0.01 ,  0.02  | Temp:  33.66  춿C
19:41:11.758 > 游닍 BMP | Temp:  32.12  춿C | Presi칩n:  98291.39  Pa | Altitud:  255.69  m
19:41:11.766 > ----------------------------
19:41:12.767 > Loop t1
19:41:12.773 > 游닍 IMU | Acc:  -0.13 ,  0.20 ,  10.10  | Gyro:  -0.09 ,  0.01 ,  0.02  | Temp:  33.52  춿C
19:41:12.782 > 游닍 BMP | Temp:  32.12  춿C | Presi칩n:  98291.22  Pa | Altitud:  255.70  m
19:41:12.788 > ----------------------------
19:41:13.790 > Loop t1
19:41:13.796 > 游닍 IMU | Acc:  -0.17 ,  0.19 ,  10.14  | Gyro:  -0.08 ,  0.01 ,  0.02  | Temp:  33.61  춿C
19:41:13.804 > 游닍 BMP | Temp:  32.12  춿C | Presi칩n:  98290.87  Pa | Altitud:  255.73  m
19:41:13.811 > ----------------------------
19:41:14.813 > Loop t1
19:41:14.819 > 游닍 IMU | Acc:  -0.28 ,  0.15 ,  10.10  | Gyro:  -0.09 ,  0.01 ,  0.02  | Temp:  33.71  춿C
19:41:14.828 > 游닍 BMP | Temp:  32.12  춿C | Presi칩n:  98290.52  Pa | Altitud:  255.76  m
19:41:14.835 > ----------------------------
19:41:15.836 > Loop t1
19:41:15.842 > 游닍 IMU | Acc:  -0.21 ,  0.18 ,  9.96  | Gyro:  -0.09 ,  0.01 ,  0.02  | Temp:  33.61  춿C
19:41:15.851 > 游닍 BMP | Temp:  32.12  춿C | Presi칩n:  98290.34  Pa | Altitud:  255.78  m
19:41:15.857 > ----------------------------
19:41:16.859 > Loop t1
19:41:16.864 > 游닍 IMU | Acc:  -0.17 ,  0.23 ,  10.06  | Gyro:  -0.08 ,  0.01 ,  0.02  | Temp:  33.71  춿C
19:41:16.873 > 游닍 BMP | Temp:  32.12  춿C | Presi칩n:  98290.34  Pa | Altitud:  255.78  m
19:41:16.880 > ----------------------------
19:41:17.882 > Loop t1
19:41:17.887 > 游닍 IMU | Acc:  -0.25 ,  0.10 ,  10.06  | Gyro:  -0.09 ,  0.01 ,  0.02  | Temp:  33.57  춿C
19:41:17.896 > 游닍 BMP | Temp:  32.12  춿C | Presi칩n:  98290.52  Pa | Altitud:  255.76  m
19:41:17.903 > ----------------------------
19:41:18.904 > Loop t1
19:41:18.910 > 游닍 IMU | Acc:  -0.27 ,  0.12 ,  10.07  | Gyro:  -0.08 ,  0.01 ,  0.02  | Temp:  33.66  춿C
19:41:18.920 > 游닍 BMP | Temp:  32.12  춿C | Presi칩n:  98290.52  Pa | Altitud:  255.76  m
19:41:18.926 > ----------------------------
19:41:19.927 > Loop t1
19:41:19.933 > 游닍 IMU | Acc:  -0.17 ,  0.22 ,  10.12  | Gyro:  -0.09 ,  0.02 ,  0.02  | Temp:  33.66  춿C
19:41:19.942 > 游닍 BMP | Temp:  32.12  춿C | Presi칩n:  98290.34  Pa | Altitud:  255.78  m
19:41:19.949 > ----------------------------
19:41:20.950 > Loop t1
19:41:20.956 > 游닍 IMU | Acc:  -0.13 ,  0.22 ,  10.03  | Gyro:  -0.08 ,  0.02 ,  0.02  | Temp:  33.57  춿C
19:41:20.965 > 游닍 BMP | Temp:  32.12  춿C | Presi칩n:  98290.52  Pa | Altitud:  255.76  m
19:41:20.971 > ----------------------------
19:41:21.973 > Loop t1
19:41:21.979 > 游닍 IMU | Acc:  -0.30 ,  0.15 ,  10.08  | Gyro:  -0.08 ,  0.01 ,  0.02  | Temp:  33.66  춿C
19:41:21.988 > 游닍 BMP | Temp:  32.12  춿C | Presi칩n:  98290.70  Pa | Altitud:  255.75  m
19:41:21.994 > ----------------------------
19:41:22.999 > Loop t1
19:41:23.002 > 游닍 IMU | Acc:  -0.27 ,  0.21 ,  10.00  | Gyro:  -0.08 ,  0.01 ,  0.02  | Temp:  33.61  춿C
19:41:23.011 > 游닍 BMP | Temp:  32.12  춿C | Presi칩n:  98290.52  Pa | Altitud:  255.76  m
19:41:23.017 > ----------------------------
19:41:24.019 > Loop t1
19:41:24.025 > 游닍 IMU | Acc:  -0.22 ,  0.18 ,  10.00  | Gyro:  -0.08 ,  0.01 ,  0.02  | Temp:  33.61  춿C
19:41:24.034 > 游닍 BMP | Temp:  32.12  춿C | Presi칩n:  98290.34  Pa | Altitud:  255.78  m
19:41:24.041 > ----------------------------
19:41:25.042 > Loop t1
19:41:25.048 > 游닍 IMU | Acc:  -0.20 ,  0.14 ,  10.06  | Gyro:  -0.09 ,  0.01 ,  0.02  | Temp:  33.61  춿C
19:41:25.057 > 游닍 BMP | Temp:  32.12  춿C | Presi칩n:  98290.17  Pa | Altitud:  255.79  m
19:41:25.063 > ----------------------------
