20:53:52.555 > Roll:  3.40  | Pitch:  -1.47  | Yaw:  10313.35  | VS (m/s):  0.07  | FS (m/s):  -0.29  | LS (m/s):  -0.65  | Altura (m):  254.39  | Temp BMP (C):  32.09
20:53:53.558 > Roll:  2.07  | Pitch:  -4.09  | Yaw:  10313.42  | VS (m/s):  0.11  | FS (m/s):  -0.92  | LS (m/s):  -1.01  | Altura (m):  254.41  | Temp BMP (C):  32.09
20:53:54.314 > ets Jun  8 2016 00:22:57
20:53:54.316 > 
20:53:54.316 > rst:0x1 (POWERON_RESET),boot:0x13 (SPI_FAST_FLASH_BOOT)
20:53:54.321 > configsip: 0, SPIWP:0xee
20:53:54.323 > clk_drv:0x00,q_drv:0x00,d_drv:0x00,cs0_drv:0x00,hd_drv:0x00,wp_drv:0x00
20:53:54.330 > mode:DIO, clock div:2
20:53:54.331 > load:0x3fff0030,len:1184
20:53:54.334 > load:0x40078000,len:13232
20:53:54.336 > load:0x40080400,len:3028
20:53:54.338 > entry 0x400805e4
20:53:54.607 > Setup t0
20:53:54.613 > Setup t1
20:53:54.614 > Iniciando sensores...
20:53:55.031 > Calibrando sensores...
20:53:56.631 > Calibracion completada.
20:53:56.638 > Roll:  0.07  | Pitch:  -1.30  | Yaw:  10313.24  | VS (m/s):  0.08  | FS (m/s):  -0.09  | LS (m/s):  -0.00  | Altura (m):  12.84  | Temp BMP (C):  32.10
20:53:57.641 > Roll:  -0.76  | Pitch:  -0.66  | Yaw:  10312.92  | VS (m/s):  0.10  | FS (m/s):  -0.20  | LS (m/s):  -0.16  | Altura (m):  251.89  | Temp BMP (C):  32.10
20:53:58.644 > Roll:  1.64  | Pitch:  0.63  | Yaw:  10312.79  | VS (m/s):  0.10  | FS (m/s):  -0.10  | LS (m/s):  -0.36  | Altura (m):  254.26  | Temp BMP (C):  32.10
20:53:59.647 > Roll:  0.94  | Pitch:  -1.95  | Yaw:  10312.64  | VS (m/s):  0.11  | FS (m/s):  -0.10  | LS (m/s):  -0.55  | Altura (m):  254.27  | Temp BMP (C):  32.10
20:54:00.650 > Roll:  1.11  | Pitch:  0.05  | Yaw:  10312.39  | VS (m/s):  0.13  | FS (m/s):  -0.31  | LS (m/s):  -0.85  | Altura (m):  254.31  | Temp BMP (C):  32.10
20:54:01.653 > Roll:  0.06  | Pitch:  -4.57  | Yaw:  10312.02  | VS (m/s):  0.14  | FS (m/s):  -0.03  | LS (m/s):  -0.89  | Altura (m):  254.32  | Temp BMP (C):  32.10
20:54:02.656 > Roll:  -0.32  | Pitch:  0.70  | Yaw:  10311.85  | VS (m/s):  0.17  | FS (m/s):  -0.60  | LS (m/s):  -1.27  | Altura (m):  254.31  | Temp BMP (C):  32.10
20:54:03.659 > Roll:  2.25  | Pitch:  -2.85  | Yaw:  10311.62  | VS (m/s):  0.18  | FS (m/s):  -0.91  | LS (m/s):  -1.43  | Altura (m):  254.31  | Temp BMP (C):  32.10
20:54:04.662 > Roll:  0.06  | Pitch:  2.92  | Yaw:  10311.41  | VS (m/s):  0.20  | FS (m/s):  -0.95  | LS (m/s):  -1.81  | Altura (m):  254.29  | Temp BMP (C):  32.10
20:54:05.666 > Roll:  -0.15  | Pitch:  -0.79  | Yaw:  10311.28  | VS (m/s):  0.23  | FS (m/s):  -0.90  | LS (m/s):  -2.21  | Altura (m):  254.31  | Temp BMP (C):  32.10
20:54:06.668 > Roll:  1.55  | Pitch:  2.23  | Yaw:  10310.91  | VS (m/s):  0.26  | FS (m/s):  -0.68  | LS (m/s):  -2.61  | Altura (m):  254.31  | Temp BMP (C):  32.10
20:54:07.671 > Roll:  3.12  | Pitch:  -1.21  | Yaw:  10310.69  | VS (m/s):  0.28  | FS (m/s):  -0.43  | LS (m/s):  -2.87  | Altura (m):  254.33  | Temp BMP (C):  32.10
20:54:08.674 > Roll:  2.88  | Pitch:  0.33  | Yaw:  10310.75  | VS (m/s):  0.30  | FS (m/s):  -0.47  | LS (m/s):  -3.41  | Altura (m):  254.33  | Temp BMP (C):  32.11
20:54:09.677 > Roll:  5.40  | Pitch:  -2.64  | Yaw:  10310.40  | VS (m/s):  0.34  | FS (m/s):  -0.58  | LS (m/s):  -4.03  | Altura (m):  254.34  | Temp BMP (C):  32.11
20:54:10.680 > Roll:  2.23  | Pitch:  0.12  | Yaw:  10310.20  | VS (m/s):  0.36  | FS (m/s):  -0.93  | LS (m/s):  -4.20  | Altura (m):  254.36  | Temp BMP (C):  32.11
20:54:11.683 > Roll:  1.92  | Pitch:  -1.52  | Yaw:  10310.00  | VS (m/s):  0.37  | FS (m/s):  -1.33  | LS (m/s):  -4.49  | Altura (m):  254.38  | Temp BMP (C):  32.11
20:54:12.686 > Roll:  3.13  | Pitch:  -4.31  | Yaw:  10309.88  | VS (m/s):  0.39  | FS (m/s):  -1.45  | LS (m/s):  -4.95  | Altura (m):  254.36  | Temp BMP (C):  32.11
20:54:13.688 > Roll:  1.14  | Pitch:  1.60  | Yaw:  10309.76  | VS (m/s):  0.41  | FS (m/s):  -1.72  | LS (m/s):  -5.41  | Altura (m):  254.34  | Temp BMP (C):  32.11
20:54:14.691 > Roll:  3.55  | Pitch:  1.51  | Yaw:  10309.47  | VS (m/s):  0.44  | FS (m/s):  -1.22  | LS (m/s):  -5.62  | Altura (m):  254.34  | Temp BMP (C):  32.11
20:54:15.694 > Roll:  3.66  | Pitch:  -1.56  | Yaw:  10309.16  | VS (m/s):  0.47  | FS (m/s):  -1.13  | LS (m/s):  -6.24  | Altura (m):  254.34  | Temp BMP (C):  32.11
20:54:16.697 > Roll:  1.40  | Pitch:  4.96  | Yaw:  10308.93  | VS (m/s):  0.49  | FS (m/s):  -1.32  | LS (m/s):  -6.56  | Altura (m):  254.35  | Temp BMP (C):  32.11
20:54:17.700 > Roll:  -0.75  | Pitch:  -4.24  | Yaw:  10308.83  | VS (m/s):  0.51  | FS (m/s):  -1.37  | LS (m/s):  -6.89  | Altura (m):  254.36  | Temp BMP (C):  32.11
20:54:18.703 > Roll:  0.97  | Pitch:  0.60  | Yaw:  10308.65  | VS (m/s):  0.52  | FS (m/s):  -1.46  | LS (m/s):  -7.08  | Altura (m):  254.35  | Temp BMP (C):  32.11
20:54:19.706 > Roll:  -0.20  | Pitch:  -0.20  | Yaw:  10308.60  | VS (m/s):  0.53  | FS (m/s):  -1.69  | LS (m/s):  -7.21  | Altura (m):  254.36  | Temp BMP (C):  32.11
20:54:20.709 > Roll:  2.26  | Pitch:  1.50  | Yaw:  10308.48  | VS (m/s):  0.55  | FS (m/s):  -1.69  | LS (m/s):  -7.56  | Altura (m):  254.36  | Temp BMP (C):  32.11
20:54:21.712 > Roll:  -0.27  | Pitch:  -2.04  | Yaw:  10308.32  | VS (m/s):  0.56  | FS (m/s):  -1.89  | LS (m/s):  -7.57  | Altura (m):  254.36  | Temp BMP (C):  32.12
20:54:22.715 > Roll:  0.60  | Pitch:  -0.54  | Yaw:  10308.18  | VS (m/s):  0.56  | FS (m/s):  -1.91  | LS (m/s):  -7.36  | Altura (m):  254.38  | Temp BMP (C):  32.12
20:54:23.718 > Roll:  3.53  | Pitch:  -1.34  | Yaw:  10307.90  | VS (m/s):  0.59  | FS (m/s):  -2.11  | LS (m/s):  -8.07  | Altura (m):  254.38  | Temp BMP (C):  32.12
20:54:24.721 > Roll:  1.26  | Pitch:  2.16  | Yaw:  10307.75  | VS (m/s):  0.61  | FS (m/s):  -2.24  | LS (m/s):  -8.37  | Altura (m):  254.38  | Temp BMP (C):  32.12
20:54:25.724 > Roll:  7.46  | Pitch:  -4.40  | Yaw:  10307.59  | VS (m/s):  0.63  | FS (m/s):  -2.67  | LS (m/s):  -8.73  | Altura (m):  254.39  | Temp BMP (C):  32.12
20:54:26.727 > Roll:  3.82  | Pitch:  3.47  | Yaw:  10307.50  | VS (m/s):  0.68  | FS (m/s):  -2.83  | LS (m/s):  -9.26  | Altura (m):  254.40  | Temp BMP (C):  32.12
20:54:27.730 > Roll:  -2.39  | Pitch:  -4.51  | Yaw:  10307.35  | VS (m/s):  0.71  | FS (m/s):  -3.18  | LS (m/s):  -9.29  | Altura (m):  254.41  | Temp BMP (C):  32.12
20:54:28.733 > Roll:  -1.67  | Pitch:  0.21  | Yaw:  10307.20  | VS (m/s):  0.72  | FS (m/s):  -3.31  | LS (m/s):  -9.12  | Altura (m):  254.42  | Temp BMP (C):  32.12
20:54:29.736 > Roll:  -0.96  | Pitch:  -1.28  | Yaw:  10307.06  | VS (m/s):  0.73  | FS (m/s):  -3.58  | LS (m/s):  -9.14  | Altura (m):  254.43  | Temp BMP (C):  32.12
20:54:30.739 > Roll:  4.85  | Pitch:  1.31  | Yaw:  10306.79  | VS (m/s):  0.74  | FS (m/s):  -3.62  | LS (m/s):  -9.36  | Altura (m):  254.44  | Temp BMP (C):  32.12
20:54:31.742 > Roll:  -0.34  | Pitch:  -0.23  | Yaw:  10306.61  | VS (m/s):  0.76  | FS (m/s):  -3.45  | LS (m/s):  -9.79  | Altura (m):  254.44  | Temp BMP (C):  32.12
20:54:32.745 > Roll:  0.86  | Pitch:  0.98  | Yaw:  10306.41  | VS (m/s):  0.77  | FS (m/s):  -3.29  | LS (m/s):  -9.98  | Altura (m):  254.41  | Temp BMP (C):  32.12
20:54:33.748 > Roll:  2.59  | Pitch:  0.99  | Yaw:  10306.12  | VS (m/s):  0.80  | FS (m/s):  -3.26  | LS (m/s):  -10.64  | Altura (m):  254.42  | Temp BMP (C):  32.12
20:54:34.751 > Roll:  0.51  | Pitch:  1.17  | Yaw:  10305.90  | VS (m/s):  0.82  | FS (m/s):  -3.20  | LS (m/s):  -10.71  | Altura (m):  254.43  | Temp BMP (C):  32.12
20:54:35.754 > Roll:  1.08  | Pitch:  -4.60  | Yaw:  10305.84  | VS (m/s):  0.84  | FS (m/s):  -3.19  | LS (m/s):  -10.89  | Altura (m):  254.43  | Temp BMP (C):  32.12
20:54:36.757 > Roll:  1.40  | Pitch:  2.61  | Yaw:  10305.65  | VS (m/s):  0.85  | FS (m/s):  -3.38  | LS (m/s):  -11.03  | Altura (m):  254.44  | Temp BMP (C):  32.12
20:54:37.759 > Roll:  4.78  | Pitch:  2.87  | Yaw:  10305.42  | VS (m/s):  0.88  | FS (m/s):  -3.14  | LS (m/s):  -11.44  | Altura (m):  254.44  | Temp BMP (C):  32.12
20:54:38.762 > Roll:  2.52  | Pitch:  -0.54  | Yaw:  10305.15  | VS (m/s):  0.89  | FS (m/s):  -2.93  | LS (m/s):  -11.73  | Altura (m):  254.44  | Temp BMP (C):  32.12
20:54:39.765 > Roll:  2.00  | Pitch:  1.35  | Yaw:  10304.93  | VS (m/s):  0.93  | FS (m/s):  -2.55  | LS (m/s):  -12.10  | Altura (m):  254.45  | Temp BMP (C):  32.12
20:54:40.768 > Roll:  3.50  | Pitch:  -4.92  | Yaw:  10304.77  | VS (m/s):  0.95  | FS (m/s):  -2.85  | LS (m/s):  -12.19  | Altura (m):  254.45  | Temp BMP (C):  32.12
20:54:41.771 > Roll:  -1.30  | Pitch:  -2.76  | Yaw:  10304.74  | VS (m/s):  1.00  | FS (m/s):  -3.83  | LS (m/s):  -12.35  | Altura (m):  254.50  | Temp BMP (C):  32.12
20:54:42.774 > Roll:  -0.71  | Pitch:  0.29  | Yaw:  10304.69  | VS (m/s):  1.01  | FS (m/s):  -4.15  | LS (m/s):  -12.32  | Altura (m):  254.50  | Temp BMP (C):  32.12
20:54:43.777 > Roll:  -1.52  | Pitch:  0.65  | Yaw:  10304.43  | VS (m/s):  1.02  | FS (m/s):  -3.96  | LS (m/s):  -12.21  | Altura (m):  254.50  | Temp BMP (C):  32.12
20:54:44.780 > Roll:  0.98  | Pitch:  1.24  | Yaw:  10304.31  | VS (m/s):  1.05  | FS (m/s):  -3.81  | LS (m/s):  -12.79  | Altura (m):  254.51  | Temp BMP (C):  32.12
20:54:45.783 > Roll:  -1.13  | Pitch:  0.53  | Yaw:  10304.12  | VS (m/s):  1.07  | FS (m/s):  -3.40  | LS (m/s):  -13.10  | Altura (m):  254.51  | Temp BMP (C):  32.12
20:54:46.786 > Roll:  1.92  | Pitch:  -3.92  | Yaw:  10303.91  | VS (m/s):  1.09  | FS (m/s):  -3.82  | LS (m/s):  -12.99  | Altura (m):  254.53  | Temp BMP (C):  32.12
20:54:47.789 > Roll:  -3.43  | Pitch:  0.21  | Yaw:  10303.69  | VS (m/s):  1.11  | FS (m/s):  -3.91  | LS (m/s):  -13.03  | Altura (m):  254.52  | Temp BMP (C):  32.12
20:54:48.792 > Roll:  4.29  | Pitch:  2.42  | Yaw:  10303.51  | VS (m/s):  1.11  | FS (m/s):  -3.91  | LS (m/s):  -13.10  | Altura (m):  254.51  | Temp BMP (C):  32.12
20:54:49.795 > Roll:  0.52  | Pitch:  -1.20  | Yaw:  10303.38  | VS (m/s):  1.13  | FS (m/s):  -3.65  | LS (m/s):  -13.38  | Altura (m):  254.54  | Temp BMP (C):  32.12
20:54:50.798 > Roll:  0.15  | Pitch:  0.41  | Yaw:  10303.29  | VS (m/s):  1.14  | FS (m/s):  -3.72  | LS (m/s):  -13.51  | Altura (m):  254.54  | Temp BMP (C):  32.12
20:54:51.801 > Roll:  -2.13  | Pitch:  -0.82  | Yaw:  10303.04  | VS (m/s):  1.15  | FS (m/s):  -3.62  | LS (m/s):  -13.23  | Altura (m):  254.55  | Temp BMP (C):  32.12
20:54:52.804 > Roll:  -0.98  | Pitch:  0.66  | Yaw:  10302.99  | VS (m/s):  1.15  | FS (m/s):  -3.54  | LS (m/s):  -13.13  | Altura (m):  254.54  | Temp BMP (C):  32.12
20:54:53.807 > Roll:  -1.31  | Pitch:  2.09  | Yaw:  10302.72  | VS (m/s):  1.17  | FS (m/s):  -2.98  | LS (m/s):  -12.96  | Altura (m):  254.55  | Temp BMP (C):  32.12
20:54:54.810 > Roll:  -2.14  | Pitch:  0.17  | Yaw:  10302.63  | VS (m/s):  1.19  | FS (m/s):  -2.85  | LS (m/s):  -12.74  | Altura (m):  254.55  | Temp BMP (C):  32.12
20:54:55.813 > Roll:  2.51  | Pitch:  -0.31  | Yaw:  10302.40  | VS (m/s):  1.20  | FS (m/s):  -2.96  | LS (m/s):  -12.58  | Altura (m):  254.54  | Temp BMP (C):  32.12
20:54:56.816 > Roll:  1.84  | Pitch:  -4.44  | Yaw:  10302.09  | VS (m/s):  1.23  | FS (m/s):  -3.47  | LS (m/s):  -12.85  | Altura (m):  254.54  | Temp BMP (C):  32.12
20:54:57.819 > Roll:  1.66  | Pitch:  -1.07  | Yaw:  10301.94  | VS (m/s):  1.25  | FS (m/s):  -3.69  | LS (m/s):  -13.13  | Altura (m):  254.56  | Temp BMP (C):  32.12
20:54:58.822 > Roll:  0.86  | Pitch:  -0.81  | Yaw:  10301.74  | VS (m/s):  1.26  | FS (m/s):  -4.13  | LS (m/s):  -13.31  | Altura (m):  254.54  | Temp BMP (C):  32.13
20:54:59.825 > Roll:  1.83  | Pitch:  -2.08  | Yaw:  10301.64  | VS (m/s):  1.27  | FS (m/s):  -3.83  | LS (m/s):  -13.41  | Altura (m):  254.58  | Temp BMP (C):  32.12
20:55:00.828 > Roll:  -1.00  | Pitch:  -1.51  | Yaw:  10301.43  | VS (m/s):  1.29  | FS (m/s):  -4.15  | LS (m/s):  -13.62  | Altura (m):  254.57  | Temp BMP (C):  32.13
20:55:01.831 > Roll:  4.08  | Pitch:  0.58  | Yaw:  10301.14  | VS (m/s):  1.30  | FS (m/s):  -3.97  | LS (m/s):  -13.89  | Altura (m):  254.58  | Temp BMP (C):  32.13
20:55:02.833 > Roll:  2.45  | Pitch:  0.19  | Yaw:  10300.89  | VS (m/s):  1.31  | FS (m/s):  -4.02  | LS (m/s):  -14.12  | Altura (m):  254.57  | Temp BMP (C):  32.13
20:55:03.836 > Roll:  1.45  | Pitch:  -3.67  | Yaw:  10300.83  | VS (m/s):  1.33  | FS (m/s):  -3.89  | LS (m/s):  -14.33  | Altura (m):  254.58  | Temp BMP (C):  32.13
20:55:04.840 > Roll:  2.31  | Pitch:  2.17  | Yaw:  10300.68  | VS (m/s):  1.35  | FS (m/s):  -3.81  | LS (m/s):  -14.28  | Altura (m):  254.61  | Temp BMP (C):  32.13
20:55:05.842 > Roll:  2.35  | Pitch:  -1.77  | Yaw:  10300.51  | VS (m/s):  1.37  | FS (m/s):  -3.83  | LS (m/s):  -14.80  | Altura (m):  254.62  | Temp BMP (C):  32.13
20:55:06.845 > Roll:  1.08  | Pitch:  1.02  | Yaw:  10300.35  | VS (m/s):  1.38  | FS (m/s):  -3.82  | LS (m/s):  -14.90  | Altura (m):  254.63  | Temp BMP (C):  32.13
20:55:07.849 > Roll:  0.66  | Pitch:  -0.58  | Yaw:  10300.26  | VS (m/s):  1.42  | FS (m/s):  -3.77  | LS (m/s):  -15.68  | Altura (m):  254.63  | Temp BMP (C):  32.13
20:55:08.852 > Roll:  2.66  | Pitch:  0.45  | Yaw:  10300.08  | VS (m/s):  1.43  | FS (m/s):  -3.67  | LS (m/s):  -15.88  | Altura (m):  254.64  | Temp BMP (C):  32.13
20:55:09.854 > Roll:  1.88  | Pitch:  -2.06  | Yaw:  10300.03  | VS (m/s):  1.44  | FS (m/s):  -3.93  | LS (m/s):  -16.28  | Altura (m):  254.64  | Temp BMP (C):  32.13
20:55:10.859 > Roll:  -1.43  | Pitch:  -0.90  | Yaw:  10299.99  | VS (m/s):  1.47  | FS (m/s):  -4.40  | LS (m/s):  -16.43  | Altura (m):  254.65  | Temp BMP (C):  32.13
20:55:11.860 > Roll:  -2.12  | Pitch:  -4.24  | Yaw:  10300.03  | VS (m/s):  1.48  | FS (m/s):  -4.58  | LS (m/s):  -16.31  | Altura (m):  254.64  | Temp BMP (C):  32.13
20:55:12.864 > Roll:  2.69  | Pitch:  -2.63  | Yaw:  10299.78  | VS (m/s):  1.49  | FS (m/s):  -4.86  | LS (m/s):  -16.39  | Altura (m):  254.63  | Temp BMP (C):  32.13
20:55:13.866 > Roll:  -0.11  | Pitch:  -1.15  | Yaw:  10299.50  | VS (m/s):  1.53  | FS (m/s):  -5.50  | LS (m/s):  -16.52  | Altura (m):  254.64  | Temp BMP (C):  32.13
20:55:14.869 > Roll:  4.48  | Pitch:  1.97  | Yaw:  10299.31  | VS (m/s):  1.56  | FS (m/s):  -5.47  | LS (m/s):  -16.96  | Altura (m):  254.64  | Temp BMP (C):  32.13
20:55:15.872 > Roll:  3.01  | Pitch:  0.50  | Yaw:  10299.09  | VS (m/s):  1.57  | FS (m/s):  -5.51  | LS (m/s):  -17.36  | Altura (m):  254.64  | Temp BMP (C):  32.13
20:55:16.875 > Roll:  3.86  | Pitch:  3.33  | Yaw:  10299.46  | VS (m/s):  1.57  | FS (m/s):  -5.32  | LS (m/s):  -17.63  | Altura (m):  254.64  | Temp BMP (C):  32.13
20:55:17.878 > Roll:  -4.38  | Pitch:  -0.57  | Yaw:  10298.67  | VS (m/s):  1.58  | FS (m/s):  -5.15  | LS (m/s):  -17.48  | Altura (m):  254.64  | Temp BMP (C):  32.13
20:55:18.881 > Roll:  -3.24  | Pitch:  0.70  | Yaw:  10300.81  | VS (m/s):  1.60  | FS (m/s):  -5.06  | LS (m/s):  -17.26  | Altura (m):  254.65  | Temp BMP (C):  32.13
20:55:19.884 > Roll:  8.89  | Pitch:  138.80  | Yaw:  10278.70  | VS (m/s):  5.00  | FS (m/s):  -2.47  | LS (m/s):  -17.46  | Altura (m):  254.92  | Temp BMP (C):  32.13
20:55:20.887 > Roll:  7.00  | Pitch:  377.68  | Yaw:  10277.87  | VS (m/s):  14.43  | FS (m/s):  -9.57  | LS (m/s):  -17.38  | Altura (m):  257.21  | Temp BMP (C):  32.13
20:55:21.890 > Roll:  5.04  | Pitch:  568.89  | Yaw:  10274.49  | VS (m/s):  25.04  | FS (m/s):  -8.29  | LS (m/s):  -17.26  | Altura (m):  258.82  | Temp BMP (C):  32.13
20:55:22.893 > Roll:  3.61  | Pitch:  769.76  | Yaw:  10278.34  | VS (m/s):  29.89  | FS (m/s):  -17.96  | LS (m/s):  -17.48  | Altura (m):  260.54  | Temp BMP (C):  32.13
20:55:23.896 > Roll:  3.30  | Pitch:  945.29  | Yaw:  10270.43  | VS (m/s):  42.55  | FS (m/s):  -22.51  | LS (m/s):  -17.14  | Altura (m):  262.55  | Temp BMP (C):  32.13
20:55:24.899 > Roll:  2.47  | Pitch:  1113.91  | Yaw:  10276.30  | VS (m/s):  45.36  | FS (m/s):  -35.06  | LS (m/s):  -17.31  | Altura (m):  263.87  | Temp BMP (C):  32.13
20:55:25.902 > Roll:  5.82  | Pitch:  1295.99  | Yaw:  10270.91  | VS (m/s):  53.39  | FS (m/s):  -36.63  | LS (m/s):  -16.89  | Altura (m):  264.92  | Temp BMP (C):  32.13
20:55:26.904 > Roll:  20.16  | Pitch:  1511.76  | Yaw:  10265.70  | VS (m/s):  52.14  | FS (m/s):  -45.38  | LS (m/s):  -18.64  | Altura (m):  265.30  | Temp BMP (C):  32.13
20:55:27.907 > Roll:  19.09  | Pitch:  1620.84  | Yaw:  10265.29  | VS (m/s):  60.20  | FS (m/s):  -47.37  | LS (m/s):  -17.02  | Altura (m):  266.41  | Temp BMP (C):  32.13
20:55:28.911 > Roll:  18.25  | Pitch:  1728.97  | Yaw:  10264.98  | VS (m/s):  68.18  | FS (m/s):  -63.01  | LS (m/s):  -15.48  | Altura (m):  268.42  | Temp BMP (C):  32.13
20:55:29.914 > Roll:  16.97  | Pitch:  1836.29  | Yaw:  10264.47  | VS (m/s):  63.91  | FS (m/s):  -74.28  | LS (m/s):  -17.92  | Altura (m):  267.91  | Temp BMP (C):  32.13
20:55:30.916 > Roll:  15.80  | Pitch:  1942.55  | Yaw:  10263.94  | VS (m/s):  67.23  | FS (m/s):  -74.57  | LS (m/s):  -18.00  | Altura (m):  268.03  | Temp BMP (C):  32.13
20:55:31.920 > Roll:  14.61  | Pitch:  2047.78  | Yaw:  10263.37  | VS (m/s):  78.53  | FS (m/s):  -85.55  | LS (m/s):  -15.88  | Altura (m):  270.32  | Temp BMP (C):  32.13
20:55:32.922 > Roll:  13.29  | Pitch:  2152.02  | Yaw:  10262.78  | VS (m/s):  77.80  | FS (m/s):  -101.67  | LS (m/s):  -16.89  | Altura (m):  270.78  | Temp BMP (C):  32.13
20:55:33.925 > Roll:  12.33  | Pitch:  2255.31  | Yaw:  10261.94  | VS (m/s):  75.17  | FS (m/s):  -104.53  | LS (m/s):  -18.30  | Altura (m):  269.98  | Temp BMP (C):  32.13
20:55:34.928 > Roll:  11.11  | Pitch:  2357.57  | Yaw:  10261.31  | VS (m/s):  85.54  | FS (m/s):  -108.54  | LS (m/s):  -16.89  | Altura (m):  271.65  | Temp BMP (C):  32.13
20:55:35.931 > Roll:  9.52  | Pitch:  2458.76  | Yaw:  10260.31  | VS (m/s):  92.05  | FS (m/s):  -125.27  | LS (m/s):  -16.32  | Altura (m):  273.46  | Temp BMP (C):  32.13
20:55:36.934 > Roll:  -1.43  | Pitch:  2537.53  | Yaw:  10249.41  | VS (m/s):  86.98  | FS (m/s):  -136.64  | LS (m/s):  -17.41  | Altura (m):  272.75  | Temp BMP (C):  32.13
20:55:37.937 > Roll:  -21.42  | Pitch:  2416.47  | Yaw:  10210.31  | VS (m/s):  84.67  | FS (m/s):  -147.07  | LS (m/s):  -15.37  | Altura (m):  271.90  | Temp BMP (C):  32.13
20:55:38.940 > Roll:  0.63  | Pitch:  2088.83  | Yaw:  10251.77  | VS (m/s):  93.11  | FS (m/s):  -151.54  | LS (m/s):  -15.81  | Altura (m):  273.63  | Temp BMP (C):  32.13
20:55:39.943 > Roll:  -18.62  | Pitch:  1792.43  | Yaw:  10207.98  | VS (m/s):  99.84  | FS (m/s):  -150.54  | LS (m/s):  -14.28  | Altura (m):  275.10  | Temp BMP (C):  32.13
20:55:40.946 > Roll:  -17.44  | Pitch:  1689.01  | Yaw:  10208.55  | VS (m/s):  105.52  | FS (m/s):  -157.84  | LS (m/s):  -12.89  | Altura (m):  275.96  | Temp BMP (C):  32.13
20:55:41.949 > Roll:  -16.30  | Pitch:  1583.81  | Yaw:  10208.94  | VS (m/s):  123.14  | FS (m/s):  -160.27  | LS (m/s):  -15.23  | Altura (m):  279.27  | Temp BMP (C):  32.13
20:55:42.952 > Roll:  -15.01  | Pitch:  1477.31  | Yaw:  10209.32  | VS (m/s):  133.10  | FS (m/s):  -151.80  | LS (m/s):  -15.28  | Altura (m):  281.91  | Temp BMP (C):  32.13
20:55:43.955 > Roll:  -13.91  | Pitch:  1369.31  | Yaw:  10209.72  | VS (m/s):  135.13  | FS (m/s):  -154.18  | LS (m/s):  -13.25  | Altura (m):  282.42  | Temp BMP (C):  32.13
20:55:44.958 > Roll:  -12.91  | Pitch:  1259.72  | Yaw:  10209.84  | VS (m/s):  149.69  | FS (m/s):  -161.00  | LS (m/s):  -14.35  | Altura (m):  284.86  | Temp BMP (C):  32.13
20:55:45.961 > Roll:  -11.79  | Pitch:  1149.14  | Yaw:  10210.13  | VS (m/s):  164.17  | FS (m/s):  -154.13  | LS (m/s):  -15.39  | Altura (m):  288.24  | Temp BMP (C):  32.12
20:55:46.964 > Roll:  -10.71  | Pitch:  1037.31  | Yaw:  10210.42  | VS (m/s):  166.07  | FS (m/s):  -152.18  | LS (m/s):  -13.81  | Altura (m):  289.02  | Temp BMP (C):  32.12
20:55:47.967 > Roll:  -9.27  | Pitch:  924.43  | Yaw:  10210.60  | VS (m/s):  177.19  | FS (m/s):  -160.36  | LS (m/s):  -14.00  | Altura (m):  290.75  | Temp BMP (C):  32.12
20:55:48.970 > Roll:  -8.23  | Pitch:  810.25  | Yaw:  10210.71  | VS (m/s):  193.90  | FS (m/s):  -155.93  | LS (m/s):  -15.08  | Altura (m):  294.36  | Temp BMP (C):  32.12
20:55:49.973 > Roll:  -7.28  | Pitch:  695.26  | Yaw:  10210.52  | VS (m/s):  196.89  | FS (m/s):  -151.43  | LS (m/s):  -14.16  | Altura (m):  295.54  | Temp BMP (C):  32.12
20:55:50.976 > Roll:  -6.25  | Pitch:  579.65  | Yaw:  10210.62  | VS (m/s):  205.66  | FS (m/s):  -159.58  | LS (m/s):  -14.01  | Altura (m):  296.81  | Temp BMP (C):  32.12
20:55:51.979 > Roll:  -5.10  | Pitch:  463.17  | Yaw:  10210.59  | VS (m/s):  223.24  | FS (m/s):  -156.98  | LS (m/s):  -14.79  | Altura (m):  300.47  | Temp BMP (C):  32.12
20:55:52.982 > Roll:  -4.47  | Pitch:  346.07  | Yaw:  10210.51  | VS (m/s):  227.29  | FS (m/s):  -151.22  | LS (m/s):  -14.32  | Altura (m):  301.97  | Temp BMP (C):  32.11
20:55:53.985 > Roll:  -3.26  | Pitch:  228.49  | Yaw:  10210.32  | VS (m/s):  234.70  | FS (m/s):  -158.99  | LS (m/s):  -14.13  | Altura (m):  303.00  | Temp BMP (C):  32.11
20:55:54.988 > Roll:  -1.57  | Pitch:  110.89  | Yaw:  10210.22  | VS (m/s):  252.56  | FS (m/s):  -157.53  | LS (m/s):  -14.49  | Altura (m):  306.58  | Temp BMP (C):  32.11
20:55:55.990 > Roll:  -1.43  | Pitch:  10.97  | Yaw:  10209.86  | VS (m/s):  257.53  | FS (m/s):  -150.57  | LS (m/s):  -14.41  | Altura (m):  308.25  | Temp BMP (C):  32.11
20:55:56.994 > Roll:  0.96  | Pitch:  2.60  | Yaw:  10209.68  | VS (m/s):  257.58  | FS (m/s):  -149.92  | LS (m/s):  -14.44  | Altura (m):  308.30  | Temp BMP (C):  32.11
20:55:57.997 > Roll:  0.51  | Pitch:  -0.20  | Yaw:  10209.58  | VS (m/s):  257.60  | FS (m/s):  -150.24  | LS (m/s):  -14.66  | Altura (m):  308.32  | Temp BMP (C):  32.11
20:55:58.999 > Roll:  -0.90  | Pitch:  -2.24  | Yaw:  10209.31  | VS (m/s):  257.63  | FS (m/s):  -150.41  | LS (m/s):  -14.56  | Altura (m):  308.33  | Temp BMP (C):  32.11
20:56:00.002 > Roll:  -1.28  | Pitch:  -3.36  | Yaw:  10208.90  | VS (m/s):  257.64  | FS (m/s):  -150.86  | LS (m/s):  -14.56  | Altura (m):  308.36  | Temp BMP (C):  32.11
20:56:01.005 > Roll:  1.74  | Pitch:  -3.51  | Yaw:  10208.63  | VS (m/s):  257.68  | FS (m/s):  -151.56  | LS (m/s):  -14.80  | Altura (m):  308.37  | Temp BMP (C):  32.11
20:56:02.008 > Roll:  -1.40  | Pitch:  0.40  | Yaw:  10208.59  | VS (m/s):  257.70  | FS (m/s):  -152.08  | LS (m/s):  -14.86  | Altura (m):  308.38  | Temp BMP (C):  32.11
20:56:03.011 > Roll:  -2.84  | Pitch:  -3.89  | Yaw:  10208.48  | VS (m/s):  257.72  | FS (m/s):  -151.95  | LS (m/s):  -14.85  | Altura (m):  308.38  | Temp BMP (C):  32.11
20:56:04.014 > Roll:  -2.51  | Pitch:  0.46  | Yaw:  10208.33  | VS (m/s):  257.76  | FS (m/s):  -152.38  | LS (m/s):  -14.46  | Altura (m):  308.39  | Temp BMP (C):  32.11
20:56:05.017 > Roll:  -2.20  | Pitch:  -4.31  | Yaw:  10208.29  | VS (m/s):  257.78  | FS (m/s):  -152.77  | LS (m/s):  -14.61  | Altura (m):  308.39  | Temp BMP (C):  32.11
20:56:06.021 > Roll:  -1.11  | Pitch:  -2.11  | Yaw:  10207.84  | VS (m/s):  257.80  | FS (m/s):  -153.09  | LS (m/s):  -14.51  | Altura (m):  308.38  | Temp BMP (C):  32.12
20:56:07.025 > Roll:  1.12  | Pitch:  -3.96  | Yaw:  10207.65  | VS (m/s):  257.84  | FS (m/s):  -153.60  | LS (m/s):  -14.99  | Altura (m):  308.39  | Temp BMP (C):  32.12
20:56:08.026 > Roll:  5.85  | Pitch:  -4.09  | Yaw:  10207.57  | VS (m/s):  257.86  | FS (m/s):  -153.97  | LS (m/s):  -15.27  | Altura (m):  308.39  | Temp BMP (C):  32.12
20:56:09.029 > Roll:  0.81  | Pitch:  1.25  | Yaw:  10207.20  | VS (m/s):  257.88  | FS (m/s):  -154.26  | LS (m/s):  -15.58  | Altura (m):  308.38  | Temp BMP (C):  32.12
20:56:10.032 > Roll:  0.41  | Pitch:  -4.93  | Yaw:  10206.70  | VS (m/s):  257.90  | FS (m/s):  -154.13  | LS (m/s):  -15.49  | Altura (m):  308.39  | Temp BMP (C):  32.12
20:56:11.035 > Roll:  3.14  | Pitch:  -4.35  | Yaw:  10206.56  | VS (m/s):  257.96  | FS (m/s):  -155.04  | LS (m/s):  -15.86  | Altura (m):  308.40  | Temp BMP (C):  32.12
20:56:12.041 > Roll:  4.75  | Pitch:  -4.68  | Yaw:  10206.30  | VS (m/s):  257.99  | FS (m/s):  -155.36  | LS (m/s):  -16.24  | Altura (m):  308.42  | Temp BMP (C):  32.12
20:56:13.041 > Roll:  4.78  | Pitch:  -0.81  | Yaw:  10206.12  | VS (m/s):  258.03  | FS (m/s):  -155.98  | LS (m/s):  -16.60  | Altura (m):  308.42  | Temp BMP (C):  32.12
20:56:14.045 > Roll:  2.56  | Pitch:  -3.93  | Yaw:  10206.08  | VS (m/s):  258.06  | FS (m/s):  -156.58  | LS (m/s):  -17.12  | Altura (m):  308.43  | Temp BMP (C):  32.12
20:56:15.047 > Roll:  0.86  | Pitch:  -1.95  | Yaw:  10206.03  | VS (m/s):  258.07  | FS (m/s):  -156.59  | LS (m/s):  -17.28  | Altura (m):  308.41  | Temp BMP (C):  32.12
20:56:16.050 > Roll:  2.72  | Pitch:  -3.15  | Yaw:  10205.79  | VS (m/s):  258.11  | FS (m/s):  -157.18  | LS (m/s):  -17.71  | Altura (m):  308.42  | Temp BMP (C):  32.12
20:56:17.053 > Roll:  1.38  | Pitch:  -0.03  | Yaw:  10205.56  | VS (m/s):  258.13  | FS (m/s):  -157.27  | LS (m/s):  -18.06  | Altura (m):  308.43  | Temp BMP (C):  32.12
20:56:18.056 > Roll:  5.29  | Pitch:  0.05  | Yaw:  10205.32  | VS (m/s):  258.15  | FS (m/s):  -157.52  | LS (m/s):  -18.35  | Altura (m):  308.44  | Temp BMP (C):  32.12
20:56:19.058 > Roll:  -0.08  | Pitch:  -3.32  | Yaw:  10204.91  | VS (m/s):  258.17  | FS (m/s):  -157.71  | LS (m/s):  -18.52  | Altura (m):  308.45  | Temp BMP (C):  32.12
20:56:20.061 > Roll:  0.55  | Pitch:  -4.74  | Yaw:  10204.79  | VS (m/s):  258.20  | FS (m/s):  -158.47  | LS (m/s):  -18.58  | Altura (m):  308.45  | Temp BMP (C):  32.12
20:56:21.064 > Roll:  2.49  | Pitch:  -1.92  | Yaw:  10204.45  | VS (m/s):  258.24  | FS (m/s):  -158.98  | LS (m/s):  -19.06  | Altura (m):  308.47  | Temp BMP (C):  32.12
20:56:22.067 > Roll:  0.89  | Pitch:  0.96  | Yaw:  10204.39  | VS (m/s):  258.25  | FS (m/s):  -158.76  | LS (m/s):  -19.51  | Altura (m):  308.43  | Temp BMP (C):  32.12
20:56:23.070 > Roll:  1.22  | Pitch:  -5.58  | Yaw:  10204.11  | VS (m/s):  258.28  | FS (m/s):  -159.24  | LS (m/s):  -19.87  | Altura (m):  308.45  | Temp BMP (C):  32.12
20:56:24.076 > Roll:  2.23  | Pitch:  -1.11  | Yaw:  10203.96  | VS (m/s):  258.30  | FS (m/s):  -159.57  | LS (m/s):  -19.90  | Altura (m):  308.46  | Temp BMP (C):  32.12
20:56:25.076 > Roll:  1.20  | Pitch:  2.22  | Yaw:  10203.91  | VS (m/s):  258.32  | FS (m/s):  -159.46  | LS (m/s):  -19.95  | Altura (m):  308.47  | Temp BMP (C):  32.12
20:56:26.079 > Roll:  0.81  | Pitch:  -3.43  | Yaw:  10203.63  | VS (m/s):  258.34  | FS (m/s):  -159.81  | LS (m/s):  -20.15  | Altura (m):  308.48  | Temp BMP (C):  32.12
20:56:27.082 > Roll:  4.07  | Pitch:  -0.53  | Yaw:  10203.45  | VS (m/s):  258.41  | FS (m/s):  -160.22  | LS (m/s):  -21.06  | Altura (m):  308.47  | Temp BMP (C):  32.12
20:56:28.085 > Roll:  1.98  | Pitch:  -1.30  | Yaw:  10203.34  | VS (m/s):  258.45  | FS (m/s):  -160.88  | LS (m/s):  -21.56  | Altura (m):  308.47  | Temp BMP (C):  32.12
20:56:29.088 > Roll:  0.87  | Pitch:  0.83  | Yaw:  10203.26  | VS (m/s):  258.46  | FS (m/s):  -161.07  | LS (m/s):  -21.71  | Altura (m):  308.49  | Temp BMP (C):  32.12
20:56:30.091 > Roll:  0.45  | Pitch:  -2.74  | Yaw:  10203.07  | VS (m/s):  258.48  | FS (m/s):  -161.41  | LS (m/s):  -22.08  | Altura (m):  308.46  | Temp BMP (C):  32.12
20:56:31.094 > Roll:  -1.51  | Pitch:  -2.35  | Yaw:  10202.69  | VS (m/s):  258.49  | FS (m/s):  -161.51  | LS (m/s):  -22.03  | Altura (m):  308.47  | Temp BMP (C):  32.12
20:56:32.097 > Roll:  2.23  | Pitch:  -5.46  | Yaw:  10202.52  | VS (m/s):  258.56  | FS (m/s):  -162.49  | LS (m/s):  -22.23  | Altura (m):  308.47  | Temp BMP (C):  32.12
20:56:33.100 > Roll:  2.83  | Pitch:  -0.91  | Yaw:  10202.37  | VS (m/s):  258.60  | FS (m/s):  -162.84  | LS (m/s):  -22.85  | Altura (m):  308.47  | Temp BMP (C):  32.12
20:56:34.103 > Roll:  -0.99  | Pitch:  -0.75  | Yaw:  10202.30  | VS (m/s):  258.63  | FS (m/s):  -163.29  | LS (m/s):  -22.55  | Altura (m):  308.48  | Temp BMP (C):  32.12
20:56:35.106 > Roll:  2.75  | Pitch:  -2.23  | Yaw:  10201.93  | VS (m/s):  258.64  | FS (m/s):  -163.60  | LS (m/s):  -22.74  | Altura (m):  308.48  | Temp BMP (C):  32.12
20:56:36.109 > Roll:  0.41  | Pitch:  -0.88  | Yaw:  10201.64  | VS (m/s):  258.68  | FS (m/s):  -164.21  | LS (m/s):  -23.24  | Altura (m):  308.49  | Temp BMP (C):  32.12
20:56:37.112 > Roll:  -2.16  | Pitch:  -2.82  | Yaw:  10201.39  | VS (m/s):  258.71  | FS (m/s):  -164.70  | LS (m/s):  -23.38  | Altura (m):  308.51  | Temp BMP (C):  32.12
20:56:38.115 > Roll:  0.03  | Pitch:  2.78  | Yaw:  10201.18  | VS (m/s):  258.72  | FS (m/s):  -164.58  | LS (m/s):  -23.44  | Altura (m):  308.52  | Temp BMP (C):  32.13
20:56:39.118 > Roll:  4.52  | Pitch:  -3.05  | Yaw:  10201.01  | VS (m/s):  258.75  | FS (m/s):  -165.04  | LS (m/s):  -23.58  | Altura (m):  308.54  | Temp BMP (C):  32.12
20:56:40.121 > Roll:  -1.35  | Pitch:  -1.37  | Yaw:  10200.65  | VS (m/s):  258.76  | FS (m/s):  -165.16  | LS (m/s):  -23.69  | Altura (m):  308.56  | Temp BMP (C):  32.12
20:56:41.124 > Roll:  1.07  | Pitch:  -2.55  | Yaw:  10199.55  | VS (m/s):  258.81  | FS (m/s):  -165.90  | LS (m/s):  -23.77  | Altura (m):  308.54  | Temp BMP (C):  32.13
20:56:42.127 > Roll:  0.60  | Pitch:  -4.99  | Yaw:  10200.15  | VS (m/s):  258.83  | FS (m/s):  -166.35  | LS (m/s):  -23.69  | Altura (m):  308.57  | Temp BMP (C):  32.12
20:56:43.130 > Roll:  -2.40  | Pitch:  -2.15  | Yaw:  10199.95  | VS (m/s):  258.86  | FS (m/s):  -167.07  | LS (m/s):  -23.56  | Altura (m):  308.57  | Temp BMP (C):  32.13
20:56:44.133 > Roll:  2.50  | Pitch:  -4.68  | Yaw:  10199.85  | VS (m/s):  258.88  | FS (m/s):  -167.47  | LS (m/s):  -23.61  | Altura (m):  308.57  | Temp BMP (C):  32.13
20:56:45.136 > Roll:  -2.22  | Pitch:  -3.13  | Yaw:  10199.57  | VS (m/s):  258.92  | FS (m/s):  -168.19  | LS (m/s):  -23.58  | Altura (m):  308.59  | Temp BMP (C):  32.13
20:56:46.140 > Roll:  -0.54  | Pitch:  -4.50  | Yaw:  10199.25  | VS (m/s):  258.93  | FS (m/s):  -168.18  | LS (m/s):  -23.68  | Altura (m):  308.60  | Temp BMP (C):  32.13
20:56:47.142 > Roll:  1.01  | Pitch:  -5.15  | Yaw:  10199.00  | VS (m/s):  258.96  | FS (m/s):  -168.77  | LS (m/s):  -23.39  | Altura (m):  308.64  | Temp BMP (C):  32.13
20:56:48.144 > Roll:  -1.73  | Pitch:  -5.38  | Yaw:  10198.85  | VS (m/s):  258.99  | FS (m/s):  -169.40  | LS (m/s):  -23.61  | Altura (m):  308.66  | Temp BMP (C):  32.13
20:56:49.147 > Roll:  -0.13  | Pitch:  -2.61  | Yaw:  10198.58  | VS (m/s):  259.00  | FS (m/s):  -169.74  | LS (m/s):  -23.38  | Altura (m):  308.66  | Temp BMP (C):  32.13
20:56:50.150 > Roll:  0.28  | Pitch:  -2.84  | Yaw:  10198.45  | VS (m/s):  259.02  | FS (m/s):  -170.05  | LS (m/s):  -23.26  | Altura (m):  308.69  | Temp BMP (C):  32.13
20:56:51.153 > Roll:  1.85  | Pitch:  -5.94  | Yaw:  10198.35  | VS (m/s):  259.05  | FS (m/s):  -170.61  | LS (m/s):  -23.31  | Altura (m):  308.68  | Temp BMP (C):  32.13
20:56:52.156 > Roll:  -3.07  | Pitch:  -0.02  | Yaw:  10198.04  | VS (m/s):  259.07  | FS (m/s):  -170.83  | LS (m/s):  -23.15  | Altura (m):  308.69  | Temp BMP (C):  32.13
20:56:53.159 > Roll:  1.02  | Pitch:  -0.21  | Yaw:  10197.88  | VS (m/s):  259.08  | FS (m/s):  -170.80  | LS (m/s):  -23.12  | Altura (m):  308.69  | Temp BMP (C):  32.13
20:56:54.162 > Roll:  -0.73  | Pitch:  -3.88  | Yaw:  10197.57  | VS (m/s):  259.08  | FS (m/s):  -171.00  | LS (m/s):  -22.98  | Altura (m):  308.69  | Temp BMP (C):  32.13
20:56:55.165 > Roll:  -0.24  | Pitch:  -4.18  | Yaw:  10197.31  | VS (m/s):  259.14  | FS (m/s):  -171.85  | LS (m/s):  -23.22  | Altura (m):  308.71  | Temp BMP (C):  32.13
20:56:56.168 > Roll:  -0.12  | Pitch:  -2.18  | Yaw:  10197.16  | VS (m/s):  259.15  | FS (m/s):  -172.25  | LS (m/s):  -23.06  | Altura (m):  308.68  | Temp BMP (C):  32.13
20:56:57.172 > Roll:  2.26  | Pitch:  -3.89  | Yaw:  10196.94  | VS (m/s):  259.22  | FS (m/s):  -173.35  | LS (m/s):  -22.97  | Altura (m):  308.69  | Temp BMP (C):  32.13
20:56:58.174 > Roll:  -1.38  | Pitch:  -6.71  | Yaw:  10197.03  | VS (m/s):  259.25  | FS (m/s):  -173.96  | LS (m/s):  -22.82  | Altura (m):  308.70  | Temp BMP (C):  32.13
20:56:59.177 > Roll:  -1.03  | Pitch:  -0.52  | Yaw:  10196.84  | VS (m/s):  259.31  | FS (m/s):  -174.78  | LS (m/s):  -22.61  | Altura (m):  308.73  | Temp BMP (C):  32.13
20:57:00.181 > Roll:  -2.36  | Pitch:  1.57  | Yaw:  10196.77  | VS (m/s):  259.31  | FS (m/s):  -174.70  | LS (m/s):  -22.56  | Altura (m):  308.74  | Temp BMP (C):  32.13
20:57:01.183 > Roll:  0.48  | Pitch:  -1.35  | Yaw:  10196.48  | VS (m/s):  259.33  | FS (m/s):  -175.24  | LS (m/s):  -22.36  | Altura (m):  308.75  | Temp BMP (C):  32.13
20:57:02.187 > Roll:  0.18  | Pitch:  -6.04  | Yaw:  10196.29  | VS (m/s):  259.36  | FS (m/s):  -175.36  | LS (m/s):  -22.54  | Altura (m):  308.73  | Temp BMP (C):  32.13
20:57:03.189 > Roll:  0.99  | Pitch:  0.94  | Yaw:  10196.05  | VS (m/s):  259.39  | FS (m/s):  -175.97  | LS (m/s):  -22.51  | Altura (m):  308.75  | Temp BMP (C):  32.13
20:57:04.192 > Roll:  2.13  | Pitch:  -2.69  | Yaw:  10195.69  | VS (m/s):  259.40  | FS (m/s):  -175.86  | LS (m/s):  -22.40  | Altura (m):  308.77  | Temp BMP (C):  32.13
20:57:05.195 > Roll:  -1.80  | Pitch:  -8.02  | Yaw:  10195.64  | VS (m/s):  259.46  | FS (m/s):  -176.75  | LS (m/s):  -22.52  | Altura (m):  308.81  | Temp BMP (C):  32.13
20:57:06.198 > Roll:  -0.49  | Pitch:  -3.93  | Yaw:  10195.55  | VS (m/s):  259.50  | FS (m/s):  -177.52  | LS (m/s):  -22.44  | Altura (m):  308.79  | Temp BMP (C):  32.14
20:57:07.201 > Roll:  -0.80  | Pitch:  -1.02  | Yaw:  10195.22  | VS (m/s):  259.54  | FS (m/s):  -178.00  | LS (m/s):  -22.12  | Altura (m):  308.79  | Temp BMP (C):  32.14
20:57:08.204 > Roll:  -3.31  | Pitch:  -4.20  | Yaw:  10195.11  | VS (m/s):  259.56  | FS (m/s):  -178.17  | LS (m/s):  -22.13  | Altura (m):  308.80  | Temp BMP (C):  32.14
20:57:09.207 > Roll:  2.12  | Pitch:  -3.57  | Yaw:  10194.70  | VS (m/s):  259.57  | FS (m/s):  -178.29  | LS (m/s):  -21.94  | Altura (m):  308.83  | Temp BMP (C):  32.14
20:57:10.210 > Roll:  -0.57  | Pitch:  -2.95  | Yaw:  10194.46  | VS (m/s):  259.59  | FS (m/s):  -178.94  | LS (m/s):  -21.63  | Altura (m):  308.84  | Temp BMP (C):  32.14
20:57:11.213 > Roll:  3.27  | Pitch:  -4.29  | Yaw:  10194.28  | VS (m/s):  259.63  | FS (m/s):  -179.53  | LS (m/s):  -21.73  | Altura (m):  308.81  | Temp BMP (C):  32.14
20:57:12.216 > Roll:  -3.10  | Pitch:  -4.69  | Yaw:  10194.05  | VS (m/s):  259.66  | FS (m/s):  -179.96  | LS (m/s):  -21.51  | Altura (m):  308.81  | Temp BMP (C):  32.14
20:57:13.219 > Roll:  4.10  | Pitch:  -8.73  | Yaw:  10193.59  | VS (m/s):  259.73  | FS (m/s):  -180.88  | LS (m/s):  -21.34  | Altura (m):  308.84  | Temp BMP (C):  32.14
20:57:14.221 > Roll:  -2.15  | Pitch:  -1.59  | Yaw:  10193.50  | VS (m/s):  259.79  | FS (m/s):  -181.86  | LS (m/s):  -21.24  | Altura (m):  308.85  | Temp BMP (C):  32.14
20:57:15.224 > Roll:  -2.45  | Pitch:  -2.05  | Yaw:  10193.15  | VS (m/s):  259.80  | FS (m/s):  -181.91  | LS (m/s):  -21.08  | Altura (m):  308.85  | Temp BMP (C):  32.14
20:57:16.228 > Roll:  1.31  | Pitch:  -5.01  | Yaw:  10193.12  | VS (m/s):  259.82  | FS (m/s):  -182.11  | LS (m/s):  -20.91  | Altura (m):  308.83  | Temp BMP (C):  32.14
20:57:17.231 > Roll:  1.79  | Pitch:  -4.66  | Yaw:  10192.73  | VS (m/s):  259.87  | FS (m/s):  -183.11  | LS (m/s):  -21.16  | Altura (m):  308.83  | Temp BMP (C):  32.14
20:57:18.233 > Roll:  -0.17  | Pitch:  -4.14  | Yaw:  10192.56  | VS (m/s):  259.87  | FS (m/s):  -183.40  | LS (m/s):  -21.19  | Altura (m):  308.83  | Temp BMP (C):  32.14
20:57:19.236 > Roll:  -3.52  | Pitch:  -0.71  | Yaw:  10192.42  | VS (m/s):  259.92  | FS (m/s):  -184.14  | LS (m/s):  -21.03  | Altura (m):  308.86  | Temp BMP (C):  32.14
20:57:20.239 > Roll:  1.31  | Pitch:  0.16  | Yaw:  10192.09  | VS (m/s):  259.93  | FS (m/s):  -184.44  | LS (m/s):  -21.00  | Altura (m):  308.85  | Temp BMP (C):  32.14
20:57:21.242 > Roll:  -6.62  | Pitch:  -0.46  | Yaw:  10192.16  | VS (m/s):  259.94  | FS (m/s):  -184.62  | LS (m/s):  -20.81  | Altura (m):  308.86  | Temp BMP (C):  32.14
20:57:22.245 > Roll:  -0.70  | Pitch:  -6.35  | Yaw:  10191.93  | VS (m/s):  259.99  | FS (m/s):  -185.45  | LS (m/s):  -20.79  | Altura (m):  308.86  | Temp BMP (C):  32.14
20:57:23.250 > Roll:  2.91  | Pitch:  -1.28  | Yaw:  10191.69  | VS (m/s):  260.01  | FS (m/s):  -185.83  | LS (m/s):  -20.82  | Altura (m):  308.87  | Temp BMP (C):  32.14
20:57:24.251 > Roll:  -3.05  | Pitch:  -3.04  | Yaw:  10191.48  | VS (m/s):  260.04  | FS (m/s):  -186.40  | LS (m/s):  -20.79  | Altura (m):  308.88  | Temp BMP (C):  32.14
20:57:25.254 > Roll:  -0.58  | Pitch:  -6.21  | Yaw:  10191.21  | VS (m/s):  260.06  | FS (m/s):  -186.49  | LS (m/s):  -20.47  | Altura (m):  308.87  | Temp BMP (C):  32.14
20:57:26.257 > Roll:  -2.18  | Pitch:  -0.65  | Yaw:  10191.14  | VS (m/s):  260.09  | FS (m/s):  -187.12  | LS (m/s):  -20.41  | Altura (m):  308.89  | Temp BMP (C):  32.14
20:57:27.260 > Roll:  -1.53  | Pitch:  -1.86  | Yaw:  10190.87  | VS (m/s):  260.10  | FS (m/s):  -187.33  | LS (m/s):  -20.29  | Altura (m):  308.90  | Temp BMP (C):  32.14
20:57:28.263 > Roll:  -1.42  | Pitch:  -2.06  | Yaw:  10190.55  | VS (m/s):  260.13  | FS (m/s):  -187.86  | LS (m/s):  -20.17  | Altura (m):  308.88  | Temp BMP (C):  32.15
20:57:29.266 > Roll:  -0.47  | Pitch:  -5.41  | Yaw:  10190.31  | VS (m/s):  260.14  | FS (m/s):  -188.26  | LS (m/s):  -20.08  | Altura (m):  308.91  | Temp BMP (C):  32.15
20:57:30.272 > Roll:  -1.25  | Pitch:  2.27  | Yaw:  10190.10  | VS (m/s):  260.19  | FS (m/s):  -188.91  | LS (m/s):  -19.77  | Altura (m):  308.91  | Temp BMP (C):  32.15
20:57:31.272 > Roll:  -1.00  | Pitch:  -0.03  | Yaw:  10189.94  | VS (m/s):  260.20  | FS (m/s):  -189.17  | LS (m/s):  -19.50  | Altura (m):  308.95  | Temp BMP (C):  32.14
20:57:32.275 > Roll:  -0.19  | Pitch:  0.02  | Yaw:  10189.72  | VS (m/s):  260.21  | FS (m/s):  -189.20  | LS (m/s):  -19.21  | Altura (m):  308.95  | Temp BMP (C):  32.15
20:57:33.279 > Roll:  0.57  | Pitch:  -3.05  | Yaw:  10189.46  | VS (m/s):  260.23  | FS (m/s):  -189.35  | LS (m/s):  -19.13  | Altura (m):  308.96  | Temp BMP (C):  32.15
20:57:34.281 > Roll:  0.12  | Pitch:  -1.48  | Yaw:  10189.06  | VS (m/s):  260.24  | FS (m/s):  -189.60  | LS (m/s):  -19.26  | Altura (m):  308.94  | Temp BMP (C):  32.15
20:57:35.284 > Roll:  -0.36  | Pitch:  -0.51  | Yaw:  10188.90  | VS (m/s):  260.25  | FS (m/s):  -189.90  | LS (m/s):  -19.15  | Altura (m):  308.93  | Temp BMP (C):  32.15
20:57:36.287 > Roll:  0.94  | Pitch:  -4.38  | Yaw:  10188.76  | VS (m/s):  260.28  | FS (m/s):  -190.05  | LS (m/s):  -18.89  | Altura (m):  308.92  | Temp BMP (C):  32.15
20:57:37.290 > Roll:  -0.42  | Pitch:  -1.18  | Yaw:  10188.56  | VS (m/s):  260.32  | FS (m/s):  -190.72  | LS (m/s):  -18.44  | Altura (m):  308.92  | Temp BMP (C):  32.15
20:57:38.293 > Roll:  0.11  | Pitch:  -7.86  | Yaw:  10188.37  | VS (m/s):  260.33  | FS (m/s):  -191.10  | LS (m/s):  -18.49  | Altura (m):  308.92  | Temp BMP (C):  32.15
20:57:39.295 > Roll:  0.51  | Pitch:  -2.29  | Yaw:  10188.25  | VS (m/s):  260.40  | FS (m/s):  -192.13  | LS (m/s):  -18.20  | Altura (m):  308.95  | Temp BMP (C):  32.15
20:57:40.298 > Roll:  -3.06  | Pitch:  -7.07  | Yaw:  10188.00  | VS (m/s):  260.44  | FS (m/s):  -192.87  | LS (m/s):  -18.35  | Altura (m):  308.95  | Temp BMP (C):  32.15
20:57:41.301 > Roll:  1.02  | Pitch:  -2.26  | Yaw:  10187.84  | VS (m/s):  260.47  | FS (m/s):  -193.48  | LS (m/s):  -17.92  | Altura (m):  308.95  | Temp BMP (C):  32.15
20:57:42.304 > Roll:  -3.21  | Pitch:  -5.14  | Yaw:  10187.70  | VS (m/s):  260.51  | FS (m/s):  -194.15  | LS (m/s):  -17.83  | Altura (m):  308.95  | Temp BMP (C):  32.15
20:57:43.307 > Roll:  1.62  | Pitch:  -3.33  | Yaw:  10187.33  | VS (m/s):  260.54  | FS (m/s):  -194.82  | LS (m/s):  -17.55  | Altura (m):  308.96  | Temp BMP (C):  32.15
20:57:44.310 > Roll:  -3.35  | Pitch:  1.17  | Yaw:  10187.25  | VS (m/s):  260.55  | FS (m/s):  -194.87  | LS (m/s):  -17.42  | Altura (m):  308.97  | Temp BMP (C):  32.15
20:57:45.313 > Roll:  0.12  | Pitch:  -3.59  | Yaw:  10186.97  | VS (m/s):  260.58  | FS (m/s):  -195.39  | LS (m/s):  -17.41  | Altura (m):  308.95  | Temp BMP (C):  32.15
20:57:46.317 > Roll:  0.09  | Pitch:  -7.36  | Yaw:  10186.71  | VS (m/s):  260.61  | FS (m/s):  -195.86  | LS (m/s):  -17.24  | Altura (m):  308.96  | Temp BMP (C):  32.15
20:57:47.319 > Roll:  1.20  | Pitch:  -4.17  | Yaw:  10186.51  | VS (m/s):  260.66  | FS (m/s):  -196.79  | LS (m/s):  -17.40  | Altura (m):  308.96  | Temp BMP (C):  32.15
20:57:48.322 > Roll:  -2.04  | Pitch:  -2.13  | Yaw:  10186.28  | VS (m/s):  260.67  | FS (m/s):  -197.03  | LS (m/s):  -17.36  | Altura (m):  308.98  | Temp BMP (C):  32.15
20:57:49.325 > Roll:  2.19  | Pitch:  -0.15  | Yaw:  10185.98  | VS (m/s):  260.70  | FS (m/s):  -197.59  | LS (m/s):  -17.35  | Altura (m):  309.00  | Temp BMP (C):  32.15
20:57:50.328 > Roll:  -0.57  | Pitch:  -4.77  | Yaw:  10185.72  | VS (m/s):  260.72  | FS (m/s):  -197.57  | LS (m/s):  -17.27  | Altura (m):  309.00  | Temp BMP (C):  32.15
20:57:51.331 > Roll:  0.22  | Pitch:  -2.99  | Yaw:  10185.43  | VS (m/s):  260.74  | FS (m/s):  -197.81  | LS (m/s):  -17.08  | Altura (m):  309.01  | Temp BMP (C):  32.15
20:57:52.334 > Roll:  1.35  | Pitch:  3.03  | Yaw:  10185.10  | VS (m/s):  260.76  | FS (m/s):  -197.94  | LS (m/s):  -16.84  | Altura (m):  309.01  | Temp BMP (C):  32.15
20:57:53.337 > Roll:  1.13  | Pitch:  -2.92  | Yaw:  10184.94  | VS (m/s):  260.77  | FS (m/s):  -197.95  | LS (m/s):  -16.78  | Altura (m):  309.01  | Temp BMP (C):  32.15
20:57:54.340 > Roll:  -3.12  | Pitch:  -3.43  | Yaw:  10184.74  | VS (m/s):  260.82  | FS (m/s):  -198.84  | LS (m/s):  -16.82  | Altura (m):  309.02  | Temp BMP (C):  32.15
20:57:55.343 > Roll:  1.78  | Pitch:  -2.99  | Yaw:  10184.68  | VS (m/s):  260.85  | FS (m/s):  -199.38  | LS (m/s):  -16.89  | Altura (m):  309.04  | Temp BMP (C):  32.15
20:57:56.346 > Roll:  1.36  | Pitch:  0.88  | Yaw:  10184.54  | VS (m/s):  260.86  | FS (m/s):  -199.49  | LS (m/s):  -16.86  | Altura (m):  309.06  | Temp BMP (C):  32.15
20:57:57.349 > Roll:  2.49  | Pitch:  -3.15  | Yaw:  10184.27  | VS (m/s):  260.88  | FS (m/s):  -199.88  | LS (m/s):  -16.88  | Altura (m):  309.08  | Temp BMP (C):  32.15
20:57:58.352 > Roll:  -0.72  | Pitch:  -0.45  | Yaw:  10183.92  | VS (m/s):  260.91  | FS (m/s):  -200.38  | LS (m/s):  -16.97  | Altura (m):  309.05  | Temp BMP (C):  32.15
20:57:59.355 > Roll:  -1.12  | Pitch:  -6.79  | Yaw:  10183.88  | VS (m/s):  260.93  | FS (m/s):  -200.79  | LS (m/s):  -16.85  | Altura (m):  309.05  | Temp BMP (C):  32.15
20:58:00.358 > Roll:  -1.18  | Pitch:  -2.80  | Yaw:  10183.58  | VS (m/s):  260.95  | FS (m/s):  -201.25  | LS (m/s):  -16.84  | Altura (m):  309.06  | Temp BMP (C):  32.15
20:58:01.361 > Roll:  -2.86  | Pitch:  -3.38  | Yaw:  10183.32  | VS (m/s):  260.98  | FS (m/s):  -201.74  | LS (m/s):  -16.64  | Altura (m):  309.04  | Temp BMP (C):  32.15
20:58:02.364 > Roll:  -2.62  | Pitch:  -3.96  | Yaw:  10183.10  | VS (m/s):  260.99  | FS (m/s):  -202.10  | LS (m/s):  -16.51  | Altura (m):  309.04  | Temp BMP (C):  32.15
20:58:03.367 > Roll:  -1.14  | Pitch:  -3.65  | Yaw:  10182.75  | VS (m/s):  261.02  | FS (m/s):  -202.62  | LS (m/s):  -16.42  | Altura (m):  309.06  | Temp BMP (C):  32.15
20:58:04.371 > Roll:  1.29  | Pitch:  -0.40  | Yaw:  10182.48  | VS (m/s):  261.05  | FS (m/s):  -203.19  | LS (m/s):  -16.49  | Altura (m):  309.05  | Temp BMP (C):  32.15
20:58:05.373 > Roll:  0.02  | Pitch:  -2.81  | Yaw:  10182.24  | VS (m/s):  261.06  | FS (m/s):  -203.35  | LS (m/s):  -16.30  | Altura (m):  309.06  | Temp BMP (C):  32.15
20:58:06.376 > Roll:  -1.12  | Pitch:  -1.56  | Yaw:  10181.84  | VS (m/s):  261.08  | FS (m/s):  -203.93  | LS (m/s):  -16.56  | Altura (m):  309.05  | Temp BMP (C):  32.15
20:58:07.379 > Roll:  3.18  | Pitch:  -8.63  | Yaw:  10181.68  | VS (m/s):  261.12  | FS (m/s):  -204.55  | LS (m/s):  -16.44  | Altura (m):  309.04  | Temp BMP (C):  32.15
20:58:08.382 > Roll:  -2.49  | Pitch:  0.35  | Yaw:  10181.43  | VS (m/s):  261.15  | FS (m/s):  -205.04  | LS (m/s):  -16.58  | Altura (m):  309.03  | Temp BMP (C):  32.15
20:58:09.385 > Roll:  2.82  | Pitch:  -10.40  | Yaw:  10181.24  | VS (m/s):  261.20  | FS (m/s):  -205.83  | LS (m/s):  -16.58  | Altura (m):  309.05  | Temp BMP (C):  32.15
20:58:10.387 > Roll:  -2.74  | Pitch:  0.76  | Yaw:  10181.11  | VS (m/s):  261.24  | FS (m/s):  -206.64  | LS (m/s):  -16.61  | Altura (m):  309.07  | Temp BMP (C):  32.15
20:58:11.390 > Roll:  0.17  | Pitch:  -6.22  | Yaw:  10180.92  | VS (m/s):  261.26  | FS (m/s):  -207.10  | LS (m/s):  -16.42  | Altura (m):  309.07  | Temp BMP (C):  32.15
20:58:12.393 > Roll:  -3.86  | Pitch:  -2.83  | Yaw:  10180.84  | VS (m/s):  261.28  | FS (m/s):  -207.56  | LS (m/s):  -16.41  | Altura (m):  309.09  | Temp BMP (C):  32.15
20:58:13.396 > Roll:  1.55  | Pitch:  -6.87  | Yaw:  10180.56  | VS (m/s):  261.37  | FS (m/s):  -208.60  | LS (m/s):  -15.97  | Altura (m):  309.10  | Temp BMP (C):  32.15
20:58:14.399 > Roll:  -0.10  | Pitch:  -2.63  | Yaw:  10180.43  | VS (m/s):  261.40  | FS (m/s):  -209.13  | LS (m/s):  -16.38  | Altura (m):  309.10  | Temp BMP (C):  32.15
20:58:15.402 > Roll:  -0.50  | Pitch:  -2.28  | Yaw:  10180.18  | VS (m/s):  261.42  | FS (m/s):  -209.53  | LS (m/s):  -16.23  | Altura (m):  309.10  | Temp BMP (C):  32.15
20:58:16.405 > Roll:  -3.77  | Pitch:  -1.25  | Yaw:  10180.09  | VS (m/s):  261.43  | FS (m/s):  -209.88  | LS (m/s):  -16.29  | Altura (m):  309.10  | Temp BMP (C):  32.15
20:58:17.408 > Roll:  -0.25  | Pitch:  -3.98  | Yaw:  10180.02  | VS (m/s):  261.46  | FS (m/s):  -210.04  | LS (m/s):  -16.22  | Altura (m):  309.09  | Temp BMP (C):  32.15
20:58:18.411 > Roll:  -1.53  | Pitch:  -1.88  | Yaw:  10179.78  | VS (m/s):  261.48  | FS (m/s):  -210.51  | LS (m/s):  -16.07  | Altura (m):  309.09  | Temp BMP (C):  32.15
20:58:19.414 > Roll:  -2.48  | Pitch:  -1.56  | Yaw:  10179.42  | VS (m/s):  261.50  | FS (m/s):  -210.85  | LS (m/s):  -15.76  | Altura (m):  309.10  | Temp BMP (C):  32.15
20:58:20.417 > Roll:  -1.47  | Pitch:  4.71  | Yaw:  10179.29  | VS (m/s):  261.52  | FS (m/s):  -210.91  | LS (m/s):  -15.66  | Altura (m):  309.09  | Temp BMP (C):  32.16
20:58:21.420 > Roll:  2.45  | Pitch:  -4.14  | Yaw:  10179.16  | VS (m/s):  261.54  | FS (m/s):  -211.19  | LS (m/s):  -15.84  | Altura (m):  309.11  | Temp BMP (C):  32.15
20:58:22.423 > Roll:  -1.67  | Pitch:  -3.39  | Yaw:  10178.83  | VS (m/s):  261.55  | FS (m/s):  -211.45  | LS (m/s):  -15.71  | Altura (m):  309.13  | Temp BMP (C):  32.15
20:58:23.426 > Roll:  -2.79  | Pitch:  -3.97  | Yaw:  10178.48  | VS (m/s):  261.58  | FS (m/s):  -211.99  | LS (m/s):  -15.68  | Altura (m):  309.14  | Temp BMP (C):  32.15
20:58:24.429 > Roll:  -3.15  | Pitch:  -1.19  | Yaw:  10178.25  | VS (m/s):  261.60  | FS (m/s):  -212.32  | LS (m/s):  -15.28  | Altura (m):  309.17  | Temp BMP (C):  32.15
20:58:25.432 > Roll:  -2.73  | Pitch:  -4.59  | Yaw:  10177.89  | VS (m/s):  261.64  | FS (m/s):  -212.98  | LS (m/s):  -15.19  | Altura (m):  309.18  | Temp BMP (C):  32.15
20:58:26.435 > Roll:  -0.70  | Pitch:  -0.86  | Yaw:  10177.74  | VS (m/s):  261.65  | FS (m/s):  -213.16  | LS (m/s):  -14.74  | Altura (m):  309.18  | Temp BMP (C):  32.15
20:58:27.438 > Roll:  -1.08  | Pitch:  -3.03  | Yaw:  10177.51  | VS (m/s):  261.67  | FS (m/s):  -213.59  | LS (m/s):  -14.52  | Altura (m):  309.18  | Temp BMP (C):  32.15
20:58:28.441 > Roll:  -0.39  | Pitch:  -0.75  | Yaw:  10177.53  | VS (m/s):  261.69  | FS (m/s):  -214.10  | LS (m/s):  -14.70  | Altura (m):  309.17  | Temp BMP (C):  32.15
20:58:29.444 > Roll:  3.68  | Pitch:  -4.76  | Yaw:  10177.25  | VS (m/s):  261.70  | FS (m/s):  -214.38  | LS (m/s):  -14.82  | Altura (m):  309.16  | Temp BMP (C):  32.15
20:58:30.447 > Roll:  1.52  | Pitch:  -4.25  | Yaw:  10177.11  | VS (m/s):  261.72  | FS (m/s):  -214.90  | LS (m/s):  -15.00  | Altura (m):  309.13  | Temp BMP (C):  32.16
20:58:31.450 > Roll:  1.03  | Pitch:  -6.42  | Yaw:  10176.87  | VS (m/s):  261.75  | FS (m/s):  -215.54  | LS (m/s):  -14.73  | Altura (m):  309.13  | Temp BMP (C):  32.16
20:58:32.453 > Roll:  -3.31  | Pitch:  -2.45  | Yaw:  10176.69  | VS (m/s):  261.84  | FS (m/s):  -216.59  | LS (m/s):  -14.68  | Altura (m):  309.16  | Temp BMP (C):  32.16
20:58:33.456 > Roll:  0.41  | Pitch:  -6.36  | Yaw:  10176.49  | VS (m/s):  261.88  | FS (m/s):  -217.17  | LS (m/s):  -14.45  | Altura (m):  309.15  | Temp BMP (C):  32.16
20:58:34.458 > Roll:  -0.56  | Pitch:  -0.49  | Yaw:  10176.17  | VS (m/s):  261.91  | FS (m/s):  -217.75  | LS (m/s):  -14.27  | Altura (m):  309.14  | Temp BMP (C):  32.16
20:58:35.461 > Roll:  -1.45  | Pitch:  -1.65  | Yaw:  10175.86  | VS (m/s):  261.94  | FS (m/s):  -217.84  | LS (m/s):  -14.48  | Altura (m):  309.15  | Temp BMP (C):  32.16
