19:35:47.719 > Loop t1
19:35:47.725 > 游닍 IMU | Acc: %.2f, %.2f, %.2f | Gyro: %.2f, %.2f, %.2f | Temp: %.2f춿C
19:35:47.733 >  -0.27 0.13 10.04 -0.08 0.01 0.02 33.09
19:35:47.736 > 游닍 BMP | Temp: %.2f춿C | Presi칩n: %.2f Pa | Altitud: %.2f m
19:35:47.742 > 
19:35:47.742 >  32.02 98291.92 255.64
19:35:48.742 > Loop t1
19:35:48.748 > 游닍 IMU | Acc: %.2f, %.2f, %.2f | Gyro: %.2f, %.2f, %.2f | Temp: %.2f춿C
19:35:48.755 >  -0.14 0.13 10.09 -0.08 0.01 0.02 33.00
19:35:48.759 > 游닍 BMP | Temp: %.2f춿C | Presi칩n: %.2f Pa | Altitud: %.2f m
19:35:48.764 > 
19:35:48.764 >  32.02 98292.27 255.61
19:35:49.765 > Loop t1
19:35:49.771 > 游닍 IMU | Acc: %.2f, %.2f, %.2f | Gyro: %.2f, %.2f, %.2f | Temp: %.2f춿C
19:35:49.778 >  -0.29 0.14 10.07 -0.08 0.01 0.02 33.00
19:35:49.782 > 游닍 BMP | Temp: %.2f춿C | Presi칩n: %.2f Pa | Altitud: %.2f m
19:35:49.787 > 
19:35:49.787 >  32.02 98292.27 255.61
19:35:50.788 > Loop t1
19:35:50.794 > 游닍 IMU | Acc: %.2f, %.2f, %.2f | Gyro: %.2f, %.2f, %.2f | Temp: %.2f춿C
19:35:50.801 >  -0.15 0.19 10.06 -0.09 0.01 0.02 33.05
19:35:50.806 > 游닍 BMP | Temp: %.2f춿C | Presi칩n: %.2f Pa | Altitud: %.2f m
19:35:50.811 > 
19:35:50.811 >  32.02 98292.44 255.60
19:35:51.811 > Loop t1
19:35:51.817 > 游닍 IMU | Acc: %.2f, %.2f, %.2f | Gyro: %.2f, %.2f, %.2f | Temp: %.2f춿C
19:35:51.825 >  -0.23 0.11 10.08 -0.09 0.01 0.02 33.05
19:35:51.827 > 游닍 BMP | Temp: %.2f춿C | Presi칩n: %.2f Pa | Altitud: %.2f m
19:35:51.834 > 
19:35:51.834 >  32.02 98292.44 255.60
19:35:52.834 > Loop t1
19:35:52.840 > 游닍 IMU | Acc: %.2f, %.2f, %.2f | Gyro: %.2f, %.2f, %.2f | Temp: %.2f춿C
19:35:52.848 >  -0.19 0.19 10.13 -0.09 0.01 0.02 33.09
19:35:52.851 > 游닍 BMP | Temp: %.2f춿C | Presi칩n: %.2f Pa | Altitud: %.2f m
19:35:52.856 > 
19:35:52.856 >  32.02 98292.79 255.57
19:35:53.857 > Loop t1
19:35:53.863 > 游닍 IMU | Acc: %.2f, %.2f, %.2f | Gyro: %.2f, %.2f, %.2f | Temp: %.2f춿C
19:35:53.870 >  -0.29 0.13 9.97 -0.08 0.01 0.02 33.19
19:35:53.873 > 游닍 BMP | Temp: %.2f춿C | Presi칩n: %.2f Pa | Altitud: %.2f m
19:35:53.878 > 
19:35:53.879 >  32.02 98292.97 255.55
19:35:54.880 > Loop t1
19:35:54.887 > 游닍 IMU | Acc: %.2f, %.2f, %.2f | Gyro: %.2f, %.2f, %.2f | Temp: %.2f춿C
19:35:54.893 >  -0.11 0.23 10.03 -0.08 0.01 0.02 33.09
19:35:54.897 > 游닍 BMP | Temp: %.2f춿C | Presi칩n: %.2f Pa | Altitud: %.2f m
19:35:54.901 > 
19:35:54.902 >  32.02 98292.96 255.55
19:35:55.903 > Loop t1
19:35:55.909 > 游닍 IMU | Acc: %.2f, %.2f, %.2f | Gyro: %.2f, %.2f, %.2f | Temp: %.2f춿C
19:35:55.915 >  -0.30 0.15 10.06 -0.08 0.01 0.02 33.05
19:35:55.919 > 游닍 BMP | Temp: %.2f춿C | Presi칩n: %.2f Pa | Altitud: %.2f m
19:35:55.924 > 
19:35:55.926 >  32.02 98293.31 255.52
19:35:56.926 > Loop t1
19:35:56.932 > 游닍 IMU | Acc: %.2f, %.2f, %.2f | Gyro: %.2f, %.2f, %.2f | Temp: %.2f춿C
19:35:56.938 >  -0.13 0.16 10.07 -0.09 0.01 0.02 33.05
19:35:56.942 > 游닍 BMP | Temp: %.2f춿C | Presi칩n: %.2f Pa | Altitud: %.2f m
19:35:56.947 > 
19:35:56.947 >  32.02 98293.31 255.52
19:35:57.949 > Loop t1
19:35:57.955 > 游닍 IMU | Acc: %.2f, %.2f, %.2f | Gyro: %.2f, %.2f, %.2f | Temp: %.2f춿C
19:35:57.961 >  -0.24 0.17 10.03 -0.08 0.01 0.02 33.05
19:35:57.966 > 游닍 BMP | Temp: %.2f춿C | Presi칩n: %.2f Pa | Altitud: %.2f m
19:35:57.971 > 
19:35:57.971 >  32.02 98293.48 255.51
19:35:58.972 > Loop t1
19:35:58.978 > 游닍 IMU | Acc: %.2f, %.2f, %.2f | Gyro: %.2f, %.2f, %.2f | Temp: %.2f춿C
19:35:58.985 >  -0.18 0.15 10.09 -0.09 0.01 0.02 33.09
19:35:58.988 > 游닍 BMP | Temp: %.2f춿C | Presi칩n: %.2f Pa | Altitud: %.2f m
19:35:58.993 > 
19:35:58.993 >  32.02 98292.95 255.55
19:35:59.995 > Loop t1
19:36:00.001 > 游닍 IMU | Acc: %.2f, %.2f, %.2f | Gyro: %.2f, %.2f, %.2f | Temp: %.2f춿C
19:36:00.008 >  -0.21 0.21 10.11 -0.09 0.00 0.02 33.09
19:36:00.011 > 游닍 BMP | Temp: %.2f춿C | Presi칩n: %.2f Pa | Altitud: %.2f m
19:36:00.016 > 
19:36:00.016 >  32.02 98293.30 255.52
19:36:01.018 > Loop t1
19:36:01.024 > 游닍 IMU | Acc: %.2f, %.2f, %.2f | Gyro: %.2f, %.2f, %.2f | Temp: %.2f춿C
19:36:01.030 >  -0.30 0.09 10.06 -0.08 0.01 0.02 33.19
19:36:01.034 > 游닍 BMP | Temp: %.2f춿C | Presi칩n: %.2f Pa | Altitud: %.2f m
19:36:01.040 > 
19:36:01.040 >  32.02 98293.48 255.51
19:36:02.041 > Loop t1
19:36:02.047 > 游닍 IMU | Acc: %.2f, %.2f, %.2f | Gyro: %.2f, %.2f, %.2f | Temp: %.2f춿C
19:36:02.054 >  -0.14 0.19 10.01 -0.09 0.01 0.02 33.14
19:36:02.058 > 游닍 BMP | Temp: %.2f춿C | Presi칩n: %.2f Pa | Altitud: %.2f m
19:36:02.063 > 
19:36:02.063 >  32.02 98293.30 255.52
19:36:03.064 > Loop t1
19:36:03.070 > 游닍 IMU | Acc: %.2f, %.2f, %.2f | Gyro: %.2f, %.2f, %.2f | Temp: %.2f춿C
19:36:03.077 >  -0.26 0.18 10.00 -0.09 0.01 0.02 33.05
19:36:03.081 > 游닍 BMP | Temp: %.2f춿C | Presi칩n: %.2f Pa | Altitud: %.2f m
19:36:03.086 > 
19:36:03.086 >  32.02 98293.48 255.51
19:36:04.087 > Loop t1
19:36:04.093 > 游닍 IMU | Acc: %.2f, %.2f, %.2f | Gyro: %.2f, %.2f, %.2f | Temp: %.2f춿C
19:36:04.100 >  -0.20 0.16 10.05 -0.09 0.01 0.02 33.05
19:36:04.103 > 游닍 BMP | Temp: %.2f춿C | Presi칩n: %.2f Pa | Altitud: %.2f m
19:36:04.108 > 
19:36:04.108 >  32.02 98293.66 255.49
19:36:05.110 > Loop t1
19:36:05.116 > 游닍 IMU | Acc: %.2f, %.2f, %.2f | Gyro: %.2f, %.2f, %.2f | Temp: %.2f춿C
19:36:05.123 >  -0.13 0.16 10.11 -0.09 0.01 0.02 33.24
19:36:05.126 > 游닍 BMP | Temp: %.2f춿C | Presi칩n: %.2f Pa | Altitud: %.2f m
19:36:05.132 > 
19:36:05.132 >  32.02 98293.48 255.51
19:36:06.133 > Loop t1
19:36:06.138 > 游닍 IMU | Acc: %.2f, %.2f, %.2f | Gyro: %.2f, %.2f, %.2f | Temp: %.2f춿C
19:36:06.146 >  -0.33 0.09 10.05 -0.08 0.01 0.02 33.19
19:36:06.149 > 游닍 BMP | Temp: %.2f춿C | Presi칩n: %.2f Pa | Altitud: %.2f m
19:36:06.155 > 
19:36:06.155 >  32.02 98293.48 255.51
19:36:07.156 > Loop t1
19:36:07.161 > 游닍 IMU | Acc: %.2f, %.2f, %.2f | Gyro: %.2f, %.2f, %.2f | Temp: %.2f춿C
19:36:07.169 >  -0.25 0.13 10.00 -0.09 0.01 0.02 33.19
19:36:07.172 > 游닍 BMP | Temp: %.2f춿C | Presi칩n: %.2f Pa | Altitud: %.2f m
19:36:07.178 > 
19:36:07.178 >  32.01 98293.13 255.54
19:36:08.179 > Loop t1
19:36:08.184 > 游닍 IMU | Acc: %.2f, %.2f, %.2f | Gyro: %.2f, %.2f, %.2f | Temp: %.2f춿C
19:36:08.192 >  -0.17 0.19 10.13 -0.09 0.01 0.02 33.19
19:36:08.195 > 游닍 BMP | Temp: %.2f춿C | Presi칩n: %.2f Pa | Altitud: %.2f m
19:36:08.201 > 
19:36:08.201 >  32.01 98293.30 255.52
19:36:09.201 > Loop t1
19:36:09.207 > 游닍 IMU | Acc: %.2f, %.2f, %.2f | Gyro: %.2f, %.2f, %.2f | Temp: %.2f춿C
19:36:09.215 >  -0.35 0.17 10.05 -0.08 0.01 0.02 33.14
19:36:09.218 > 游닍 BMP | Temp: %.2f춿C | Presi칩n: %.2f Pa | Altitud: %.2f m
19:36:09.224 > 
19:36:09.224 >  32.01 98293.30 255.52
19:36:10.224 > Loop t1
19:36:10.230 > 游닍 IMU | Acc: %.2f, %.2f, %.2f | Gyro: %.2f, %.2f, %.2f | Temp: %.2f춿C
19:36:10.238 >  -0.15 0.15 9.98 -0.09 0.01 0.02 33.14
19:36:10.241 > 游닍 BMP | Temp: %.2f춿C | Presi칩n: %.2f Pa | Altitud: %.2f m
19:36:10.247 > 
19:36:10.247 >  32.01 98293.13 255.54
19:36:11.248 > Loop t1
19:36:11.253 > 游닍 IMU | Acc: %.2f, %.2f, %.2f | Gyro: %.2f, %.2f, %.2f | Temp: %.2f춿C
19:36:11.261 >  -0.20 0.19 10.14 -0.08 0.01 0.02 33.24
19:36:11.264 > 游닍 BMP | Temp: %.2f춿C | Presi칩n: %.2f Pa | Altitud: %.2f m
19:36:11.270 > 
19:36:11.270 >  32.01 98293.47 255.51
19:36:12.270 > Loop t1
19:36:12.276 > 游닍 IMU | Acc: %.2f, %.2f, %.2f | Gyro: %.2f, %.2f, %.2f | Temp: %.2f춿C
19:36:12.283 >  -0.30 0.12 10.10 -0.09 0.01 0.02 33.09
19:36:12.287 > 游닍 BMP | Temp: %.2f춿C | Presi칩n: %.2f Pa | Altitud: %.2f m
19:36:12.293 > 
19:36:12.293 >  32.01 98293.64 255.49
19:36:13.293 > Loop t1
19:36:13.299 > 游닍 IMU | Acc: %.2f, %.2f, %.2f | Gyro: %.2f, %.2f, %.2f | Temp: %.2f춿C
19:36:13.306 >  -0.17 0.17 9.97 -0.08 0.01 0.02 33.09
19:36:13.310 > 游닍 BMP | Temp: %.2f춿C | Presi칩n: %.2f Pa | Altitud: %.2f m
19:36:13.315 > 
19:36:13.316 >  32.01 98293.30 255.52
19:36:14.316 > Loop t1
19:36:14.322 > 游닍 IMU | Acc: %.2f, %.2f, %.2f | Gyro: %.2f, %.2f, %.2f | Temp: %.2f춿C
19:36:14.329 >  -0.18 0.23 10.03 -0.09 0.01 0.02 33.09
19:36:14.333 > 游닍 BMP | Temp: %.2f춿C | Presi칩n: %.2f Pa | Altitud: %.2f m
19:36:14.338 > 
19:36:14.339 >  32.01 98293.30 255.52
19:36:15.339 > Loop t1
19:36:15.345 > 游닍 IMU | Acc: %.2f, %.2f, %.2f | Gyro: %.2f, %.2f, %.2f | Temp: %.2f춿C
19:36:15.352 >  -0.25 0.11 10.10 -0.09 0.01 0.02 33.19
19:36:15.356 > 游닍 BMP | Temp: %.2f춿C | Presi칩n: %.2f Pa | Altitud: %.2f m
19:36:15.361 > 
19:36:15.361 >  32.01 98292.94 255.55
19:36:16.362 > Loop t1
19:36:16.368 > 游닍 IMU | Acc: %.2f, %.2f, %.2f | Gyro: %.2f, %.2f, %.2f | Temp: %.2f춿C
19:36:16.375 >  -0.20 0.11 10.05 -0.09 0.01 0.02 33.09
19:36:16.379 > 游닍 BMP | Temp: %.2f춿C | Presi칩n: %.2f Pa | Altitud: %.2f m
19:36:16.384 > 
19:36:16.384 >  32.01 98292.94 255.55
19:36:17.385 > Loop t1
19:36:17.391 > 游닍 IMU | Acc: %.2f, %.2f, %.2f | Gyro: %.2f, %.2f, %.2f | Temp: %.2f춿C
19:36:17.398 >  -0.26 0.12 10.11 -0.08 0.01 0.02 33.14
19:36:17.402 > 游닍 BMP | Temp: %.2f춿C | Presi칩n: %.2f Pa | Altitud: %.2f m
19:36:17.407 > 
19:36:17.407 >  32.01 98292.94 255.55
19:36:18.408 > Loop t1
19:36:18.414 > 游닍 IMU | Acc: %.2f, %.2f, %.2f | Gyro: %.2f, %.2f, %.2f | Temp: %.2f춿C
19:36:18.421 >  -0.25 0.14 10.07 -0.09 0.01 0.02 33.14
19:36:18.425 > 游닍 BMP | Temp: %.2f춿C | Presi칩n: %.2f Pa | Altitud: %.2f m
19:36:18.430 > 
19:36:18.430 >  32.01 98292.74 255.57
19:36:19.431 > Loop t1
19:36:19.437 > 游닍 IMU | Acc: %.2f, %.2f, %.2f | Gyro: %.2f, %.2f, %.2f | Temp: %.2f춿C
19:36:19.444 >  -0.09 0.20 10.06 -0.08 0.01 0.02 33.19
19:36:19.448 > 游닍 BMP | Temp: %.2f춿C | Presi칩n: %.2f Pa | Altitud: %.2f m
19:36:19.453 > 
19:36:19.453 >  32.01 98292.74 255.57
19:36:20.454 > Loop t1
19:36:20.460 > 游닍 IMU | Acc: %.2f, %.2f, %.2f | Gyro: %.2f, %.2f, %.2f | Temp: %.2f춿C
19:36:20.467 >  -0.25 0.17 10.04 -0.08 0.01 0.02 33.19
19:36:20.471 > 游닍 BMP | Temp: %.2f춿C | Presi칩n: %.2f Pa | Altitud: %.2f m
19:36:20.476 > 
19:36:20.476 >  32.01 98292.74 255.57
19:36:21.477 > Loop t1
19:36:21.483 > 游닍 IMU | Acc: %.2f, %.2f, %.2f | Gyro: %.2f, %.2f, %.2f | Temp: %.2f춿C
19:36:21.490 >  -0.25 0.09 10.11 -0.08 0.01 0.02 33.28
19:36:21.494 > 游닍 BMP | Temp: %.2f춿C | Presi칩n: %.2f Pa | Altitud: %.2f m
19:36:21.499 > 
19:36:21.499 >  32.01 98292.74 255.57
19:36:22.500 > Loop t1
19:36:22.506 > 游닍 IMU | Acc: %.2f, %.2f, %.2f | Gyro: %.2f, %.2f, %.2f | Temp: %.2f춿C
19:36:22.513 >  -0.16 0.15 9.98 -0.09 0.01 0.02 33.33
19:36:22.517 > 游닍 BMP | Temp: %.2f춿C | Presi칩n: %.2f Pa | Altitud: %.2f m
19:36:22.522 > 
19:36:22.522 >  32.01 98293.09 255.54
19:36:23.523 > Loop t1
19:36:23.529 > 游닍 IMU | Acc: %.2f, %.2f, %.2f | Gyro: %.2f, %.2f, %.2f | Temp: %.2f춿C
19:36:23.536 >  -0.21 0.22 9.99 -0.08 0.01 0.02 33.33
19:36:23.540 > 游닍 BMP | Temp: %.2f춿C | Presi칩n: %.2f Pa | Altitud: %.2f m
19:36:23.545 > 
19:36:23.545 >  32.01 98293.09 255.54
19:36:24.546 > Loop t1
19:36:24.552 > 游닍 IMU | Acc: %.2f, %.2f, %.2f | Gyro: %.2f, %.2f, %.2f | Temp: %.2f춿C
19:36:24.559 >  -0.28 0.15 10.02 -0.08 0.01 0.02 33.24
19:36:24.563 > 游닍 BMP | Temp: %.2f춿C | Presi칩n: %.2f Pa | Altitud: %.2f m
19:36:24.568 > 
19:36:24.568 >  32.01 98293.09 255.54
19:36:25.569 > Loop t1
19:36:25.575 > 游닍 IMU | Acc: %.2f, %.2f, %.2f | Gyro: %.2f, %.2f, %.2f | Temp: %.2f춿C
19:36:25.582 >  -0.23 0.17 10.06 -0.09 0.01 0.02 33.19
19:36:25.586 > 游닍 BMP | Temp: %.2f춿C | Presi칩n: %.2f Pa | Altitud: %.2f m
19:36:25.591 > 
19:36:25.591 >  32.01 98293.09 255.54
19:36:26.592 > Loop t1
19:36:26.598 > 游닍 IMU | Acc: %.2f, %.2f, %.2f | Gyro: %.2f, %.2f, %.2f | Temp: %.2f춿C
19:36:26.605 >  -0.21 0.18 10.06 -0.08 0.01 0.02 33.19
19:36:26.609 > 游닍 BMP | Temp: %.2f춿C | Presi칩n: %.2f Pa | Altitud: %.2f m
19:36:26.614 > 
19:36:26.614 >  32.01 98292.91 255.56
19:36:27.615 > Loop t1
19:36:27.621 > 游닍 IMU | Acc: %.2f, %.2f, %.2f | Gyro: %.2f, %.2f, %.2f | Temp: %.2f춿C
19:36:27.628 >  -0.23 0.19 10.02 -0.09 0.01 0.02 33.19
19:36:27.632 > 游닍 BMP | Temp: %.2f춿C | Presi칩n: %.2f Pa | Altitud: %.2f m
19:36:27.637 > 
19:36:27.637 >  32.01 98293.30 255.52
19:36:28.638 > Loop t1
19:36:28.644 > 游닍 IMU | Acc: %.2f, %.2f, %.2f | Gyro: %.2f, %.2f, %.2f | Temp: %.2f춿C
19:36:28.651 >  -0.26 0.21 10.12 -0.09 0.01 0.02 33.28
19:36:28.654 > 游닍 BMP | Temp: %.2f춿C | Presi칩n: %.2f Pa | Altitud: %.2f m
19:36:28.660 > 
19:36:28.660 >  32.01 98292.94 255.55
19:36:29.661 > Loop t1
19:36:29.667 > 游닍 IMU | Acc: %.2f, %.2f, %.2f | Gyro: %.2f, %.2f, %.2f | Temp: %.2f춿C
19:36:29.674 >  -0.27 0.12 10.12 -0.09 0.01 0.02 33.24
19:36:29.677 > 游닍 BMP | Temp: %.2f춿C | Presi칩n: %.2f Pa | Altitud: %.2f m
19:36:29.683 > 
19:36:29.683 >  32.01 98292.77 255.57
19:36:30.684 > Loop t1
19:36:30.690 > 游닍 IMU | Acc: %.2f, %.2f, %.2f | Gyro: %.2f, %.2f, %.2f | Temp: %.2f춿C
19:36:30.697 >  -0.17 0.20 10.06 -0.09 0.01 0.02 33.24
19:36:30.701 > 游닍 BMP | Temp: %.2f춿C | Presi칩n: %.2f Pa | Altitud: %.2f m
19:36:30.706 > 
19:36:30.706 >  32.01 98292.59 255.58
19:36:31.707 > Loop t1
19:36:31.712 > 游닍 IMU | Acc: %.2f, %.2f, %.2f | Gyro: %.2f, %.2f, %.2f | Temp: %.2f춿C
19:36:31.719 >  -0.13 0.21 10.15 -0.08 0.01 0.02 33.24
19:36:31.724 > 游닍 BMP | Temp: %.2f춿C | Presi칩n: %.2f Pa | Altitud: %.2f m
19:36:31.729 > 
19:36:31.729 >  32.01 98292.42 255.60
19:36:32.729 > Loop t1
19:36:32.736 > 游닍 IMU | Acc: %.2f, %.2f, %.2f | Gyro: %.2f, %.2f, %.2f | Temp: %.2f춿C
19:36:32.743 >  -0.28 0.18 10.00 -0.09 0.01 0.02 33.28
19:36:32.746 > 游닍 BMP | Temp: %.2f춿C | Presi칩n: %.2f Pa | Altitud: %.2f m
19:36:32.752 > 
19:36:32.752 >  32.01 98292.25 255.61
19:36:33.752 > Loop t1
19:36:33.759 > 游닍 IMU | Acc: %.2f, %.2f, %.2f | Gyro: %.2f, %.2f, %.2f | Temp: %.2f춿C
19:36:33.765 >  -0.30 0.14 9.98 -0.08 0.01 0.02 33.19
19:36:33.769 > 游닍 BMP | Temp: %.2f춿C | Presi칩n: %.2f Pa | Altitud: %.2f m
19:36:33.774 > 
19:36:33.774 >  32.01 98292.25 255.61
19:36:34.775 > Loop t1
19:36:34.781 > 游닍 IMU | Acc: %.2f, %.2f, %.2f | Gyro: %.2f, %.2f, %.2f | Temp: %.2f춿C
19:36:34.788 >  -0.25 0.10 10.01 -0.08 0.01 0.02 33.28
19:36:34.792 > 游닍 BMP | Temp: %.2f춿C | Presi칩n: %.2f Pa | Altitud: %.2f m
19:36:34.797 > 
19:36:34.797 >  32.01 98291.90 255.64
19:36:35.798 > Loop t1
19:36:35.804 > 游닍 IMU | Acc: %.2f, %.2f, %.2f | Gyro: %.2f, %.2f, %.2f | Temp: %.2f춿C
19:36:35.811 >  -0.10 0.15 10.08 -0.09 0.01 0.02 33.19
19:36:35.815 > 游닍 BMP | Temp: %.2f춿C | Presi칩n: %.2f Pa | Altitud: %.2f m
19:36:35.820 > 
19:36:35.820 >  32.01 98291.90 255.64
19:36:36.821 > Loop t1
19:36:36.827 > 游닍 IMU | Acc: %.2f, %.2f, %.2f | Gyro: %.2f, %.2f, %.2f | Temp: %.2f춿C
19:36:36.834 >  -0.11 0.20 10.01 -0.09 0.01 0.02 33.24
19:36:36.838 > 游닍 BMP | Temp: %.2f춿C | Presi칩n: %.2f Pa | Altitud: %.2f m
19:36:36.843 > 
19:36:36.843 >  32.01 98292.08 255.63
19:36:37.844 > Loop t1
19:36:37.850 > 游닍 IMU | Acc: %.2f, %.2f, %.2f | Gyro: %.2f, %.2f, %.2f | Temp: %.2f춿C
19:36:37.857 >  -0.23 0.16 9.99 -0.09 0.01 0.02 33.24
19:36:37.861 > 游닍 BMP | Temp: %.2f춿C | Presi칩n: %.2f Pa | Altitud: %.2f m
19:36:37.866 > 
19:36:37.866 >  32.01 98292.25 255.61
19:36:38.867 > Loop t1
19:36:38.873 > 游닍 IMU | Acc: %.2f, %.2f, %.2f | Gyro: %.2f, %.2f, %.2f | Temp: %.2f춿C
19:36:38.880 >  -0.33 0.15 10.05 -0.08 0.01 0.02 33.33
19:36:38.885 > 游닍 BMP | Temp: %.2f춿C | Presi칩n: %.2f Pa | Altitud: %.2f m
19:36:38.889 > 
19:36:38.889 >  32.01 98292.77 255.57
19:36:39.890 > Loop t1
19:36:39.896 > 游닍 IMU | Acc: %.2f, %.2f, %.2f | Gyro: %.2f, %.2f, %.2f | Temp: %.2f춿C
19:36:39.903 >  -0.24 0.15 10.02 -0.08 0.01 0.02 33.19
19:36:39.907 > 游닍 BMP | Temp: %.2f춿C | Presi칩n: %.2f Pa | Altitud: %.2f m
19:36:39.912 > 
19:36:39.912 >  32.01 98293.13 255.54
19:36:40.913 > Loop t1
19:36:40.919 > 游닍 IMU | Acc: %.2f, %.2f, %.2f | Gyro: %.2f, %.2f, %.2f | Temp: %.2f춿C
19:36:40.926 >  -0.13 0.20 10.05 -0.09 0.01 0.02 33.28
19:36:40.930 > 游닍 BMP | Temp: %.2f춿C | Presi칩n: %.2f Pa | Altitud: %.2f m
19:36:40.935 > 
19:36:40.935 >  32.01 98293.13 255.54
19:36:41.936 > Loop t1
19:36:41.942 > 游닍 IMU | Acc: %.2f, %.2f, %.2f | Gyro: %.2f, %.2f, %.2f | Temp: %.2f춿C
19:36:41.949 >  -0.10 0.15 10.01 -0.08 0.01 0.02 33.19
19:36:41.953 > 游닍 BMP | Temp: %.2f춿C | Presi칩n: %.2f Pa | Altitud: %.2f m
19:36:41.958 > 
19:36:41.958 >  32.01 98293.13 255.54
19:36:42.959 > Loop t1
19:36:42.965 > 游닍 IMU | Acc: %.2f, %.2f, %.2f | Gyro: %.2f, %.2f, %.2f | Temp: %.2f춿C
19:36:42.972 >  -0.24 0.12 10.07 -0.09 0.01 0.02 33.28
19:36:42.976 > 游닍 BMP | Temp: %.2f춿C | Presi칩n: %.2f Pa | Altitud: %.2f m
19:36:42.981 > 
19:36:42.981 >  32.01 98293.13 255.54
19:36:43.982 > Loop t1
19:36:43.988 > 游닍 IMU | Acc: %.2f, %.2f, %.2f | Gyro: %.2f, %.2f, %.2f | Temp: %.2f춿C
19:36:43.995 >  -0.26 0.17 10.00 -0.08 0.01 0.02 33.28
19:36:43.999 > 游닍 BMP | Temp: %.2f춿C | Presi칩n: %.2f Pa | Altitud: %.2f m
19:36:44.004 > 
19:36:44.004 >  32.01 98292.95 255.55
19:36:45.005 > Loop t1
19:36:45.011 > 游닍 IMU | Acc: %.2f, %.2f, %.2f | Gyro: %.2f, %.2f, %.2f | Temp: %.2f춿C
19:36:45.019 >  -0.14 0.23 10.05 -0.08 0.02 0.02 33.24
19:36:45.022 > 游닍 BMP | Temp: %.2f춿C | Presi칩n: %.2f Pa | Altitud: %.2f m
19:36:45.027 > 
19:36:45.027 >  32.01 98292.95 255.55
19:36:46.028 > Loop t1
19:36:46.034 > 游닍 IMU | Acc: %.2f, %.2f, %.2f | Gyro: %.2f, %.2f, %.2f | Temp: %.2f춿C
19:36:46.041 >  -0.12 0.17 10.09 -0.09 0.01 0.02 33.24
19:36:46.045 > 游닍 BMP | Temp: %.2f춿C | Presi칩n: %.2f Pa | Altitud: %.2f m
19:36:46.050 > 
19:36:46.050 >  32.01 98292.95 255.55
19:36:47.051 > Loop t1
19:36:47.057 > 游닍 IMU | Acc: %.2f, %.2f, %.2f | Gyro: %.2f, %.2f, %.2f | Temp: %.2f춿C
19:36:47.064 >  -0.18 0.15 10.12 -0.09 0.01 0.02 33.38
19:36:47.068 > 游닍 BMP | Temp: %.2f춿C | Presi칩n: %.2f Pa | Altitud: %.2f m
19:36:47.074 > 
19:36:47.074 >  32.01 98292.95 255.55
19:36:48.074 > Loop t1
19:36:48.080 > 游닍 IMU | Acc: %.2f, %.2f, %.2f | Gyro: %.2f, %.2f, %.2f | Temp: %.2f춿C
19:36:48.088 >  -0.23 0.19 10.06 -0.09 0.01 0.02 33.28
19:36:48.091 > 游닍 BMP | Temp: %.2f춿C | Presi칩n: %.2f Pa | Altitud: %.2f m
19:36:48.097 > 
19:36:48.097 >  32.01 98292.95 255.55
19:36:49.097 > Loop t1
19:36:49.103 > 游닍 IMU | Acc: %.2f, %.2f, %.2f | Gyro: %.2f, %.2f, %.2f | Temp: %.2f춿C
19:36:49.110 >  -0.32 0.12 10.09 -0.08 0.01 0.02 33.28
19:36:49.113 > 游닍 BMP | Temp: %.2f춿C | Presi칩n: %.2f Pa | Altitud: %.2f m
19:36:49.119 > 
19:36:49.119 >  32.01 98292.95 255.55
19:36:50.120 > Loop t1
19:36:50.126 > 游닍 IMU | Acc: %.2f, %.2f, %.2f | Gyro: %.2f, %.2f, %.2f | Temp: %.2f춿C
19:36:50.133 >  -0.23 0.08 10.08 -0.08 0.01 0.02 33.28
19:36:50.136 > 游닍 BMP | Temp: %.2f춿C | Presi칩n: %.2f Pa | Altitud: %.2f m
19:36:50.142 > 
19:36:50.142 >  32.01 98293.30 255.52
19:36:51.143 > Loop t1
19:36:51.149 > 游닍 IMU | Acc: %.2f, %.2f, %.2f | Gyro: %.2f, %.2f, %.2f | Temp: %.2f춿C
19:36:51.155 >  -0.17 0.18 10.06 -0.08 0.02 0.02 33.33
19:36:51.159 > 游닍 BMP | Temp: %.2f춿C | Presi칩n: %.2f Pa | Altitud: %.2f m
19:36:51.164 > 
19:36:51.165 >  32.01 98293.30 255.52
19:36:52.166 > Loop t1
19:36:52.172 > 游닍 IMU | Acc: %.2f, %.2f, %.2f | Gyro: %.2f, %.2f, %.2f | Temp: %.2f춿C
19:36:52.178 >  -0.14 0.21 10.00 -0.09 0.01 0.02 33.33
19:36:52.183 > 游닍 BMP | Temp: %.2f춿C | Presi칩n: %.2f Pa | Altitud: %.2f m
19:36:52.187 > 
19:36:52.188 >  32.01 98293.48 255.51
19:36:53.189 > Loop t1
19:36:53.195 > 游닍 IMU | Acc: %.2f, %.2f, %.2f | Gyro: %.2f, %.2f, %.2f | Temp: %.2f춿C
19:36:53.202 >  -0.18 0.17 10.07 -0.08 0.01 0.02 33.24
19:36:53.206 > 游닍 BMP | Temp: %.2f춿C | Presi칩n: %.2f Pa | Altitud: %.2f m
19:36:53.210 > 
19:36:53.210 >  32.01 98293.48 255.51
19:36:54.213 > Loop t1
19:36:54.218 > 游닍 IMU | Acc: %.2f, %.2f, %.2f | Gyro: %.2f, %.2f, %.2f | Temp: %.2f춿C
19:36:54.225 >  -0.19 0.17 10.12 -0.09 0.01 0.02 33.33
19:36:54.229 > 游닍 BMP | Temp: %.2f춿C | Presi칩n: %.2f Pa | Altitud: %.2f m
19:36:54.234 > 
19:36:54.234 >  32.02 98293.83 255.48
19:36:55.235 > Loop t1
19:36:55.241 > 游닍 IMU | Acc: %.2f, %.2f, %.2f | Gyro: %.2f, %.2f, %.2f | Temp: %.2f춿C
19:36:55.247 >  -0.31 0.13 9.99 -0.09 0.01 0.02 33.28
19:36:55.251 > 游닍 BMP | Temp: %.2f춿C | Presi칩n: %.2f Pa | Altitud: %.2f m
19:36:55.257 > 
19:36:55.257 >  32.02 98293.66 255.49
19:36:56.258 > Loop t1
19:36:56.264 > 游닍 IMU | Acc: %.2f, %.2f, %.2f | Gyro: %.2f, %.2f, %.2f | Temp: %.2f춿C
19:36:56.270 >  -0.29 0.12 10.09 -0.09 0.01 0.02 33.28
19:36:56.274 > 游닍 BMP | Temp: %.2f춿C | Presi칩n: %.2f Pa | Altitud: %.2f m
19:36:56.279 > 
19:36:56.279 >  32.02 98293.66 255.49
19:36:57.280 > Loop t1
19:36:57.287 > 游닍 IMU | Acc: %.2f, %.2f, %.2f | Gyro: %.2f, %.2f, %.2f | Temp: %.2f춿C
19:36:57.294 >  -0.26 0.17 10.03 -0.09 0.01 0.02 33.28
19:36:57.298 > 游닍 BMP | Temp: %.2f춿C | Presi칩n: %.2f Pa | Altitud: %.2f m
19:36:57.303 > 
19:36:57.303 >  32.02 98293.66 255.49
19:36:58.304 > Loop t1
19:36:58.310 > 游닍 IMU | Acc: %.2f, %.2f, %.2f | Gyro: %.2f, %.2f, %.2f | Temp: %.2f춿C
19:36:58.317 >  -0.21 0.15 10.09 -0.08 0.01 0.02 33.33
19:36:58.321 > 游닍 BMP | Temp: %.2f춿C | Presi칩n: %.2f Pa | Altitud: %.2f m
19:36:58.325 > 
19:36:58.325 >  32.02 98293.48 255.51
19:36:59.327 > Loop t1
19:36:59.332 > 游닍 IMU | Acc: %.2f, %.2f, %.2f | Gyro: %.2f, %.2f, %.2f | Temp: %.2f춿C
19:36:59.339 >  -0.16 0.16 9.97 -0.09 0.01 0.02 33.24
19:36:59.343 > 游닍 BMP | Temp: %.2f춿C | Presi칩n: %.2f Pa | Altitud: %.2f m
19:36:59.348 > 
19:36:59.348 >  32.02 98294.01 255.46
19:37:00.350 > Loop t1
19:37:00.355 > 游닍 IMU | Acc: %.2f, %.2f, %.2f | Gyro: %.2f, %.2f, %.2f | Temp: %.2f춿C
19:37:00.362 >  -0.08 0.19 10.09 -0.08 0.01 0.02 33.42
19:37:00.366 > 游닍 BMP | Temp: %.2f춿C | Presi칩n: %.2f Pa | Altitud: %.2f m
19:37:00.371 > 
19:37:00.371 >  32.02 98293.66 255.49
19:37:01.372 > Loop t1
19:37:01.378 > 游닍 IMU | Acc: %.2f, %.2f, %.2f | Gyro: %.2f, %.2f, %.2f | Temp: %.2f춿C
19:37:01.385 >  -0.15 0.17 10.03 -0.09 0.01 0.02 33.33
19:37:01.390 > 游닍 BMP | Temp: %.2f춿C | Presi칩n: %.2f Pa | Altitud: %.2f m
19:37:01.394 > 
19:37:01.394 >  32.02 98293.48 255.51
19:37:02.396 > Loop t1
19:37:02.401 > 游닍 IMU | Acc: %.2f, %.2f, %.2f | Gyro: %.2f, %.2f, %.2f | Temp: %.2f춿C
19:37:02.409 >  -0.27 0.12 10.08 -0.08 0.01 0.02 33.38
19:37:02.412 > 游닍 BMP | Temp: %.2f춿C | Presi칩n: %.2f Pa | Altitud: %.2f m
19:37:02.418 > 
19:37:02.418 >  32.02 98293.48 255.51
19:37:03.418 > Loop t1
19:37:03.424 > 游닍 IMU | Acc: %.2f, %.2f, %.2f | Gyro: %.2f, %.2f, %.2f | Temp: %.2f춿C
19:37:03.432 >  -0.33 0.12 10.09 -0.08 0.01 0.02 33.28
19:37:03.435 > 游닍 BMP | Temp: %.2f춿C | Presi칩n: %.2f Pa | Altitud: %.2f m
19:37:03.440 > 
19:37:03.440 >  32.02 98293.66 255.49
19:37:04.441 > Loop t1
19:37:04.447 > 游닍 IMU | Acc: %.2f, %.2f, %.2f | Gyro: %.2f, %.2f, %.2f | Temp: %.2f춿C
19:37:04.455 >  -0.31 0.12 10.13 -0.08 0.01 0.01 33.28
19:37:04.458 > 游닍 BMP | Temp: %.2f춿C | Presi칩n: %.2f Pa | Altitud: %.2f m
19:37:04.463 > 
19:37:04.463 >  32.02 98293.48 255.51
19:37:05.464 > Loop t1
19:37:05.470 > 游닍 IMU | Acc: %.2f, %.2f, %.2f | Gyro: %.2f, %.2f, %.2f | Temp: %.2f춿C
19:37:05.477 >  -0.24 0.15 10.00 -0.09 0.01 0.02 33.38
19:37:05.481 > 游닍 BMP | Temp: %.2f춿C | Presi칩n: %.2f Pa | Altitud: %.2f m
19:37:05.487 > 
19:37:05.487 >  32.02 98293.66 255.49
19:37:06.487 > Loop t1
19:37:06.493 > 游닍 IMU | Acc: %.2f, %.2f, %.2f | Gyro: %.2f, %.2f, %.2f | Temp: %.2f춿C
19:37:06.501 >  -0.16 0.20 10.13 -0.08 0.01 0.02 33.33
19:37:06.503 > 游닍 BMP | Temp: %.2f춿C | Presi칩n: %.2f Pa | Altitud: %.2f m
19:37:06.510 > 
19:37:06.510 >  32.02 98293.48 255.51
19:37:07.512 > Loop t1
19:37:07.516 > 游닍 IMU | Acc: %.2f, %.2f, %.2f | Gyro: %.2f, %.2f, %.2f | Temp: %.2f춿C
19:37:07.525 >  -0.14 0.16 10.08 -0.09 0.02 0.02 33.42
19:37:07.528 > 游닍 BMP | Temp: %.2f춿C | Presi칩n: %.2f Pa | Altitud: %.2f m
19:37:07.532 > 
19:37:07.532 >  32.02 98293.66 255.49
19:37:08.533 > Loop t1
19:37:08.539 > 游닍 IMU | Acc: %.2f, %.2f, %.2f | Gyro: %.2f, %.2f, %.2f | Temp: %.2f춿C
19:37:08.546 >  -0.13 0.21 10.10 -0.09 0.01 0.02 33.33
19:37:08.549 > 游닍 BMP | Temp: %.2f춿C | Presi칩n: %.2f Pa | Altitud: %.2f m
19:37:08.555 > 
19:37:08.556 >  32.02 98293.66 255.49
19:37:09.558 > Loop t1
19:37:09.563 > 游닍 IMU | Acc: %.2f, %.2f, %.2f | Gyro: %.2f, %.2f, %.2f | Temp: %.2f춿C
19:37:09.569 >  -0.19 0.23 10.06 -0.09 0.01 0.02 33.38
19:37:09.574 > 游닍 BMP | Temp: %.2f춿C | Presi칩n: %.2f Pa | Altitud: %.2f m
19:37:09.581 > 
19:37:09.581 >  32.02 98293.66 255.49
19:37:10.579 > Loop t1
19:37:10.585 > 游닍 IMU | Acc: %.2f, %.2f, %.2f | Gyro: %.2f, %.2f, %.2f | Temp: %.2f춿C
19:37:10.592 >  -0.20 0.24 10.06 -0.08 0.01 0.02 33.38
19:37:10.596 > 游닍 BMP | Temp: %.2f춿C | Presi칩n: %.2f Pa | Altitud: %.2f m
19:37:10.600 > 
19:37:10.602 >  32.02 98293.66 255.49
19:37:11.602 > Loop t1
19:37:11.608 > 游닍 IMU | Acc: %.2f, %.2f, %.2f | Gyro: %.2f, %.2f, %.2f | Temp: %.2f춿C
19:37:11.614 >  -0.23 0.23 10.09 -0.09 0.01 0.02 33.47
19:37:11.619 > 游닍 BMP | Temp: %.2f춿C | Presi칩n: %.2f Pa | Altitud: %.2f m
19:37:11.624 > 
19:37:11.624 >  32.02 98293.14 255.54
19:37:12.625 > Loop t1
19:37:12.631 > 游닍 IMU | Acc: %.2f, %.2f, %.2f | Gyro: %.2f, %.2f, %.2f | Temp: %.2f춿C
19:37:12.639 >  -0.31 0.17 10.15 -0.08 0.01 0.02 33.47
19:37:12.642 > 游닍 BMP | Temp: %.2f춿C | Presi칩n: %.2f Pa | Altitud: %.2f m
19:37:12.648 > 
19:37:12.648 >  32.02 98293.14 255.54
19:37:13.648 > Loop t1
19:37:13.654 > 游닍 IMU | Acc: %.2f, %.2f, %.2f | Gyro: %.2f, %.2f, %.2f | Temp: %.2f춿C
19:37:13.661 >  -0.22 0.13 10.02 -0.09 0.01 0.02 33.38
19:37:13.665 > 游닍 BMP | Temp: %.2f춿C | Presi칩n: %.2f Pa | Altitud: %.2f m
19:37:13.672 > 
19:37:13.672 >  32.02 98292.97 255.55
19:37:14.671 > Loop t1
19:37:14.677 > 游닍 IMU | Acc: %.2f, %.2f, %.2f | Gyro: %.2f, %.2f, %.2f | Temp: %.2f춿C
19:37:14.684 >  -0.31 0.12 10.02 -0.08 0.01 0.02 33.38
19:37:14.688 > 游닍 BMP | Temp: %.2f춿C | Presi칩n: %.2f Pa | Altitud: %.2f m
19:37:14.694 > 
19:37:14.694 >  32.02 98292.79 255.57
19:37:15.694 > Loop t1
19:37:15.700 > 游닍 IMU | Acc: %.2f, %.2f, %.2f | Gyro: %.2f, %.2f, %.2f | Temp: %.2f춿C
19:37:15.707 >  -0.20 0.14 10.03 -0.08 0.01 0.02 33.42
19:37:15.711 > 游닍 BMP | Temp: %.2f춿C | Presi칩n: %.2f Pa | Altitud: %.2f m
19:37:15.716 > 
19:37:15.716 >  32.02 98292.79 255.57
19:37:16.717 > Loop t1
19:37:16.723 > 游닍 IMU | Acc: %.2f, %.2f, %.2f | Gyro: %.2f, %.2f, %.2f | Temp: %.2f춿C
19:37:16.730 >  -0.20 0.15 10.07 -0.09 0.02 0.02 33.42
19:37:16.734 > 游닍 BMP | Temp: %.2f춿C | Presi칩n: %.2f Pa | Altitud: %.2f m
19:37:16.739 > 
19:37:16.739 >  32.02 98293.14 255.54
19:37:17.740 > Loop t1
19:37:17.746 > 游닍 IMU | Acc: %.2f, %.2f, %.2f | Gyro: %.2f, %.2f, %.2f | Temp: %.2f춿C
19:37:17.753 >  -0.11 0.19 10.05 -0.09 0.01 0.02 33.38
19:37:17.757 > 游닍 BMP | Temp: %.2f춿C | Presi칩n: %.2f Pa | Altitud: %.2f m
19:37:17.762 > 
19:37:17.762 >  32.02 98293.14 255.54
19:37:18.764 > Loop t1
19:37:18.769 > 游닍 IMU | Acc: %.2f, %.2f, %.2f | Gyro: %.2f, %.2f, %.2f | Temp: %.2f춿C
19:37:18.777 >  -0.11 0.16 10.12 -0.08 0.01 0.02 33.38
19:37:18.780 > 游닍 BMP | Temp: %.2f춿C | Presi칩n: %.2f Pa | Altitud: %.2f m
19:37:18.785 > 
19:37:18.785 >  32.02 98292.97 255.55
19:37:19.786 > Loop t1
19:37:19.792 > 游닍 IMU | Acc: %.2f, %.2f, %.2f | Gyro: %.2f, %.2f, %.2f | Temp: %.2f춿C
19:37:19.799 >  -0.15 0.17 10.09 -0.08 0.01 0.02 33.38
19:37:19.803 > 游닍 BMP | Temp: %.2f춿C | Presi칩n: %.2f Pa | Altitud: %.2f m
19:37:19.808 > 
19:37:19.808 >  32.02 98292.97 255.55
19:37:20.809 > Loop t1
19:37:20.815 > 游닍 IMU | Acc: %.2f, %.2f, %.2f | Gyro: %.2f, %.2f, %.2f | Temp: %.2f춿C
19:37:20.822 >  -0.19 0.20 10.02 -0.08 0.01 0.02 33.38
19:37:20.826 > 游닍 BMP | Temp: %.2f춿C | Presi칩n: %.2f Pa | Altitud: %.2f m
19:37:20.831 > 
19:37:20.831 >  32.02 98293.14 255.54
19:37:21.832 > Loop t1
19:37:21.838 > 游닍 IMU | Acc: %.2f, %.2f, %.2f | Gyro: %.2f, %.2f, %.2f | Temp: %.2f춿C
19:37:21.845 >  -0.24 0.15 10.05 -0.09 0.01 0.02 33.42
19:37:21.849 > 游닍 BMP | Temp: %.2f춿C | Presi칩n: %.2f Pa | Altitud: %.2f m
19:37:21.854 > 
19:37:21.854 >  32.02 98292.97 255.55
19:37:22.855 > Loop t1
19:37:22.861 > 游닍 IMU | Acc: %.2f, %.2f, %.2f | Gyro: %.2f, %.2f, %.2f | Temp: %.2f춿C
19:37:22.869 >  -0.21 0.11 10.03 -0.08 0.01 0.02 33.33
19:37:22.872 > 游닍 BMP | Temp: %.2f춿C | Presi칩n: %.2f Pa | Altitud: %.2f m
19:37:22.881 > 
19:37:22.881 >  32.02 98292.80 255.57
19:37:23.877 > Loop t1
19:37:23.884 > 游닍 IMU | Acc: %.2f, %.2f, %.2f | Gyro: %.2f, %.2f, %.2f | Temp: %.2f춿C
19:37:23.891 >  -0.29 0.15 10.11 -0.09 0.01 0.02 33.42
19:37:23.895 > 游닍 BMP | Temp: %.2f춿C | Presi칩n: %.2f Pa | Altitud: %.2f m
19:37:23.900 > 
19:37:23.900 >  32.02 98292.80 255.57
19:37:24.901 > Loop t1
19:37:24.906 > 游닍 IMU | Acc: %.2f, %.2f, %.2f | Gyro: %.2f, %.2f, %.2f | Temp: %.2f춿C
19:37:24.914 >  -0.31 0.13 10.02 -0.09 0.01 0.02 33.33
19:37:24.918 > 游닍 BMP | Temp: %.2f춿C | Presi칩n: %.2f Pa | Altitud: %.2f m
19:37:24.923 > 
19:37:24.923 >  32.02 98292.44 255.60
19:37:25.923 > Loop t1
19:37:25.930 > 游닍 IMU | Acc: %.2f, %.2f, %.2f | Gyro: %.2f, %.2f, %.2f | Temp: %.2f춿C
19:37:25.937 >  -0.31 0.14 10.08 -0.09 0.01 0.02 33.38
19:37:25.940 > 游닍 BMP | Temp: %.2f춿C | Presi칩n: %.2f Pa | Altitud: %.2f m
19:37:25.946 > 
19:37:25.946 >  32.03 98292.80 255.57
19:37:26.946 > Loop t1
19:37:26.953 > 游닍 IMU | Acc: %.2f, %.2f, %.2f | Gyro: %.2f, %.2f, %.2f | Temp: %.2f춿C
19:37:26.960 >  -0.32 0.15 10.06 -0.09 0.01 0.02 33.38
19:37:26.963 > 游닍 BMP | Temp: %.2f춿C | Presi칩n: %.2f Pa | Altitud: %.2f m
19:37:26.969 > 
19:37:26.969 >  32.03 98292.63 255.58
