22:01:09.306 > Roll rate [º/s]:  0.04  | Pitch rate [º/s]:  0.01  | Yaw rate [º/s]:  0.02
22:01:09.360 > Roll rate [º/s]:  -0.01  | Pitch rate [º/s]:  -0.01  | Yaw rate [º/s]:  -0.10
22:01:09.411 > Roll rate [º/s]:  0.01  | Pitch rate [º/s]:  -0.01  | Yaw rate [º/s]:  0.02
22:01:09.465 > Roll rate [º/s]:  -0.01  | Pitch rate [º/s]:  0.02  | Yaw rate [º/s]:  0.04
22:01:09.515 > Roll rate [º/s]:  -0.01  | Pitch rate [º/s]:  -0.02  | Yaw rate [º/s]:  -0.05
22:01:09.568 > Roll rate [º/s]:  -0.01  | Pitch rate [º/s]:  -0.01  | Yaw rate [º/s]:  0.07
22:01:09.620 > Roll rate [º/s]:  -0.02  | Pitch rate [º/s]:  -0.01  | Yaw rate [º/s]:  0.04
22:01:09.673 > Roll rate [º/s]:  -0.07  | Pitch rate [º/s]:  0.04  | Yaw rate [º/s]:  -0.05
22:01:09.724 > Roll rate [º/s]:  -0.01  | Pitch rate [º/s]:  -0.01  | Yaw rate [º/s]:  0.07
22:01:09.776 > Roll rate [º/s]:  0.01  | Pitch rate [º/s]:  0.01  | Yaw rate [º/s]:  -0.04
22:01:09.828 > Roll rate [º/s]:  -0.02  | Pitch rate [º/s]:  -0.01  | Yaw rate [º/s]:  -0.02
22:01:09.883 > Roll rate [º/s]:  -0.01  | Pitch rate [º/s]:  -0.06  | Yaw rate [º/s]:  0.05
22:01:09.933 > Roll rate [º/s]:  0.01  | Pitch rate [º/s]:  0.08  | Yaw rate [º/s]:  -0.02
22:01:09.987 > Roll rate [º/s]:  0.01  | Pitch rate [º/s]:  0.02  | Yaw rate [º/s]:  -0.04
22:01:10.038 > Roll rate [º/s]:  0.01  | Pitch rate [º/s]:  -0.01  | Yaw rate [º/s]:  0.02
22:01:10.089 > Roll rate [º/s]:  0.04  | Pitch rate [º/s]:  0.02  | Yaw rate [º/s]:  -0.04
22:01:10.141 > Roll rate [º/s]:  -0.01  | Pitch rate [º/s]:  -0.04  | Yaw rate [º/s]:  0.01
22:01:10.194 > Roll rate [º/s]:  -0.02  | Pitch rate [º/s]:  -0.07  | Yaw rate [º/s]:  -0.01
22:01:10.246 > Roll rate [º/s]:  -0.01  | Pitch rate [º/s]:  -0.04  | Yaw rate [º/s]:  -0.01
22:01:10.300 > Roll rate [º/s]:  0.02  | Pitch rate [º/s]:  0.01  | Yaw rate [º/s]:  0.01
22:01:10.352 > Roll rate [º/s]:  0.01  | Pitch rate [º/s]:  -0.04  | Yaw rate [º/s]:  -0.01
22:01:10.405 > Roll rate [º/s]:  -0.02  | Pitch rate [º/s]:  0.04  | Yaw rate [º/s]:  -0.07
22:01:10.455 > Roll rate [º/s]:  -0.04  | Pitch rate [º/s]:  -0.01  | Yaw rate [º/s]:  -0.01
22:01:10.508 > Roll rate [º/s]:  -0.01  | Pitch rate [º/s]:  -0.02  | Yaw rate [º/s]:  0.04
22:01:10.560 > Roll rate [º/s]:  0.01  | Pitch rate [º/s]:  -0.01  | Yaw rate [º/s]:  -0.04
22:01:10.613 > Roll rate [º/s]:  0.02  | Pitch rate [º/s]:  0.01  | Yaw rate [º/s]:  0.01
22:01:10.664 > Roll rate [º/s]:  0.01  | Pitch rate [º/s]:  -0.01  | Yaw rate [º/s]:  -0.01
22:01:10.716 > Roll rate [º/s]:  0.01  | Pitch rate [º/s]:  0.02  | Yaw rate [º/s]:  -0.02
22:01:10.770 > Roll rate [º/s]:  -0.02  | Pitch rate [º/s]:  0.01  | Yaw rate [º/s]:  0.01
22:01:10.820 > Roll rate [º/s]:  0.01  | Pitch rate [º/s]:  -0.04  | Yaw rate [º/s]:  0.02
22:01:10.872 > Roll rate [º/s]:  0.02  | Pitch rate [º/s]:  -0.04  | Yaw rate [º/s]:  -0.01
22:01:10.927 > Roll rate [º/s]:  0.04  | Pitch rate [º/s]:  -0.02  | Yaw rate [º/s]:  0.04
22:01:10.978 > Roll rate [º/s]:  0.04  | Pitch rate [º/s]:  -0.04  | Yaw rate [º/s]:  -0.01
22:01:11.029 > Roll rate [º/s]:  -0.01  | Pitch rate [º/s]:  0.01  | Yaw rate [º/s]:  -0.02
22:01:11.082 > Roll rate [º/s]:  0.01  | Pitch rate [º/s]:  0.02  | Yaw rate [º/s]:  -0.02
22:01:11.136 > Roll rate [º/s]:  -0.01  | Pitch rate [º/s]:  0.05  | Yaw rate [º/s]:  -0.01
22:01:11.185 > Roll rate [º/s]:  -0.02  | Pitch rate [º/s]:  0.01  | Yaw rate [º/s]:  -0.02
22:01:11.238 > Roll rate [º/s]:  0.01  | Pitch rate [º/s]:  -0.01  | Yaw rate [º/s]:  -0.01
22:01:11.291 > Roll rate [º/s]:  -0.02  | Pitch rate [º/s]:  -0.01  | Yaw rate [º/s]:  -0.01
22:01:11.341 > Roll rate [º/s]:  -0.01  | Pitch rate [º/s]:  -0.02  | Yaw rate [º/s]:  0.01
22:01:11.393 > Roll rate [º/s]:  -0.01  | Pitch rate [º/s]:  -0.01  | Yaw rate [º/s]:  0.02
22:01:11.445 > Roll rate [º/s]:  0.02  | Pitch rate [º/s]:  -0.01  | Yaw rate [º/s]:  -0.01
22:01:11.498 > Roll rate [º/s]:  -0.02  | Pitch rate [º/s]:  0.08  | Yaw rate [º/s]:  -0.01
22:01:11.549 > Roll rate [º/s]:  0.02  | Pitch rate [º/s]:  -0.06  | Yaw rate [º/s]:  -0.02
22:01:11.602 > Roll rate [º/s]:  0.01  | Pitch rate [º/s]:  0.04  | Yaw rate [º/s]:  0.01
22:01:11.653 > Roll rate [º/s]:  -0.01  | Pitch rate [º/s]:  -0.02  | Yaw rate [º/s]:  0.02
22:01:11.705 > Roll rate [º/s]:  0.04  | Pitch rate [º/s]:  0.01  | Yaw rate [º/s]:  -0.01
22:01:11.757 > Roll rate [º/s]:  0.01  | Pitch rate [º/s]:  -0.01  | Yaw rate [º/s]:  0.01
22:01:11.809 > Roll rate [º/s]:  -0.01  | Pitch rate [º/s]:  0.02  | Yaw rate [º/s]:  0.01
22:01:11.863 > Roll rate [º/s]:  0.01  | Pitch rate [º/s]:  -0.02  | Yaw rate [º/s]:  -0.02
22:01:11.913 > Roll rate [º/s]:  0.01  | Pitch rate [º/s]:  -0.01  | Yaw rate [º/s]:  -0.02
22:01:11.965 > Roll rate [º/s]:  0.02  | Pitch rate [º/s]:  -0.02  | Yaw rate [º/s]:  0.01
22:01:12.018 > Roll rate [º/s]:  0.01  | Pitch rate [º/s]:  -0.04  | Yaw rate [º/s]:  -0.01
22:01:12.069 > Roll rate [º/s]:  -0.02  | Pitch rate [º/s]:  0.04  | Yaw rate [º/s]:  0.01
22:01:12.121 > Roll rate [º/s]:  0.01  | Pitch rate [º/s]:  0.01  | Yaw rate [º/s]:  -0.04
22:01:12.174 > Roll rate [º/s]:  -0.02  | Pitch rate [º/s]:  0.01  | Yaw rate [º/s]:  0.01
22:01:12.226 > Roll rate [º/s]:  -0.01  | Pitch rate [º/s]:  0.07  | Yaw rate [º/s]:  -0.01
22:01:12.278 > Roll rate [º/s]:  0.01  | Pitch rate [º/s]:  0.05  | Yaw rate [º/s]:  0.02
22:01:12.329 > Roll rate [º/s]:  -0.01  | Pitch rate [º/s]:  0.01  | Yaw rate [º/s]:  -0.01
22:01:12.381 > Roll rate [º/s]:  -0.02  | Pitch rate [º/s]:  0.02  | Yaw rate [º/s]:  0.01
22:01:12.433 > Roll rate [º/s]:  0.02  | Pitch rate [º/s]:  0.02  | Yaw rate [º/s]:  -0.01
22:01:12.485 > Roll rate [º/s]:  0.01  | Pitch rate [º/s]:  0.01  | Yaw rate [º/s]:  0.01
22:01:12.539 > Roll rate [º/s]:  -0.01  | Pitch rate [º/s]:  -0.06  | Yaw rate [º/s]:  0.02
22:01:12.589 > Roll rate [º/s]:  0.04  | Pitch rate [º/s]:  -0.01  | Yaw rate [º/s]:  -0.01
22:01:12.642 > Roll rate [º/s]:  -0.04  | Pitch rate [º/s]:  -0.04  | Yaw rate [º/s]:  0.02
22:01:12.693 > Roll rate [º/s]:  0.01  | Pitch rate [º/s]:  -0.01  | Yaw rate [º/s]:  -0.01
22:01:12.746 > Roll rate [º/s]:  -0.04  | Pitch rate [º/s]:  -0.01  | Yaw rate [º/s]:  -0.01
22:01:12.798 > Roll rate [º/s]:  -0.04  | Pitch rate [º/s]:  -0.04  | Yaw rate [º/s]:  -0.02
22:01:12.851 > Roll rate [º/s]:  0.01  | Pitch rate [º/s]:  0.05  | Yaw rate [º/s]:  0.02
22:01:12.905 > Roll rate [º/s]:  0.01  | Pitch rate [º/s]:  0.02  | Yaw rate [º/s]:  0.01
22:01:12.956 > Roll rate [º/s]:  -0.02  | Pitch rate [º/s]:  -0.02  | Yaw rate [º/s]:  -0.04
22:01:13.008 > Roll rate [º/s]:  0.02  | Pitch rate [º/s]:  0.02  | Yaw rate [º/s]:  -0.04
22:01:13.060 > Roll rate [º/s]:  0.04  | Pitch rate [º/s]:  0.01  | Yaw rate [º/s]:  -0.05
22:01:13.112 > Roll rate [º/s]:  0.01  | Pitch rate [º/s]:  0.02  | Yaw rate [º/s]:  0.01
22:01:13.165 > Roll rate [º/s]:  -0.01  | Pitch rate [º/s]:  -0.02  | Yaw rate [º/s]:  0.04
22:01:13.216 > Roll rate [º/s]:  -0.04  | Pitch rate [º/s]:  0.02  | Yaw rate [º/s]:  -0.01
22:01:13.270 > Roll rate [º/s]:  -0.01  | Pitch rate [º/s]:  0.01  | Yaw rate [º/s]:  -0.04
22:01:13.322 > Roll rate [º/s]:  0.02  | Pitch rate [º/s]:  0.01  | Yaw rate [º/s]:  -0.01
22:01:13.372 > Roll rate [º/s]:  0.01  | Pitch rate [º/s]:  -0.01  | Yaw rate [º/s]:  0.04
22:01:13.424 > Roll rate [º/s]:  -0.01  | Pitch rate [º/s]:  -0.04  | Yaw rate [º/s]:  -0.01
22:01:13.478 > Roll rate [º/s]:  0.02  | Pitch rate [º/s]:  -0.04  | Yaw rate [º/s]:  -0.02
22:01:13.529 > Roll rate [º/s]:  -0.01  | Pitch rate [º/s]:  -0.02  | Yaw rate [º/s]:  -0.01
22:01:13.582 > Roll rate [º/s]:  -0.04  | Pitch rate [º/s]:  0.01  | Yaw rate [º/s]:  0.01
22:01:13.634 > Roll rate [º/s]:  0.02  | Pitch rate [º/s]:  -0.06  | Yaw rate [º/s]:  0.01
22:01:13.687 > Roll rate [º/s]:  0.02  | Pitch rate [º/s]:  -0.06  | Yaw rate [º/s]:  -0.01
22:01:13.738 > Roll rate [º/s]:  -0.04  | Pitch rate [º/s]:  -0.01  | Yaw rate [º/s]:  -0.04
22:01:13.791 > Roll rate [º/s]:  -0.01  | Pitch rate [º/s]:  -0.02  | Yaw rate [º/s]:  0.01
22:01:13.843 > Roll rate [º/s]:  -0.01  | Pitch rate [º/s]:  -0.02  | Yaw rate [º/s]:  0.01
22:01:13.895 > Roll rate [º/s]:  0.02  | Pitch rate [º/s]:  -0.02  | Yaw rate [º/s]:  0.02
22:01:13.947 > Roll rate [º/s]:  0.01  | Pitch rate [º/s]:  0.02  | Yaw rate [º/s]:  0.01
22:01:14.001 > Roll rate [º/s]:  0.01  | Pitch rate [º/s]:  0.02  | Yaw rate [º/s]:  -0.02
22:01:14.051 > Roll rate [º/s]:  0.01  | Pitch rate [º/s]:  0.04  | Yaw rate [º/s]:  0.02
22:01:14.103 > Roll rate [º/s]:  0.02  | Pitch rate [º/s]:  0.02  | Yaw rate [º/s]:  -0.02
22:01:14.156 > Roll rate [º/s]:  -0.01  | Pitch rate [º/s]:  0.02  | Yaw rate [º/s]:  -0.04
22:01:14.207 > Roll rate [º/s]:  -0.01  | Pitch rate [º/s]:  0.04  | Yaw rate [º/s]:  0.01
22:01:14.259 > Roll rate [º/s]:  0.02  | Pitch rate [º/s]:  0.02  | Yaw rate [º/s]:  0.05
22:01:14.311 > Roll rate [º/s]:  -0.01  | Pitch rate [º/s]:  0.02  | Yaw rate [º/s]:  -0.10
22:01:14.363 > Roll rate [º/s]:  0.01  | Pitch rate [º/s]:  0.01  | Yaw rate [º/s]:  0.04
22:01:14.415 > Roll rate [º/s]:  -0.05  | Pitch rate [º/s]:  -0.01  | Yaw rate [º/s]:  0.02
22:01:14.469 > Roll rate [º/s]:  -0.01  | Pitch rate [º/s]:  -0.01  | Yaw rate [º/s]:  -0.05
22:01:14.520 > Roll rate [º/s]:  0.02  | Pitch rate [º/s]:  0.04  | Yaw rate [º/s]:  0.11
22:01:14.573 > Roll rate [º/s]:  0.04  | Pitch rate [º/s]:  0.04  | Yaw rate [º/s]:  -0.04
22:01:14.628 > Roll rate [º/s]:  0.04  | Pitch rate [º/s]:  0.02  | Yaw rate [º/s]:  -0.02
22:01:14.677 > Roll rate [º/s]:  -0.01  | Pitch rate [º/s]:  -0.02  | Yaw rate [º/s]:  0.11
22:01:14.728 > Roll rate [º/s]:  -0.04  | Pitch rate [º/s]:  0.02  | Yaw rate [º/s]:  -0.10
22:01:14.782 > Roll rate [º/s]:  -0.04  | Pitch rate [º/s]:  -0.01  | Yaw rate [º/s]:  -0.02
22:01:14.833 > Roll rate [º/s]:  -0.01  | Pitch rate [º/s]:  -0.01  | Yaw rate [º/s]:  0.08
22:01:14.885 > Roll rate [º/s]:  0.01  | Pitch rate [º/s]:  -0.01  | Yaw rate [º/s]:  -0.10
22:01:14.937 > Roll rate [º/s]:  0.01  | Pitch rate [º/s]:  0.01  | Yaw rate [º/s]:  -0.01
22:01:14.989 > Roll rate [º/s]:  -0.01  | Pitch rate [º/s]:  0.02  | Yaw rate [º/s]:  0.07
22:01:15.045 > Roll rate [º/s]:  -0.02  | Pitch rate [º/s]:  -0.01  | Yaw rate [º/s]:  -0.10
22:01:15.094 > Roll rate [º/s]:  0.01  | Pitch rate [º/s]:  0.02  | Yaw rate [º/s]:  0.04
22:01:15.146 > Roll rate [º/s]:  -0.02  | Pitch rate [º/s]:  -0.04  | Yaw rate [º/s]:  0.02
22:01:15.198 > Roll rate [º/s]:  0.02  | Pitch rate [º/s]:  -0.01  | Yaw rate [º/s]:  -0.08
22:01:15.250 > Roll rate [º/s]:  -0.02  | Pitch rate [º/s]:  0.01  | Yaw rate [º/s]:  0.01
22:01:15.302 > Roll rate [º/s]:  -0.02  | Pitch rate [º/s]:  -0.01  | Yaw rate [º/s]:  0.04
22:01:15.355 > Roll rate [º/s]:  -0.01  | Pitch rate [º/s]:  0.02  | Yaw rate [º/s]:  -0.05
22:01:15.407 > Roll rate [º/s]:  -0.07  | Pitch rate [º/s]:  -0.04  | Yaw rate [º/s]:  0.01
22:01:15.459 > Roll rate [º/s]:  -0.02  | Pitch rate [º/s]:  0.04  | Yaw rate [º/s]:  -0.02
22:01:15.510 > Roll rate [º/s]:  -0.02  | Pitch rate [º/s]:  0.01  | Yaw rate [º/s]:  -0.05
22:01:15.562 > Roll rate [º/s]:  0.01  | Pitch rate [º/s]:  -0.02  | Yaw rate [º/s]:  0.04
22:01:15.614 > Roll rate [º/s]:  0.01  | Pitch rate [º/s]:  -0.04  | Yaw rate [º/s]:  -0.01
22:01:15.666 > Roll rate [º/s]:  0.01  | Pitch rate [º/s]:  0.07  | Yaw rate [º/s]:  -0.04
22:01:15.718 > Roll rate [º/s]:  -0.02  | Pitch rate [º/s]:  0.02  | Yaw rate [º/s]:  0.05
22:01:15.770 > Roll rate [º/s]:  -0.01  | Pitch rate [º/s]:  0.01  | Yaw rate [º/s]:  -0.02
22:01:15.822 > Roll rate [º/s]:  -0.01  | Pitch rate [º/s]:  0.01  | Yaw rate [º/s]:  -0.01
22:01:15.874 > Roll rate [º/s]:  -0.02  | Pitch rate [º/s]:  -0.04  | Yaw rate [º/s]:  0.04
22:01:15.926 > Roll rate [º/s]:  0.01  | Pitch rate [º/s]:  -0.01  | Yaw rate [º/s]:  -0.04
22:01:15.979 > Roll rate [º/s]:  -0.02  | Pitch rate [º/s]:  0.04  | Yaw rate [º/s]:  -0.01
22:01:16.030 > Roll rate [º/s]:  -0.04  | Pitch rate [º/s]:  0.01  | Yaw rate [º/s]:  0.02
22:01:16.082 > Roll rate [º/s]:  -0.02  | Pitch rate [º/s]:  -0.06  | Yaw rate [º/s]:  0.01
22:01:16.134 > Roll rate [º/s]:  -0.01  | Pitch rate [º/s]:  -0.04  | Yaw rate [º/s]:  -0.01
22:01:16.189 > Roll rate [º/s]:  0.01  | Pitch rate [º/s]:  0.05  | Yaw rate [º/s]:  0.05
22:01:16.239 > Roll rate [º/s]:  -0.01  | Pitch rate [º/s]:  -0.01  | Yaw rate [º/s]:  -0.05
22:01:16.292 > Roll rate [º/s]:  -0.01  | Pitch rate [º/s]:  0.04  | Yaw rate [º/s]:  -0.01
22:01:16.344 > Roll rate [º/s]:  -0.04  | Pitch rate [º/s]:  0.01  | Yaw rate [º/s]:  0.01
22:01:16.396 > Roll rate [º/s]:  -0.01  | Pitch rate [º/s]:  0.04  | Yaw rate [º/s]:  -0.01
22:01:16.448 > Roll rate [º/s]:  -0.04  | Pitch rate [º/s]:  0.02  | Yaw rate [º/s]:  0.02
22:01:16.500 > Roll rate [º/s]:  -0.05  | Pitch rate [º/s]:  -0.01  | Yaw rate [º/s]:  0.02
22:01:16.555 > Roll rate [º/s]:  0.01  | Pitch rate [º/s]:  -0.01  | Yaw rate [º/s]:  -0.04
22:01:16.604 > Roll rate [º/s]:  -0.02  | Pitch rate [º/s]:  -0.02  | Yaw rate [º/s]:  0.01
22:01:16.656 > Roll rate [º/s]:  -0.01  | Pitch rate [º/s]:  -0.01  | Yaw rate [º/s]:  -0.01
22:01:16.709 > Roll rate [º/s]:  -0.01  | Pitch rate [º/s]:  -0.01  | Yaw rate [º/s]:  -0.02
22:01:16.763 > Roll rate [º/s]:  0.01  | Pitch rate [º/s]:  0.01  | Yaw rate [º/s]:  0.04
22:01:16.814 > Roll rate [º/s]:  0.01  | Pitch rate [º/s]:  0.01  | Yaw rate [º/s]:  -0.01
22:01:16.867 > Roll rate [º/s]:  -0.01  | Pitch rate [º/s]:  0.01  | Yaw rate [º/s]:  -0.01
22:01:16.920 > Roll rate [º/s]:  -0.04  | Pitch rate [º/s]:  0.07  | Yaw rate [º/s]:  0.04
22:01:16.970 > Roll rate [º/s]:  -0.02  | Pitch rate [º/s]:  -0.01  | Yaw rate [º/s]:  0.02
22:01:17.022 > Roll rate [º/s]:  0.01  | Pitch rate [º/s]:  -0.02  | Yaw rate [º/s]:  -0.01
22:01:17.074 > Roll rate [º/s]:  -0.01  | Pitch rate [º/s]:  0.04  | Yaw rate [º/s]:  0.01
22:01:17.126 > Roll rate [º/s]:  -0.01  | Pitch rate [º/s]:  -0.02  | Yaw rate [º/s]:  -0.01
22:01:17.179 > Roll rate [º/s]:  0.01  | Pitch rate [º/s]:  0.01  | Yaw rate [º/s]:  -0.04
22:01:17.231 > Roll rate [º/s]:  -0.04  | Pitch rate [º/s]:  -0.02  | Yaw rate [º/s]:  0.01
22:01:17.285 > Roll rate [º/s]:  -0.01  | Pitch rate [º/s]:  -0.04  | Yaw rate [º/s]:  -0.01
22:01:17.337 > Roll rate [º/s]:  -0.01  | Pitch rate [º/s]:  -0.04  | Yaw rate [º/s]:  0.04
22:01:17.388 > Roll rate [º/s]:  0.04  | Pitch rate [º/s]:  -0.01  | Yaw rate [º/s]:  0.01
22:01:17.440 > Roll rate [º/s]:  -0.04  | Pitch rate [º/s]:  -0.02  | Yaw rate [º/s]:  -0.01
22:01:17.493 > Roll rate [º/s]:  -0.01  | Pitch rate [º/s]:  0.01  | Yaw rate [º/s]:  0.02
22:01:17.547 > Roll rate [º/s]:  0.01  | Pitch rate [º/s]:  0.04  | Yaw rate [º/s]:  0.01
22:01:17.597 > Roll rate [º/s]:  0.01  | Pitch rate [º/s]:  -0.01  | Yaw rate [º/s]:  -0.02
22:01:17.649 > Roll rate [º/s]:  0.01  | Pitch rate [º/s]:  -0.01  | Yaw rate [º/s]:  0.01
22:01:17.702 > Roll rate [º/s]:  0.02  | Pitch rate [º/s]:  -0.01  | Yaw rate [º/s]:  -0.01
22:01:17.753 > Roll rate [º/s]:  -0.02  | Pitch rate [º/s]:  -0.01  | Yaw rate [º/s]:  -0.02
22:01:17.806 > Roll rate [º/s]:  -0.02  | Pitch rate [º/s]:  0.02  | Yaw rate [º/s]:  -0.02
22:01:17.858 > Roll rate [º/s]:  0.01  | Pitch rate [º/s]:  -0.01  | Yaw rate [º/s]:  -0.02
22:01:17.910 > Roll rate [º/s]:  0.01  | Pitch rate [º/s]:  0.01  | Yaw rate [º/s]:  -0.01
22:01:17.962 > Roll rate [º/s]:  -0.01  | Pitch rate [º/s]:  -0.02  | Yaw rate [º/s]:  -0.01
22:01:18.016 > Roll rate [º/s]:  0.01  | Pitch rate [º/s]:  -0.02  | Yaw rate [º/s]:  -0.01
22:01:18.067 > Roll rate [º/s]:  0.02  | Pitch rate [º/s]:  0.02  | Yaw rate [º/s]:  -0.02
22:01:18.120 > Roll rate [º/s]:  0.02  | Pitch rate [º/s]:  -0.01  | Yaw rate [º/s]:  -0.04
22:01:18.171 > Roll rate [º/s]:  0.04  | Pitch rate [º/s]:  -0.01  | Yaw rate [º/s]:  0.01
22:01:18.223 > Roll rate [º/s]:  0.01  | Pitch rate [º/s]:  0.02  | Yaw rate [º/s]:  -0.02
22:01:18.277 > Roll rate [º/s]:  0.04  | Pitch rate [º/s]:  0.02  | Yaw rate [º/s]:  -0.04
22:01:18.327 > Roll rate [º/s]:  0.01  | Pitch rate [º/s]:  0.05  | Yaw rate [º/s]:  -0.01
22:01:18.379 > Roll rate [º/s]:  -0.01  | Pitch rate [º/s]:  0.02  | Yaw rate [º/s]:  -0.01
22:01:18.431 > Roll rate [º/s]:  0.01  | Pitch rate [º/s]:  0.01  | Yaw rate [º/s]:  -0.04
22:01:18.483 > Roll rate [º/s]:  0.01  | Pitch rate [º/s]:  0.01  | Yaw rate [º/s]:  0.01
22:01:18.536 > Roll rate [º/s]:  -0.01  | Pitch rate [º/s]:  0.01  | Yaw rate [º/s]:  0.01
22:01:18.587 > Roll rate [º/s]:  0.01  | Pitch rate [º/s]:  -0.01  | Yaw rate [º/s]:  -0.01
22:01:18.639 > Roll rate [º/s]:  0.01  | Pitch rate [º/s]:  0.02  | Yaw rate [º/s]:  -0.04
22:01:18.691 > Roll rate [º/s]:  -0.01  | Pitch rate [º/s]:  -0.02  | Yaw rate [º/s]:  -0.01
22:01:18.745 > Roll rate [º/s]:  -0.02  | Pitch rate [º/s]:  0.04  | Yaw rate [º/s]:  0.01
22:01:18.796 > Roll rate [º/s]:  -0.02  | Pitch rate [º/s]:  -0.01  | Yaw rate [º/s]:  0.04
22:01:18.848 > Roll rate [º/s]:  -0.04  | Pitch rate [º/s]:  -0.01  | Yaw rate [º/s]:  0.01
22:01:18.900 > Roll rate [º/s]:  0.01  | Pitch rate [º/s]:  0.02  | Yaw rate [º/s]:  0.01
22:01:18.952 > Roll rate [º/s]:  0.01  | Pitch rate [º/s]:  0.02  | Yaw rate [º/s]:  -0.02
22:01:19.004 > Roll rate [º/s]:  0.02  | Pitch rate [º/s]:  0.01  | Yaw rate [º/s]:  -0.02
22:01:19.056 > Roll rate [º/s]:  -0.01  | Pitch rate [º/s]:  0.02  | Yaw rate [º/s]:  0.04
22:01:19.108 > Roll rate [º/s]:  0.01  | Pitch rate [º/s]:  0.02  | Yaw rate [º/s]:  0.02
22:01:19.161 > Roll rate [º/s]:  -0.04  | Pitch rate [º/s]:  -0.02  | Yaw rate [º/s]:  -0.01
22:01:19.215 > Roll rate [º/s]:  0.02  | Pitch rate [º/s]:  -0.01  | Yaw rate [º/s]:  -0.02
22:01:19.266 > Roll rate [º/s]:  0.01  | Pitch rate [º/s]:  0.04  | Yaw rate [º/s]:  -0.02
22:01:19.317 > Roll rate [º/s]:  0.04  | Pitch rate [º/s]:  -0.01  | Yaw rate [º/s]:  -0.01
22:01:19.369 > Roll rate [º/s]:  -0.01  | Pitch rate [º/s]:  0.01  | Yaw rate [º/s]:  0.01
22:01:19.421 > Roll rate [º/s]:  0.01  | Pitch rate [º/s]:  -0.02  | Yaw rate [º/s]:  -0.02
22:01:19.473 > Roll rate [º/s]:  0.02  | Pitch rate [º/s]:  0.02  | Yaw rate [º/s]:  0.04
22:01:19.525 > Roll rate [º/s]:  -0.01  | Pitch rate [º/s]:  -0.02  | Yaw rate [º/s]:  0.01
22:01:19.578 > Roll rate [º/s]:  -0.01  | Pitch rate [º/s]:  0.01  | Yaw rate [º/s]:  -0.01
22:01:19.629 > Roll rate [º/s]:  -0.02  | Pitch rate [º/s]:  -0.01  | Yaw rate [º/s]:  0.02
22:01:19.682 > Roll rate [º/s]:  0.02  | Pitch rate [º/s]:  0.02  | Yaw rate [º/s]:  -0.02
22:01:19.733 > Roll rate [º/s]:  0.02  | Pitch rate [º/s]:  0.02  | Yaw rate [º/s]:  -0.02
22:01:19.786 > Roll rate [º/s]:  0.02  | Pitch rate [º/s]:  -0.01  | Yaw rate [º/s]:  0.01
22:01:19.837 > Roll rate [º/s]:  0.02  | Pitch rate [º/s]:  0.04  | Yaw rate [º/s]:  -0.02
22:01:19.889 > Roll rate [º/s]:  -0.01  | Pitch rate [º/s]:  -0.02  | Yaw rate [º/s]:  0.04
22:01:19.941 > Roll rate [º/s]:  0.01  | Pitch rate [º/s]:  0.01  | Yaw rate [º/s]:  -0.01
22:01:19.993 > Roll rate [º/s]:  0.01  | Pitch rate [º/s]:  0.02  | Yaw rate [º/s]:  0.01
22:01:20.045 > Roll rate [º/s]:  -0.02  | Pitch rate [º/s]:  0.05  | Yaw rate [º/s]:  0.01
22:01:20.097 > Roll rate [º/s]:  0.02  | Pitch rate [º/s]:  -0.04  | Yaw rate [º/s]:  -0.01
22:01:20.149 > Roll rate [º/s]:  0.04  | Pitch rate [º/s]:  0.01  | Yaw rate [º/s]:  -0.01
22:01:20.201 > Roll rate [º/s]:  0.01  | Pitch rate [º/s]:  0.01  | Yaw rate [º/s]:  0.02
22:01:20.253 > Roll rate [º/s]:  -0.05  | Pitch rate [º/s]:  -0.04  | Yaw rate [º/s]:  0.04
22:01:20.306 > Roll rate [º/s]:  0.02  | Pitch rate [º/s]:  -0.02  | Yaw rate [º/s]:  -0.04
22:01:20.357 > Roll rate [º/s]:  0.01  | Pitch rate [º/s]:  -0.06  | Yaw rate [º/s]:  -0.02
22:01:20.409 > Roll rate [º/s]:  0.02  | Pitch rate [º/s]:  -0.01  | Yaw rate [º/s]:  -0.04
22:01:20.461 > Roll rate [º/s]:  -0.02  | Pitch rate [º/s]:  0.01  | Yaw rate [º/s]:  -0.02
22:01:20.513 > Roll rate [º/s]:  0.01  | Pitch rate [º/s]:  0.04  | Yaw rate [º/s]:  0.05
22:01:20.565 > Roll rate [º/s]:  -0.01  | Pitch rate [º/s]:  0.01  | Yaw rate [º/s]:  -0.01
22:01:20.617 > Roll rate [º/s]:  -0.01  | Pitch rate [º/s]:  -0.01  | Yaw rate [º/s]:  0.01
22:01:20.670 > Roll rate [º/s]:  -0.02  | Pitch rate [º/s]:  0.07  | Yaw rate [º/s]:  0.04
22:01:20.721 > Roll rate [º/s]:  -0.04  | Pitch rate [º/s]:  0.01  | Yaw rate [º/s]:  -0.02
22:01:20.773 > Roll rate [º/s]:  -0.05  | Pitch rate [º/s]:  0.02  | Yaw rate [º/s]:  -0.02
22:01:20.825 > Roll rate [º/s]:  -0.02  | Pitch rate [º/s]:  -0.07  | Yaw rate [º/s]:  -0.02
22:01:20.878 > Roll rate [º/s]:  -0.01  | Pitch rate [º/s]:  -0.01  | Yaw rate [º/s]:  -0.02
22:01:20.931 > Roll rate [º/s]:  0.02  | Pitch rate [º/s]:  -0.01  | Yaw rate [º/s]:  -0.01
22:01:20.983 > Roll rate [º/s]:  0.02  | Pitch rate [º/s]:  0.02  | Yaw rate [º/s]:  -0.01
22:01:21.035 > Roll rate [º/s]:  -0.01  | Pitch rate [º/s]:  0.04  | Yaw rate [º/s]:  -0.01
22:01:21.087 > Roll rate [º/s]:  0.01  | Pitch rate [º/s]:  -0.01  | Yaw rate [º/s]:  -0.01
22:01:21.139 > Roll rate [º/s]:  0.01  | Pitch rate [º/s]:  0.02  | Yaw rate [º/s]:  -0.02
22:01:21.191 > Roll rate [º/s]:  -0.02  | Pitch rate [º/s]:  -0.07  | Yaw rate [º/s]:  -0.01
22:01:21.244 > Roll rate [º/s]:  -0.02  | Pitch rate [º/s]:  0.01  | Yaw rate [º/s]:  0.02
22:01:21.296 > Roll rate [º/s]:  0.01  | Pitch rate [º/s]:  0.01  | Yaw rate [º/s]:  0.01
22:01:21.348 > Roll rate [º/s]:  -0.01  | Pitch rate [º/s]:  0.02  | Yaw rate [º/s]:  -0.04
22:01:21.400 > Roll rate [º/s]:  0.01  | Pitch rate [º/s]:  0.05  | Yaw rate [º/s]:  0.01
22:01:21.452 > Roll rate [º/s]:  0.01  | Pitch rate [º/s]:  0.01  | Yaw rate [º/s]:  0.01
22:01:21.504 > Roll rate [º/s]:  -0.05  | Pitch rate [º/s]:  -0.02  | Yaw rate [º/s]:  -0.02
22:01:21.558 > Roll rate [º/s]:  -0.01  | Pitch rate [º/s]:  -0.01  | Yaw rate [º/s]:  0.01
22:01:21.609 > Roll rate [º/s]:  0.01  | Pitch rate [º/s]:  -0.04  | Yaw rate [º/s]:  0.02
22:01:21.661 > Roll rate [º/s]:  -0.04  | Pitch rate [º/s]:  0.01  | Yaw rate [º/s]:  -0.05
22:01:21.714 > Roll rate [º/s]:  -0.01  | Pitch rate [º/s]:  0.05  | Yaw rate [º/s]:  0.02
22:01:21.765 > Roll rate [º/s]:  -0.02  | Pitch rate [º/s]:  0.01  | Yaw rate [º/s]:  -0.01
22:01:21.817 > Roll rate [º/s]:  0.02  | Pitch rate [º/s]:  0.05  | Yaw rate [º/s]:  -0.04
22:01:21.869 > Roll rate [º/s]:  0.02  | Pitch rate [º/s]:  -0.01  | Yaw rate [º/s]:  0.02
22:01:21.921 > Roll rate [º/s]:  0.01  | Pitch rate [º/s]:  0.04  | Yaw rate [º/s]:  0.04
22:01:21.972 > Roll rate [º/s]:  0.02  | Pitch rate [º/s]:  0.01  | Yaw rate [º/s]:  0.01
22:01:22.024 > Roll rate [º/s]:  0.01  | Pitch rate [º/s]:  -0.02  | Yaw rate [º/s]:  0.04
22:01:22.077 > Roll rate [º/s]:  0.01  | Pitch rate [º/s]:  -0.02  | Yaw rate [º/s]:  -0.05
22:01:22.129 > Roll rate [º/s]:  0.01  | Pitch rate [º/s]:  0.05  | Yaw rate [º/s]:  -0.01
22:01:22.181 > Roll rate [º/s]:  0.02  | Pitch rate [º/s]:  -0.02  | Yaw rate [º/s]:  0.01
22:01:22.233 > Roll rate [º/s]:  0.01  | Pitch rate [º/s]:  -0.01  | Yaw rate [º/s]:  -0.05
22:01:22.285 > Roll rate [º/s]:  -0.01  | Pitch rate [º/s]:  0.01  | Yaw rate [º/s]:  -0.01
22:01:22.337 > Roll rate [º/s]:  0.01  | Pitch rate [º/s]:  0.01  | Yaw rate [º/s]:  0.04
22:01:22.389 > Roll rate [º/s]:  0.01  | Pitch rate [º/s]:  -0.02  | Yaw rate [º/s]:  -0.01
22:01:22.440 > Roll rate [º/s]:  -0.01  | Pitch rate [º/s]:  -0.01  | Yaw rate [º/s]:  0.01
22:01:22.492 > Roll rate [º/s]:  -0.02  | Pitch rate [º/s]:  0.02  | Yaw rate [º/s]:  0.02
22:01:22.545 > Roll rate [º/s]:  0.01  | Pitch rate [º/s]:  -0.01  | Yaw rate [º/s]:  -0.04
22:01:22.596 > Roll rate [º/s]:  -0.01  | Pitch rate [º/s]:  0.04  | Yaw rate [º/s]:  0.01
22:01:22.648 > Roll rate [º/s]:  0.01  | Pitch rate [º/s]:  -0.01  | Yaw rate [º/s]:  0.01
22:01:22.702 > Roll rate [º/s]:  -0.01  | Pitch rate [º/s]:  0.01  | Yaw rate [º/s]:  -0.07
22:01:22.753 > Roll rate [º/s]:  0.02  | Pitch rate [º/s]:  -0.04  | Yaw rate [º/s]:  0.01
22:01:22.805 > Roll rate [º/s]:  -0.01  | Pitch rate [º/s]:  -0.02  | Yaw rate [º/s]:  0.02
22:01:22.857 > Roll rate [º/s]:  0.02  | Pitch rate [º/s]:  0.04  | Yaw rate [º/s]:  -0.04
22:01:22.908 > Roll rate [º/s]:  0.04  | Pitch rate [º/s]:  0.04  | Yaw rate [º/s]:  -0.01
22:01:22.961 > Roll rate [º/s]:  -0.02  | Pitch rate [º/s]:  -0.04  | Yaw rate [º/s]:  -0.02
22:01:23.013 > Roll rate [º/s]:  -0.02  | Pitch rate [º/s]:  -0.02  | Yaw rate [º/s]:  -0.04
22:01:23.066 > Roll rate [º/s]:  -0.01  | Pitch rate [º/s]:  -0.02  | Yaw rate [º/s]:  0.01
22:01:23.119 > Roll rate [º/s]:  -0.04  | Pitch rate [º/s]:  -0.02  | Yaw rate [º/s]:  -0.02
22:01:23.172 > Roll rate [º/s]:  -0.01  | Pitch rate [º/s]:  -0.02  | Yaw rate [º/s]:  -0.04
22:01:23.224 > Roll rate [º/s]:  -0.02  | Pitch rate [º/s]:  0.04  | Yaw rate [º/s]:  -0.01
22:01:23.277 > Roll rate [º/s]:  0.02  | Pitch rate [º/s]:  0.04  | Yaw rate [º/s]:  -0.04
22:01:23.330 > Roll rate [º/s]:  -0.02  | Pitch rate [º/s]:  -0.02  | Yaw rate [º/s]:  0.02
22:01:23.381 > Roll rate [º/s]:  0.01  | Pitch rate [º/s]:  0.02  | Yaw rate [º/s]:  0.04
22:01:23.435 > Roll rate [º/s]:  -0.02  | Pitch rate [º/s]:  -0.02  | Yaw rate [º/s]:  -0.01
22:01:23.486 > Roll rate [º/s]:  -0.02  | Pitch rate [º/s]:  -0.04  | Yaw rate [º/s]:  -0.01
22:01:23.538 > Roll rate [º/s]:  -0.02  | Pitch rate [º/s]:  0.01  | Yaw rate [º/s]:  0.02
22:01:23.591 > Roll rate [º/s]:  0.01  | Pitch rate [º/s]:  -0.07  | Yaw rate [º/s]:  0.01
22:01:23.642 > Roll rate [º/s]:  0.01  | Pitch rate [º/s]:  -0.01  | Yaw rate [º/s]:  -0.01
22:01:23.695 > Roll rate [º/s]:  0.01  | Pitch rate [º/s]:  -0.02  | Yaw rate [º/s]:  -0.01
22:01:23.747 > Roll rate [º/s]:  0.01  | Pitch rate [º/s]:  0.02  | Yaw rate [º/s]:  -0.02
22:01:23.798 > Roll rate [º/s]:  0.01  | Pitch rate [º/s]:  0.01  | Yaw rate [º/s]:  0.01
22:01:23.850 > Roll rate [º/s]:  -0.01  | Pitch rate [º/s]:  0.04  | Yaw rate [º/s]:  -0.02
22:01:23.903 > Roll rate [º/s]:  0.02  | Pitch rate [º/s]:  0.02  | Yaw rate [º/s]:  -0.01
22:01:23.955 > Roll rate [º/s]:  0.04  | Pitch rate [º/s]:  -0.02  | Yaw rate [º/s]:  0.02
22:01:24.007 > Roll rate [º/s]:  -0.04  | Pitch rate [º/s]:  -0.02  | Yaw rate [º/s]:  0.01
22:01:24.058 > Roll rate [º/s]:  -0.02  | Pitch rate [º/s]:  0.02  | Yaw rate [º/s]:  0.02
22:01:24.110 > Roll rate [º/s]:  -0.01  | Pitch rate [º/s]:  0.04  | Yaw rate [º/s]:  0.01
22:01:24.163 > Roll rate [º/s]:  0.02  | Pitch rate [º/s]:  -0.02  | Yaw rate [º/s]:  -0.02
22:01:24.215 > Roll rate [º/s]:  -0.01  | Pitch rate [º/s]:  0.01  | Yaw rate [º/s]:  0.04
22:01:24.267 > Roll rate [º/s]:  0.02  | Pitch rate [º/s]:  0.07  | Yaw rate [º/s]:  0.02
22:01:24.319 > Roll rate [º/s]:  0.01  | Pitch rate [º/s]:  0.01  | Yaw rate [º/s]:  0.01
22:01:24.370 > Roll rate [º/s]:  -0.01  | Pitch rate [º/s]:  0.04  | Yaw rate [º/s]:  -0.02
22:01:24.422 > Roll rate [º/s]:  0.01  | Pitch rate [º/s]:  -0.01  | Yaw rate [º/s]:  0.02
22:01:24.475 > Roll rate [º/s]:  0.04  | Pitch rate [º/s]:  0.04  | Yaw rate [º/s]:  -0.04
22:01:24.527 > Roll rate [º/s]:  -0.02  | Pitch rate [º/s]:  -0.01  | Yaw rate [º/s]:  0.01
22:01:24.579 > Roll rate [º/s]:  0.04  | Pitch rate [º/s]:  0.02  | Yaw rate [º/s]:  0.01
22:01:24.631 > Roll rate [º/s]:  -0.02  | Pitch rate [º/s]:  -0.07  | Yaw rate [º/s]:  -0.01
22:01:24.683 > Roll rate [º/s]:  -0.04  | Pitch rate [º/s]:  0.01  | Yaw rate [º/s]:  -0.02
22:01:24.736 > Roll rate [º/s]:  -0.01  | Pitch rate [º/s]:  0.01  | Yaw rate [º/s]:  0.02
22:01:24.788 > Roll rate [º/s]:  -0.01  | Pitch rate [º/s]:  0.02  | Yaw rate [º/s]:  -0.02
22:01:24.840 > Roll rate [º/s]:  0.01  | Pitch rate [º/s]:  -0.01  | Yaw rate [º/s]:  -0.01
22:01:24.891 > Roll rate [º/s]:  -0.02  | Pitch rate [º/s]:  -0.01  | Yaw rate [º/s]:  0.02
22:01:24.944 > Roll rate [º/s]:  0.02  | Pitch rate [º/s]:  -0.02  | Yaw rate [º/s]:  0.01
22:01:24.995 > Roll rate [º/s]:  0.01  | Pitch rate [º/s]:  0.02  | Yaw rate [º/s]:  -0.02
22:01:25.048 > Roll rate [º/s]:  -0.02  | Pitch rate [º/s]:  0.02  | Yaw rate [º/s]:  0.02
22:01:25.100 > Roll rate [º/s]:  -0.01  | Pitch rate [º/s]:  0.05  | Yaw rate [º/s]:  0.01
22:01:25.152 > Roll rate [º/s]:  -0.01  | Pitch rate [º/s]:  0.04  | Yaw rate [º/s]:  -0.01
22:01:25.203 > Roll rate [º/s]:  -0.01  | Pitch rate [º/s]:  0.02  | Yaw rate [º/s]:  0.04
22:01:25.256 > Roll rate [º/s]:  -0.02  | Pitch rate [º/s]:  0.01  | Yaw rate [º/s]:  -0.02
22:01:25.307 > Roll rate [º/s]:  0.01  | Pitch rate [º/s]:  0.02  | Yaw rate [º/s]:  0.01
22:01:25.360 > Roll rate [º/s]:  0.01  | Pitch rate [º/s]:  0.01  | Yaw rate [º/s]:  0.02
22:01:25.412 > Roll rate [º/s]:  -0.01  | Pitch rate [º/s]:  0.04  | Yaw rate [º/s]:  0.01
22:01:25.464 > Roll rate [º/s]:  -0.01  | Pitch rate [º/s]:  0.01  | Yaw rate [º/s]:  0.01
22:01:25.516 > Roll rate [º/s]:  -0.01  | Pitch rate [º/s]:  -0.01  | Yaw rate [º/s]:  -0.01
22:01:25.570 > Roll rate [º/s]:  0.02  | Pitch rate [º/s]:  -0.02  | Yaw rate [º/s]:  0.01
22:01:25.622 > Roll rate [º/s]:  0.01  | Pitch rate [º/s]:  0.01  | Yaw rate [º/s]:  -0.02
22:01:25.672 > Roll rate [º/s]:  -0.01  | Pitch rate [º/s]:  0.02  | Yaw rate [º/s]:  0.01
22:01:25.725 > Roll rate [º/s]:  0.01  | Pitch rate [º/s]:  -0.06  | Yaw rate [º/s]:  0.01
22:01:25.778 > Roll rate [º/s]:  0.01  | Pitch rate [º/s]:  0.05  | Yaw rate [º/s]:  -0.01
22:01:25.828 > Roll rate [º/s]:  -0.01  | Pitch rate [º/s]:  0.02  | Yaw rate [º/s]:  -0.02
22:01:25.880 > Roll rate [º/s]:  0.04  | Pitch rate [º/s]:  0.02  | Yaw rate [º/s]:  0.01
22:01:25.932 > Roll rate [º/s]:  0.02  | Pitch rate [º/s]:  -0.01  | Yaw rate [º/s]:  -0.02
22:01:25.985 > Roll rate [º/s]:  0.01  | Pitch rate [º/s]:  0.01  | Yaw rate [º/s]:  0.01
22:01:26.037 > Roll rate [º/s]:  -0.05  | Pitch rate [º/s]:  -0.04  | Yaw rate [º/s]:  -0.02
22:01:26.090 > Roll rate [º/s]:  0.01  | Pitch rate [º/s]:  -0.02  | Yaw rate [º/s]:  0.01
22:01:26.142 > Roll rate [º/s]:  0.01  | Pitch rate [º/s]:  -0.04  | Yaw rate [º/s]:  -0.04
22:01:26.197 > Roll rate [º/s]:  -0.01  | Pitch rate [º/s]:  -0.01  | Yaw rate [º/s]:  0.01
22:01:26.247 > Roll rate [º/s]:  -0.01  | Pitch rate [º/s]:  0.04  | Yaw rate [º/s]:  0.01
22:01:26.298 > Roll rate [º/s]:  0.01  | Pitch rate [º/s]:  0.04  | Yaw rate [º/s]:  -0.02
22:01:26.350 > Roll rate [º/s]:  -0.01  | Pitch rate [º/s]:  0.04  | Yaw rate [º/s]:  -0.02
22:01:26.401 > Roll rate [º/s]:  0.02  | Pitch rate [º/s]:  -0.01  | Yaw rate [º/s]:  0.01
22:01:26.453 > Roll rate [º/s]:  -0.04  | Pitch rate [º/s]:  -0.01  | Yaw rate [º/s]:  0.02
22:01:26.506 > Roll rate [º/s]:  0.01  | Pitch rate [º/s]:  -0.04  | Yaw rate [º/s]:  0.02
22:01:26.557 > Roll rate [º/s]:  0.01  | Pitch rate [º/s]:  0.04  | Yaw rate [º/s]:  -0.04
22:01:26.609 > Roll rate [º/s]:  -0.01  | Pitch rate [º/s]:  -0.02  | Yaw rate [º/s]:  0.01
22:01:26.661 > Roll rate [º/s]:  0.04  | Pitch rate [º/s]:  0.04  | Yaw rate [º/s]:  -0.02
22:01:26.714 > Roll rate [º/s]:  -0.04  | Pitch rate [º/s]:  -0.04  | Yaw rate [º/s]:  0.04
22:01:26.765 > Roll rate [º/s]:  -0.04  | Pitch rate [º/s]:  0.02  | Yaw rate [º/s]:  -0.02
22:01:26.817 > Roll rate [º/s]:  0.01  | Pitch rate [º/s]:  0.02  | Yaw rate [º/s]:  -0.02
22:01:26.869 > Roll rate [º/s]:  -0.02  | Pitch rate [º/s]:  -0.02  | Yaw rate [º/s]:  -0.02
22:01:26.923 > Roll rate [º/s]:  -0.02  | Pitch rate [º/s]:  -0.02  | Yaw rate [º/s]:  0.02
22:01:26.974 > Roll rate [º/s]:  -0.01  | Pitch rate [º/s]:  -0.02  | Yaw rate [º/s]:  0.02
22:01:27.026 > Roll rate [º/s]:  -0.04  | Pitch rate [º/s]:  0.02  | Yaw rate [º/s]:  0.01
22:01:27.078 > Roll rate [º/s]:  0.02  | Pitch rate [º/s]:  -0.01  | Yaw rate [º/s]:  -0.02
22:01:27.132 > Roll rate [º/s]:  -0.04  | Pitch rate [º/s]:  0.01  | Yaw rate [º/s]:  -0.02
22:01:27.184 > Roll rate [º/s]:  0.01  | Pitch rate [º/s]:  -0.07  | Yaw rate [º/s]:  0.02
22:01:27.234 > Roll rate [º/s]:  -0.01  | Pitch rate [º/s]:  0.01  | Yaw rate [º/s]:  -0.01
22:01:27.287 > Roll rate [º/s]:  0.01  | Pitch rate [º/s]:  0.01  | Yaw rate [º/s]:  -0.01
22:01:27.340 > Roll rate [º/s]:  -0.01  | Pitch rate [º/s]:  -0.02  | Yaw rate [º/s]:  0.01
22:01:27.391 > Roll rate [º/s]:  -0.01  | Pitch rate [º/s]:  -0.04  | Yaw rate [º/s]:  -0.02
22:01:27.444 > Roll rate [º/s]:  -0.02  | Pitch rate [º/s]:  -0.02  | Yaw rate [º/s]:  -0.02
22:01:27.499 > Roll rate [º/s]:  0.01  | Pitch rate [º/s]:  0.01  | Yaw rate [º/s]:  -0.04
22:01:27.548 > Roll rate [º/s]:  -0.01  | Pitch rate [º/s]:  -0.06  | Yaw rate [º/s]:  -0.04
22:01:27.601 > Roll rate [º/s]:  -0.01  | Pitch rate [º/s]:  0.01  | Yaw rate [º/s]:  -0.04
22:01:27.654 > Roll rate [º/s]:  0.01  | Pitch rate [º/s]:  0.04  | Yaw rate [º/s]:  0.04
22:01:27.705 > Roll rate [º/s]:  -0.01  | Pitch rate [º/s]:  0.01  | Yaw rate [º/s]:  -0.01
22:01:27.759 > Roll rate [º/s]:  0.01  | Pitch rate [º/s]:  0.05  | Yaw rate [º/s]:  0.02
22:01:27.809 > Roll rate [º/s]:  -0.01  | Pitch rate [º/s]:  -0.01  | Yaw rate [º/s]:  0.01
22:01:27.861 > Roll rate [º/s]:  -0.02  | Pitch rate [º/s]:  0.02  | Yaw rate [º/s]:  -0.05
22:01:27.914 > Roll rate [º/s]:  0.01  | Pitch rate [º/s]:  0.01  | Yaw rate [º/s]:  0.01
22:01:27.967 > Roll rate [º/s]:  0.02  | Pitch rate [º/s]:  -0.02  | Yaw rate [º/s]:  -0.04
22:01:28.017 > Roll rate [º/s]:  -0.01  | Pitch rate [º/s]:  0.02  | Yaw rate [º/s]:  -0.01
22:01:28.070 > Roll rate [º/s]:  -0.02  | Pitch rate [º/s]:  0.02  | Yaw rate [º/s]:  0.05
22:01:28.122 > Roll rate [º/s]:  -0.02  | Pitch rate [º/s]:  0.01  | Yaw rate [º/s]:  0.01
22:01:28.174 > Roll rate [º/s]:  -0.04  | Pitch rate [º/s]:  0.02  | Yaw rate [º/s]:  0.04
22:01:28.225 > Roll rate [º/s]:  -0.01  | Pitch rate [º/s]:  -0.01  | Yaw rate [º/s]:  -0.01
22:01:28.278 > Roll rate [º/s]:  -0.02  | Pitch rate [º/s]:  0.01  | Yaw rate [º/s]:  0.01
22:01:28.330 > Roll rate [º/s]:  -0.04  | Pitch rate [º/s]:  0.04  | Yaw rate [º/s]:  0.02
22:01:28.383 > Roll rate [º/s]:  0.01  | Pitch rate [º/s]:  0.02  | Yaw rate [º/s]:  0.01
22:01:28.435 > Roll rate [º/s]:  0.05  | Pitch rate [º/s]:  -0.01  | Yaw rate [º/s]:  -0.01
22:01:28.486 > Roll rate [º/s]:  0.02  | Pitch rate [º/s]:  0.01  | Yaw rate [º/s]:  0.01
22:01:28.539 > Roll rate [º/s]:  0.01  | Pitch rate [º/s]:  -0.01  | Yaw rate [º/s]:  0.02
22:01:28.590 > Roll rate [º/s]:  0.01  | Pitch rate [º/s]:  0.02  | Yaw rate [º/s]:  0.01
22:01:28.642 > Roll rate [º/s]:  -0.04  | Pitch rate [º/s]:  0.04  | Yaw rate [º/s]:  0.01
22:01:28.695 > Roll rate [º/s]:  0.01  | Pitch rate [º/s]:  0.02  | Yaw rate [º/s]:  -0.02
22:01:28.746 > Roll rate [º/s]:  -0.01  | Pitch rate [º/s]:  -0.04  | Yaw rate [º/s]:  -0.05
22:01:28.800 > Roll rate [º/s]:  0.02  | Pitch rate [º/s]:  0.01  | Yaw rate [º/s]:  -0.01
22:01:28.851 > Roll rate [º/s]:  -0.01  | Pitch rate [º/s]:  0.02  | Yaw rate [º/s]:  0.04
22:01:28.904 > Roll rate [º/s]:  0.01  | Pitch rate [º/s]:  0.01  | Yaw rate [º/s]:  0.01
22:01:28.956 > Roll rate [º/s]:  0.01  | Pitch rate [º/s]:  0.02  | Yaw rate [º/s]:  0.01
22:01:29.008 > Roll rate [º/s]:  -0.04  | Pitch rate [º/s]:  0.01  | Yaw rate [º/s]:  0.01
22:01:29.060 > Roll rate [º/s]:  -0.02  | Pitch rate [º/s]:  0.01  | Yaw rate [º/s]:  -0.04
22:01:29.112 > Roll rate [º/s]:  -0.01  | Pitch rate [º/s]:  0.01  | Yaw rate [º/s]:  -0.01
22:01:29.164 > Roll rate [º/s]:  -0.01  | Pitch rate [º/s]:  0.02  | Yaw rate [º/s]:  -0.01
22:01:29.215 > Roll rate [º/s]:  0.01  | Pitch rate [º/s]:  -0.01  | Yaw rate [º/s]:  -0.02
22:01:29.267 > Roll rate [º/s]:  -0.01  | Pitch rate [º/s]:  0.01  | Yaw rate [º/s]:  -0.01
22:01:29.319 > Roll rate [º/s]:  0.01  | Pitch rate [º/s]:  -0.02  | Yaw rate [º/s]:  -0.02
22:01:29.371 > Roll rate [º/s]:  0.01  | Pitch rate [º/s]:  -0.01  | Yaw rate [º/s]:  0.02
22:01:29.424 > Roll rate [º/s]:  -0.02  | Pitch rate [º/s]:  0.01  | Yaw rate [º/s]:  -0.01
22:01:29.476 > Roll rate [º/s]:  -0.01  | Pitch rate [º/s]:  -0.02  | Yaw rate [º/s]:  -0.01
22:01:29.528 > Roll rate [º/s]:  0.01  | Pitch rate [º/s]:  -0.01  | Yaw rate [º/s]:  -0.01
22:01:29.580 > Roll rate [º/s]:  -0.01  | Pitch rate [º/s]:  0.04  | Yaw rate [º/s]:  0.02
22:01:29.632 > Roll rate [º/s]:  -0.01  | Pitch rate [º/s]:  0.05  | Yaw rate [º/s]:  -0.04
22:01:29.684 > Roll rate [º/s]:  -0.05  | Pitch rate [º/s]:  0.04  | Yaw rate [º/s]:  0.01
22:01:29.736 > Roll rate [º/s]:  -0.01  | Pitch rate [º/s]:  0.01  | Yaw rate [º/s]:  -0.02
22:01:29.788 > Roll rate [º/s]:  -0.01  | Pitch rate [º/s]:  -0.02  | Yaw rate [º/s]:  0.01
22:01:29.840 > Roll rate [º/s]:  -0.01  | Pitch rate [º/s]:  -0.02  | Yaw rate [º/s]:  0.01
22:01:29.893 > Roll rate [º/s]:  -0.01  | Pitch rate [º/s]:  0.02  | Yaw rate [º/s]:  -0.01
22:01:29.945 > Roll rate [º/s]:  -0.02  | Pitch rate [º/s]:  -0.01  | Yaw rate [º/s]:  0.02
22:01:29.996 > Roll rate [º/s]:  0.01  | Pitch rate [º/s]:  0.04  | Yaw rate [º/s]:  0.01
22:01:30.048 > Roll rate [º/s]:  -0.07  | Pitch rate [º/s]:  -0.01  | Yaw rate [º/s]:  -0.04
22:01:30.102 > Roll rate [º/s]:  -0.01  | Pitch rate [º/s]:  -0.01  | Yaw rate [º/s]:  -0.02
22:01:30.156 > Roll rate [º/s]:  0.01  | Pitch rate [º/s]:  -0.02  | Yaw rate [º/s]:  0.01
22:01:30.206 > Roll rate [º/s]:  -0.01  | Pitch rate [º/s]:  -0.02  | Yaw rate [º/s]:  -0.02
22:01:30.259 > Roll rate [º/s]:  -0.04  | Pitch rate [º/s]:  0.02  | Yaw rate [º/s]:  -0.01
22:01:30.311 > Roll rate [º/s]:  -0.01  | Pitch rate [º/s]:  0.04  | Yaw rate [º/s]:  0.01
22:01:30.366 > Roll rate [º/s]:  0.02  | Pitch rate [º/s]:  0.01  | Yaw rate [º/s]:  -0.01
22:01:30.421 > Roll rate [º/s]:  -0.04  | Pitch rate [º/s]:  0.01  | Yaw rate [º/s]:  0.02
22:01:30.468 > Roll rate [º/s]:  0.01  | Pitch rate [º/s]:  0.04  | Yaw rate [º/s]:  0.01
22:01:30.519 > Roll rate [º/s]:  0.01  | Pitch rate [º/s]:  -0.01  | Yaw rate [º/s]:  0.02
22:01:30.572 > Roll rate [º/s]:  -0.01  | Pitch rate [º/s]:  0.04  | Yaw rate [º/s]:  0.02
22:01:30.623 > Roll rate [º/s]:  -0.01  | Pitch rate [º/s]:  -0.02  | Yaw rate [º/s]:  -0.01
22:01:30.678 > Roll rate [º/s]:  0.01  | Pitch rate [º/s]:  0.02  | Yaw rate [º/s]:  0.01
22:01:30.729 > Roll rate [º/s]:  0.04  | Pitch rate [º/s]:  -0.01  | Yaw rate [º/s]:  -0.01
22:01:30.780 > Roll rate [º/s]:  -0.04  | Pitch rate [º/s]:  -0.01  | Yaw rate [º/s]:  -0.01
22:01:30.834 > Roll rate [º/s]:  0.02  | Pitch rate [º/s]:  -0.01  | Yaw rate [º/s]:  -0.02
22:01:30.887 > Roll rate [º/s]:  -0.01  | Pitch rate [º/s]:  0.01  | Yaw rate [º/s]:  -0.05
22:01:30.937 > Roll rate [º/s]:  0.01  | Pitch rate [º/s]:  -0.04  | Yaw rate [º/s]:  0.01
22:01:30.993 > Roll rate [º/s]:  -0.04  | Pitch rate [º/s]:  0.04  | Yaw rate [º/s]:  -0.01
22:01:31.041 > Roll rate [º/s]:  0.04  | Pitch rate [º/s]:  0.02  | Yaw rate [º/s]:  0.05
22:01:31.093 > Roll rate [º/s]:  0.01  | Pitch rate [º/s]:  0.02  | Yaw rate [º/s]:  0.02
22:01:31.147 > Roll rate [º/s]:  -0.02  | Pitch rate [º/s]:  -0.01  | Yaw rate [º/s]:  0.01
22:01:31.197 > Roll rate [º/s]:  0.01  | Pitch rate [º/s]:  -0.09  | Yaw rate [º/s]:  -0.01
22:01:31.249 > Roll rate [º/s]:  -0.02  | Pitch rate [º/s]:  -0.01  | Yaw rate [º/s]:  -0.02
22:01:31.303 > Roll rate [º/s]:  0.02  | Pitch rate [º/s]:  -0.01  | Yaw rate [º/s]:  0.02
22:01:31.354 > Roll rate [º/s]:  -0.04  | Pitch rate [º/s]:  -0.01  | Yaw rate [º/s]:  0.05
22:01:31.408 > Roll rate [º/s]:  -0.01  | Pitch rate [º/s]:  0.04  | Yaw rate [º/s]:  -0.02
22:01:31.458 > Roll rate [º/s]:  0.01  | Pitch rate [º/s]:  0.01  | Yaw rate [º/s]:  0.01
22:01:31.510 > Roll rate [º/s]:  0.02  | Pitch rate [º/s]:  0.01  | Yaw rate [º/s]:  0.01
22:01:31.564 > Roll rate [º/s]:  0.02  | Pitch rate [º/s]:  0.01  | Yaw rate [º/s]:  -0.01
22:01:31.614 > Roll rate [º/s]:  0.01  | Pitch rate [º/s]:  -0.01  | Yaw rate [º/s]:  -0.01
22:01:31.668 > Roll rate [º/s]:  -0.01  | Pitch rate [º/s]:  0.01  | Yaw rate [º/s]:  0.02
22:01:31.726 > Roll rate [º/s]:  0.05  | Pitch rate [º/s]:  0.01  | Yaw rate [º/s]:  -0.01
22:01:31.770 > Roll rate [º/s]:  0.02  | Pitch rate [º/s]:  0.04  | Yaw rate [º/s]:  -0.01
22:01:31.823 > Roll rate [º/s]:  -0.02  | Pitch rate [º/s]:  -0.04  | Yaw rate [º/s]:  -0.02
22:01:31.876 > Roll rate [º/s]:  -0.01  | Pitch rate [º/s]:  0.01  | Yaw rate [º/s]:  0.01
22:01:31.928 > Roll rate [º/s]:  -0.05  | Pitch rate [º/s]:  0.02  | Yaw rate [º/s]:  0.05
22:01:31.979 > Roll rate [º/s]:  -0.01  | Pitch rate [º/s]:  0.01  | Yaw rate [º/s]:  -0.04
22:01:32.031 > Roll rate [º/s]:  0.01  | Pitch rate [º/s]:  -0.01  | Yaw rate [º/s]:  0.01
22:01:32.085 > Roll rate [º/s]:  -0.07  | Pitch rate [º/s]:  0.02  | Yaw rate [º/s]:  -0.02
22:01:32.136 > Roll rate [º/s]:  0.01  | Pitch rate [º/s]:  -0.02  | Yaw rate [º/s]:  -0.02
22:01:32.188 > Roll rate [º/s]:  -0.01  | Pitch rate [º/s]:  -0.06  | Yaw rate [º/s]:  0.02
22:01:32.239 > Roll rate [º/s]:  -0.01  | Pitch rate [º/s]:  -0.04  | Yaw rate [º/s]:  -0.01
22:01:32.293 > Roll rate [º/s]:  -0.01  | Pitch rate [º/s]:  0.05  | Yaw rate [º/s]:  -0.01
22:01:32.345 > Roll rate [º/s]:  0.02  | Pitch rate [º/s]:  0.02  | Yaw rate [º/s]:  -0.01
22:01:32.396 > Roll rate [º/s]:  0.01  | Pitch rate [º/s]:  -0.02  | Yaw rate [º/s]:  0.02
22:01:32.449 > Roll rate [º/s]:  0.02  | Pitch rate [º/s]:  0.04  | Yaw rate [º/s]:  0.02
22:01:32.504 > Roll rate [º/s]:  -0.02  | Pitch rate [º/s]:  -0.02  | Yaw rate [º/s]:  -0.01
22:01:32.553 > Roll rate [º/s]:  0.01  | Pitch rate [º/s]:  0.02  | Yaw rate [º/s]:  -0.01
22:01:32.606 > Roll rate [º/s]:  -0.02  | Pitch rate [º/s]:  -0.04  | Yaw rate [º/s]:  -0.02
22:01:32.658 > Roll rate [º/s]:  0.04  | Pitch rate [º/s]:  0.02  | Yaw rate [º/s]:  -0.01
22:01:32.710 > Roll rate [º/s]:  -0.01  | Pitch rate [º/s]:  -0.02  | Yaw rate [º/s]:  0.04
22:01:32.763 > Roll rate [º/s]:  -0.01  | Pitch rate [º/s]:  0.01  | Yaw rate [º/s]:  0.01
22:01:32.815 > Roll rate [º/s]:  -0.05  | Pitch rate [º/s]:  -0.04  | Yaw rate [º/s]:  0.01
22:01:32.866 > Roll rate [º/s]:  -0.04  | Pitch rate [º/s]:  -0.02  | Yaw rate [º/s]:  -0.02
22:01:32.919 > Roll rate [º/s]:  0.02  | Pitch rate [º/s]:  0.05  | Yaw rate [º/s]:  0.02
22:01:32.971 > Roll rate [º/s]:  -0.01  | Pitch rate [º/s]:  0.07  | Yaw rate [º/s]:  0.04
22:01:33.024 > Roll rate [º/s]:  -0.04  | Pitch rate [º/s]:  0.05  | Yaw rate [º/s]:  -0.04
22:01:33.075 > Roll rate [º/s]:  0.01  | Pitch rate [º/s]:  0.05  | Yaw rate [º/s]:  0.04
22:01:33.128 > Roll rate [º/s]:  -0.01  | Pitch rate [º/s]:  0.01  | Yaw rate [º/s]:  0.04
22:01:33.180 > Roll rate [º/s]:  -0.02  | Pitch rate [º/s]:  0.02  | Yaw rate [º/s]:  -0.04
22:01:33.232 > Roll rate [º/s]:  -0.02  | Pitch rate [º/s]:  0.01  | Yaw rate [º/s]:  -0.01
22:01:33.283 > Roll rate [º/s]:  -0.01  | Pitch rate [º/s]:  0.02  | Yaw rate [º/s]:  -0.01
22:01:33.335 > Roll rate [º/s]:  0.01  | Pitch rate [º/s]:  0.04  | Yaw rate [º/s]:  0.01
22:01:33.387 > Roll rate [º/s]:  0.01  | Pitch rate [º/s]:  -0.01  | Yaw rate [º/s]:  0.01
22:01:33.439 > Roll rate [º/s]:  0.01  | Pitch rate [º/s]:  0.01  | Yaw rate [º/s]:  -0.01
22:01:33.491 > Roll rate [º/s]:  -0.02  | Pitch rate [º/s]:  -0.01  | Yaw rate [º/s]:  -0.02
22:01:33.544 > Roll rate [º/s]:  -0.05  | Pitch rate [º/s]:  0.04  | Yaw rate [º/s]:  0.01
22:01:33.596 > Roll rate [º/s]:  0.01  | Pitch rate [º/s]:  0.01  | Yaw rate [º/s]:  -0.02
22:01:33.648 > Roll rate [º/s]:  0.01  | Pitch rate [º/s]:  0.01  | Yaw rate [º/s]:  -0.02
22:01:33.700 > Roll rate [º/s]:  -0.02  | Pitch rate [º/s]:  -0.06  | Yaw rate [º/s]:  0.01
22:01:33.752 > Roll rate [º/s]:  -0.05  | Pitch rate [º/s]:  0.02  | Yaw rate [º/s]:  -0.02
22:01:33.804 > Roll rate [º/s]:  0.05  | Pitch rate [º/s]:  -0.01  | Yaw rate [º/s]:  -0.05
22:01:33.856 > Roll rate [º/s]:  -0.02  | Pitch rate [º/s]:  0.01  | Yaw rate [º/s]:  -0.02
22:01:33.908 > Roll rate [º/s]:  -0.02  | Pitch rate [º/s]:  -0.02  | Yaw rate [º/s]:  -0.04
22:01:33.961 > Roll rate [º/s]:  -0.02  | Pitch rate [º/s]:  0.02  | Yaw rate [º/s]:  -0.02
22:01:34.014 > Roll rate [º/s]:  -0.02  | Pitch rate [º/s]:  -0.01  | Yaw rate [º/s]:  0.01
22:01:34.065 > Roll rate [º/s]:  -0.01  | Pitch rate [º/s]:  0.01  | Yaw rate [º/s]:  -0.01
22:01:34.117 > Roll rate [º/s]:  -0.01  | Pitch rate [º/s]:  0.02  | Yaw rate [º/s]:  -0.02
22:01:34.169 > Roll rate [º/s]:  0.04  | Pitch rate [º/s]:  0.02  | Yaw rate [º/s]:  -0.02
22:01:34.222 > Roll rate [º/s]:  0.02  | Pitch rate [º/s]:  0.07  | Yaw rate [º/s]:  -0.01
22:01:34.273 > Roll rate [º/s]:  0.01  | Pitch rate [º/s]:  -0.04  | Yaw rate [º/s]:  -0.02
22:01:34.325 > Roll rate [º/s]:  -0.01  | Pitch rate [º/s]:  0.01  | Yaw rate [º/s]:  -0.01
22:01:34.378 > Roll rate [º/s]:  0.04  | Pitch rate [º/s]:  -0.01  | Yaw rate [º/s]:  0.01
22:01:34.429 > Roll rate [º/s]:  0.01  | Pitch rate [º/s]:  0.01  | Yaw rate [º/s]:  -0.01
22:01:34.481 > Roll rate [º/s]:  0.02  | Pitch rate [º/s]:  0.04  | Yaw rate [º/s]:  -0.01
22:01:34.534 > Roll rate [º/s]:  0.01  | Pitch rate [º/s]:  0.01  | Yaw rate [º/s]:  -0.02
22:01:34.586 > Roll rate [º/s]:  -0.01  | Pitch rate [º/s]:  0.02  | Yaw rate [º/s]:  -0.01
22:01:34.637 > Roll rate [º/s]:  -0.04  | Pitch rate [º/s]:  0.01  | Yaw rate [º/s]:  -0.02
22:01:34.689 > Roll rate [º/s]:  -0.01  | Pitch rate [º/s]:  -0.01  | Yaw rate [º/s]:  0.04
22:01:34.742 > Roll rate [º/s]:  0.04  | Pitch rate [º/s]:  0.01  | Yaw rate [º/s]:  -0.01
22:01:34.793 > Roll rate [º/s]:  0.02  | Pitch rate [º/s]:  -0.07  | Yaw rate [º/s]:  -0.01
22:01:34.846 > Roll rate [º/s]:  -0.02  | Pitch rate [º/s]:  -0.01  | Yaw rate [º/s]:  0.02
22:01:34.897 > Roll rate [º/s]:  -0.01  | Pitch rate [º/s]:  0.02  | Yaw rate [º/s]:  -0.01
22:01:34.950 > Roll rate [º/s]:  0.05  | Pitch rate [º/s]:  -0.01  | Yaw rate [º/s]:  -0.01
22:01:35.002 > Roll rate [º/s]:  -0.04  | Pitch rate [º/s]:  -0.01  | Yaw rate [º/s]:  0.02
22:01:35.055 > Roll rate [º/s]:  -0.01  | Pitch rate [º/s]:  0.02  | Yaw rate [º/s]:  -0.01
22:01:35.105 > Roll rate [º/s]:  -0.01  | Pitch rate [º/s]:  -0.02  | Yaw rate [º/s]:  -0.04
22:01:35.160 > Roll rate [º/s]:  -0.01  | Pitch rate [º/s]:  -0.02  | Yaw rate [º/s]:  0.02
22:01:35.210 > Roll rate [º/s]:  -0.02  | Pitch rate [º/s]:  -0.04  | Yaw rate [º/s]:  -0.01
22:01:35.263 > Roll rate [º/s]:  0.01  | Pitch rate [º/s]:  0.01  | Yaw rate [º/s]:  -0.04
22:01:35.315 > Roll rate [º/s]:  -0.02  | Pitch rate [º/s]:  -0.01  | Yaw rate [º/s]:  -0.02
22:01:35.368 > Roll rate [º/s]:  0.01  | Pitch rate [º/s]:  -0.02  | Yaw rate [º/s]:  -0.04
22:01:35.420 > Roll rate [º/s]:  0.02  | Pitch rate [º/s]:  0.04  | Yaw rate [º/s]:  0.04
22:01:35.473 > Roll rate [º/s]:  -0.01  | Pitch rate [º/s]:  -0.02  | Yaw rate [º/s]:  -0.02
22:01:35.525 > Roll rate [º/s]:  -0.02  | Pitch rate [º/s]:  -0.02  | Yaw rate [º/s]:  0.01
22:01:35.577 > Roll rate [º/s]:  -0.01  | Pitch rate [º/s]:  0.02  | Yaw rate [º/s]:  -0.02
22:01:35.629 > Roll rate [º/s]:  -0.02  | Pitch rate [º/s]:  -0.01  | Yaw rate [º/s]:  0.02
22:01:35.681 > Roll rate [º/s]:  -0.04  | Pitch rate [º/s]:  -0.01  | Yaw rate [º/s]:  -0.02
22:01:35.735 > Roll rate [º/s]:  0.01  | Pitch rate [º/s]:  -0.01  | Yaw rate [º/s]:  -0.02
22:01:35.786 > Roll rate [º/s]:  -0.02  | Pitch rate [º/s]:  -0.02  | Yaw rate [º/s]:  0.01
22:01:35.841 > Roll rate [º/s]:  -0.01  | Pitch rate [º/s]:  0.01  | Yaw rate [º/s]:  -0.01
22:01:35.891 > Roll rate [º/s]:  0.01  | Pitch rate [º/s]:  0.04  | Yaw rate [º/s]:  0.01
22:01:35.942 > Roll rate [º/s]:  -0.02  | Pitch rate [º/s]:  -0.01  | Yaw rate [º/s]:  -0.01
22:01:35.996 > Roll rate [º/s]:  -0.02  | Pitch rate [º/s]:  -0.01  | Yaw rate [º/s]:  0.02
22:01:36.047 > Roll rate [º/s]:  0.01  | Pitch rate [º/s]:  0.01  | Yaw rate [º/s]:  -0.01
22:01:36.100 > Roll rate [º/s]:  0.02  | Pitch rate [º/s]:  -0.01  | Yaw rate [º/s]:  -0.01
22:01:36.151 > Roll rate [º/s]:  0.02  | Pitch rate [º/s]:  0.01  | Yaw rate [º/s]:  -0.02
22:01:36.204 > Roll rate [º/s]:  -0.02  | Pitch rate [º/s]:  -0.01  | Yaw rate [º/s]:  0.02
22:01:36.255 > Roll rate [º/s]:  0.01  | Pitch rate [º/s]:  0.02  | Yaw rate [º/s]:  -0.02
22:01:36.307 > Roll rate [º/s]:  -0.01  | Pitch rate [º/s]:  0.04  | Yaw rate [º/s]:  -0.01
22:01:36.360 > Roll rate [º/s]:  0.01  | Pitch rate [º/s]:  -0.01  | Yaw rate [º/s]:  0.01
22:01:36.411 > Roll rate [º/s]:  0.01  | Pitch rate [º/s]:  0.01  | Yaw rate [º/s]:  0.01
22:01:36.464 > Roll rate [º/s]:  -0.02  | Pitch rate [º/s]:  0.04  | Yaw rate [º/s]:  0.01
22:01:36.517 > Roll rate [º/s]:  -0.01  | Pitch rate [º/s]:  0.02  | Yaw rate [º/s]:  0.01
22:01:36.568 > Roll rate [º/s]:  -0.02  | Pitch rate [º/s]:  0.04  | Yaw rate [º/s]:  -0.01
22:01:36.619 > Roll rate [º/s]:  -0.01  | Pitch rate [º/s]:  -0.04  | Yaw rate [º/s]:  0.01
22:01:36.672 > Roll rate [º/s]:  -0.04  | Pitch rate [º/s]:  0.04  | Yaw rate [º/s]:  0.01
22:01:36.724 > Roll rate [º/s]:  0.01  | Pitch rate [º/s]:  0.01  | Yaw rate [º/s]:  0.02
22:01:36.775 > Roll rate [º/s]:  0.04  | Pitch rate [º/s]:  -0.01  | Yaw rate [º/s]:  -0.01
22:01:36.827 > Roll rate [º/s]:  -0.01  | Pitch rate [º/s]:  0.01  | Yaw rate [º/s]:  -0.04
22:01:36.879 > Roll rate [º/s]:  -0.02  | Pitch rate [º/s]:  -0.01  | Yaw rate [º/s]:  0.01
22:01:36.931 > Roll rate [º/s]:  -0.02  | Pitch rate [º/s]:  -0.02  | Yaw rate [º/s]:  -0.04
22:01:36.984 > Roll rate [º/s]:  -0.04  | Pitch rate [º/s]:  -0.04  | Yaw rate [º/s]:  0.01
22:01:37.036 > Roll rate [º/s]:  -0.02  | Pitch rate [º/s]:  0.02  | Yaw rate [º/s]:  0.01
22:01:37.088 > Roll rate [º/s]:  -0.05  | Pitch rate [º/s]:  0.01  | Yaw rate [º/s]:  -0.01
22:01:37.140 > Roll rate [º/s]:  -0.01  | Pitch rate [º/s]:  -0.02  | Yaw rate [º/s]:  0.01
22:01:37.192 > Roll rate [º/s]:  -0.04  | Pitch rate [º/s]:  0.02  | Yaw rate [º/s]:  0.01
22:01:37.245 > Roll rate [º/s]:  0.02  | Pitch rate [º/s]:  -0.01  | Yaw rate [º/s]:  0.02
22:01:37.296 > Roll rate [º/s]:  0.01  | Pitch rate [º/s]:  -0.04  | Yaw rate [º/s]:  0.01
22:01:37.349 > Roll rate [º/s]:  -0.02  | Pitch rate [º/s]:  -0.09  | Yaw rate [º/s]:  0.02
22:01:37.401 > Roll rate [º/s]:  -0.01  | Pitch rate [º/s]:  0.02  | Yaw rate [º/s]:  -0.02
22:01:37.454 > Roll rate [º/s]:  -0.04  | Pitch rate [º/s]:  -0.01  | Yaw rate [º/s]:  -0.01
22:01:37.505 > Roll rate [º/s]:  -0.01  | Pitch rate [º/s]:  -0.01  | Yaw rate [º/s]:  0.01
22:01:37.557 > Roll rate [º/s]:  -0.02  | Pitch rate [º/s]:  0.02  | Yaw rate [º/s]:  -0.01
22:01:37.609 > Roll rate [º/s]:  -0.01  | Pitch rate [º/s]:  0.01  | Yaw rate [º/s]:  -0.01
22:01:37.661 > Roll rate [º/s]:  -0.01  | Pitch rate [º/s]:  0.02  | Yaw rate [º/s]:  -0.02
22:01:37.714 > Roll rate [º/s]:  -0.02  | Pitch rate [º/s]:  -0.01  | Yaw rate [º/s]:  -0.02
22:01:37.768 > Roll rate [º/s]:  -0.04  | Pitch rate [º/s]:  0.02  | Yaw rate [º/s]:  -0.02
22:01:37.818 > Roll rate [º/s]:  0.01  | Pitch rate [º/s]:  -0.01  | Yaw rate [º/s]:  -0.01
22:01:37.870 > Roll rate [º/s]:  -0.01  | Pitch rate [º/s]:  0.02  | Yaw rate [º/s]:  -0.01
22:01:37.923 > Roll rate [º/s]:  -0.01  | Pitch rate [º/s]:  0.02  | Yaw rate [º/s]:  -0.02
22:01:37.975 > Roll rate [º/s]:  0.01  | Pitch rate [º/s]:  0.01  | Yaw rate [º/s]:  -0.02
22:01:38.027 > Roll rate [º/s]:  -0.01  | Pitch rate [º/s]:  0.02  | Yaw rate [º/s]:  0.04
22:01:38.078 > Roll rate [º/s]:  -0.02  | Pitch rate [º/s]:  -0.01  | Yaw rate [º/s]:  0.01
22:01:38.130 > Roll rate [º/s]:  -0.01  | Pitch rate [º/s]:  0.08  | Yaw rate [º/s]:  -0.01
22:01:38.183 > Roll rate [º/s]:  0.01  | Pitch rate [º/s]:  0.04  | Yaw rate [º/s]:  0.02
22:01:38.236 > Roll rate [º/s]:  -0.02  | Pitch rate [º/s]:  0.02  | Yaw rate [º/s]:  0.01
22:01:38.286 > Roll rate [º/s]:  0.01  | Pitch rate [º/s]:  0.01  | Yaw rate [º/s]:  -0.02
22:01:38.339 > Roll rate [º/s]:  0.02  | Pitch rate [º/s]:  -0.02  | Yaw rate [º/s]:  0.02
22:01:38.390 > Roll rate [º/s]:  0.02  | Pitch rate [º/s]:  0.02  | Yaw rate [º/s]:  -0.01
22:01:38.443 > Roll rate [º/s]:  -0.02  | Pitch rate [º/s]:  0.01  | Yaw rate [º/s]:  -0.02
22:01:38.494 > Roll rate [º/s]:  -0.02  | Pitch rate [º/s]:  -0.02  | Yaw rate [º/s]:  0.01
22:01:38.546 > Roll rate [º/s]:  0.02  | Pitch rate [º/s]:  0.01  | Yaw rate [º/s]:  0.04
22:01:38.598 > Roll rate [º/s]:  0.01  | Pitch rate [º/s]:  0.02  | Yaw rate [º/s]:  -0.01
22:01:38.650 > Roll rate [º/s]:  0.04  | Pitch rate [º/s]:  -0.06  | Yaw rate [º/s]:  -0.01
22:01:38.703 > Roll rate [º/s]:  0.02  | Pitch rate [º/s]:  0.05  | Yaw rate [º/s]:  0.01
22:01:38.755 > Roll rate [º/s]:  0.01  | Pitch rate [º/s]:  -0.02  | Yaw rate [º/s]:  -0.02
22:01:38.806 > Roll rate [º/s]:  -0.01  | Pitch rate [º/s]:  -0.04  | Yaw rate [º/s]:  -0.01
22:01:38.861 > Roll rate [º/s]:  -0.02  | Pitch rate [º/s]:  -0.04  | Yaw rate [º/s]:  0.01
22:01:38.911 > Roll rate [º/s]:  0.01  | Pitch rate [º/s]:  0.01  | Yaw rate [º/s]:  0.01
22:01:38.963 > Roll rate [º/s]:  0.01  | Pitch rate [º/s]:  0.01  | Yaw rate [º/s]:  0.02
22:01:39.015 > Roll rate [º/s]:  -0.04  | Pitch rate [º/s]:  0.02  | Yaw rate [º/s]:  -0.01
22:01:39.069 > Roll rate [º/s]:  -0.02  | Pitch rate [º/s]:  -0.01  | Yaw rate [º/s]:  -0.05
22:01:39.121 > Roll rate [º/s]:  -0.02  | Pitch rate [º/s]:  -0.01  | Yaw rate [º/s]:  0.01
22:01:39.172 > Roll rate [º/s]:  -0.02  | Pitch rate [º/s]:  0.07  | Yaw rate [º/s]:  -0.01
22:01:39.224 > Roll rate [º/s]:  0.02  | Pitch rate [º/s]:  0.02  | Yaw rate [º/s]:  -0.02
22:01:39.276 > Roll rate [º/s]:  -0.05  | Pitch rate [º/s]:  -0.01  | Yaw rate [º/s]:  -0.02
22:01:39.329 > Roll rate [º/s]:  -0.01  | Pitch rate [º/s]:  -0.02  | Yaw rate [º/s]:  -0.01
22:01:39.382 > Roll rate [º/s]:  -0.02  | Pitch rate [º/s]:  0.01  | Yaw rate [º/s]:  -0.04
22:01:39.436 > Roll rate [º/s]:  -0.05  | Pitch rate [º/s]:  0.02  | Yaw rate [º/s]:  -0.01
22:01:39.486 > Roll rate [º/s]:  -0.02  | Pitch rate [º/s]:  -0.02  | Yaw rate [º/s]:  -0.02
22:01:39.539 > Roll rate [º/s]:  -0.01  | Pitch rate [º/s]:  -0.02  | Yaw rate [º/s]:  -0.01
22:01:39.593 > Roll rate [º/s]:  0.02  | Pitch rate [º/s]:  -0.02  | Yaw rate [º/s]:  0.01
22:01:39.645 > Roll rate [º/s]:  0.02  | Pitch rate [º/s]:  0.04  | Yaw rate [º/s]:  -0.01
22:01:39.698 > Roll rate [º/s]:  0.01  | Pitch rate [º/s]:  0.02  | Yaw rate [º/s]:  0.01
22:01:39.749 > Roll rate [º/s]:  -0.01  | Pitch rate [º/s]:  -0.02  | Yaw rate [º/s]:  -0.01
22:01:39.801 > Roll rate [º/s]:  0.01  | Pitch rate [º/s]:  0.01  | Yaw rate [º/s]:  -0.04
22:01:39.853 > Roll rate [º/s]:  0.01  | Pitch rate [º/s]:  -0.04  | Yaw rate [º/s]:  0.04
22:01:39.906 > Roll rate [º/s]:  -0.02  | Pitch rate [º/s]:  0.02  | Yaw rate [º/s]:  0.02
22:01:39.958 > Roll rate [º/s]:  -0.02  | Pitch rate [º/s]:  -0.02  | Yaw rate [º/s]:  -0.02
22:01:40.010 > Roll rate [º/s]:  -0.01  | Pitch rate [º/s]:  -0.02  | Yaw rate [º/s]:  -0.02
22:01:40.067 > Roll rate [º/s]:  -0.02  | Pitch rate [º/s]:  0.01  | Yaw rate [º/s]:  -0.02
22:01:40.117 > Roll rate [º/s]:  0.02  | Pitch rate [º/s]:  0.02  | Yaw rate [º/s]:  -0.01
22:01:40.168 > Roll rate [º/s]:  0.02  | Pitch rate [º/s]:  0.01  | Yaw rate [º/s]:  0.04
22:01:40.219 > Roll rate [º/s]:  -0.01  | Pitch rate [º/s]:  -0.02  | Yaw rate [º/s]:  -0.01
22:01:40.273 > Roll rate [º/s]:  -0.01  | Pitch rate [º/s]:  -0.02  | Yaw rate [º/s]:  -0.02
22:01:40.326 > Roll rate [º/s]:  0.02  | Pitch rate [º/s]:  0.04  | Yaw rate [º/s]:  -0.01
22:01:40.377 > Roll rate [º/s]:  0.01  | Pitch rate [º/s]:  0.02  | Yaw rate [º/s]:  -0.02
22:01:40.429 > Roll rate [º/s]:  0.04  | Pitch rate [º/s]:  -0.04  | Yaw rate [º/s]:  -0.01
22:01:40.481 > Roll rate [º/s]:  -0.05  | Pitch rate [º/s]:  0.01  | Yaw rate [º/s]:  0.04
22:01:40.534 > Roll rate [º/s]:  0.01  | Pitch rate [º/s]:  -0.02  | Yaw rate [º/s]:  0.01
22:01:40.585 > Roll rate [º/s]:  0.01  | Pitch rate [º/s]:  0.02  | Yaw rate [º/s]:  -0.02
22:01:40.637 > Roll rate [º/s]:  0.04  | Pitch rate [º/s]:  0.04  | Yaw rate [º/s]:  -0.01
22:01:40.689 > Roll rate [º/s]:  -0.02  | Pitch rate [º/s]:  -0.04  | Yaw rate [º/s]:  0.01
22:01:40.741 > Roll rate [º/s]:  0.01  | Pitch rate [º/s]:  -0.01  | Yaw rate [º/s]:  -0.02
22:01:40.794 > Roll rate [º/s]:  -0.02  | Pitch rate [º/s]:  0.02  | Yaw rate [º/s]:  -0.02
22:01:40.845 > Roll rate [º/s]:  0.01  | Pitch rate [º/s]:  0.01  | Yaw rate [º/s]:  0.02
22:01:40.897 > Roll rate [º/s]:  -0.01  | Pitch rate [º/s]:  0.05  | Yaw rate [º/s]:  0.01
22:01:40.949 > Roll rate [º/s]:  -0.04  | Pitch rate [º/s]:  0.01  | Yaw rate [º/s]:  -0.02
22:01:41.001 > Roll rate [º/s]:  0.01  | Pitch rate [º/s]:  0.02  | Yaw rate [º/s]:  -0.02
22:01:41.055 > Roll rate [º/s]:  -0.01  | Pitch rate [º/s]:  -0.02  | Yaw rate [º/s]:  -0.01
22:01:41.107 > Roll rate [º/s]:  0.02  | Pitch rate [º/s]:  -0.02  | Yaw rate [º/s]:  -0.05
22:01:41.158 > Roll rate [º/s]:  0.02  | Pitch rate [º/s]:  0.01  | Yaw rate [º/s]:  -0.01
22:01:41.210 > Roll rate [º/s]:  0.01  | Pitch rate [º/s]:  0.01  | Yaw rate [º/s]:  -0.04
22:01:41.262 > Roll rate [º/s]:  -0.04  | Pitch rate [º/s]:  -0.06  | Yaw rate [º/s]:  -0.01
22:01:41.315 > Roll rate [º/s]:  0.01  | Pitch rate [º/s]:  0.04  | Yaw rate [º/s]:  0.02
22:01:41.369 > Roll rate [º/s]:  -0.01  | Pitch rate [º/s]:  -0.02  | Yaw rate [º/s]:  -0.01
22:01:41.421 > Roll rate [º/s]:  -0.02  | Pitch rate [º/s]:  -0.01  | Yaw rate [º/s]:  -0.01
22:01:41.473 > Roll rate [º/s]:  0.02  | Pitch rate [º/s]:  -0.02  | Yaw rate [º/s]:  0.01
22:01:41.525 > Roll rate [º/s]:  -0.01  | Pitch rate [º/s]:  -0.04  | Yaw rate [º/s]:  -0.01
22:01:41.578 > Roll rate [º/s]:  -0.01  | Pitch rate [º/s]:  -0.01  | Yaw rate [º/s]:  0.01
22:01:41.630 > Roll rate [º/s]:  0.01  | Pitch rate [º/s]:  0.04  | Yaw rate [º/s]:  0.01
22:01:41.682 > Roll rate [º/s]:  0.01  | Pitch rate [º/s]:  0.02  | Yaw rate [º/s]:  -0.04
22:01:41.734 > Roll rate [º/s]:  -0.02  | Pitch rate [º/s]:  0.02  | Yaw rate [º/s]:  -0.01
22:01:41.786 > Roll rate [º/s]:  0.01  | Pitch rate [º/s]:  -0.02  | Yaw rate [º/s]:  -0.07
22:01:41.838 > Roll rate [º/s]:  0.01  | Pitch rate [º/s]:  0.01  | Yaw rate [º/s]:  -0.01
22:01:41.890 > Roll rate [º/s]:  0.02  | Pitch rate [º/s]:  0.04  | Yaw rate [º/s]:  0.08
22:01:41.942 > Roll rate [º/s]:  -0.01  | Pitch rate [º/s]:  0.02  | Yaw rate [º/s]:  -0.08
22:01:41.994 > Roll rate [º/s]:  -0.02  | Pitch rate [º/s]:  0.05  | Yaw rate [º/s]:  -0.01
22:01:42.046 > Roll rate [º/s]:  0.02  | Pitch rate [º/s]:  0.04  | Yaw rate [º/s]:  0.11
22:01:42.098 > Roll rate [º/s]:  0.01  | Pitch rate [º/s]:  -0.04  | Yaw rate [º/s]:  -0.07
22:01:42.150 > Roll rate [º/s]:  -0.02  | Pitch rate [º/s]:  -0.01  | Yaw rate [º/s]:  -0.01
22:01:42.203 > Roll rate [º/s]:  0.01  | Pitch rate [º/s]:  -0.04  | Yaw rate [º/s]:  0.07
22:01:42.256 > Roll rate [º/s]:  -0.04  | Pitch rate [º/s]:  -0.01  | Yaw rate [º/s]:  -0.10
22:01:42.308 > Roll rate [º/s]:  -0.02  | Pitch rate [º/s]:  0.01  | Yaw rate [º/s]:  0.05
22:01:42.360 > Roll rate [º/s]:  0.01  | Pitch rate [º/s]:  -0.02  | Yaw rate [º/s]:  0.05
22:01:42.412 > Roll rate [º/s]:  -0.01  | Pitch rate [º/s]:  -0.01  | Yaw rate [º/s]:  -0.07
22:01:42.465 > Roll rate [º/s]:  0.02  | Pitch rate [º/s]:  0.04  | Yaw rate [º/s]:  0.04
22:01:42.517 > Roll rate [º/s]:  -0.02  | Pitch rate [º/s]:  0.02  | Yaw rate [º/s]:  -0.01
22:01:42.569 > Roll rate [º/s]:  -0.04  | Pitch rate [º/s]:  0.01  | Yaw rate [º/s]:  -0.08
22:01:42.621 > Roll rate [º/s]:  0.01  | Pitch rate [º/s]:  -0.06  | Yaw rate [º/s]:  0.05
22:01:42.673 > Roll rate [º/s]:  0.02  | Pitch rate [º/s]:  0.01  | Yaw rate [º/s]:  0.02
22:01:42.725 > Roll rate [º/s]:  -0.04  | Pitch rate [º/s]:  -0.04  | Yaw rate [º/s]:  -0.08
22:01:42.778 > Roll rate [º/s]:  -0.02  | Pitch rate [º/s]:  0.04  | Yaw rate [º/s]:  0.08
22:01:42.830 > Roll rate [º/s]:  0.01  | Pitch rate [º/s]:  0.02  | Yaw rate [º/s]:  -0.04
22:01:42.882 > Roll rate [º/s]:  0.01  | Pitch rate [º/s]:  0.04  | Yaw rate [º/s]:  -0.04
22:01:42.934 > Roll rate [º/s]:  -0.02  | Pitch rate [º/s]:  -0.04  | Yaw rate [º/s]:  0.08
22:01:42.986 > Roll rate [º/s]:  -0.04  | Pitch rate [º/s]:  0.01  | Yaw rate [º/s]:  -0.02
22:01:43.038 > Roll rate [º/s]:  0.01  | Pitch rate [º/s]:  -0.04  | Yaw rate [º/s]:  -0.01
22:01:43.090 > Roll rate [º/s]:  -0.05  | Pitch rate [º/s]:  0.01  | Yaw rate [º/s]:  0.05
22:01:43.142 > Roll rate [º/s]:  0.01  | Pitch rate [º/s]:  -0.02  | Yaw rate [º/s]:  -0.04
22:01:43.194 > Roll rate [º/s]:  -0.02  | Pitch rate [º/s]:  -0.04  | Yaw rate [º/s]:  0.01
22:01:43.246 > Roll rate [º/s]:  -0.01  | Pitch rate [º/s]:  -0.02  | Yaw rate [º/s]:  0.07
22:01:43.298 > Roll rate [º/s]:  0.02  | Pitch rate [º/s]:  -0.07  | Yaw rate [º/s]:  -0.02
22:01:43.350 > Roll rate [º/s]:  0.01  | Pitch rate [º/s]:  0.01  | Yaw rate [º/s]:  0.02
22:01:43.402 > Roll rate [º/s]:  0.02  | Pitch rate [º/s]:  -0.06  | Yaw rate [º/s]:  0.02
22:01:43.454 > Roll rate [º/s]:  0.01  | Pitch rate [º/s]:  -0.01  | Yaw rate [º/s]:  -0.02
22:01:43.506 > Roll rate [º/s]:  0.01  | Pitch rate [º/s]:  0.01  | Yaw rate [º/s]:  -0.01
22:01:43.559 > Roll rate [º/s]:  -0.04  | Pitch rate [º/s]:  0.01  | Yaw rate [º/s]:  0.04
22:01:43.610 > Roll rate [º/s]:  0.01  | Pitch rate [º/s]:  0.05  | Yaw rate [º/s]:  -0.04
22:01:43.662 > Roll rate [º/s]:  -0.01  | Pitch rate [º/s]:  0.02  | Yaw rate [º/s]:  0.01
22:01:43.714 > Roll rate [º/s]:  -0.01  | Pitch rate [º/s]:  -0.02  | Yaw rate [º/s]:  0.01
22:01:43.766 > Roll rate [º/s]:  0.01  | Pitch rate [º/s]:  -0.01  | Yaw rate [º/s]:  -0.01
22:01:43.819 > Roll rate [º/s]:  0.04  | Pitch rate [º/s]:  0.04  | Yaw rate [º/s]:  0.05
22:01:43.870 > Roll rate [º/s]:  -0.01  | Pitch rate [º/s]:  0.01  | Yaw rate [º/s]:  -0.01
22:01:43.922 > Roll rate [º/s]:  -0.04  | Pitch rate [º/s]:  -0.02  | Yaw rate [º/s]:  -0.04
22:01:43.975 > Roll rate [º/s]:  -0.04  | Pitch rate [º/s]:  0.02  | Yaw rate [º/s]:  0.04
22:01:44.027 > Roll rate [º/s]:  0.04  | Pitch rate [º/s]:  0.01  | Yaw rate [º/s]:  -0.02
22:01:44.079 > Roll rate [º/s]:  -0.04  | Pitch rate [º/s]:  -0.01  | Yaw rate [º/s]:  -0.04
22:01:44.133 > Roll rate [º/s]:  0.01  | Pitch rate [º/s]:  0.01  | Yaw rate [º/s]:  -0.01
22:01:44.184 > Roll rate [º/s]:  0.01  | Pitch rate [º/s]:  0.02  | Yaw rate [º/s]:  0.01
22:01:44.236 > Roll rate [º/s]:  -0.02  | Pitch rate [º/s]:  -0.01  | Yaw rate [º/s]:  -0.01
22:01:44.289 > Roll rate [º/s]:  -0.01  | Pitch rate [º/s]:  0.04  | Yaw rate [º/s]:  0.01
22:01:44.342 > Roll rate [º/s]:  0.01  | Pitch rate [º/s]:  -0.01  | Yaw rate [º/s]:  -0.01
22:01:44.393 > Roll rate [º/s]:  -0.01  | Pitch rate [º/s]:  0.01  | Yaw rate [º/s]:  0.01
22:01:44.445 > Roll rate [º/s]:  -0.04  | Pitch rate [º/s]:  0.01  | Yaw rate [º/s]:  0.07
22:01:44.497 > Roll rate [º/s]:  0.05  | Pitch rate [º/s]:  0.02  | Yaw rate [º/s]:  0.02
22:01:44.549 > Roll rate [º/s]:  0.01  | Pitch rate [º/s]:  0.02  | Yaw rate [º/s]:  0.02
22:01:44.601 > Roll rate [º/s]:  -0.01  | Pitch rate [º/s]:  -0.02  | Yaw rate [º/s]:  0.01
22:01:44.654 > Roll rate [º/s]:  -0.04  | Pitch rate [º/s]:  -0.01  | Yaw rate [º/s]:  -0.04
22:01:44.706 > Roll rate [º/s]:  -0.01  | Pitch rate [º/s]:  -0.02  | Yaw rate [º/s]:  -0.01
22:01:44.760 > Roll rate [º/s]:  -0.02  | Pitch rate [º/s]:  0.01  | Yaw rate [º/s]:  0.02
22:01:44.811 > Roll rate [º/s]:  0.01  | Pitch rate [º/s]:  -0.04  | Yaw rate [º/s]:  0.01
22:01:44.863 > Roll rate [º/s]:  -0.01  | Pitch rate [º/s]:  0.01  | Yaw rate [º/s]:  0.01
22:01:44.915 > Roll rate [º/s]:  -0.04  | Pitch rate [º/s]:  -0.01  | Yaw rate [º/s]:  0.01
22:01:44.967 > Roll rate [º/s]:  -0.04  | Pitch rate [º/s]:  0.02  | Yaw rate [º/s]:  -0.04
22:01:45.019 > Roll rate [º/s]:  -0.01  | Pitch rate [º/s]:  0.01  | Yaw rate [º/s]:  -0.01
22:01:45.071 > Roll rate [º/s]:  -0.01  | Pitch rate [º/s]:  -0.04  | Yaw rate [º/s]:  -0.04
22:01:45.124 > Roll rate [º/s]:  0.02  | Pitch rate [º/s]:  0.01  | Yaw rate [º/s]:  0.01
22:01:45.176 > Roll rate [º/s]:  0.02  | Pitch rate [º/s]:  -0.02  | Yaw rate [º/s]:  -0.01
22:01:45.228 > Roll rate [º/s]:  -0.01  | Pitch rate [º/s]:  -0.02  | Yaw rate [º/s]:  0.01
22:01:45.280 > Roll rate [º/s]:  -0.01  | Pitch rate [º/s]:  0.01  | Yaw rate [º/s]:  0.01
22:01:45.332 > Roll rate [º/s]:  0.04  | Pitch rate [º/s]:  0.02  | Yaw rate [º/s]:  0.02
22:01:45.389 > Roll rate [º/s]:  -0.02  | Pitch rate [º/s]:  -0.01  | Yaw rate [º/s]:  0.01
22:01:45.438 > Roll rate [º/s]:  0.02  | Pitch rate [º/s]:  0.02  | Yaw rate [º/s]:  0.01
22:01:45.488 > Roll rate [º/s]:  -0.02  | Pitch rate [º/s]:  0.07  | Yaw rate [º/s]:  -0.01
22:01:45.540 > Roll rate [º/s]:  0.01  | Pitch rate [º/s]:  -0.02  | Yaw rate [º/s]:  -0.02
22:01:45.593 > Roll rate [º/s]:  -0.01  | Pitch rate [º/s]:  -0.01  | Yaw rate [º/s]:  -0.02
22:01:45.645 > Roll rate [º/s]:  -0.01  | Pitch rate [º/s]:  -0.02  | Yaw rate [º/s]:  -0.04
22:01:45.698 > Roll rate [º/s]:  0.02  | Pitch rate [º/s]:  0.02  | Yaw rate [º/s]:  -0.02
22:01:45.750 > Roll rate [º/s]:  -0.02  | Pitch rate [º/s]:  -0.01  | Yaw rate [º/s]:  0.01
22:01:45.802 > Roll rate [º/s]:  -0.02  | Pitch rate [º/s]:  -0.04  | Yaw rate [º/s]:  0.01
22:01:45.854 > Roll rate [º/s]:  -0.01  | Pitch rate [º/s]:  0.01  | Yaw rate [º/s]:  -0.01
22:01:45.906 > Roll rate [º/s]:  0.01  | Pitch rate [º/s]:  0.04  | Yaw rate [º/s]:  -0.01
22:01:45.958 > Roll rate [º/s]:  -0.05  | Pitch rate [º/s]:  0.01  | Yaw rate [º/s]:  0.01
22:01:46.014 > Roll rate [º/s]:  -0.01  | Pitch rate [º/s]:  -0.01  | Yaw rate [º/s]:  -0.01
22:01:46.063 > Roll rate [º/s]:  0.01  | Pitch rate [º/s]:  -0.04  | Yaw rate [º/s]:  -0.01
22:01:46.115 > Roll rate [º/s]:  -0.01  | Pitch rate [º/s]:  -0.01  | Yaw rate [º/s]:  -0.01
22:01:46.168 > Roll rate [º/s]:  -0.01  | Pitch rate [º/s]:  0.01  | Yaw rate [º/s]:  -0.05
22:01:46.220 > Roll rate [º/s]:  0.02  | Pitch rate [º/s]:  0.02  | Yaw rate [º/s]:  0.01
22:01:46.272 > Roll rate [º/s]:  -0.02  | Pitch rate [º/s]:  -0.01  | Yaw rate [º/s]:  0.01
22:01:46.324 > Roll rate [º/s]:  -0.01  | Pitch rate [º/s]:  0.07  | Yaw rate [º/s]:  0.04
22:01:46.376 > Roll rate [º/s]:  -0.02  | Pitch rate [º/s]:  0.01  | Yaw rate [º/s]:  0.01
22:01:46.428 > Roll rate [º/s]:  -0.01  | Pitch rate [º/s]:  0.07  | Yaw rate [º/s]:  -0.04
22:01:46.481 > Roll rate [º/s]:  -0.01  | Pitch rate [º/s]:  -0.01  | Yaw rate [º/s]:  0.02
22:01:46.532 > Roll rate [º/s]:  0.01  | Pitch rate [º/s]:  -0.02  | Yaw rate [º/s]:  0.02
22:01:46.584 > Roll rate [º/s]:  -0.01  | Pitch rate [º/s]:  0.02  | Yaw rate [º/s]:  0.02
22:01:46.636 > Roll rate [º/s]:  0.02  | Pitch rate [º/s]:  -0.01  | Yaw rate [º/s]:  -0.01
22:01:46.688 > Roll rate [º/s]:  -0.02  | Pitch rate [º/s]:  -0.01  | Yaw rate [º/s]:  -0.04
22:01:46.742 > Roll rate [º/s]:  -0.01  | Pitch rate [º/s]:  0.01  | Yaw rate [º/s]:  0.01
22:01:46.793 > Roll rate [º/s]:  0.02  | Pitch rate [º/s]:  0.02  | Yaw rate [º/s]:  0.01
22:01:46.845 > Roll rate [º/s]:  0.01  | Pitch rate [º/s]:  -0.07  | Yaw rate [º/s]:  -0.05
22:01:46.897 > Roll rate [º/s]:  -0.02  | Pitch rate [º/s]:  0.04  | Yaw rate [º/s]:  -0.02
22:01:46.949 > Roll rate [º/s]:  -0.01  | Pitch rate [º/s]:  0.01  | Yaw rate [º/s]:  0.01
22:01:47.001 > Roll rate [º/s]:  -0.02  | Pitch rate [º/s]:  -0.01  | Yaw rate [º/s]:  0.02
22:01:47.053 > Roll rate [º/s]:  -0.02  | Pitch rate [º/s]:  -0.04  | Yaw rate [º/s]:  0.01
22:01:47.105 > Roll rate [º/s]:  0.01  | Pitch rate [º/s]:  -0.01  | Yaw rate [º/s]:  -0.01
22:01:47.157 > Roll rate [º/s]:  0.02  | Pitch rate [º/s]:  -0.01  | Yaw rate [º/s]:  -0.01
22:01:47.210 > Roll rate [º/s]:  0.01  | Pitch rate [º/s]:  0.01  | Yaw rate [º/s]:  -0.02
22:01:47.265 > Roll rate [º/s]:  0.02  | Pitch rate [º/s]:  0.01  | Yaw rate [º/s]:  -0.01
22:01:47.313 > Roll rate [º/s]:  -0.02  | Pitch rate [º/s]:  -0.02  | Yaw rate [º/s]:  -0.01
22:01:47.366 > Roll rate [º/s]:  0.02  | Pitch rate [º/s]:  0.02  | Yaw rate [º/s]:  -0.02
22:01:47.418 > Roll rate [º/s]:  0.02  | Pitch rate [º/s]:  0.01  | Yaw rate [º/s]:  0.01
22:01:47.470 > Roll rate [º/s]:  -0.01  | Pitch rate [º/s]:  0.05  | Yaw rate [º/s]:  0.02
22:01:47.522 > Roll rate [º/s]:  -0.02  | Pitch rate [º/s]:  -0.01  | Yaw rate [º/s]:  -0.01
22:01:47.575 > Roll rate [º/s]:  -0.01  | Pitch rate [º/s]:  0.04  | Yaw rate [º/s]:  0.01
22:01:47.627 > Roll rate [º/s]:  -0.01  | Pitch rate [º/s]:  -0.06  | Yaw rate [º/s]:  0.02
22:01:47.679 > Roll rate [º/s]:  -0.02  | Pitch rate [º/s]:  -0.01  | Yaw rate [º/s]:  0.02
22:01:47.731 > Roll rate [º/s]:  0.01  | Pitch rate [º/s]:  -0.01  | Yaw rate [º/s]:  0.01
22:01:47.783 > Roll rate [º/s]:  0.01  | Pitch rate [º/s]:  -0.04  | Yaw rate [º/s]:  0.01
22:01:47.835 > Roll rate [º/s]:  0.02  | Pitch rate [º/s]:  0.05  | Yaw rate [º/s]:  -0.01
22:01:47.888 > Roll rate [º/s]:  0.01  | Pitch rate [º/s]:  0.02  | Yaw rate [º/s]:  0.02
22:01:47.939 > Roll rate [º/s]:  0.01  | Pitch rate [º/s]:  0.02  | Yaw rate [º/s]:  -0.04
22:01:47.991 > Roll rate [º/s]:  -0.04  | Pitch rate [º/s]:  -0.01  | Yaw rate [º/s]:  -0.02
22:01:48.044 > Roll rate [º/s]:  0.02  | Pitch rate [º/s]:  -0.02  | Yaw rate [º/s]:  0.04
22:01:48.096 > Roll rate [º/s]:  0.01  | Pitch rate [º/s]:  -0.06  | Yaw rate [º/s]:  -0.01
22:01:48.148 > Roll rate [º/s]:  -0.01  | Pitch rate [º/s]:  -0.02  | Yaw rate [º/s]:  0.02
22:01:48.200 > Roll rate [º/s]:  -0.04  | Pitch rate [º/s]:  -0.02  | Yaw rate [º/s]:  -0.01
22:01:48.253 > Roll rate [º/s]:  -0.01  | Pitch rate [º/s]:  -0.02  | Yaw rate [º/s]:  0.01
22:01:48.307 > Roll rate [º/s]:  0.02  | Pitch rate [º/s]:  -0.01  | Yaw rate [º/s]:  -0.02
22:01:48.357 > Roll rate [º/s]:  0.01  | Pitch rate [º/s]:  0.01  | Yaw rate [º/s]:  0.01
22:01:48.409 > Roll rate [º/s]:  -0.02  | Pitch rate [º/s]:  0.02  | Yaw rate [º/s]:  -0.05
22:01:48.461 > Roll rate [º/s]:  0.01  | Pitch rate [º/s]:  0.01  | Yaw rate [º/s]:  -0.01
22:01:48.513 > Roll rate [º/s]:  -0.01  | Pitch rate [º/s]:  -0.01  | Yaw rate [º/s]:  -0.02
22:01:48.566 > Roll rate [º/s]:  0.01  | Pitch rate [º/s]:  0.01  | Yaw rate [º/s]:  -0.04
22:01:48.618 > Roll rate [º/s]:  0.01  | Pitch rate [º/s]:  0.01  | Yaw rate [º/s]:  0.07
22:01:48.670 > Roll rate [º/s]:  0.01  | Pitch rate [º/s]:  0.01  | Yaw rate [º/s]:  0.01
22:01:48.722 > Roll rate [º/s]:  -0.01  | Pitch rate [º/s]:  0.02  | Yaw rate [º/s]:  0.01
22:01:48.774 > Roll rate [º/s]:  -0.02  | Pitch rate [º/s]:  0.02  | Yaw rate [º/s]:  -0.04
22:01:48.826 > Roll rate [º/s]:  -0.01  | Pitch rate [º/s]:  0.04  | Yaw rate [º/s]:  -0.04
22:01:48.878 > Roll rate [º/s]:  0.01  | Pitch rate [º/s]:  0.02  | Yaw rate [º/s]:  0.01
22:01:48.930 > Roll rate [º/s]:  0.02  | Pitch rate [º/s]:  -0.02  | Yaw rate [º/s]:  -0.02
22:01:48.982 > Roll rate [º/s]:  0.01  | Pitch rate [º/s]:  0.01  | Yaw rate [º/s]:  0.02
22:01:49.035 > Roll rate [º/s]:  0.01  | Pitch rate [º/s]:  -0.01  | Yaw rate [º/s]:  0.02
22:01:49.086 > Roll rate [º/s]:  0.01  | Pitch rate [º/s]:  0.02  | Yaw rate [º/s]:  -0.01
22:01:49.138 > Roll rate [º/s]:  0.01  | Pitch rate [º/s]:  0.02  | Yaw rate [º/s]:  -0.01
22:01:49.190 > Roll rate [º/s]:  0.02  | Pitch rate [º/s]:  0.04  | Yaw rate [º/s]:  -0.05
22:01:49.242 > Roll rate [º/s]:  -0.01  | Pitch rate [º/s]:  -0.02  | Yaw rate [º/s]:  -0.01
22:01:49.295 > Roll rate [º/s]:  0.01  | Pitch rate [º/s]:  -0.01  | Yaw rate [º/s]:  -0.04
22:01:49.347 > Roll rate [º/s]:  0.01  | Pitch rate [º/s]:  -0.01  | Yaw rate [º/s]:  -0.01
22:01:49.399 > Roll rate [º/s]:  -0.01  | Pitch rate [º/s]:  0.05  | Yaw rate [º/s]:  0.02
22:01:49.451 > Roll rate [º/s]:  -0.02  | Pitch rate [º/s]:  -0.01  | Yaw rate [º/s]:  0.01
22:01:49.504 > Roll rate [º/s]:  -0.01  | Pitch rate [º/s]:  0.01  | Yaw rate [º/s]:  -0.02
22:01:49.555 > Roll rate [º/s]:  -0.02  | Pitch rate [º/s]:  -0.01  | Yaw rate [º/s]:  -0.04
22:01:49.608 > Roll rate [º/s]:  -0.01  | Pitch rate [º/s]:  0.01  | Yaw rate [º/s]:  -0.01
22:01:49.660 > Roll rate [º/s]:  -0.02  | Pitch rate [º/s]:  -0.01  | Yaw rate [º/s]:  -0.01
22:01:49.713 > Roll rate [º/s]:  0.01  | Pitch rate [º/s]:  0.02  | Yaw rate [º/s]:  0.01
22:01:49.765 > Roll rate [º/s]:  -0.01  | Pitch rate [º/s]:  0.04  | Yaw rate [º/s]:  0.01
22:01:49.817 > Roll rate [º/s]:  0.01  | Pitch rate [º/s]:  0.01  | Yaw rate [º/s]:  -0.01
22:01:49.869 > Roll rate [º/s]:  0.02  | Pitch rate [º/s]:  -0.01  | Yaw rate [º/s]:  0.01
22:01:49.921 > Roll rate [º/s]:  0.02  | Pitch rate [º/s]:  -0.02  | Yaw rate [º/s]:  0.01
22:01:49.973 > Roll rate [º/s]:  -0.01  | Pitch rate [º/s]:  0.04  | Yaw rate [º/s]:  -0.02
22:01:50.025 > Roll rate [º/s]:  -0.02  | Pitch rate [º/s]:  -0.02  | Yaw rate [º/s]:  -0.02
22:01:50.078 > Roll rate [º/s]:  -0.02  | Pitch rate [º/s]:  -0.01  | Yaw rate [º/s]:  0.02
22:01:50.130 > Roll rate [º/s]:  -0.02  | Pitch rate [º/s]:  0.04  | Yaw rate [º/s]:  -0.01
22:01:50.182 > Roll rate [º/s]:  -0.02  | Pitch rate [º/s]:  -0.02  | Yaw rate [º/s]:  0.01
22:01:50.234 > Roll rate [º/s]:  -0.01  | Pitch rate [º/s]:  -0.02  | Yaw rate [º/s]:  -0.01
22:01:50.287 > Roll rate [º/s]:  0.01  | Pitch rate [º/s]:  0.01  | Yaw rate [º/s]:  0.01
22:01:50.339 > Roll rate [º/s]:  -0.01  | Pitch rate [º/s]:  0.01  | Yaw rate [º/s]:  -0.02
22:01:50.391 > Roll rate [º/s]:  -0.02  | Pitch rate [º/s]:  -0.01  | Yaw rate [º/s]:  0.01
22:01:50.443 > Roll rate [º/s]:  -0.02  | Pitch rate [º/s]:  -0.01  | Yaw rate [º/s]:  -0.04
22:01:50.496 > Roll rate [º/s]:  0.04  | Pitch rate [º/s]:  -0.01  | Yaw rate [º/s]:  -0.02
22:01:50.549 > Roll rate [º/s]:  -0.01  | Pitch rate [º/s]:  -0.01  | Yaw rate [º/s]:  -0.01
22:01:50.601 > Roll rate [º/s]:  -0.02  | Pitch rate [º/s]:  0.01  | Yaw rate [º/s]:  -0.02
22:01:50.653 > Roll rate [º/s]:  0.02  | Pitch rate [º/s]:  0.05  | Yaw rate [º/s]:  -0.01
22:01:50.705 > Roll rate [º/s]:  0.01  | Pitch rate [º/s]:  0.04  | Yaw rate [º/s]:  -0.04
22:01:50.757 > Roll rate [º/s]:  0.02  | Pitch rate [º/s]:  -0.02  | Yaw rate [º/s]:  0.01
22:01:50.810 > Roll rate [º/s]:  -0.02  | Pitch rate [º/s]:  -0.02  | Yaw rate [º/s]:  0.01
22:01:50.863 > Roll rate [º/s]:  -0.01  | Pitch rate [º/s]:  -0.01  | Yaw rate [º/s]:  0.02
22:01:50.913 > Roll rate [º/s]:  0.02  | Pitch rate [º/s]:  0.05  | Yaw rate [º/s]:  -0.01
22:01:50.965 > Roll rate [º/s]:  0.02  | Pitch rate [º/s]:  0.07  | Yaw rate [º/s]:  -0.01
22:01:51.018 > Roll rate [º/s]:  0.04  | Pitch rate [º/s]:  -0.01  | Yaw rate [º/s]:  -0.02
22:01:51.069 > Roll rate [º/s]:  0.02  | Pitch rate [º/s]:  0.02  | Yaw rate [º/s]:  -0.01
22:01:51.121 > Roll rate [º/s]:  0.01  | Pitch rate [º/s]:  0.02  | Yaw rate [º/s]:  -0.01
22:01:51.173 > Roll rate [º/s]:  -0.04  | Pitch rate [º/s]:  0.02  | Yaw rate [º/s]:  -0.01
22:01:51.226 > Roll rate [º/s]:  -0.02  | Pitch rate [º/s]:  -0.01  | Yaw rate [º/s]:  0.01
22:01:51.277 > Roll rate [º/s]:  -0.01  | Pitch rate [º/s]:  0.02  | Yaw rate [º/s]:  -0.02
22:01:51.329 > Roll rate [º/s]:  -0.04  | Pitch rate [º/s]:  0.05  | Yaw rate [º/s]:  0.33
22:01:51.381 > Roll rate [º/s]:  0.02  | Pitch rate [º/s]:  -0.16  | Yaw rate [º/s]:  -0.40
22:01:51.433 > Roll rate [º/s]:  1.05  | Pitch rate [º/s]:  0.05  | Yaw rate [º/s]:  0.60
22:01:51.485 > Roll rate [º/s]:  -0.27  | Pitch rate [º/s]:  0.05  | Yaw rate [º/s]:  0.88
22:01:51.538 > Roll rate [º/s]:  -0.44  | Pitch rate [º/s]:  -0.22  | Yaw rate [º/s]:  -2.77
22:01:51.590 > Roll rate [º/s]:  -0.80  | Pitch rate [º/s]:  -0.41  | Yaw rate [º/s]:  1.67
22:01:51.642 > Roll rate [º/s]:  -0.42  | Pitch rate [º/s]:  -0.13  | Yaw rate [º/s]:  0.68
22:01:51.696 > Roll rate [º/s]:  0.28  | Pitch rate [º/s]:  -0.15  | Yaw rate [º/s]:  -2.68
22:01:51.746 > Roll rate [º/s]:  0.18  | Pitch rate [º/s]:  0.37  | Yaw rate [º/s]:  1.47
22:01:51.801 > Roll rate [º/s]:  0.11  | Pitch rate [º/s]:  0.74  | Yaw rate [º/s]:  0.07
22:01:51.850 > Roll rate [º/s]:  -0.31  | Pitch rate [º/s]:  0.19  | Yaw rate [º/s]:  -0.95
22:01:51.902 > Roll rate [º/s]:  -0.91  | Pitch rate [º/s]:  -0.24  | Yaw rate [º/s]:  3.49
22:01:51.954 > Roll rate [º/s]:  -0.48  | Pitch rate [º/s]:  0.01  | Yaw rate [º/s]:  -1.73
22:01:52.006 > Roll rate [º/s]:  0.79  | Pitch rate [º/s]:  0.27  | Yaw rate [º/s]:  2.18
22:01:52.059 > Roll rate [º/s]:  0.48  | Pitch rate [º/s]:  -0.10  | Yaw rate [º/s]:  -3.35
22:01:52.111 > Roll rate [º/s]:  0.74  | Pitch rate [º/s]:  -0.47  | Yaw rate [º/s]:  -2.08
22:01:52.162 > Roll rate [º/s]:  -0.85  | Pitch rate [º/s]:  0.23  | Yaw rate [º/s]:  4.76
22:01:52.214 > Roll rate [º/s]:  -0.39  | Pitch rate [º/s]:  -0.12  | Yaw rate [º/s]:  -0.11
22:01:52.267 > Roll rate [º/s]:  0.62  | Pitch rate [º/s]:  -0.28  | Yaw rate [º/s]:  -1.95
22:01:52.319 > Roll rate [º/s]:  -0.18  | Pitch rate [º/s]:  0.56  | Yaw rate [º/s]:  4.95
22:01:52.371 > Roll rate [º/s]:  1.69  | Pitch rate [º/s]:  -0.54  | Yaw rate [º/s]:  4.04
22:01:52.423 > Roll rate [º/s]:  1.50  | Pitch rate [º/s]:  -0.41  | Yaw rate [º/s]:  -2.85
22:01:52.475 > Roll rate [º/s]:  0.04  | Pitch rate [º/s]:  -0.21  | Yaw rate [º/s]:  0.71
22:01:52.527 > Roll rate [º/s]:  -0.36  | Pitch rate [º/s]:  -0.02  | Yaw rate [º/s]:  -0.28
22:01:52.580 > Roll rate [º/s]:  -0.30  | Pitch rate [º/s]:  0.16  | Yaw rate [º/s]:  -2.47
22:01:52.632 > Roll rate [º/s]:  -0.05  | Pitch rate [º/s]:  -0.09  | Yaw rate [º/s]:  1.21
22:01:52.685 > Roll rate [º/s]:  0.25  | Pitch rate [º/s]:  0.27  | Yaw rate [º/s]:  2.18
22:01:52.738 > Roll rate [º/s]:  -0.01  | Pitch rate [º/s]:  0.11  | Yaw rate [º/s]:  0.98
22:01:52.790 > Roll rate [º/s]:  -0.05  | Pitch rate [º/s]:  0.04  | Yaw rate [º/s]:  -1.11
22:01:52.841 > Roll rate [º/s]:  -0.57  | Pitch rate [º/s]:  -0.07  | Yaw rate [º/s]:  -2.08
22:01:52.892 > Roll rate [º/s]:  0.19  | Pitch rate [º/s]:  -0.59  | Yaw rate [º/s]:  -0.28
22:01:52.945 > Roll rate [º/s]:  -0.62  | Pitch rate [º/s]:  0.16  | Yaw rate [º/s]:  1.96
22:01:52.996 > Roll rate [º/s]:  0.16  | Pitch rate [º/s]:  -0.07  | Yaw rate [º/s]:  1.09
22:01:53.049 > Roll rate [º/s]:  0.21  | Pitch rate [º/s]:  -0.21  | Yaw rate [º/s]:  -1.31
22:01:53.101 > Roll rate [º/s]:  -0.11  | Pitch rate [º/s]:  0.08  | Yaw rate [º/s]:  -2.15
22:01:53.154 > Roll rate [º/s]:  0.19  | Pitch rate [º/s]:  -0.06  | Yaw rate [º/s]:  -2.01
22:01:53.205 > Roll rate [º/s]:  0.05  | Pitch rate [º/s]:  0.04  | Yaw rate [º/s]:  0.11
22:01:53.257 > Roll rate [º/s]:  0.01  | Pitch rate [º/s]:  0.08  | Yaw rate [º/s]:  0.56
22:01:53.309 > Roll rate [º/s]:  -0.68  | Pitch rate [º/s]:  0.48  | Yaw rate [º/s]:  -1.72
22:01:53.361 > Roll rate [º/s]:  0.21  | Pitch rate [º/s]:  -0.42  | Yaw rate [º/s]:  -0.68
22:01:53.413 > Roll rate [º/s]:  -0.28  | Pitch rate [º/s]:  0.68  | Yaw rate [º/s]:  -1.60
22:01:53.465 > Roll rate [º/s]:  0.14  | Pitch rate [º/s]:  0.05  | Yaw rate [º/s]:  0.14
22:01:53.518 > Roll rate [º/s]:  0.45  | Pitch rate [º/s]:  -0.01  | Yaw rate [º/s]:  0.19
22:01:53.569 > Roll rate [º/s]:  -0.68  | Pitch rate [º/s]:  0.59  | Yaw rate [º/s]:  -0.33
22:01:53.620 > Roll rate [º/s]:  0.04  | Pitch rate [º/s]:  -0.42  | Yaw rate [º/s]:  0.66
22:01:53.672 > Roll rate [º/s]:  0.19  | Pitch rate [º/s]:  -0.24  | Yaw rate [º/s]:  1.98
22:01:53.724 > Roll rate [º/s]:  -0.18  | Pitch rate [º/s]:  0.88  | Yaw rate [º/s]:  -1.28
22:01:53.777 > Roll rate [º/s]:  0.33  | Pitch rate [º/s]:  -0.01  | Yaw rate [º/s]:  -3.35
22:01:53.829 > Roll rate [º/s]:  -0.19  | Pitch rate [º/s]:  0.05  | Yaw rate [º/s]:  6.10
22:01:53.881 > Roll rate [º/s]:  -0.48  | Pitch rate [º/s]:  -0.21  | Yaw rate [º/s]:  -2.21
22:01:53.933 > Roll rate [º/s]:  0.16  | Pitch rate [º/s]:  0.14  | Yaw rate [º/s]:  -4.91
22:01:53.985 > Roll rate [º/s]:  -0.07  | Pitch rate [º/s]:  0.13  | Yaw rate [º/s]:  6.28
22:01:54.038 > Roll rate [º/s]:  0.22  | Pitch rate [º/s]:  -0.39  | Yaw rate [º/s]:  0.10
22:01:54.089 > Roll rate [º/s]:  0.63  | Pitch rate [º/s]:  -0.68  | Yaw rate [º/s]:  -4.76
22:01:54.143 > Roll rate [º/s]:  -0.56  | Pitch rate [º/s]:  0.52  | Yaw rate [º/s]:  5.49
22:01:54.194 > Roll rate [º/s]:  -0.33  | Pitch rate [º/s]:  0.13  | Yaw rate [º/s]:  -1.75
22:01:54.248 > Roll rate [º/s]:  0.16  | Pitch rate [º/s]:  -0.77  | Yaw rate [º/s]:  -5.93
22:01:54.300 > Roll rate [º/s]:  -0.51  | Pitch rate [º/s]:  -0.04  | Yaw rate [º/s]:  5.31
22:01:54.350 > Roll rate [º/s]:  0.21  | Pitch rate [º/s]:  0.08  | Yaw rate [º/s]:  4.07
22:01:54.401 > Roll rate [º/s]:  1.06  | Pitch rate [º/s]:  0.08  | Yaw rate [º/s]:  -1.38
22:01:54.455 > Roll rate [º/s]:  0.18  | Pitch rate [º/s]:  -0.60  | Yaw rate [º/s]:  -1.11
22:01:54.507 > Roll rate [º/s]:  0.33  | Pitch rate [º/s]:  0.01  | Yaw rate [º/s]:  -1.53
