22:19:14.291 > ts Jun  8 2016 00:22:57
22:19:14.291 > 
22:19:14.291 > rst:0x1 (POWERON_RESET),boot:0x12 (SPI_FAST_FLASH_BOOT)
22:19:14.297 > configsip: 0, SPIWP:0xee
22:19:14.298 > clk_drv:0x00,q_drv:0x00,d_drv:0x00,cs0_drv:0x00,hd_drv:0x00,wp_drv:0x00
22:19:14.305 > mode:DIO, clock div:2
22:19:14.307 > load:0x3fff0030,len:1184
22:19:14.309 > load:0x40078000,len:13232
22:19:14.311 > load:0x40080400,len:3028
22:19:14.313 > entry 0x400805e4
22:19:14.545 > Setup t0
22:19:14.546 > Loop t0
22:19:14.552 > Loop t0
22:19:14.556 > Loop t0
22:19:14.561 > Loop t0
22:19:14.567 > Loop t0
22:19:14.571 > Loop t0
22:19:14.576 > Loop t0
22:19:14.581 > Loop t0
22:19:14.586 > Loop t0
22:19:14.591 > Loop t0
22:19:14.596 > Loop t0
22:19:14.602 > Loop t0
22:19:14.606 > Loop t0
22:19:14.611 > Loop t0
22:19:14.616 > Loop t0
22:19:14.621 > Loop t0
22:19:14.626 > Loop t0
22:19:14.631 > Loop t0
22:19:14.636 > Loop t0
22:19:14.641 > Loop t0
22:19:14.646 > Loop t0
22:19:14.652 > Loop t0
22:19:14.656 > Loop t0
22:19:14.661 > Loop t0
22:19:14.666 > Loop t0
22:19:14.672 > Loop t0
22:19:14.676 > Loop t0
22:19:14.681 > Loop t0
22:19:14.687 > Loop t0
22:19:14.691 > Loop t0
22:19:14.696 > Loop t0
22:19:14.701 > Loop t0
22:19:14.706 > Loop t0
22:19:14.711 > Loop t0
22:19:14.717 > Loop t0
22:19:14.721 > Loop t0
22:19:14.726 > Loop t0
22:19:14.732 > Loop t0
22:19:14.736 > Loop t0
22:19:14.741 > Loop t0
22:19:14.746 > Loop t0
22:19:14.751 > Loop t0
22:19:14.756 > Loop t0
22:19:14.761 > Loop t0
22:19:14.766 > Loop t0
22:19:14.771 > Loop t0
22:19:14.776 > Loop t0
22:19:14.781 > Loop t0
22:19:14.786 > Loop t0
22:19:14.791 > Loop t0
22:19:14.796 > Loop t0
22:19:14.801 > Loop t0
22:19:14.806 > Loop t0
22:19:14.811 > Loop t0
22:19:14.816 > Loop t0
22:19:14.821 > Loop t0
22:19:14.826 > Loop t0
22:19:14.831 > Loop t0
22:19:14.836 > Loop t0
22:19:14.841 > Loop t0
22:19:14.846 > Loop t0
22:19:14.851 > Loop t0
22:19:14.856 > Loop t0
22:19:14.861 > Loop t0
22:19:14.866 > Loop t0
22:19:14.871 > Loop t0
22:19:14.876 > Loop t0
22:19:14.881 > Loop t0
22:19:14.886 > Loop t0
22:19:14.891 > Loop t0
22:19:14.896 > Loop t0
22:19:14.901 > Loop t0
22:19:14.906 > Loop t0
22:19:14.911 > Loop t0
22:19:14.916 > Loop t0
22:19:14.921 > Loop t0
22:19:14.926 > Loop t0
22:19:14.931 > Loop t0
22:19:14.936 > Loop t0
22:19:14.941 > Loop t0
22:19:14.946 > Loop t0
22:19:14.951 > Loop t0
22:19:14.956 > Loop t0
22:19:14.961 > Loop t0
22:19:14.966 > Loop t0
22:19:14.971 > Loop t0
22:19:14.976 > Loop t0
22:19:14.981 > Loop t0
22:19:14.986 > Loop t0
22:19:14.991 > Loop t0
22:19:14.996 > Loop t0
22:19:15.001 > Loop t0
22:19:15.006 > Loop t0
22:19:15.011 > Loop t0
22:19:15.016 > Loop t0
22:19:15.021 > Loop t0
22:19:15.026 > Loop t0
22:19:15.031 > Loop t0
22:19:15.036 > Loop t0
22:19:15.041 > Loop t0
22:19:15.046 > Loop t0
22:19:15.051 > Loop t0
22:19:15.056 > Loop t0
22:19:15.061 > Loop t0
22:19:15.066 > Loop t0
22:19:15.071 > Loop t0
22:19:15.076 > Loop t0
22:19:15.081 > Loop t0
22:19:15.086 > Loop t0
22:19:15.091 > Loop t0
22:19:15.096 > Loop t0
22:19:15.101 > Loop t0
22:19:15.106 > Loop t0
22:19:15.111 > Loop t0
22:19:15.116 > Loop t0
22:19:15.121 > Loop t0
22:19:15.126 > Loop t0
22:19:15.131 > Loop t0
22:19:15.136 > Loop t0
22:19:15.141 > Loop t0
22:19:15.146 > Loop t0
22:19:15.151 > Loop t0
22:19:15.156 > Loop t0
22:19:15.161 > Loop t0
22:19:15.166 > Loop t0
22:19:15.171 > Loop t0
22:19:15.176 > Loop t0
22:19:15.181 > Loop t0
22:19:15.186 > Loop t0
22:19:15.191 > Loop t0
22:19:15.196 > Loop t0
22:19:15.201 > Loop t0
22:19:15.206 > Loop t0
22:19:15.211 > Loop t0
22:19:15.216 > Loop t0
22:19:15.221 > Loop t0
22:19:15.226 > Loop t0
22:19:15.231 > Loop t0
22:19:15.236 > Loop t0
22:19:15.241 > Loop t0
22:19:15.246 > Loop t0
22:19:15.251 > Loop t0
22:19:15.256 > Loop t0
22:19:15.261 > Loop t0
22:19:15.266 > Loop t0
22:19:15.271 > Loop t0
22:19:15.276 > Loop t0
22:19:15.281 > Loop t0
22:19:15.286 > Loop t0
22:19:15.291 > Loop t0
22:19:15.296 > Loop t0
22:19:15.301 > Loop t0
22:19:15.306 > Loop t0
22:19:15.311 > Loop t0
22:19:15.316 > Loop t0
22:19:15.321 > Loop t0
22:19:15.326 > Loop t0
22:19:15.331 > Loop t0
22:19:15.336 > Loop t0
22:19:15.341 > Loop t0
22:19:15.346 > Loop t0
22:19:15.351 > Loop t0
22:19:15.356 > Loop t0
22:19:15.361 > Loop t0
22:19:15.366 > Loop t0
22:19:15.371 > Loop t0
22:19:15.376 > Loop t0
22:19:15.381 > Loop t0
22:19:15.386 > Loop t0
22:19:15.391 > Loop t0
22:19:15.396 > Loop t0
22:19:15.401 > Loop t0
22:19:15.406 > Loop t0
22:19:15.411 > Loop t0
22:19:15.416 > Loop t0
22:19:15.421 > Loop t0
22:19:15.426 > Loop t0
22:19:15.431 > Loop t0
22:19:15.436 > Loop t0
22:19:15.441 > Loop t0
22:19:15.446 > Loop t0
22:19:15.451 > Loop t0
22:19:15.456 > Loop t0
22:19:15.461 > Loop t0
22:19:15.466 > Loop t0
22:19:15.471 > Loop t0
22:19:15.476 > Loop t0
22:19:15.481 > Loop t0
22:19:15.486 > Loop t0
22:19:15.491 > Loop t0
22:19:15.496 > Loop t0
22:19:15.501 > Loop t0
22:19:15.506 > Loop t0
22:19:15.511 > Loop t0
22:19:15.516 > Loop t0
22:19:15.521 > Loop t0
22:19:15.526 > Loop t0
22:19:15.531 > Loop t0
22:19:15.536 > Loop t0
22:19:15.541 > Loop t0
22:19:15.546 > Loop t0
22:19:15.551 > Loop t0
22:19:15.556 > Loop t0
22:19:15.561 > Loop t0
22:19:15.566 > Loop t0
22:19:15.571 > Loop t0
22:19:15.576 > Loop t0
22:19:15.581 > Loop t0
22:19:15.586 > Loop t0
22:19:15.591 > Loop t0
22:19:15.596 > Loop t0
22:19:15.601 > Loop t0
22:19:15.606 > Loop t0
22:19:15.611 > Loop t0
22:19:15.616 > Loop t0
22:19:15.622 > Loop t0
22:19:15.626 > Loop t0
22:19:15.631 > Loop t0
22:19:15.636 > Loop t0
22:19:15.641 > Loop t0
22:19:15.646 > Loop t0
22:19:15.651 > Loop t0
22:19:15.656 > Loop t0
22:19:15.661 > Loop t0
22:19:15.666 > Loop t0
22:19:15.671 > Loop t0
22:19:15.676 > Loop t0
22:19:15.681 > Loop t0
22:19:15.686 > Loop t0
22:19:15.691 > Loop t0
22:19:15.696 > Loop t0
22:19:15.701 > Loop t0
22:19:15.706 > Loop t0
22:19:15.711 > Loop t0
22:19:15.716 > Loop t0
22:19:15.721 > Loop t0
22:19:15.726 > Loop t0
22:19:15.731 > Loop t0
22:19:15.736 > Loop t0
22:19:15.741 > Loop t0
22:19:15.746 > Loop t0
22:19:15.751 > Loop t0
22:19:15.756 > Loop t0
22:19:15.761 > Loop t0
22:19:15.766 > Loop t0
22:19:15.771 > Loop t0
22:19:15.776 > Loop t0
22:19:15.781 > Loop t0
22:19:15.786 > Loop t0
22:19:15.791 > Loop t0
22:19:15.796 > Loop t0
22:19:15.801 > Loop t0
22:19:15.806 > Loop t0
22:19:15.811 > Loop t0
22:19:15.816 > Loop t0
22:19:15.821 > Loop t0
22:19:15.826 > Loop t0
22:19:15.831 > Loop t0
22:19:15.836 > Loop t0
22:19:15.841 > Loop t0
22:19:15.846 > Loop t0
22:19:15.851 > Loop t0
22:19:15.856 > Loop t0
22:19:15.861 > Loop t0
22:19:15.866 > Loop t0
22:19:15.871 > Loop t0
22:19:15.876 > Loop t0
22:19:15.881 > Loop t0
22:19:15.886 > Loop t0
22:19:15.891 > Loop t0
22:19:15.896 > Loop t0
22:19:15.901 > Loop t0
22:19:15.906 > Loop t0
22:19:15.911 > Loop t0
22:19:15.916 > Loop t0
22:19:15.921 > Loop t0
22:19:15.926 > Loop t0
22:19:15.931 > Loop t0
22:19:15.936 > Loop t0
22:19:15.941 > Loop t0
22:19:15.946 > Loop t0
22:19:15.951 > Loop t0
22:19:15.956 > Loop t0
22:19:15.961 > Loop t0
22:19:15.966 > Loop t0
22:19:15.971 > Loop t0
22:19:15.976 > Loop t0
22:19:15.981 > Loop t0
22:19:15.986 > Loop t0
22:19:15.991 > Loop t0
22:19:15.996 > Loop t0
22:19:16.001 > Loop t0
22:19:16.006 > Loop t0
22:19:16.011 > Loop t0
22:19:16.016 > Loop t0
22:19:16.021 > Loop t0
22:19:16.026 > Loop t0
22:19:16.031 > Loop t0
22:19:16.036 > Loop t0
22:19:16.041 > Loop t0
22:19:16.046 > Loop t0
22:19:16.051 > Loop t0
22:19:16.056 > Loop t0
22:19:16.061 > Loop t0
22:19:16.066 > Loop t0
22:19:16.071 > Loop t0
22:19:16.076 > Loop t0
22:19:16.081 > Loop t0
22:19:16.086 > Loop t0
22:19:16.091 > Loop t0
22:19:16.096 > Loop t0
22:19:16.101 > Loop t0
22:19:16.106 > Loop t0
22:19:16.111 > Loop t0
22:19:16.116 > Loop t0
22:19:16.121 > Loop t0
22:19:16.126 > Loop t0
22:19:16.131 > Loop t0
22:19:16.136 > Loop t0
22:19:16.141 > Loop t0
22:19:16.146 > Loop t0
22:19:16.151 > Loop t0
22:19:16.156 > Loop t0
22:19:16.161 > Loop t0
22:19:16.166 > Loop t0
22:19:16.171 > Loop t0
22:19:16.176 > Loop t0
22:19:16.181 > Loop t0
22:19:16.186 > Loop t0
22:19:16.191 > Loop t0
22:19:16.196 > Loop t0
22:19:16.201 > Loop t0
22:19:16.206 > Loop t0
22:19:16.211 > Loop t0
22:19:16.216 > Loop t0
22:19:16.221 > Loop t0
22:19:16.226 > Loop t0
22:19:16.231 > Loop t0
22:19:16.236 > Loop t0
22:19:16.241 > Loop t0
22:19:16.246 > Loop t0
22:19:16.251 > Loop t0
22:19:16.256 > Loop t0
22:19:16.261 > Loop t0
22:19:16.266 > Loop t0
22:19:16.271 > Loop t0
22:19:16.276 > Loop t0
22:19:16.281 > Loop t0
22:19:16.286 > Loop t0
22:19:16.291 > Loop t0
22:19:16.296 > Loop t0
22:19:16.301 > Loop t0
22:19:16.306 > Loop t0
22:19:16.311 > Loop t0
22:19:16.316 > Loop t0
22:19:16.321 > Loop t0
22:19:16.326 > Loop t0
22:19:16.331 > Loop t0
22:19:16.336 > Loop t0
22:19:16.341 > Loop t0
22:19:16.346 > Loop t0
22:19:16.351 > Loop t0
22:19:16.356 > Loop t0
22:19:16.361 > Loop t0
22:19:16.366 > Loop t0
22:19:16.371 > Loop t0
22:19:16.376 > Loop t0
22:19:16.381 > Loop t0
22:19:16.386 > Loop t0
22:19:16.391 > Loop t0
22:19:16.396 > Loop t0
22:19:16.401 > Loop t0
22:19:16.406 > Loop t0
22:19:16.411 > Loop t0
22:19:16.416 > Loop t0
22:19:16.421 > Loop t0
22:19:16.426 > Loop t0
22:19:16.431 > Loop t0
22:19:16.436 > Loop t0
22:19:16.441 > Loop t0
22:19:16.446 > Loop t0
22:19:16.451 > Loop t0
22:19:16.456 > Loop t0
22:19:16.461 > Loop t0
22:19:16.466 > Loop t0
22:19:16.471 > Loop t0
22:19:16.476 > Loop t0
22:19:16.481 > Loop t0
22:19:16.486 > Loop t0
22:19:16.491 > Loop t0
22:19:16.496 > Loop t0
22:19:16.501 > Loop t0
22:19:16.506 > Loop t0
22:19:16.511 > Loop t0
22:19:16.516 > Loop t0
22:19:16.521 > Loop t0
22:19:16.526 > Loop t0
22:19:16.531 > Loop t0
22:19:16.536 > Loop t0
22:19:16.541 > Loop t0
22:19:16.546 > Loop t0
22:19:16.551 > Loop t0
22:19:16.556 > Loop t0
22:19:16.561 > Loop t0
22:19:16.566 > Loop t0
22:19:16.571 > Loop t0
22:19:16.576 > Loop t0
22:19:16.581 > Loop t0
22:19:16.586 > Loop t0
22:19:16.591 > Loop t0
22:19:16.596 > Loop t0
22:19:16.601 > Loop t0
22:19:16.606 > Loop t0
22:19:16.611 > Loop t0
22:19:16.616 > Loop t0
22:19:16.621 > Loop t0
22:19:16.626 > Loop t0
22:19:16.631 > Loop t0
22:19:16.636 > Loop t0
22:19:16.641 > Loop t0
22:19:16.646 > Loop t0
22:19:16.651 > Loop t0
22:19:16.656 > Loop t0
22:19:16.661 > Loop t0
22:19:16.666 > Loop t0
22:19:16.671 > Loop t0
22:19:16.676 > Loop t0
22:19:16.681 > Loop t0
22:19:16.686 > Loop t0
22:19:16.691 > Loop t0
22:19:16.696 > Loop t0
22:19:16.701 > Loop t0
22:19:16.706 > Loop t0
22:19:16.711 > Loop t0
22:19:16.716 > Loop t0
22:19:16.721 > Loop t0
22:19:16.726 > Loop t0
22:19:16.731 > Loop t0
22:19:16.736 > Loop t0
22:19:16.741 > Loop t0
22:19:16.746 > Loop t0
22:19:16.751 > Loop t0
22:19:16.756 > Loop t0
22:19:16.761 > Loop t0
22:19:16.766 > Loop t0
22:19:16.771 > Loop t0
22:19:16.776 > Loop t0
22:19:16.781 > Loop t0
22:19:16.786 > Loop t0
22:19:16.791 > Loop t0
22:19:16.796 > Loop t0
22:19:16.801 > Loop t0
22:19:16.806 > Loop t0
22:19:16.811 > Loop t0
22:19:16.816 > Loop t0
22:19:16.821 > Loop t0
22:19:16.826 > Loop t0
22:19:16.831 > Loop t0
22:19:16.836 > Loop t0
22:19:16.841 > Loop t0
22:19:16.846 > Loop t0
22:19:16.851 > Loop t0
22:19:16.856 > Loop t0
22:19:16.861 > Loop t0
22:19:16.866 > Loop t0
22:19:16.871 > Loop t0
22:19:16.876 > Loop t0
22:19:16.881 > Loop t0
22:19:16.886 > Loop t0
22:19:16.891 > Loop t0
22:19:16.896 > Loop t0
22:19:16.901 > Loop t0
22:19:16.906 > Loop t0
22:19:16.911 > Loop t0
22:19:16.916 > Loop t0
22:19:16.921 > Loop t0
22:19:16.926 > Loop t0
22:19:16.931 > Loop t0
22:19:16.936 > Loop t0
22:19:16.941 > Loop t0
22:19:16.946 > Loop t0
22:19:16.951 > Loop t0
22:19:16.956 > Loop t0
22:19:16.961 > Loop t0
22:19:16.966 > Loop t0
22:19:16.971 > Loop t0
22:19:16.976 > Loop t0
22:19:16.981 > Loop t0
22:19:16.986 > Loop t0
22:19:16.991 > Loop t0
22:19:16.996 > Loop t0
22:19:17.001 > Loop t0
22:19:17.006 > Loop t0
22:19:17.011 > Loop t0
22:19:17.016 > Loop t0
22:19:17.021 > Loop t0
22:19:17.026 > Loop t0
22:19:17.031 > Loop t0
22:19:17.036 > Loop t0
22:19:17.041 > Loop t0
22:19:17.046 > Loop t0
22:19:17.051 > Loop t0
22:19:17.056 > Loop t0
22:19:17.061 > Loop t0
22:19:17.066 > Loop t0
22:19:17.071 > Loop t0
22:19:17.076 > Loop t0
22:19:17.081 > Loop t0
22:19:17.086 > Loop t0
22:19:17.091 > Loop t0
22:19:17.096 > Loop t0
22:19:17.101 > Loop t0
22:19:17.106 > Loop t0
22:19:17.111 > Loop t0
22:19:17.116 > Loop t0
22:19:17.121 > Loop t0
22:19:17.126 > Loop t0
22:19:17.131 > Loop t0
22:19:17.136 > Loop t0
22:19:17.141 > Loop t0
22:19:17.146 > Loop t0
22:19:17.151 > Loop t0
22:19:17.156 > Loop t0
22:19:17.161 > Loop t0
22:19:17.166 > Loop t0
22:19:17.171 > Loop t0
22:19:17.176 > Loop t0
22:19:17.181 > Loop t0
22:19:17.186 > Loop t0
22:19:17.191 > Loop t0
22:19:17.196 > Loop t0
22:19:17.201 > Loop t0
22:19:17.206 > Loop t0
22:19:17.211 > Loop t0
22:19:17.216 > Loop t0
22:19:17.221 > Loop t0
22:19:17.226 > Loop t0
22:19:17.231 > Loop t0
22:19:17.236 > Loop t0
22:19:17.241 > Loop t0
22:19:17.246 > Loop t0
22:19:17.251 > Loop t0
22:19:17.256 > Loop t0
22:19:17.261 > Loop t0
22:19:17.266 > Loop t0
22:19:17.271 > Loop t0
22:19:17.277 > Loop t0
22:19:17.281 > Loop t0
22:19:17.286 > Loop t0
22:19:17.291 > Loop t0
22:19:17.296 > Loop t0
22:19:17.301 > Loop t0
22:19:17.306 > Loop t0
22:19:17.311 > Loop t0
22:19:17.316 > Loop t0
22:19:17.321 > Loop t0
22:19:17.326 > Loop t0
22:19:17.331 > Loop t0
22:19:17.336 > Loop t0
22:19:17.341 > Loop t0
22:19:17.346 > Loop t0
22:19:17.351 > Loop t0
22:19:17.356 > Loop t0
22:19:17.361 > Loop t0
22:19:17.366 > Loop t0
22:19:17.371 > Loop t0
22:19:17.376 > Loop t0
22:19:17.381 > Loop t0
22:19:17.386 > Loop t0
22:19:17.391 > Loop t0
22:19:17.396 > Loop t0
22:19:17.401 > Loop t0
22:19:17.406 > Loop t0
22:19:17.411 > Loop t0
22:19:17.416 > Loop t0
22:19:17.421 > Loop t0
22:19:17.426 > Loop t0
22:19:17.431 > Loop t0
22:19:17.436 > Loop t0
22:19:17.441 > Loop t0
22:19:17.446 > Loop t0
22:19:17.451 > Loop t0
22:19:17.456 > Loop t0
22:19:17.461 > Loop t0
22:19:17.466 > Loop t0
22:19:17.471 > Loop t0
22:19:17.476 > Loop t0
22:19:17.481 > Loop t0
22:19:17.486 > Loop t0
22:19:17.491 > Loop t0
22:19:17.496 > Loop t0
22:19:17.501 > Loop t0
22:19:17.506 > Loop t0
22:19:17.511 > Loop t0
22:19:17.516 > Loop t0
22:19:17.521 > Loop t0
22:19:17.526 > Loop t0
22:19:17.531 > Loop t0
22:19:17.536 > Loop t0
22:19:17.541 > Loop t0
22:19:17.546 > Loop t0
22:19:17.551 > Loop t0
22:19:17.556 > Loop t0
22:19:17.561 > Loop t0
22:19:17.566 > Loop t0
22:19:17.571 > Loop t0
22:19:17.576 > Loop t0
22:19:17.581 > Loop t0
22:19:17.586 > Loop t0
22:19:17.591 > Loop t0
22:19:17.596 > Loop t0
22:19:17.601 > Loop t0
22:19:17.606 > Loop t0
22:19:17.611 > Loop t0
22:19:17.616 > Loop t0
22:19:17.621 > Loop t0
22:19:17.626 > Loop t0
22:19:17.631 > Loop t0
22:19:17.636 > Loop t0
22:19:17.641 > Loop t0
22:19:17.646 > Loop t0
22:19:17.651 > Loop t0
22:19:17.656 > Loop t0
22:19:17.661 > Loop t0
22:19:17.666 > Loop t0
22:19:17.671 > Loop t0
22:19:17.676 > Loop t0
22:19:17.681 > Loop t0
22:19:17.686 > Loop t0
22:19:17.691 > Loop t0
22:19:17.697 > Loop t0
22:19:17.701 > Loop t0
22:19:17.706 > Loop t0
22:19:17.711 > Loop t0
22:19:17.716 > Loop t0
22:19:17.721 > Loop t0
22:19:17.726 > Loop t0
22:19:17.731 > Loop t0
22:19:17.736 > Loop t0
22:19:17.741 > Loop t0
22:19:17.746 > Loop t0
22:19:17.751 > Loop t0
22:19:17.756 > Loop t0
22:19:17.761 > Loop t0
22:19:17.766 > Loop t0
22:19:17.771 > Loop t0
22:19:17.776 > Loop t0
22:19:17.781 > Loop t0
22:19:17.786 > Loop t0
22:19:17.791 > Loop t0
22:19:17.796 > Loop t0
22:19:17.801 > Loop t0
22:19:17.806 > Loop t0
22:19:17.811 > Loop t0
22:19:17.816 > Loop t0
22:19:17.821 > Loop t0
22:19:17.826 > Loop t0
22:19:17.831 > Loop t0
22:19:17.836 > Loop t0
22:19:17.841 > Loop t0
22:19:17.846 > Loop t0
22:19:17.851 > Loop t0
22:19:17.856 > Loop t0
22:19:17.861 > Loop t0
22:19:17.866 > Loop t0
22:19:17.871 > Loop t0
22:19:17.876 > Loop t0
22:19:17.881 > Loop t0
22:19:17.886 > Loop t0
22:19:17.891 > Loop t0
22:19:17.896 > Loop t0
22:19:17.901 > Loop t0
22:19:17.906 > Loop t0
22:19:17.911 > Loop t0
22:19:17.916 > Loop t0
22:19:17.921 > Loop t0
22:19:17.926 > Loop t0
22:19:17.931 > Loop t0
22:19:17.936 > Loop t0
22:19:17.941 > Loop t0
22:19:17.946 > Loop t0
22:19:17.951 > Loop t0
22:19:17.956 > Loop t0
22:19:17.961 > Loop t0
22:19:17.966 > Loop t0
22:19:17.971 > Loop t0
22:19:17.976 > Loop t0
22:19:17.981 > Loop t0
22:19:17.986 > Loop t0
22:19:17.991 > Loop t0
22:19:17.996 > Loop t0
22:19:18.001 > Loop t0
22:19:18.006 > Loop t0
22:19:18.011 > Loop t0
22:19:18.016 > Loop t0
22:19:18.021 > Loop t0
22:19:18.026 > Loop t0
22:19:18.031 > Loop t0
22:19:18.036 > Loop t0
22:19:18.041 > Loop t0
22:19:18.046 > Loop t0
22:19:18.051 > Loop t0
22:19:18.056 > Loop t0
22:19:18.061 > Loop t0
22:19:18.066 > Loop t0
22:19:18.071 > Loop t0
22:19:18.076 > Loop t0
22:19:18.081 > Loop t0
22:19:18.086 > Loop t0
22:19:18.091 > Loop t0
22:19:18.096 > Loop t0
22:19:18.101 > Loop t0
22:19:18.106 > Loop t0
22:19:18.111 > Loop t0
22:19:18.116 > Loop t0
22:19:18.121 > Loop t0
22:19:18.126 > Loop t0
22:19:18.131 > Loop t0
22:19:18.136 > Loop t0
22:19:18.141 > Loop t0
22:19:18.146 > Loop t0
22:19:18.153 > Loop t0
22:19:18.156 > Loop t0
22:19:18.161 > Loop t0
22:19:18.166 > Loop t0
22:19:18.171 > Loop t0
22:19:18.176 > Loop t0
22:19:18.181 > Loop t0
22:19:18.186 > Loop t0
22:19:18.191 > Loop t0
22:19:18.196 > Loop t0
22:19:18.201 > Loop t0
22:19:18.206 > Loop t0
22:19:18.211 > Loop t0
22:19:18.216 > Loop t0
22:19:18.221 > Loop t0
22:19:18.226 > Loop t0
22:19:18.231 > Loop t0
22:19:18.236 > Loop t0
22:19:18.241 > Loop t0
22:19:18.246 > Loop t0
22:19:18.251 > Loop t0
22:19:18.256 > Loop t0
22:19:18.261 > Loop t0
22:19:18.266 > Loop t0
22:19:18.271 > Loop t0
22:19:18.276 > Loop t0
22:19:18.281 > Loop t0
22:19:18.286 > Loop t0
22:19:18.291 > Loop t0
22:19:18.296 > Loop t0
22:19:18.301 > Loop t0
22:19:18.306 > Loop t0
22:19:18.311 > Loop t0
22:19:18.316 > Loop t0
22:19:18.321 > Loop t0
22:19:18.326 > Loop t0
22:19:18.331 > Loop t0
22:19:18.336 > Loop t0
22:19:18.341 > Loop t0
22:19:18.346 > Loop t0
22:19:18.351 > Loop t0
22:19:18.356 > Loop t0
22:19:18.361 > Loop t0
22:19:18.366 > Loop t0
22:19:18.371 > Loop t0
22:19:18.376 > Loop t0
22:19:18.381 > Loop t0
22:19:18.386 > Loop t0
22:19:18.391 > Loop t0
22:19:18.396 > Loop t0
22:19:18.401 > Loop t0
22:19:18.406 > Loop t0
22:19:18.411 > Loop t0
22:19:18.416 > Loop t0
22:19:18.421 > Loop t0
22:19:18.426 > Loop t0
22:19:18.431 > Loop t0
22:19:18.436 > Loop t0
22:19:18.441 > Loop t0
22:19:18.446 > Loop t0
22:19:18.451 > Loop t0
22:19:18.456 > Loop t0
22:19:18.461 > Loop t0
22:19:18.466 > Loop t0
22:19:18.471 > Loop t0
22:19:18.476 > Loop t0
22:19:18.481 > Loop t0
22:19:18.487 > Loop t0
22:19:18.491 > Loop t0
22:19:18.496 > Loop t0
22:19:18.501 > Loop t0
22:19:18.506 > Loop t0
22:19:18.511 > Loop t0
22:19:18.516 > Loop t0
22:19:18.521 > Loop t0
22:19:18.526 > Loop t0
22:19:18.531 > Loop t0
22:19:18.536 > Loop t0
22:19:18.541 > Loop t0
22:19:18.546 > Loop t0
22:19:18.551 > Loop t0
22:19:18.556 > Loop t0
22:19:18.561 > Loop t0
22:19:18.566 > Loop t0
22:19:18.571 > Loop t0
22:19:18.576 > Loop t0
22:19:18.581 > Loop t0
22:19:18.586 > Loop t0
22:19:18.591 > Loop t0
22:19:18.596 > Loop t0
22:19:18.601 > Loop t0
22:19:18.606 > Loop t0
22:19:18.611 > Loop t0
22:19:18.616 > Loop t0
22:19:18.621 > Loop t0
22:19:18.626 > Loop t0
22:19:18.631 > Loop t0
22:19:18.636 > Loop t0
22:19:18.641 > Loop t0
22:19:18.646 > Loop t0
22:19:18.651 > Loop t0
22:19:18.656 > Loop t0
22:19:18.661 > Loop t0
22:19:18.666 > Loop t0
22:19:18.671 > Loop t0
22:19:18.676 > Loop t0
22:19:18.681 > Loop t0
22:19:18.686 > Loop t0
22:19:18.691 > Loop t0
22:19:18.696 > Loop t0
22:19:18.701 > Loop t0
22:19:18.706 > Loop t0
22:19:18.711 > Loop t0
22:19:18.716 > Loop t0
22:19:18.721 > Loop t0
22:19:18.726 > Loop t0
22:19:18.731 > Loop t0
22:19:18.736 > Loop t0
22:19:18.741 > Loop t0
22:19:18.746 > Loop t0
22:19:18.751 > Loop t0
22:19:18.756 > Loop t0
22:19:18.761 > Loop t0
22:19:18.766 > Loop t0
22:19:18.771 > Loop t0
22:19:18.776 > Loop t0
22:19:18.782 > Loop t0
22:19:18.787 > Loop t0
22:19:18.791 > Loop t0
22:19:18.796 > Loop t0
22:19:18.801 > Loop t0
22:19:18.806 > Loop t0
22:19:18.811 > Loop t0
22:19:18.816 > Loop t0
22:19:18.821 > Loop t0
22:19:18.826 > Loop t0
22:19:18.831 > Loop t0
22:19:18.836 > Loop t0
22:19:18.841 > Loop t0
22:19:18.846 > Loop t0
22:19:18.852 > Loop t0
22:19:18.856 > Loop t0
22:19:18.861 > Loop t0
22:19:18.866 > Loop t0
22:19:18.871 > Loop t0
22:19:18.876 > Loop t0
22:19:18.881 > Loop t0
22:19:18.886 > Loop t0
22:19:18.891 > Loop t0
22:19:18.896 > Loop t0
22:19:18.901 > Loop t0
22:19:18.906 > Loop t0
22:19:18.911 > Loop t0
22:19:18.916 > Loop t0
22:19:18.921 > Loop t0
22:19:18.926 > Loop t0
22:19:18.931 > Loop t0
22:19:18.936 > Loop t0
22:19:18.941 > Loop t0
22:19:18.946 > Loop t0
22:19:18.952 > Loop t0
22:19:18.956 > Loop t0
22:19:18.961 > Loop t0
22:19:18.966 > Loop t0
22:19:18.971 > Loop t0
22:19:18.976 > Loop t0
22:19:18.981 > Loop t0
22:19:18.986 > Loop t0
22:19:18.991 > Loop t0
22:19:18.996 > Loop t0
22:19:19.001 > Loop t0
22:19:19.006 > Loop t0
22:19:19.011 > Loop t0
22:19:19.016 > Loop t0
22:19:19.021 > Loop t0
22:19:19.026 > Loop t0
22:19:19.031 > Loop t0
22:19:19.036 > Loop t0
22:19:19.041 > Loop t0
22:19:19.046 > Loop t0
22:19:19.051 > Loop t0
22:19:19.056 > Loop t0
22:19:19.061 > Loop t0
22:19:19.066 > Loop t0
22:19:19.071 > Loop t0
22:19:19.076 > Loop t0
22:19:19.081 > Loop t0
22:19:19.086 > Loop t0
22:19:19.091 > Loop t0
22:19:19.096 > Loop t0
22:19:19.101 > Loop t0
22:19:19.106 > Loop t0
22:19:19.111 > Loop t0
22:19:19.116 > Loop t0
22:19:19.121 > Loop t0
22:19:19.126 > Loop t0
22:19:19.131 > Loop t0
22:19:19.136 > Loop t0
22:19:19.141 > Loop t0
22:19:19.146 > Loop t0
22:19:19.151 > Loop t0
22:19:19.156 > Loop t0
22:19:19.161 > Loop t0
22:19:19.166 > Loop t0
22:19:19.171 > Loop t0
22:19:19.176 > Loop t0
22:19:19.181 > Loop t0
22:19:19.186 > Loop t0
22:19:19.191 > Loop t0
22:19:19.196 > Loop t0
22:19:19.201 > Loop t0
22:19:19.206 > Loop t0
22:19:19.211 > Loop t0
22:19:19.216 > Loop t0
22:19:19.221 > Loop t0
22:19:19.226 > Loop t0
22:19:19.231 > Loop t0
22:19:19.236 > Loop t0
22:19:19.241 > Loop t0
22:19:19.246 > Loop t0
22:19:19.251 > Loop t0
22:19:19.256 > Loop t0
22:19:19.261 > Loop t0
22:19:19.266 > Loop t0
22:19:19.271 > Loop t0
22:19:19.276 > Loop t0
22:19:19.281 > Loop t0
22:19:19.286 > Loop t0
22:19:19.291 > Loop t0
22:19:19.296 > Loop t0
22:19:19.301 > Loop t0
22:19:19.306 > Loop t0
22:19:19.311 > Loop t0
22:19:19.316 > Loop t0
22:19:19.321 > Loop t0
22:19:19.326 > Loop t0
22:19:19.331 > Loop t0
22:19:19.336 > Loop t0
22:19:19.341 > Loop t0
22:19:19.346 > Loop t0
22:19:19.351 > Loop t0
22:19:19.356 > Loop t0
22:19:19.361 > Loop t0
22:19:19.366 > Loop t0
22:19:19.371 > Loop t0
22:19:19.376 > Loop t0
22:19:19.381 > Loop t0
22:19:19.386 > Loop t0
22:19:19.391 > Loop t0
22:19:19.396 > Loop t0
22:19:19.401 > Loop t0
22:19:19.406 > Loop t0
22:19:19.411 > Loop t0
22:19:19.416 > Loop t0
22:19:19.421 > Loop t0
22:19:19.426 > Loop t0
22:19:19.431 > Loop t0
22:19:19.436 > Loop t0
22:19:19.441 > Loop t0
22:19:19.446 > Loop t0
22:19:19.451 > Loop t0
22:19:19.456 > Loop t0
22:19:19.461 > Loop t0
22:19:19.466 > Loop t0
22:19:19.471 > Loop t0
22:19:19.476 > Loop t0
22:19:19.481 > Loop t0
22:19:19.486 > Loop t0
22:19:19.491 > Loop t0
22:19:19.496 > Loop t0
22:19:19.501 > Loop t0
22:19:19.506 > Loop t0
22:19:19.511 > Loop t0
22:19:19.516 > Loop t0
22:19:19.521 > Loop t0
22:19:19.526 > Loop t0
22:19:19.531 > Loop t0
22:19:19.536 > Loop t0
22:19:19.541 > Loop t0
22:19:19.546 > Loop t0
22:19:19.551 > Loop t0
22:19:19.556 > Loop t0
22:19:19.561 > Loop t0
22:19:19.566 > Loop t0
22:19:19.571 > Loop t0
22:19:19.576 > Loop t0
22:19:19.581 > Loop t0
22:19:19.586 > Loop t0
22:19:19.591 > Loop t0
22:19:19.596 > Loop t0
22:19:19.601 > Loop t0
22:19:19.606 > Loop t0
22:19:19.611 > Loop t0
22:19:19.616 > Loop t0
22:19:19.621 > Loop t0
22:19:19.626 > Loop t0
22:19:19.631 > Loop t0
22:19:19.636 > Loop t0
22:19:19.641 > Loop t0
22:19:19.646 > Loop t0
22:19:19.651 > Loop t0
22:19:19.656 > Loop t0
22:19:19.661 > Loop t0
22:19:19.666 > Loop t0
22:19:19.671 > Loop t0
22:19:19.676 > Loop t0
22:19:19.681 > Loop t0
22:19:19.686 > Loop t0
22:19:19.691 > Loop t0
22:19:19.696 > Loop t0
22:19:19.701 > Loop t0
22:19:19.706 > Loop t0
22:19:19.711 > Loop t0
22:19:19.716 > Loop t0
22:19:19.721 > Loop t0
22:19:19.726 > Loop t0
22:19:19.731 > Loop t0
22:19:19.736 > Loop t0
22:19:19.741 > Loop t0
22:19:19.746 > Loop t0
22:19:19.751 > Loop t0
22:19:19.756 > Loop t0
22:19:19.761 > Loop t0
22:19:19.766 > Loop t0
22:19:19.771 > Loop t0
22:19:19.776 > Loop t0
22:19:19.781 > Loop t0
22:19:19.786 > Loop t0
22:19:19.791 > Loop t0
22:19:19.796 > Loop t0
22:19:19.801 > Loop t0
22:19:19.806 > Loop t0
22:19:19.811 > Loop t0
22:19:19.816 > Loop t0
22:19:19.821 > Loop t0
22:19:19.826 > Loop t0
22:19:19.831 > Loop t0
22:19:19.836 > Loop t0
22:19:19.841 > Loop t0
22:19:19.846 > Loop t0
22:19:19.851 > Loop t0
22:19:19.856 > Loop t0
22:19:19.861 > Loop t0
22:19:19.866 > Loop t0
22:19:19.871 > Loop t0
22:19:19.876 > Loop t0
22:19:19.881 > Loop t0
22:19:19.886 > Loop t0
22:19:19.891 > Loop t0
22:19:19.896 > Loop t0
22:19:19.901 > Loop t0
22:19:19.906 > Loop t0
22:19:19.911 > Loop t0
22:19:19.916 > Loop t0
22:19:19.921 > Loop t0
22:19:19.926 > Loop t0
22:19:19.931 > Loop t0
22:19:19.936 > Loop t0
22:19:19.941 > Loop t0
22:19:19.946 > Loop t0
22:19:19.951 > Loop t0
22:19:19.956 > Loop t0
22:19:19.961 > Loop t0
22:19:19.966 > Loop t0
22:19:19.971 > Loop t0
22:19:19.976 > Loop t0
22:19:19.981 > Loop t0
22:19:19.986 > Loop t0
22:19:19.991 > Loop t0
22:19:19.996 > Loop t0
22:19:20.001 > Loop t0
22:19:20.006 > Loop t0
22:19:20.011 > Loop t0
22:19:20.016 > Loop t0
22:19:20.021 > Loop t0
22:19:20.026 > Loop t0
22:19:20.031 > Loop t0
22:19:20.036 > Loop t0
22:19:20.041 > Loop t0
22:19:20.046 > Loop t0
22:19:20.051 > Loop t0
22:19:20.056 > Loop t0
22:19:20.061 > Loop t0
22:19:20.066 > Loop t0
22:19:20.071 > Loop t0
22:19:20.076 > Loop t0
22:19:20.081 > Loop t0
22:19:20.086 > Loop t0
22:19:20.091 > Loop t0
22:19:20.096 > Loop t0
22:19:20.101 > Loop t0
22:19:20.106 > Loop t0
22:19:20.111 > Loop t0
22:19:20.116 > Loop t0
22:19:20.121 > Loop t0
22:19:20.126 > Loop t0
22:19:20.131 > Loop t0
22:19:20.136 > Loop t0
22:19:20.141 > Loop t0
22:19:20.146 > Loop t0
22:19:20.151 > Loop t0
22:19:20.156 > Loop t0
22:19:20.161 > Loop t0
22:19:20.166 > Loop t0
22:19:20.171 > Loop t0
22:19:20.176 > Loop t0
22:19:20.181 > Loop t0
22:19:20.186 > Loop t0
22:19:20.191 > Loop t0
22:19:20.196 > Loop t0
22:19:20.201 > Loop t0
22:19:20.206 > Loop t0
22:19:20.211 > Loop t0
22:19:20.216 > Loop t0
22:19:20.221 > Loop t0
22:19:20.226 > Loop t0
22:19:20.231 > Loop t0
22:19:20.236 > Loop t0
22:19:20.241 > Loop t0
22:19:20.246 > Loop t0
22:19:20.251 > Loop t0
22:19:20.256 > Loop t0
22:19:20.261 > Loop t0
22:19:20.266 > Loop t0
22:19:20.271 > Loop t0
22:19:20.276 > Loop t0
22:19:20.281 > Loop t0
22:19:20.286 > Loop t0
22:19:20.291 > Loop t0
22:19:20.296 > Loop t0
22:19:20.301 > Loop t0
22:19:20.306 > Loop t0
22:19:20.311 > Loop t0
22:19:20.316 > Loop t0
22:19:20.321 > Loop t0
22:19:20.326 > Loop t0
22:19:20.331 > Loop t0
22:19:20.336 > Loop t0
22:19:20.341 > Loop t0
22:19:20.346 > Loop t0
22:19:20.351 > Loop t0
22:19:20.356 > Loop t0
22:19:20.361 > Loop t0
22:19:20.366 > Loop t0
22:19:20.371 > Loop t0
22:19:20.376 > Loop t0
22:19:20.381 > Loop t0
22:19:20.386 > Loop t0
22:19:20.391 > Loop t0
22:19:20.396 > Loop t0
22:19:20.401 > Loop t0
22:19:20.406 > Loop t0
22:19:20.411 > Loop t0
22:19:20.416 > Loop t0
22:19:20.421 > Loop t0
22:19:20.426 > Loop t0
22:19:20.431 > Loop t0
22:19:20.436 > Loop t0
22:19:20.441 > Loop t0
22:19:20.446 > Loop t0
22:19:20.451 > Loop t0
22:19:20.456 > Loop t0
22:19:20.461 > Loop t0
22:19:20.466 > Loop t0
22:19:20.471 > Loop t0
22:19:20.476 > Loop t0
22:19:20.481 > Loop t0
22:19:20.486 > Loop t0
22:19:20.491 > Loop t0
22:19:20.496 > Loop t0
22:19:20.501 > Loop t0
22:19:20.506 > Loop t0
22:19:20.511 > Loop t0
22:19:20.516 > Loop t0
22:19:20.521 > Loop t0
22:19:20.526 > Loop t0
22:19:20.531 > Loop t0
22:19:20.536 > Loop t0
22:19:20.541 > Loop t0
22:19:20.546 > Loop t0
22:19:20.551 > Loop t0
22:19:20.556 > Loop t0
22:19:20.561 > Loop t0
22:19:20.566 > Loop t0
22:19:20.571 > Loop t0
22:19:20.576 > Loop t0
22:19:20.581 > Loop t0
22:19:20.586 > Loop t0
22:19:20.591 > Loop t0
22:19:20.596 > Loop t0
22:19:20.601 > Loop t0
22:19:20.606 > Loop t0
22:19:20.611 > Loop t0
22:19:20.616 > Loop t0
22:19:20.621 > Loop t0
22:19:20.626 > Loop t0
22:19:20.631 > Loop t0
22:19:20.636 > Loop t0
22:19:20.641 > Loop t0
22:19:20.646 > Loop t0
22:19:20.651 > Loop t0
22:19:20.656 > Loop t0
22:19:20.661 > Loop t0
22:19:20.666 > Loop t0
22:19:20.671 > Loop t0
22:19:20.676 > Loop t0
22:19:20.681 > Loop t0
22:19:20.686 > Loop t0
22:19:20.691 > Loop t0
22:19:20.696 > Loop t0
22:19:20.701 > Loop t0
22:19:20.706 > Loop t0
22:19:20.711 > Loop t0
22:19:20.716 > Loop t0
22:19:20.721 > Loop t0
22:19:20.726 > Loop t0
22:19:20.731 > Loop t0
22:19:20.736 > Loop t0
22:19:20.741 > Loop t0
22:19:20.746 > Loop t0
22:19:20.751 > Loop t0
22:19:20.756 > Loop t0
22:19:20.761 > Loop t0
22:19:20.766 > Loop t0
22:19:20.771 > Loop t0
22:19:20.776 > Loop t0
22:19:20.781 > Loop t0
22:19:20.786 > Loop t0
22:19:20.791 > Loop t0
22:19:20.796 > Loop t0
22:19:20.801 > Loop t0
22:19:20.806 > Loop t0
22:19:20.811 > Loop t0
22:19:20.816 > Loop t0
22:19:20.821 > Loop t0
22:19:20.826 > Loop t0
22:19:20.831 > Loop t0
22:19:20.836 > Loop t0
22:19:20.841 > Loop t0
22:19:20.846 > Loop t0
22:19:20.851 > Loop t0
22:19:20.856 > Loop t0
22:19:20.861 > Loop t0
22:19:20.866 > Loop t0
22:19:20.871 > Loop t0
22:19:20.876 > Loop t0
22:19:20.881 > Loop t0
22:19:20.886 > Loop t0
22:19:20.891 > Loop t0
22:19:20.896 > Loop t0
22:19:20.901 > Loop t0
22:19:20.906 > Loop t0
22:19:20.911 > Loop t0
22:19:20.916 > Loop t0
22:19:20.921 > Loop t0
22:19:20.926 > Loop t0
22:19:20.931 > Loop t0
22:19:20.936 > Loop t0
22:19:20.941 > Loop t0
22:19:20.946 > Loop t0
22:19:20.951 > Loop t0
22:19:20.956 > Loop t0
22:19:20.961 > Loop t0
22:19:20.966 > Loop t0
22:19:20.971 > Loop t0
22:19:20.976 > Loop t0
22:19:20.981 > Loop t0
22:19:20.986 > Loop t0
22:19:20.991 > Loop t0
22:19:20.996 > Loop t0
22:19:21.001 > Loop t0
22:19:21.006 > Loop t0
22:19:21.011 > Loop t0
22:19:21.016 > Loop t0
22:19:21.021 > Loop t0
22:19:21.026 > Loop t0
22:19:21.031 > Loop t0
22:19:21.036 > Loop t0
22:19:21.041 > Loop t0
22:19:21.046 > Loop t0
22:19:21.051 > Loop t0
22:19:21.056 > Loop t0
22:19:21.061 > Loop t0
22:19:21.066 > Loop t0
22:19:21.071 > Loop t0
22:19:21.076 > Loop t0
22:19:21.081 > Loop t0
22:19:21.086 > Loop t0
22:19:21.091 > Loop t0
22:19:21.096 > Loop t0
22:19:21.101 > Loop t0
22:19:21.106 > Loop t0
22:19:21.111 > Loop t0
22:19:21.116 > Loop t0
22:19:21.121 > Loop t0
22:19:21.126 > Loop t0
22:19:21.131 > Loop t0
22:19:21.136 > Loop t0
22:19:21.141 > Loop t0
22:19:21.146 > Loop t0
22:19:21.151 > Loop t0
22:19:21.156 > Loop t0
22:19:21.161 > Loop t0
22:19:21.166 > Loop t0
22:19:21.171 > Loop t0
22:19:21.176 > Loop t0
22:19:21.181 > Loop t0
22:19:21.186 > Loop t0
22:19:21.191 > Loop t0
22:19:21.196 > Loop t0
22:19:21.201 > Loop t0
22:19:21.206 > Loop t0
22:19:21.211 > Loop t0
22:19:21.216 > Loop t0
22:19:21.221 > Loop t0
22:19:21.226 > Loop t0
22:19:21.231 > Loop t0
22:19:21.236 > Loop t0
22:19:21.241 > Loop t0
22:19:21.246 > Loop t0
22:19:21.251 > Loop t0
22:19:21.256 > Loop t0
22:19:21.261 > Loop t0
22:19:21.266 > Loop t0
22:19:21.271 > Loop t0
22:19:21.276 > Loop t0
22:19:21.281 > Loop t0
22:19:21.286 > Loop t0
22:19:21.291 > Loop t0
22:19:21.296 > Loop t0
22:19:21.301 > Loop t0
22:19:21.306 > Loop t0
22:19:21.311 > Loop t0
22:19:21.316 > Loop t0
22:19:21.321 > Loop t0
22:19:21.326 > Loop t0
22:19:21.331 > Loop t0
22:19:21.336 > Loop t0
22:19:21.341 > Loop t0
22:19:21.346 > Loop t0
22:19:21.351 > Loop t0
22:19:21.356 > Loop t0
22:19:21.361 > Loop t0
22:19:21.366 > Loop t0
22:19:21.371 > Loop t0
22:19:21.376 > Loop t0
22:19:21.381 > Loop t0
22:19:21.386 > Loop t0
22:19:21.391 > Loop t0
22:19:21.396 > Loop t0
22:19:21.401 > Loop t0
22:19:21.406 > Loop t0
22:19:21.411 > Loop t0
22:19:21.416 > Loop t0
22:19:21.421 > Loop t0
22:19:21.426 > Loop t0
22:19:21.431 > Loop t0
22:19:21.436 > Loop t0
22:19:21.441 > Loop t0
22:19:21.446 > Loop t0
22:19:21.451 > Loop t0
22:19:21.456 > Loop t0
22:19:21.461 > Loop t0
22:19:21.466 > Loop t0
22:19:21.471 > Loop t0
22:19:21.476 > Loop t0
22:19:21.481 > Loop t0
22:19:21.486 > Loop t0
22:19:21.491 > Loop t0
22:19:21.496 > Loop t0
22:19:21.501 > Loop t0
22:19:21.506 > Loop t0
22:19:21.511 > Loop t0
22:19:21.516 > Loop t0
22:19:21.521 > Loop t0
22:19:21.526 > Loop t0
22:19:21.531 > Loop t0
22:19:21.536 > Loop t0
22:19:21.541 > Loop t0
22:19:21.546 > Loop t0
22:19:21.551 > Loop t0
22:19:21.556 > Loop t0
22:19:21.561 > Loop t0
22:19:21.566 > Loop t0
22:19:21.571 > Loop t0
22:19:21.576 > Loop t0
22:19:21.581 > Loop t0
22:19:21.586 > Loop t0
22:19:21.591 > Loop t0
22:19:21.596 > Loop t0
22:19:21.601 > Loop t0
22:19:21.606 > Loop t0
22:19:21.611 > Loop t0
22:19:21.616 > Loop t0
22:19:21.621 > Loop t0
22:19:21.626 > Loop t0
22:19:21.631 > Loop t0
22:19:21.636 > Loop t0
22:19:21.641 > Loop t0
22:19:21.646 > Loop t0
22:19:21.651 > Loop t0
22:19:21.656 > Loop t0
22:19:21.661 > Loop t0
22:19:21.666 > Loop t0
22:19:21.671 > Loop t0
22:19:21.676 > Loop t0
22:19:21.681 > Loop t0
22:19:21.688 > Loop t0
22:19:21.691 > Loop t0
22:19:21.696 > Loop t0
22:19:21.701 > Loop t0
22:19:21.706 > Loop t0
22:19:21.711 > Loop t0
22:19:21.716 > Loop t0
22:19:21.721 > Loop t0
22:19:21.726 > Loop t0
22:19:21.731 > Loop t0
22:19:21.736 > Loop t0
22:19:21.741 > Loop t0
22:19:21.746 > Loop t0
22:19:21.751 > Loop t0
22:19:21.756 > Loop t0
22:19:21.761 > Loop t0
22:19:21.766 > Loop t0
22:19:21.771 > Loop t0
22:19:21.779 > Loop t0
22:19:21.781 > Loop t0
22:19:21.786 > Loop t0
22:19:21.791 > Loop t0
22:19:21.796 > Loop t0
22:19:21.802 > Loop t0
22:19:21.806 > Loop t0
22:19:21.811 > Loop t0
22:19:21.816 > Loop t0
22:19:21.821 > Loop t0
22:19:21.826 > Loop t0
22:19:21.831 > Loop t0
22:19:21.836 > Loop t0
22:19:21.841 > Loop t0
22:19:21.846 > Loop t0
22:19:21.852 > Loop t0
22:19:21.856 > Loop t0
22:19:21.861 > Loop t0
22:19:21.866 > Loop t0
22:19:21.871 > Loop t0
22:19:21.876 > Loop t0
22:19:21.881 > Loop t0
22:19:21.886 > Loop t0
22:19:21.891 > Loop t0
22:19:21.897 > Loop t0
22:19:21.901 > Loop t0
22:19:21.906 > Loop t0
22:19:21.911 > Loop t0
22:19:21.916 > Loop t0
22:19:21.921 > Loop t0
22:19:21.927 > Loop t0
22:19:21.931 > Loop t0
22:19:21.936 > Loop t0
22:19:21.941 > Loop t0
22:19:21.946 > Loop t0
22:19:21.951 > Loop t0
22:19:21.956 > Loop t0
22:19:21.961 > Loop t0
22:19:21.966 > Loop t0
22:19:21.971 > Loop t0
22:19:21.976 > Loop t0
22:19:21.981 > Loop t0
22:19:21.988 > Loop t0
22:19:21.991 > Loop t0
22:19:21.996 > Loop t0
22:19:22.001 > Loop t0
22:19:22.006 > Loop t0
22:19:22.011 > Loop t0
22:19:22.016 > Loop t0
22:19:22.021 > Loop t0
22:19:22.026 > Loop t0
22:19:22.031 > Loop t0
22:19:22.036 > Loop t0
22:19:22.041 > Loop t0
22:19:22.046 > Loop t0
22:19:22.053 > Loop t0
22:19:22.056 > Loop t0
22:19:22.061 > Loop t0
22:19:22.066 > Loop t0
22:19:22.071 > Loop t0
22:19:22.077 > Loop t0
22:19:22.081 > Loop t0
22:19:22.086 > Loop t0
22:19:22.091 > Loop t0
22:19:22.096 > Loop t0
22:19:22.101 > Loop t0
22:19:22.106 > Loop t0
22:19:22.111 > Loop t0
22:19:22.116 > Loop t0
22:19:22.121 > Loop t0
22:19:22.126 > Loop t0
22:19:22.131 > Loop t0
22:19:22.136 > Loop t0
22:19:22.141 > Loop t0
22:19:22.146 > Loop t0
22:19:22.151 > Loop t0
22:19:22.156 > Loop t0
22:19:22.161 > Loop t0
22:19:22.166 > Loop t0
22:19:22.171 > Loop t0
22:19:22.176 > Loop t0
22:19:22.181 > Loop t0
22:19:22.186 > Loop t0
22:19:22.191 > Loop t0
22:19:22.196 > Loop t0
22:19:22.201 > Loop t0
22:19:22.206 > Loop t0
22:19:22.211 > Loop t0
22:19:22.216 > Loop t0
22:19:22.221 > Loop t0
22:19:22.226 > Loop t0
22:19:22.231 > Loop t0
22:19:22.236 > Loop t0
22:19:22.241 > Loop t0
22:19:22.246 > Loop t0
22:19:22.251 > Loop t0
22:19:22.256 > Loop t0
22:19:22.261 > Loop t0
22:19:22.266 > Loop t0
22:19:22.271 > Loop t0
22:19:22.276 > Loop t0
22:19:22.281 > Loop t0
22:19:22.286 > Loop t0
22:19:22.291 > Loop t0
22:19:22.296 > Loop t0
22:19:22.301 > Loop t0
22:19:22.306 > Loop t0
22:19:22.311 > Loop t0
22:19:22.316 > Loop t0
22:19:22.321 > Loop t0
22:19:22.326 > Loop t0
22:19:22.331 > Loop t0
22:19:22.336 > Loop t0
22:19:22.341 > Loop t0
22:19:22.346 > Loop t0
22:19:22.351 > Loop t0
22:19:22.356 > Loop t0
22:19:22.361 > Loop t0
22:19:22.366 > Loop t0
22:19:22.371 > Loop t0
22:19:22.376 > Loop t0
22:19:22.381 > Loop t0
22:19:22.386 > Loop t0
22:19:22.391 > Loop t0
22:19:22.396 > Loop t0
22:19:22.401 > Loop t0
22:19:22.406 > Loop t0
22:19:22.411 > Loop t0
22:19:22.416 > Loop t0
22:19:22.421 > Loop t0
22:19:22.426 > Loop t0
22:19:22.431 > Loop t0
22:19:22.436 > Loop t0
22:19:22.441 > Loop t0
22:19:22.446 > Loop t0
22:19:22.451 > Loop t0
22:19:22.456 > Loop t0
22:19:22.461 > Loop t0
22:19:22.466 > Loop t0
22:19:22.471 > Loop t0
22:19:22.476 > Loop t0
22:19:22.481 > Loop t0
22:19:22.486 > Loop t0
22:19:22.491 > Loop t0
22:19:22.496 > Loop t0
22:19:22.501 > Loop t0
22:19:22.506 > Loop t0
22:19:22.511 > Loop t0
22:19:22.516 > Loop t0
22:19:22.521 > Loop t0
22:19:22.526 > Loop t0
22:19:22.531 > Loop t0
22:19:22.536 > Loop t0
22:19:22.541 > Loop t0
22:19:22.546 > Loop t0
22:19:22.551 > Loop t0
22:19:22.556 > Loop t0
22:19:22.561 > Loop t0
22:19:22.566 > Loop t0
22:19:22.571 > Loop t0
22:19:22.576 > Loop t0
22:19:22.581 > Loop t0
22:19:22.586 > Loop t0
22:19:22.591 > Loop t0
22:19:22.596 > Loop t0
22:19:22.601 > Loop t0
22:19:22.606 > Loop t0
22:19:22.611 > Loop t0
22:19:22.616 > Loop t0
22:19:22.621 > Loop t0
22:19:22.626 > Loop t0
22:19:22.631 > Loop t0
22:19:22.636 > Loop t0
22:19:22.641 > Loop t0
22:19:22.646 > Loop t0
22:19:22.651 > Loop t0
22:19:22.656 > Loop t0
22:19:22.661 > Loop t0
22:19:22.666 > Loop t0
22:19:22.671 > Loop t0
22:19:22.676 > Loop t0
22:19:22.681 > Loop t0
22:19:22.686 > Loop t0
22:19:22.691 > Loop t0
22:19:22.696 > Loop t0
22:19:22.701 > Loop t0
22:19:22.706 > Loop t0
22:19:22.711 > Loop t0
22:19:22.716 > Loop t0
22:19:22.721 > Loop t0
22:19:22.726 > Loop t0
22:19:22.731 > Loop t0
22:19:22.736 > Loop t0
22:19:22.741 > Loop t0
22:19:22.746 > Loop t0
22:19:22.751 > Loop t0
22:19:22.756 > Loop t0
22:19:22.761 > Loop t0
22:19:22.766 > Loop t0
22:19:22.771 > Loop t0
22:19:22.776 > Loop t0
22:19:22.781 > Loop t0
22:19:22.786 > Loop t0
22:19:22.791 > Loop t0
22:19:22.796 > Loop t0
22:19:22.801 > Loop t0
22:19:22.806 > Loop t0
22:19:22.811 > Loop t0
22:19:22.816 > Loop t0
22:19:22.821 > Loop t0
22:19:22.826 > Loop t0
22:19:22.831 > Loop t0
22:19:22.836 > Loop t0
22:19:22.841 > Loop t0
22:19:22.846 > Loop t0
22:19:22.851 > Loop t0
22:19:22.856 > Loop t0
22:19:22.861 > Loop t0
22:19:22.866 > Loop t0
22:19:22.871 > Loop t0
22:19:22.876 > Loop t0
22:19:22.881 > Loop t0
22:19:22.886 > Loop t0
22:19:22.891 > Loop t0
22:19:22.896 > Loop t0
22:19:22.901 > Loop t0
22:19:22.906 > Loop t0
22:19:22.911 > Loop t0
22:19:22.916 > Loop t0
22:19:22.921 > Loop t0
22:19:22.926 > Loop t0
22:19:22.931 > Loop t0
22:19:22.936 > Loop t0
22:19:22.941 > Loop t0
22:19:22.946 > Loop t0
22:19:22.951 > Loop t0
22:19:22.956 > Loop t0
22:19:22.961 > Loop t0
22:19:22.966 > Loop t0
22:19:22.971 > Loop t0
22:19:22.976 > Loop t0
22:19:22.981 > Loop t0
22:19:22.986 > Loop t0
22:19:22.991 > Loop t0
22:19:22.996 > Loop t0
22:19:23.001 > Loop t0
22:19:23.006 > Loop t0
22:19:23.011 > Loop t0
22:19:23.016 > Loop t0
22:19:23.021 > Loop t0
22:19:23.026 > Loop t0
22:19:23.031 > Loop t0
22:19:23.036 > Loop t0
22:19:23.041 > Loop t0
22:19:23.046 > Loop t0
22:19:23.051 > Loop t0
22:19:23.056 > Loop t0
22:19:23.061 > Loop t0
22:19:23.066 > Loop t0
22:19:23.071 > Loop t0
22:19:23.076 > Loop t0
22:19:23.081 > Loop t0
22:19:23.086 > Loop t0
22:19:23.091 > Loop t0
22:19:23.096 > Loop t0
22:19:23.101 > Loop t0
22:19:23.106 > Loop t0
22:19:23.111 > Loop t0
22:19:23.116 > Loop t0
22:19:23.121 > Loop t0
22:19:23.126 > Loop t0
22:19:23.131 > Loop t0
22:19:23.136 > Loop t0
22:19:23.141 > Loop t0
22:19:23.146 > Loop t0
22:19:23.151 > Loop t0
22:19:23.156 > Loop t0
22:19:23.161 > Loop t0
22:19:23.166 > Loop t0
22:19:23.171 > Loop t0
22:19:23.176 > Loop t0
22:19:23.181 > Loop t0
22:19:23.186 > Loop t0
22:19:23.191 > Loop t0
22:19:23.196 > Loop t0
22:19:23.201 > Loop t0
22:19:23.206 > Loop t0
22:19:23.211 > Loop t0
22:19:23.216 > Loop t0
22:19:23.221 > Loop t0
22:19:23.226 > Loop t0
22:19:23.231 > Loop t0
22:19:23.236 > Loop t0
22:19:23.241 > Loop t0
22:19:23.246 > Loop t0
22:19:23.251 > Loop t0
22:19:23.256 > Loop t0
22:19:23.261 > Loop t0
22:19:23.266 > Loop t0
22:19:23.271 > Loop t0
22:19:23.276 > Loop t0
22:19:23.281 > Loop t0
22:19:23.286 > Loop t0
22:19:23.291 > Loop t0
22:19:23.296 > Loop t0
22:19:23.301 > Loop t0
22:19:23.306 > Loop t0
22:19:23.311 > Loop t0
22:19:23.316 > Loop t0
22:19:23.321 > Loop t0
22:19:23.326 > Loop t0
22:19:23.331 > Loop t0
22:19:23.336 > Loop t0
22:19:23.341 > Loop t0
22:19:23.346 > Loop t0
22:19:23.351 > Loop t0
22:19:23.356 > Loop t0
22:19:23.361 > Loop t0
22:19:23.366 > Loop t0
22:19:23.371 > Loop t0
22:19:23.376 > Loop t0
22:19:23.381 > Loop t0
22:19:23.386 > Loop t0
22:19:23.391 > Loop t0
22:19:23.396 > Loop t0
22:19:23.401 > Loop t0
22:19:23.406 > Loop t0
22:19:23.411 > Loop t0
22:19:23.416 > Loop t0
22:19:23.421 > Loop t0
22:19:23.426 > Loop t0
22:19:23.431 > Loop t0
22:19:23.436 > Loop t0
22:19:23.441 > Loop t0
22:19:23.446 > Loop t0
22:19:23.451 > Loop t0
22:19:23.456 > Loop t0
22:19:23.461 > Loop t0
22:19:23.466 > Loop t0
22:19:23.471 > Loop t0
22:19:23.476 > Loop t0
22:19:23.481 > Loop t0
22:19:23.486 > Loop t0
22:19:23.491 > Loop t0
22:19:23.496 > Loop t0
22:19:23.501 > Loop t0
22:19:23.506 > Loop t0
22:19:23.511 > Loop t0
22:19:23.516 > Loop t0
22:19:23.521 > Loop t0
22:19:23.526 > Loop t0
22:19:23.531 > Loop t0
22:19:23.536 > Loop t0
22:19:23.541 > Loop t0
22:19:23.546 > Loop t0
22:19:23.551 > Loop t0
22:19:23.556 > Loop t0
22:19:23.561 > Loop t0
22:19:23.566 > Loop t0
22:19:23.571 > Loop t0
22:19:23.576 > Loop t0
22:19:23.581 > Loop t0
22:19:23.586 > Loop t0
22:19:23.591 > Loop t0
22:19:23.596 > Loop t0
22:19:23.601 > Loop t0
22:19:23.606 > Loop t0
22:19:23.611 > Loop t0
22:19:23.616 > Loop t0
22:19:23.621 > Loop t0
22:19:23.626 > Loop t0
22:19:23.631 > Loop t0
22:19:23.636 > Loop t0
22:19:23.641 > Loop t0
22:19:23.646 > Loop t0
22:19:23.651 > Loop t0
22:19:23.656 > Loop t0
22:19:23.661 > Loop t0
22:19:23.666 > Loop t0
22:19:23.671 > Loop t0
22:19:23.676 > Loop t0
22:19:23.681 > Loop t0
22:19:23.686 > Loop t0
22:19:23.691 > Loop t0
22:19:23.696 > Loop t0
22:19:23.701 > Loop t0
22:19:23.706 > Loop t0
22:19:23.711 > Loop t0
22:19:23.716 > Loop t0
22:19:23.721 > Loop t0
22:19:23.726 > Loop t0
22:19:23.731 > Loop t0
22:19:23.736 > Loop t0
22:19:23.741 > Loop t0
22:19:23.746 > Loop t0
22:19:23.751 > Loop t0
22:19:23.756 > Loop t0
22:19:23.761 > Loop t0
22:19:23.766 > Loop t0
22:19:23.771 > Loop t0
22:19:23.776 > Loop t0
22:19:23.781 > Loop t0
22:19:23.786 > Loop t0
22:19:23.791 > Loop t0
22:19:23.796 > Loop t0
22:19:23.801 > Loop t0
22:19:23.806 > Loop t0
22:19:23.811 > Loop t0
22:19:23.816 > Loop t0
22:19:23.821 > Loop t0
22:19:23.826 > Loop t0
22:19:23.831 > Loop t0
22:19:23.836 > Loop t0
22:19:23.841 > Loop t0
22:19:23.846 > Loop t0
22:19:23.851 > Loop t0
22:19:23.856 > Loop t0
22:19:23.861 > Loop t0
22:19:23.866 > Loop t0
22:19:23.871 > Loop t0
22:19:23.876 > Loop t0
22:19:23.881 > Loop t0
22:19:23.886 > Loop t0
22:19:23.891 > Loop t0
22:19:23.896 > Loop t0
22:19:23.901 > Loop t0
22:19:23.906 > Loop t0
22:19:23.911 > Loop t0
22:19:23.916 > Loop t0
22:19:23.921 > Loop t0
22:19:23.926 > Loop t0
22:19:23.931 > Loop t0
22:19:23.936 > Loop t0
22:19:23.941 > Loop t0
22:19:23.946 > Loop t0
22:19:23.951 > Loop t0
22:19:23.956 > Loop t0
22:19:23.961 > Loop t0
22:19:23.966 > Loop t0
22:19:23.971 > Loop t0
22:19:23.976 > Loop t0
22:19:23.981 > Loop t0
22:19:23.986 > Loop t0
22:19:23.991 > Loop t0
22:19:23.996 > Loop t0
22:19:24.001 > Loop t0
22:19:24.006 > Loop t0
22:19:24.011 > Loop t0
22:19:24.016 > Loop t0
22:19:24.021 > Loop t0
22:19:24.026 > Loop t0
22:19:24.031 > Loop t0
22:19:24.036 > Loop t0
22:19:24.041 > Loop t0
22:19:24.046 > Loop t0
22:19:24.051 > Loop t0
22:19:24.056 > Loop t0
22:19:24.061 > Loop t0
22:19:24.066 > Loop t0
22:19:24.071 > Loop t0
22:19:24.076 > Loop t0
22:19:24.081 > Loop t0
22:19:24.086 > Loop t0
22:19:24.091 > Loop t0
22:19:24.096 > Loop t0
22:19:24.101 > Loop t0
22:19:24.106 > Loop t0
22:19:24.111 > Loop t0
22:19:24.116 > Loop t0
22:19:24.121 > Loop t0
22:19:24.126 > Loop t0
22:19:24.131 > Loop t0
22:19:24.136 > Loop t0
22:19:24.141 > Loop t0
22:19:24.146 > Loop t0
22:19:24.151 > Loop t0
22:19:24.156 > Loop t0
22:19:24.161 > Loop t0
22:19:24.166 > Loop t0
22:19:24.171 > Loop t0
22:19:24.176 > Loop t0
22:19:24.181 > Loop t0
22:19:24.186 > Loop t0
22:19:24.191 > Loop t0
22:19:24.196 > Loop t0
22:19:24.201 > Loop t0
22:19:24.206 > Loop t0
22:19:24.211 > Loop t0
22:19:24.216 > Loop t0
22:19:24.221 > Loop t0
22:19:24.226 > Loop t0
22:19:24.231 > Loop t0
22:19:24.236 > Loop t0
22:19:24.241 > Loop t0
22:19:24.246 > Loop t0
22:19:24.251 > Loop t0
22:19:24.256 > Loop t0
22:19:24.261 > Loop t0
22:19:24.266 > Loop t0
22:19:24.271 > Loop t0
22:19:24.276 > Loop t0
22:19:24.281 > Loop t0
22:19:24.286 > Loop t0
22:19:24.291 > Loop t0
22:19:24.296 > Loop t0
22:19:24.301 > Loop t0
22:19:24.306 > Loop t0
22:19:24.311 > Loop t0
22:19:24.316 > Loop t0
22:19:24.321 > Loop t0
22:19:24.326 > Loop t0
22:19:24.331 > Loop t0
22:19:24.336 > Loop t0
22:19:24.341 > Loop t0
22:19:24.346 > Loop t0
22:19:24.351 > Loop t0
22:19:24.356 > Loop t0
22:19:24.361 > Loop t0
22:19:24.366 > Loop t0
22:19:24.371 > Loop t0
22:19:24.376 > Loop t0
22:19:24.381 > Loop t0
22:19:24.386 > Loop t0
22:19:24.391 > Loop t0
22:19:24.396 > Loop t0
22:19:24.401 > Loop t0
22:19:24.406 > Loop t0
22:19:24.411 > Loop t0
22:19:24.416 > Loop t0
22:19:24.421 > Loop t0
22:19:24.426 > Loop t0
22:19:24.431 > Loop t0
22:19:24.436 > Loop t0
22:19:24.441 > Loop t0
22:19:24.446 > Loop t0
22:19:24.451 > Loop t0
22:19:24.456 > Loop t0
22:19:24.461 > Loop t0
22:19:24.466 > Loop t0
22:19:24.471 > Loop t0
22:19:24.476 > Loop t0
22:19:24.481 > Loop t0
22:19:24.486 > Loop t0
22:19:24.491 > Loop t0
22:19:24.496 > Loop t0
22:19:24.501 > Loop t0
22:19:24.506 > Loop t0
22:19:24.511 > Loop t0
22:19:24.516 > Loop t0
22:19:24.521 > Loop t0
22:19:24.526 > Loop t0
22:19:24.531 > Loop t0
22:19:24.536 > Loop t0
22:19:24.541 > Loop t0
22:19:24.546 > Loop t0
22:19:24.551 > Loop t0
22:19:24.556 > Loop t0
22:19:24.561 > Loop t0
22:19:24.566 > Loop t0
22:19:24.571 > Loop t0
22:19:24.576 > Loop t0
22:19:24.581 > Loop t0
22:19:24.586 > Loop t0
22:19:24.591 > Loop t0
22:19:24.596 > Loop t0
22:19:24.601 > Loop t0
22:19:24.606 > Loop t0
22:19:24.611 > Loop t0
22:19:24.616 > Loop t0
22:19:24.621 > Loop t0
22:19:24.626 > Loop t0
22:19:24.631 > Loop t0
22:19:24.636 > Loop t0
22:19:24.641 > Loop t0
22:19:24.646 > Loop t0
22:19:24.651 > Loop t0
22:19:24.656 > Loop t0
22:19:24.661 > Loop t0
22:19:24.666 > Loop t0
22:19:24.671 > Loop t0
22:19:24.676 > Loop t0
22:19:24.681 > Loop t0
22:19:24.686 > Loop t0
22:19:24.691 > Loop t0
22:19:24.696 > Loop t0
22:19:24.701 > Loop t0
22:19:24.706 > Loop t0
22:19:24.711 > Loop t0
22:19:24.716 > Loop t0
22:19:24.721 > Loop t0
22:19:24.726 > Loop t0
22:19:24.731 > Loop t0
22:19:24.736 > Loop t0
22:19:24.741 > Loop t0
22:19:24.746 > Loop t0
22:19:24.751 > Loop t0
22:19:24.756 > Loop t0
22:19:24.761 > Loop t0
22:19:24.766 > Loop t0
22:19:24.771 > Loop t0
22:19:24.776 > Loop t0
22:19:24.781 > Loop t0
22:19:24.786 > Loop t0
22:19:24.791 > Loop t0
22:19:24.796 > Loop t0
22:19:24.801 > Loop t0
22:19:24.806 > Loop t0
22:19:24.811 > Loop t0
22:19:24.816 > Loop t0
22:19:24.821 > Loop t0
22:19:24.826 > Loop t0
22:19:24.831 > Loop t0
22:19:24.836 > Loop t0
22:19:24.841 > Loop t0
22:19:24.846 > Loop t0
22:19:24.851 > Loop t0
22:19:24.856 > Loop t0
22:19:24.861 > Loop t0
22:19:24.866 > Loop t0
22:19:24.871 > Loop t0
22:19:24.876 > Loop t0
22:19:24.881 > Loop t0
22:19:24.886 > Loop t0
22:19:24.891 > Loop t0
22:19:24.896 > Loop t0
22:19:24.901 > Loop t0
22:19:24.906 > Loop t0
22:19:24.911 > Loop t0
22:19:24.916 > Loop t0
22:19:24.921 > Loop t0
22:19:24.926 > Loop t0
22:19:24.931 > Loop t0
22:19:24.936 > Loop t0
22:19:24.941 > Loop t0
22:19:24.946 > Loop t0
22:19:24.951 > Loop t0
22:19:24.956 > Loop t0
22:19:24.961 > Loop t0
22:19:24.966 > Loop t0
22:19:24.971 > Loop t0
22:19:24.976 > Loop t0
22:19:24.981 > Loop t0
22:19:24.986 > Loop t0
22:19:24.991 > Loop t0
22:19:24.996 > Loop t0
22:19:25.001 > Loop t0
22:19:25.006 > Loop t0
22:19:25.011 > Loop t0
22:19:25.016 > Loop t0
22:19:25.021 > Loop t0
22:19:25.026 > Loop t0
22:19:25.031 > Loop t0
22:19:25.036 > Loop t0
22:19:25.041 > Loop t0
22:19:25.046 > Loop t0
22:19:25.051 > Loop t0
22:19:25.056 > Loop t0
22:19:25.061 > Loop t0
22:19:25.066 > Loop t0
22:19:25.071 > Loop t0
22:19:25.076 > Loop t0
22:19:25.081 > Loop t0
22:19:25.086 > Loop t0
22:19:25.091 > Loop t0
22:19:25.096 > Loop t0
22:19:25.101 > Loop t0
22:19:25.106 > Loop t0
22:19:25.111 > Loop t0
22:19:25.116 > Loop t0
22:19:25.121 > Loop t0
22:19:25.126 > Loop t0
22:19:25.131 > Loop t0
22:19:25.136 > Loop t0
22:19:25.141 > Loop t0
22:19:25.146 > Loop t0
22:19:25.151 > Loop t0
22:19:25.156 > Loop t0
22:19:25.161 > Loop t0
22:19:25.166 > Loop t0
22:19:25.171 > Loop t0
22:19:25.176 > Loop t0
22:19:25.181 > Loop t0
22:19:25.186 > Loop t0
22:19:25.191 > Loop t0
22:19:25.196 > Loop t0
22:19:25.201 > Loop t0
22:19:25.206 > Loop t0
22:19:25.211 > Loop t0
22:19:25.216 > Loop t0
22:19:25.221 > Loop t0
22:19:25.226 > Loop t0
22:19:25.231 > Loop t0
22:19:25.236 > Loop t0
22:19:25.241 > Loop t0
22:19:25.246 > Loop t0
22:19:25.251 > Loop t0
22:19:25.256 > Loop t0
22:19:25.261 > Loop t0
22:19:25.266 > Loop t0
22:19:25.271 > Loop t0
22:19:25.276 > Loop t0
22:19:25.281 > Loop t0
22:19:25.286 > Loop t0
22:19:25.291 > Loop t0
22:19:25.296 > Loop t0
22:19:25.301 > Loop t0
22:19:25.306 > Loop t0
22:19:25.311 > Loop t0
22:19:25.316 > Loop t0
22:19:25.321 > Loop t0
22:19:25.326 > Loop t0
22:19:25.331 > Loop t0
22:19:25.336 > Loop t0
22:19:25.341 > Loop t0
22:19:25.346 > Loop t0
22:19:25.351 > Loop t0
22:19:25.356 > Loop t0
22:19:25.361 > Loop t0
22:19:25.366 > Loop t0
22:19:25.371 > Loop t0
22:19:25.376 > Loop t0
22:19:25.381 > Loop t0
22:19:25.386 > Loop t0
22:19:25.391 > Loop t0
22:19:25.396 > Loop t0
22:19:25.401 > Loop t0
22:19:25.406 > Loop t0
22:19:25.411 > Loop t0
22:19:25.416 > Loop t0
22:19:25.421 > Loop t0
22:19:25.426 > Loop t0
22:19:25.431 > Loop t0
22:19:25.436 > Loop t0
22:19:25.441 > Loop t0
22:19:25.446 > Loop t0
22:19:25.451 > Loop t0
22:19:25.456 > Loop t0
22:19:25.461 > Loop t0
22:19:25.466 > Loop t0
22:19:25.471 > Loop t0
22:19:25.476 > Loop t0
22:19:25.481 > Loop t0
22:19:25.486 > Loop t0
22:19:25.491 > Loop t0
22:19:25.496 > Loop t0
22:19:25.501 > Loop t0
22:19:25.506 > Loop t0
22:19:25.511 > Loop t0
22:19:25.516 > Loop t0
22:19:25.521 > Loop t0
22:19:25.526 > Loop t0
22:19:25.531 > Loop t0
22:19:25.536 > Loop t0
22:19:25.541 > Loop t0
22:19:25.546 > Loop t0
22:19:25.551 > Loop t0
22:19:25.556 > Loop t0
22:19:25.561 > Loop t0
22:19:25.566 > Loop t0
22:19:25.571 > Loop t0
22:19:25.576 > Loop t0
22:19:25.581 > Loop t0
22:19:25.586 > Loop t0
22:19:25.591 > Loop t0
22:19:25.596 > Loop t0
22:19:25.601 > Loop t0
22:19:25.606 > Loop t0
22:19:25.611 > Loop t0
22:19:25.616 > Loop t0
22:19:25.621 > Loop t0
22:19:25.626 > Loop t0
22:19:25.631 > Loop t0
22:19:25.636 > Loop t0
22:19:25.641 > Loop t0
22:19:25.646 > Loop t0
22:19:25.651 > Loop t0
22:19:25.656 > Loop t0
22:19:25.661 > Loop t0
22:19:25.666 > Loop t0
22:19:25.671 > Loop t0
22:19:25.676 > Loop t0
22:19:25.681 > Loop t0
22:19:25.686 > Loop t0
22:19:25.691 > Loop t0
22:19:25.696 > Loop t0
22:19:25.701 > Loop t0
22:19:25.706 > Loop t0
22:19:25.711 > Loop t0
22:19:25.716 > Loop t0
22:19:25.721 > Loop t0
22:19:25.726 > Loop t0
22:19:25.731 > Loop t0
22:19:25.736 > Loop t0
22:19:25.741 > Loop t0
22:19:25.746 > Loop t0
22:19:25.751 > Loop t0
22:19:25.756 > Loop t0
22:19:25.761 > Loop t0
22:19:25.766 > Loop t0
22:19:25.771 > Loop t0
22:19:25.776 > Loop t0
22:19:25.781 > Loop t0
22:19:25.786 > Loop t0
22:19:25.791 > Loop t0
22:19:25.796 > Loop t0
22:19:25.801 > Loop t0
22:19:25.806 > Loop t0
22:19:25.811 > Loop t0
22:19:25.816 > Loop t0
22:19:25.821 > Loop t0
22:19:25.826 > Loop t0
22:19:25.831 > Loop t0
22:19:25.836 > Loop t0
22:19:25.841 > Loop t0
22:19:25.846 > Loop t0
22:19:25.851 > Loop t0
22:19:25.856 > Loop t0
22:19:25.861 > Loop t0
22:19:25.866 > Loop t0
22:19:25.871 > Loop t0
22:19:25.876 > Loop t0
22:19:25.881 > Loop t0
22:19:25.886 > Loop t0
22:19:25.891 > Loop t0
22:19:25.896 > Loop t0
22:19:25.901 > Loop t0
22:19:25.906 > Loop t0
22:19:25.911 > Loop t0
22:19:25.916 > Loop t0
22:19:25.921 > Loop t0
22:19:25.926 > Loop t0
22:19:25.931 > Loop t0
22:19:25.936 > Loop t0
22:19:25.941 > Loop t0
22:19:25.946 > Loop t0
22:19:25.951 > Loop t0
22:19:25.956 > Loop t0
22:19:25.961 > Loop t0
22:19:25.966 > Loop t0
22:19:25.971 > Loop t0
22:19:25.976 > Loop t0
22:19:25.981 > Loop t0
22:19:25.986 > Loop t0
22:19:25.991 > Loop t0
22:19:25.996 > Loop t0
22:19:26.001 > Loop t0
22:19:26.006 > Loop t0
22:19:26.011 > Loop t0
22:19:26.016 > Loop t0
22:19:26.021 > Loop t0
22:19:26.026 > Loop t0
22:19:26.031 > Loop t0
22:19:26.036 > Loop t0
22:19:26.041 > Loop t0
22:19:26.046 > Loop t0
22:19:26.051 > Loop t0
22:19:26.056 > Loop t0
22:19:26.061 > Loop t0
22:19:26.066 > Loop t0
22:19:26.071 > Loop t0
22:19:26.076 > Loop t0
22:19:26.081 > Loop t0
22:19:26.086 > Loop t0
22:19:26.091 > Loop t0
22:19:26.096 > Loop t0
22:19:26.101 > Loop t0
22:19:26.106 > Loop t0
22:19:26.111 > Loop t0
22:19:26.116 > Loop t0
22:19:26.121 > Loop t0
22:19:26.126 > Loop t0
22:19:26.131 > Loop t0
22:19:26.136 > Loop t0
22:19:26.141 > Loop t0
22:19:26.146 > Loop t0
22:19:26.151 > Loop t0
22:19:26.156 > Loop t0
22:19:26.161 > Loop t0
22:19:26.166 > Loop t0
22:19:26.171 > Loop t0
22:19:26.176 > Loop t0
22:19:26.181 > Loop t0
22:19:26.186 > Loop t0
22:19:26.191 > Loop t0
22:19:26.196 > Loop t0
22:19:26.201 > Loop t0
22:19:26.206 > Loop t0
22:19:26.211 > Loop t0
22:19:26.216 > Loop t0
22:19:26.221 > Loop t0
22:19:26.226 > Loop t0
22:19:26.231 > Loop t0
22:19:26.236 > Loop t0
22:19:26.241 > Loop t0
22:19:26.246 > Loop t0
22:19:26.251 > Loop t0
22:19:26.256 > Loop t0
22:19:26.261 > Loop t0
22:19:26.266 > Loop t0
22:19:26.271 > Loop t0
22:19:26.276 > Loop t0
22:19:26.281 > Loop t0
22:19:26.286 > Loop t0
22:19:26.291 > Loop t0
22:19:26.296 > Loop t0
22:19:26.301 > Loop t0
22:19:26.306 > Loop t0
22:19:26.311 > Loop t0
22:19:26.316 > Loop t0
22:19:26.321 > Loop t0
22:19:26.326 > Loop t0
22:19:26.331 > Loop t0
22:19:26.336 > Loop t0
22:19:26.341 > Loop t0
22:19:26.346 > Loop t0
22:19:26.351 > Loop t0
22:19:26.356 > Loop t0
22:19:26.361 > Loop t0
22:19:26.366 > Loop t0
22:19:26.371 > Loop t0
22:19:26.376 > Loop t0
22:19:26.381 > Loop t0
22:19:26.386 > Loop t0
22:19:26.391 > Loop t0
22:19:26.396 > Loop t0
22:19:26.401 > Loop t0
22:19:26.406 > Loop t0
22:19:26.411 > Loop t0
22:19:26.416 > Loop t0
22:19:26.421 > Loop t0
22:19:26.426 > Loop t0
22:19:26.431 > Loop t0
22:19:26.436 > Loop t0
22:19:26.441 > Loop t0
22:19:26.446 > Loop t0
22:19:26.451 > Loop t0
22:19:26.456 > Loop t0
22:19:26.461 > Loop t0
22:19:26.466 > Loop t0
22:19:26.471 > Loop t0
22:19:26.476 > Loop t0
22:19:26.481 > Loop t0
22:19:26.486 > Loop t0
22:19:26.491 > Loop t0
22:19:26.496 > Loop t0
22:19:26.501 > Loop t0
22:19:26.506 > Loop t0
22:19:26.511 > Loop t0
22:19:26.516 > Loop t0
22:19:26.521 > Loop t0
22:19:26.526 > Loop t0
22:19:26.531 > Loop t0
22:19:26.536 > Loop t0
22:19:26.541 > Loop t0
22:19:26.546 > Loop t0
22:19:26.551 > Loop t0
22:19:26.556 > Loop t0
22:19:26.561 > Loop t0
22:19:26.566 > Loop t0
22:19:26.571 > Loop t0
22:19:26.576 > Loop t0
22:19:26.581 > Loop t0
22:19:26.586 > Loop t0
22:19:26.591 > Loop t0
22:19:26.596 > Loop t0
22:19:26.601 > Loop t0
22:19:26.606 > Loop t0
22:19:26.611 > Loop t0
22:19:26.616 > Loop t0
22:19:26.621 > Loop t0
22:19:26.626 > Loop t0
22:19:26.631 > Loop t0
22:19:26.636 > Loop t0
22:19:26.641 > Loop t0
22:19:26.646 > Loop t0
22:19:26.651 > Loop t0
22:19:26.656 > Loop t0
22:19:26.661 > Loop t0
22:19:26.666 > Loop t0
22:19:26.671 > Loop t0
22:19:26.676 > Loop t0
22:19:26.681 > Loop t0
22:19:26.686 > Loop t0
22:19:26.691 > Loop t0
22:19:26.696 > Loop t0
22:19:26.701 > Loop t0
22:19:26.706 > Loop t0
22:19:26.711 > Loop t0
22:19:26.716 > Loop t0
22:19:26.721 > Loop t0
22:19:26.726 > Loop t0
22:19:26.731 > Loop t0
22:19:26.736 > Loop t0
22:19:26.741 > Loop t0
22:19:26.746 > Loop t0
22:19:26.751 > Loop t0
22:19:26.756 > Loop t0
22:19:26.761 > Loop t0
22:19:26.766 > Loop t0
22:19:26.771 > Loop t0
22:19:26.776 > Loop t0
22:19:26.781 > Loop t0
22:19:26.786 > Loop t0
22:19:26.791 > Loop t0
22:19:26.796 > Loop t0
22:19:26.801 > Loop t0
22:19:26.806 > Loop t0
22:19:26.811 > Loop t0
22:19:26.816 > Loop t0
22:19:26.821 > Loop t0
22:19:26.826 > Loop t0
22:19:26.831 > Loop t0
22:19:26.836 > Loop t0
22:19:26.841 > Loop t0
22:19:26.846 > Loop t0
22:19:26.851 > Loop t0
22:19:26.856 > Loop t0
22:19:26.861 > Loop t0
22:19:26.866 > Loop t0
22:19:26.871 > Loop t0
22:19:26.876 > Loop t0
22:19:26.881 > Loop t0
22:19:26.886 > Loop t0
22:19:26.891 > Loop t0
22:19:26.896 > Loop t0
22:19:26.901 > Loop t0
22:19:26.906 > Loop t0
22:19:26.911 > Loop t0
22:19:26.916 > Loop t0
22:19:26.921 > Loop t0
22:19:26.926 > Loop t0
22:19:26.931 > Loop t0
22:19:26.936 > Loop t0
22:19:26.941 > Loop t0
22:19:26.946 > Loop t0
22:19:26.951 > Loop t0
22:19:26.956 > Loop t0
22:19:26.961 > Loop t0
22:19:26.966 > Loop t0
22:19:26.971 > Loop t0
22:19:26.976 > Loop t0
22:19:26.981 > Loop t0
22:19:26.986 > Loop t0
22:19:26.991 > Loop t0
22:19:26.996 > Loop t0
22:19:27.001 > Loop t0
22:19:27.006 > Loop t0
22:19:27.011 > Loop t0
22:19:27.016 > Loop t0
22:19:27.021 > Loop t0
22:19:27.026 > Loop t0
22:19:27.031 > Loop t0
22:19:27.036 > Loop t0
22:19:27.041 > Loop t0
22:19:27.046 > Loop t0
22:19:27.051 > Loop t0
22:19:27.056 > Loop t0
22:19:27.061 > Loop t0
22:19:27.066 > Loop t0
22:19:27.071 > Loop t0
22:19:27.076 > Loop t0
22:19:27.081 > Loop t0
22:19:27.086 > Loop t0
22:19:27.091 > Loop t0
22:19:27.096 > Loop t0
22:19:27.101 > Loop t0
22:19:27.106 > Loop t0
22:19:27.111 > Loop t0
22:19:27.116 > Loop t0
22:19:27.121 > Loop t0
22:19:27.126 > Loop t0
22:19:27.131 > Loop t0
22:19:27.136 > Loop t0
22:19:27.141 > Loop t0
22:19:27.146 > Loop t0
22:19:27.151 > Loop t0
22:19:27.156 > Loop t0
22:19:27.161 > Loop t0
22:19:27.166 > Loop t0
22:19:27.171 > Loop t0
22:19:27.176 > Loop t0
22:19:27.181 > Loop t0
22:19:27.186 > Loop t0
22:19:27.191 > Loop t0
22:19:27.196 > Loop t0
22:19:27.201 > Loop t0
22:19:27.206 > Loop t0
22:19:27.211 > Loop t0
22:19:27.216 > Loop t0
22:19:27.221 > Loop t0
22:19:27.226 > Loop t0
22:19:27.231 > Loop t0
22:19:27.236 > Loop t0
22:19:27.241 > Loop t0
22:19:27.246 > Loop t0
22:19:27.251 > Loop t0
22:19:27.256 > Loop t0
22:19:27.261 > Loop t0
22:19:27.266 > Loop t0
22:19:27.271 > Loop t0
22:19:27.276 > Loop t0
22:19:27.281 > Loop t0
22:19:27.286 > Loop t0
22:19:27.291 > Loop t0
22:19:27.296 > Loop t0
22:19:27.301 > Loop t0
22:19:27.306 > Loop t0
22:19:27.311 > Loop t0
22:19:27.316 > Loop t0
