22:03:31.112 > Roll rate [º/s]:  -0.00  | Pitch rate [º/s]:  -0.03  | Yaw rate [º/s]:  -0.01
22:03:31.166 > Roll rate [º/s]:  -0.02  | Pitch rate [º/s]:  0.00  | Yaw rate [º/s]:  0.03
22:03:31.216 > Roll rate [º/s]:  0.01  | Pitch rate [º/s]:  -0.04  | Yaw rate [º/s]:  -0.01
22:03:31.268 > Roll rate [º/s]:  -0.02  | Pitch rate [º/s]:  -0.01  | Yaw rate [º/s]:  -0.03
22:03:31.321 > Roll rate [º/s]:  0.01  | Pitch rate [º/s]:  0.02  | Yaw rate [º/s]:  0.06
22:03:31.373 > Roll rate [º/s]:  -0.00  | Pitch rate [º/s]:  0.00  | Yaw rate [º/s]:  0.00
22:03:31.425 > Roll rate [º/s]:  -0.00  | Pitch rate [º/s]:  0.04  | Yaw rate [º/s]:  -0.01
22:03:31.477 > Roll rate [º/s]:  -0.03  | Pitch rate [º/s]:  0.00  | Yaw rate [º/s]:  0.03
22:03:31.529 > Roll rate [º/s]:  -0.00  | Pitch rate [º/s]:  0.04  | Yaw rate [º/s]:  0.03
22:03:31.581 > Roll rate [º/s]:  -0.00  | Pitch rate [º/s]:  -0.03  | Yaw rate [º/s]:  -0.03
22:03:31.634 > Roll rate [º/s]:  -0.03  | Pitch rate [º/s]:  0.00  | Yaw rate [º/s]:  0.03
22:03:31.686 > Roll rate [º/s]:  -0.00  | Pitch rate [º/s]:  0.02  | Yaw rate [º/s]:  0.00
22:03:31.738 > Roll rate [º/s]:  0.01  | Pitch rate [º/s]:  0.02  | Yaw rate [º/s]:  -0.04
22:03:31.790 > Roll rate [º/s]:  0.01  | Pitch rate [º/s]:  0.00  | Yaw rate [º/s]:  0.02
22:03:31.842 > Roll rate [º/s]:  -0.00  | Pitch rate [º/s]:  0.02  | Yaw rate [º/s]:  -0.01
22:03:31.894 > Roll rate [º/s]:  0.01  | Pitch rate [º/s]:  0.04  | Yaw rate [º/s]:  -0.03
22:03:31.946 > Roll rate [º/s]:  -0.00  | Pitch rate [º/s]:  -0.01  | Yaw rate [º/s]:  0.05
22:03:31.998 > Roll rate [º/s]:  -0.02  | Pitch rate [º/s]:  0.00  | Yaw rate [º/s]:  -0.03
22:03:32.050 > Roll rate [º/s]:  0.01  | Pitch rate [º/s]:  -0.03  | Yaw rate [º/s]:  -0.03
22:03:32.102 > Roll rate [º/s]:  -0.00  | Pitch rate [º/s]:  -0.01  | Yaw rate [º/s]:  0.03
22:03:32.154 > Roll rate [º/s]:  -0.00  | Pitch rate [º/s]:  -0.01  | Yaw rate [º/s]:  -0.03
22:03:32.207 > Roll rate [º/s]:  -0.00  | Pitch rate [º/s]:  -0.01  | Yaw rate [º/s]:  -0.03
22:03:32.260 > Roll rate [º/s]:  -0.00  | Pitch rate [º/s]:  0.04  | Yaw rate [º/s]:  0.02
22:03:32.312 > Roll rate [º/s]:  -0.00  | Pitch rate [º/s]:  0.02  | Yaw rate [º/s]:  -0.01
22:03:32.364 > Roll rate [º/s]:  -0.02  | Pitch rate [º/s]:  -0.01  | Yaw rate [º/s]:  0.05
22:03:32.416 > Roll rate [º/s]:  -0.00  | Pitch rate [º/s]:  -0.03  | Yaw rate [º/s]:  0.03
22:03:32.468 > Roll rate [º/s]:  -0.02  | Pitch rate [º/s]:  -0.03  | Yaw rate [º/s]:  -0.04
22:03:32.521 > Roll rate [º/s]:  0.01  | Pitch rate [º/s]:  -0.03  | Yaw rate [º/s]:  0.00
22:03:32.573 > Roll rate [º/s]:  -0.00  | Pitch rate [º/s]:  0.04  | Yaw rate [º/s]:  -0.04
22:03:32.625 > Roll rate [º/s]:  0.01  | Pitch rate [º/s]:  -0.01  | Yaw rate [º/s]:  -0.04
22:03:32.677 > Roll rate [º/s]:  0.01  | Pitch rate [º/s]:  -0.01  | Yaw rate [º/s]:  0.05
22:03:32.729 > Roll rate [º/s]:  -0.00  | Pitch rate [º/s]:  0.04  | Yaw rate [º/s]:  -0.01
22:03:32.781 > Roll rate [º/s]:  0.03  | Pitch rate [º/s]:  -0.03  | Yaw rate [º/s]:  -0.01
22:03:32.834 > Roll rate [º/s]:  0.01  | Pitch rate [º/s]:  0.00  | Yaw rate [º/s]:  0.03
22:03:32.885 > Roll rate [º/s]:  0.01  | Pitch rate [º/s]:  -0.01  | Yaw rate [º/s]:  0.00
22:03:32.937 > Roll rate [º/s]:  0.03  | Pitch rate [º/s]:  0.00  | Yaw rate [º/s]:  0.00
22:03:32.989 > Roll rate [º/s]:  -0.00  | Pitch rate [º/s]:  -0.01  | Yaw rate [º/s]:  0.02
22:03:33.041 > Roll rate [º/s]:  -0.00  | Pitch rate [º/s]:  0.00  | Yaw rate [º/s]:  -0.04
22:03:33.093 > Roll rate [º/s]:  -0.05  | Pitch rate [º/s]:  0.00  | Yaw rate [º/s]:  0.00
22:03:33.145 > Roll rate [º/s]:  -0.02  | Pitch rate [º/s]:  0.00  | Yaw rate [º/s]:  0.03
22:03:33.197 > Roll rate [º/s]:  -0.00  | Pitch rate [º/s]:  -0.03  | Yaw rate [º/s]:  -0.01
22:03:33.250 > Roll rate [º/s]:  -0.00  | Pitch rate [º/s]:  -0.01  | Yaw rate [º/s]:  0.00
22:03:33.302 > Roll rate [º/s]:  0.01  | Pitch rate [º/s]:  0.00  | Yaw rate [º/s]:  -0.03
22:03:33.354 > Roll rate [º/s]:  -0.00  | Pitch rate [º/s]:  -0.03  | Yaw rate [º/s]:  -0.04
22:03:33.407 > Roll rate [º/s]:  -0.02  | Pitch rate [º/s]:  0.04  | Yaw rate [º/s]:  0.02
22:03:33.459 > Roll rate [º/s]:  -0.00  | Pitch rate [º/s]:  0.00  | Yaw rate [º/s]:  -0.03
22:03:33.511 > Roll rate [º/s]:  -0.03  | Pitch rate [º/s]:  -0.01  | Yaw rate [º/s]:  -0.01
22:03:33.564 > Roll rate [º/s]:  -0.02  | Pitch rate [º/s]:  -0.04  | Yaw rate [º/s]:  0.00
22:03:33.616 > Roll rate [º/s]:  -0.03  | Pitch rate [º/s]:  -0.04  | Yaw rate [º/s]:  -0.01
22:03:33.669 > Roll rate [º/s]:  -0.00  | Pitch rate [º/s]:  -0.03  | Yaw rate [º/s]:  -0.01
22:03:33.722 > Roll rate [º/s]:  0.01  | Pitch rate [º/s]:  0.00  | Yaw rate [º/s]:  0.00
22:03:33.774 > Roll rate [º/s]:  -0.00  | Pitch rate [º/s]:  0.02  | Yaw rate [º/s]:  -0.03
22:03:33.826 > Roll rate [º/s]:  -0.02  | Pitch rate [º/s]:  -0.03  | Yaw rate [º/s]:  -0.01
22:03:33.879 > Roll rate [º/s]:  -0.00  | Pitch rate [º/s]:  0.00  | Yaw rate [º/s]:  -0.01
22:03:33.931 > Roll rate [º/s]:  0.01  | Pitch rate [º/s]:  -0.01  | Yaw rate [º/s]:  -0.01
22:03:33.983 > Roll rate [º/s]:  -0.00  | Pitch rate [º/s]:  0.00  | Yaw rate [º/s]:  0.00
22:03:34.035 > Roll rate [º/s]:  0.04  | Pitch rate [º/s]:  0.04  | Yaw rate [º/s]:  0.02
22:03:34.087 > Roll rate [º/s]:  0.01  | Pitch rate [º/s]:  0.05  | Yaw rate [º/s]:  -0.01
22:03:34.139 > Roll rate [º/s]:  0.01  | Pitch rate [º/s]:  0.00  | Yaw rate [º/s]:  0.00
22:03:34.191 > Roll rate [º/s]:  -0.00  | Pitch rate [º/s]:  -0.01  | Yaw rate [º/s]:  0.00
22:03:34.243 > Roll rate [º/s]:  -0.00  | Pitch rate [º/s]:  0.00  | Yaw rate [º/s]:  -0.06
22:03:34.295 > Roll rate [º/s]:  -0.02  | Pitch rate [º/s]:  -0.03  | Yaw rate [º/s]:  -0.01
22:03:34.348 > Roll rate [º/s]:  0.01  | Pitch rate [º/s]:  0.02  | Yaw rate [º/s]:  0.00
22:03:34.400 > Roll rate [º/s]:  -0.00  | Pitch rate [º/s]:  -0.03  | Yaw rate [º/s]:  -0.03
22:03:34.453 > Roll rate [º/s]:  -0.03  | Pitch rate [º/s]:  0.00  | Yaw rate [º/s]:  0.00
22:03:34.505 > Roll rate [º/s]:  -0.00  | Pitch rate [º/s]:  0.04  | Yaw rate [º/s]:  -0.04
22:03:34.557 > Roll rate [º/s]:  0.01  | Pitch rate [º/s]:  0.00  | Yaw rate [º/s]:  0.00
22:03:34.609 > Roll rate [º/s]:  0.03  | Pitch rate [º/s]:  -0.01  | Yaw rate [º/s]:  0.02
22:03:34.661 > Roll rate [º/s]:  -0.02  | Pitch rate [º/s]:  0.00  | Yaw rate [º/s]:  -0.06
22:03:34.713 > Roll rate [º/s]:  -0.00  | Pitch rate [º/s]:  -0.01  | Yaw rate [º/s]:  0.06
22:03:34.765 > Roll rate [º/s]:  -0.02  | Pitch rate [º/s]:  -0.01  | Yaw rate [º/s]:  -0.01
22:03:34.818 > Roll rate [º/s]:  0.01  | Pitch rate [º/s]:  0.02  | Yaw rate [º/s]:  -0.03
22:03:34.870 > Roll rate [º/s]:  0.01  | Pitch rate [º/s]:  0.00  | Yaw rate [º/s]:  0.08
22:03:34.922 > Roll rate [º/s]:  -0.05  | Pitch rate [º/s]:  0.02  | Yaw rate [º/s]:  -0.09
22:03:34.974 > Roll rate [º/s]:  -0.03  | Pitch rate [º/s]:  0.02  | Yaw rate [º/s]:  -0.03
22:03:35.026 > Roll rate [º/s]:  -0.02  | Pitch rate [º/s]:  0.02  | Yaw rate [º/s]:  0.08
22:03:35.078 > Roll rate [º/s]:  0.01  | Pitch rate [º/s]:  0.04  | Yaw rate [º/s]:  0.00
22:03:35.130 > Roll rate [º/s]:  0.01  | Pitch rate [º/s]:  -0.01  | Yaw rate [º/s]:  0.00
22:03:35.184 > Roll rate [º/s]:  -0.00  | Pitch rate [º/s]:  0.00  | Yaw rate [º/s]:  0.06
22:03:35.234 > Roll rate [º/s]:  -0.00  | Pitch rate [º/s]:  -0.03  | Yaw rate [º/s]:  -0.15
22:03:35.287 > Roll rate [º/s]:  0.01  | Pitch rate [º/s]:  0.00  | Yaw rate [º/s]:  0.03
22:03:35.339 > Roll rate [º/s]:  -0.00  | Pitch rate [º/s]:  0.02  | Yaw rate [º/s]:  0.13
22:03:35.391 > Roll rate [º/s]:  0.03  | Pitch rate [º/s]:  0.00  | Yaw rate [º/s]:  -0.06
22:03:35.443 > Roll rate [º/s]:  0.03  | Pitch rate [º/s]:  0.00  | Yaw rate [º/s]:  -0.03
22:03:35.495 > Roll rate [º/s]:  0.01  | Pitch rate [º/s]:  0.02  | Yaw rate [º/s]:  0.14
22:03:35.547 > Roll rate [º/s]:  0.04  | Pitch rate [º/s]:  0.00  | Yaw rate [º/s]:  -0.07
22:03:35.599 > Roll rate [º/s]:  0.01  | Pitch rate [º/s]:  -0.03  | Yaw rate [º/s]:  0.03
22:03:35.651 > Roll rate [º/s]:  -0.02  | Pitch rate [º/s]:  -0.01  | Yaw rate [º/s]:  0.22
22:03:35.703 > Roll rate [º/s]:  -0.02  | Pitch rate [º/s]:  -0.04  | Yaw rate [º/s]:  -0.21
22:03:35.756 > Roll rate [º/s]:  -0.00  | Pitch rate [º/s]:  0.00  | Yaw rate [º/s]:  0.08
22:03:35.808 > Roll rate [º/s]:  0.01  | Pitch rate [º/s]:  -0.03  | Yaw rate [º/s]:  0.14
22:03:35.860 > Roll rate [º/s]:  0.01  | Pitch rate [º/s]:  -0.04  | Yaw rate [º/s]:  -0.23
22:03:35.912 > Roll rate [º/s]:  -0.00  | Pitch rate [º/s]:  0.00  | Yaw rate [º/s]:  0.13
22:03:35.964 > Roll rate [º/s]:  -0.02  | Pitch rate [º/s]:  -0.01  | Yaw rate [º/s]:  0.06
22:03:36.016 > Roll rate [º/s]:  0.01  | Pitch rate [º/s]:  0.02  | Yaw rate [º/s]:  -0.18
22:03:36.068 > Roll rate [º/s]:  -0.00  | Pitch rate [º/s]:  -0.04  | Yaw rate [º/s]:  0.17
22:03:36.120 > Roll rate [º/s]:  -0.00  | Pitch rate [º/s]:  -0.01  | Yaw rate [º/s]:  0.02
22:03:36.172 > Roll rate [º/s]:  0.03  | Pitch rate [º/s]:  0.00  | Yaw rate [º/s]:  -0.15
22:03:36.224 > Roll rate [º/s]:  -0.00  | Pitch rate [º/s]:  -0.01  | Yaw rate [º/s]:  0.17
22:03:36.276 > Roll rate [º/s]:  0.01  | Pitch rate [º/s]:  -0.03  | Yaw rate [º/s]:  -0.04
22:03:36.328 > Roll rate [º/s]:  0.03  | Pitch rate [º/s]:  -0.04  | Yaw rate [º/s]:  -0.10
22:03:36.380 > Roll rate [º/s]:  -0.02  | Pitch rate [º/s]:  0.00  | Yaw rate [º/s]:  0.16
22:03:36.432 > Roll rate [º/s]:  -0.00  | Pitch rate [º/s]:  -0.01  | Yaw rate [º/s]:  -0.13
22:03:36.485 > Roll rate [º/s]:  0.01  | Pitch rate [º/s]:  0.04  | Yaw rate [º/s]:  -0.03
22:03:36.537 > Roll rate [º/s]:  0.01  | Pitch rate [º/s]:  0.00  | Yaw rate [º/s]:  0.14
22:03:36.589 > Roll rate [º/s]:  -0.00  | Pitch rate [º/s]:  0.02  | Yaw rate [º/s]:  -0.15
22:03:36.641 > Roll rate [º/s]:  -0.02  | Pitch rate [º/s]:  0.04  | Yaw rate [º/s]:  0.02
22:03:36.693 > Roll rate [º/s]:  -0.02  | Pitch rate [º/s]:  -0.01  | Yaw rate [º/s]:  0.11
22:03:36.745 > Roll rate [º/s]:  0.01  | Pitch rate [º/s]:  -0.01  | Yaw rate [º/s]:  -0.16
22:03:36.797 > Roll rate [º/s]:  -0.02  | Pitch rate [º/s]:  0.02  | Yaw rate [º/s]:  0.06
22:03:36.849 > Roll rate [º/s]:  -0.00  | Pitch rate [º/s]:  0.02  | Yaw rate [º/s]:  0.06
22:03:36.901 > Roll rate [º/s]:  0.01  | Pitch rate [º/s]:  0.00  | Yaw rate [º/s]:  -0.15
22:03:36.953 > Roll rate [º/s]:  -0.00  | Pitch rate [º/s]:  -0.01  | Yaw rate [º/s]:  0.09
