23:07:03.350 > Loop t1
23:07:03.356 > Loop t1
23:07:03.360 > Loop t1
23:07:03.365 > Loop t1
23:07:03.370 > Loop t1
23:07:03.375 > Loop t1
23:07:03.380 > Loop t1
23:07:03.385 > Loop t1
23:07:03.390 > Loop t1
23:07:03.395 > Loop t1
23:07:03.400 > Loop t1
23:07:03.405 > Loop t1
23:07:03.410 > Loop t1
23:07:03.415 > Loop t1
23:07:03.420 > Loop t1
23:07:03.425 > Loop t1
23:07:03.430 > Loop t1
23:07:03.435 > Loop t1
23:07:03.440 > Loop t1
23:07:03.445 > Loop t1
23:07:03.450 > Loop t1
23:07:03.455 > Loop t1
23:07:03.460 > Loop t1
23:07:03.465 > Loop t1
23:07:03.470 > Loop t1
23:07:03.475 > Loop t1
23:07:03.480 > Loop t1
23:07:03.485 > Loop t1
23:07:03.490 > Loop t1
23:07:03.495 > Loop t1
23:07:03.500 > Loop t1
23:07:03.505 > Loop t1
23:07:03.510 > Loop t1
23:07:03.515 > Loop t1
23:07:03.520 > Loop t1
23:07:03.525 > Loop t1
23:07:03.530 > Loop t1
23:07:03.535 > Loop t1
23:07:03.540 > Loop t1
23:07:03.545 > Loop t1
23:07:03.550 > Loop t1
23:07:03.555 > Loop t1
23:07:03.560 > Loop t1
23:07:03.565 > Loop t1
23:07:03.570 > Loop t1
23:07:03.575 > Loop t1
23:07:03.580 > Loop t1
23:07:03.585 > Loop t1
23:07:03.590 > Loop t1
23:07:03.595 > Loop t1
23:07:03.600 > Loop t1
23:07:03.605 > Loop t1
23:07:03.610 > Loop t1
23:07:03.615 > Loop t1
23:07:03.620 > Loop t1
23:07:03.625 > Loop t1
23:07:03.630 > Loop t1
23:07:03.635 > Loop t1
23:07:03.640 > Loop t1
23:07:03.645 > Loop t1
23:07:03.650 > Loop t1
23:07:03.655 > Loop t1
23:07:03.660 > Loop t1
23:07:03.665 > Loop t1
23:07:03.670 > Loop t1
23:07:03.675 > Loop t1
23:07:03.680 > Loop t1
23:07:03.685 > Loop t1
23:07:03.690 > Loop t1
23:07:03.695 > Loop t1
23:07:03.700 > Loop t1
23:07:03.705 > Loop t1
23:07:03.710 > Loop t1
23:07:03.715 > Loop t1
23:07:03.721 > Loop t1
23:07:03.725 > Loop t1
23:07:03.730 > Loop t1
23:07:03.736 > Loop t1
23:07:03.740 > Loop t1
23:07:03.746 > Loop t1
23:07:03.751 > Loop t1
23:07:03.756 > Loop t1
23:07:03.761 > Loop t1
23:07:03.765 > Loop t1
23:07:03.771 > Loop t1
23:07:03.776 > Loop t1
23:07:03.780 > Loop t1
23:07:03.788 > Loop t1
23:07:03.790 > Loop t1
23:07:03.795 > Loop t1
23:07:03.800 > Loop t1
23:07:03.805 > Loop t1
23:07:03.810 > Loop t1
23:07:03.817 > Loop t1
23:07:03.820 > Loop t1
23:07:03.825 > Loop t1
23:07:03.830 > Loop t1
23:07:03.835 > Loop t1
23:07:03.841 > Loop t1
23:07:03.845 > Loop t1
23:07:03.850 > Loop t1
23:07:03.855 > Loop t1
23:07:03.861 > Loop t1
23:07:03.865 > Loop t1
23:07:03.870 > Loop t1
23:07:03.875 > Loop t1
23:07:03.880 > Loop t1
23:07:03.885 > Loop t1
23:07:03.890 > Loop t1
23:07:03.895 > Loop t1
23:07:03.900 > Loop t1
23:07:03.905 > Loop t1
23:07:03.910 > Loop t1
23:07:03.915 > Loop t1
23:07:03.920 > Loop t1
23:07:03.925 > Loop t1
23:07:03.930 > Loop t1
23:07:03.935 > Loop t1
23:07:03.940 > Loop t1
23:07:03.945 > Loop t1
23:07:03.950 > Loop t1
23:07:03.955 > Loop t1
23:07:03.960 > Loop t1
23:07:03.965 > Loop t1
23:07:03.970 > Loop t1
23:07:03.975 > Loop t1
23:07:03.980 > Loop t1
23:07:03.985 > Loop t1
23:07:03.990 > Loop t1
23:07:03.995 > Loop t1
23:07:04.000 > Loop t1
23:07:04.005 > Loop t1
23:07:04.010 > Loop t1
23:07:04.015 > Loop t1
23:07:04.020 > Loop t1
23:07:04.025 > Loop t1
23:07:04.030 > Loop t1
23:07:04.035 > Loop t1
23:07:04.040 > Loop t1
23:07:04.045 > Loop t1
23:07:04.050 > Loop t1
23:07:04.055 > Loop t1
23:07:04.060 > Loop t1
23:07:04.065 > Loop t1
23:07:04.070 > Loop t1
23:07:04.075 > Loop t1
23:07:04.080 > Loop t1
23:07:04.085 > Loop t1
23:07:04.090 > Loop t1
23:07:04.095 > Loop t1
23:07:04.100 > Loop t1
23:07:04.105 > Loop t1
23:07:04.110 > Loop t1
23:07:04.115 > Loop t1
23:07:04.120 > Loop t1
23:07:04.125 > Loop t1
23:07:04.130 > Loop t1
23:07:04.135 > Loop t1
23:07:04.140 > Loop t1
23:07:04.145 > Loop t1
23:07:04.150 > Loop t1
23:07:04.155 > Loop t1
23:07:04.160 > Loop t1
23:07:04.165 > Loop t1
23:07:04.169 > Loop t1
23:07:04.175 > Loop t1
23:07:04.180 > Loop t1
23:07:04.185 > Loop t1
23:07:04.190 > Loop t1
23:07:04.195 > Loop t1
23:07:04.200 > Loop t1
23:07:04.205 > Loop t1
23:07:04.210 > Loop t1
23:07:04.215 > Loop t1
23:07:04.220 > Loop t1
23:07:04.225 > Loop t1
23:07:04.230 > Loop t1
23:07:04.235 > Loop t1
23:07:04.240 > Loop t1
23:07:04.245 > Loop t1
23:07:04.250 > Loop t1
23:07:04.255 > Loop t1
23:07:04.260 > Loop t1
23:07:04.264 > Loop t1
23:07:04.270 > Loop t1
23:07:04.275 > Loop t1
23:07:04.280 > Loop t1
23:07:04.285 > Loop t1
23:07:04.290 > Loop t1
23:07:04.295 > Loop t1
23:07:04.300 > Loop t1
23:07:04.305 > Loop t1
23:07:04.310 > Loop t1
23:07:04.315 > Loop t1
23:07:04.320 > Loop t1
23:07:04.325 > Loop t1
23:07:04.330 > Loop t1
23:07:04.335 > Loop t1
23:07:04.340 > Loop t1
23:07:04.345 > Loop t1
23:07:04.350 > Loop t1
23:07:04.354 > Loop t1
23:07:04.360 > Loop t1
23:07:04.365 > Loop t1
23:07:04.370 > Loop t1
23:07:04.375 > Loop t1
23:07:04.380 > Loop t1
23:07:04.385 > Loop t1
23:07:04.390 > Loop t1
23:07:04.395 > Loop t1
23:07:04.399 > Loop t1
23:07:04.404 > Loop t1
23:07:04.410 > Loop t1
23:07:04.415 > Loop t1
23:07:04.420 > Loop t1
23:07:04.425 > Loop t1
23:07:04.430 > Loop t1
23:07:04.435 > Loop t1
23:07:04.440 > Loop t1
23:07:04.445 > Loop t1
23:07:04.450 > Loop t1
23:07:04.455 > Loop t1
23:07:04.460 > Loop t1
23:07:04.465 > Loop t1
23:07:04.470 > Loop t1
23:07:04.475 > Loop t1
23:07:04.480 > Loop t1
23:07:04.485 > Loop t1
23:07:04.490 > Loop t1
23:07:04.495 > Loop t1
23:07:04.500 > Loop t1
23:07:04.504 > Loop t1
23:07:04.510 > Loop t1
23:07:04.515 > Loop t1
23:07:04.519 > Loop t1
23:07:04.525 > Loop t1
23:07:04.530 > Loop t1
23:07:04.535 > Loop t1
23:07:04.540 > Loop t1
23:07:04.545 > Loop t1
23:07:04.550 > Loop t1
23:07:04.554 > Loop t1
23:07:04.560 > Loop t1
23:07:04.565 > Loop t1
23:07:04.570 > Loop t1
23:07:04.575 > Loop t1
23:07:04.580 > Loop t1
23:07:04.585 > Loop t1
23:07:04.590 > Loop t1
23:07:04.595 > Loop t1
23:07:04.600 > Loop t1
23:07:04.605 > Loop t1
23:07:04.610 > Loop t1
23:07:04.615 > Loop t1
23:07:04.620 > Loop t1
23:07:04.625 > Loop t1
23:07:04.630 > Loop t1
23:07:04.635 > Loop t1
23:07:04.640 > Loop t1
23:07:04.644 > Loop t1
23:07:04.650 > Loop t1
23:07:04.655 > Loop t1
23:07:04.660 > Loop t1
23:07:04.665 > Loop t1
23:07:04.670 > Loop t1
23:07:04.675 > Loop t1
23:07:04.680 > Loop t1
23:07:04.685 > Loop t1
23:07:04.690 > Loop t1
23:07:04.695 > Loop t1
23:07:04.700 > Loop t1
23:07:04.705 > Loop t1
23:07:04.710 > Loop t1
23:07:04.715 > Loop t1
23:07:04.720 > Loop t1
23:07:04.724 > Loop t1
23:07:04.730 > Loop t1
23:07:04.735 > Loop t1
23:07:04.740 > Loop t1
23:07:04.745 > Loop t1
23:07:04.750 > Loop t1
23:07:04.754 > Loop t1
23:07:04.760 > Loop t1
23:07:04.765 > Loop t1
23:07:04.770 > Loop t1
23:07:04.775 > Loop t1
23:07:04.780 > Loop t1
23:07:04.785 > Loop t1
23:07:04.790 > Loop t1
23:07:04.795 > Loop t1
23:07:04.800 > Loop t1
23:07:04.966 > ets Jun  8 2016 00:22:57
23:07:04.969 > 
23:07:04.969 > rst:0x1 (POWERON_RESET),boot:0x12 (SPI_FAST_FLASH_BOOT)
23:07:04.974 > configsip: 0, SPIWP:0xee
23:07:04.976 > clk_drv:0x00,q_drv:0x00,d_drv:0x00,cs0_drv:0x00,hd_drv:0x00,wp_drv:0x00
23:07:04.982 > mode:DIO, clock div:2
23:07:04.984 > load:0x3fff0030,len:1184
23:07:04.987 > load:0x40078000,len:13232
23:07:04.989 > load:0x40080400,len:3028
23:07:04.991 > entry 0x400805e4
23:07:05.223 > Setup t0
23:07:05.225 > Loop t0
23:07:05.230 > Setup t1
23:07:05.231 > Loop t1
23:07:05.235 > Loop t1
23:07:05.240 > Loop t1
23:07:05.245 > Loop t1
23:07:05.250 > Loop t1
23:07:05.255 > Loop t1
23:07:05.260 > Loop t1
23:07:05.265 > Loop t1
23:07:05.270 > Loop t1
23:07:05.275 > Loop t1
23:07:05.280 > Loop t1
23:07:05.285 > Loop t1
23:07:05.290 > Loop t1
23:07:05.295 > Loop t1
23:07:05.300 > Loop t1
23:07:05.305 > Loop t1
23:07:05.310 > Loop t1
23:07:05.315 > Loop t1
23:07:05.320 > Loop t1
23:07:05.324 > Loop t1
23:07:05.330 > Loop t1
23:07:05.335 > Loop t1
23:07:05.340 > Loop t1
23:07:05.345 > Loop t1
23:07:05.350 > Loop t1
23:07:05.355 > Loop t1
23:07:05.360 > Loop t1
23:07:05.365 > Loop t1
23:07:05.370 > Loop t1
23:07:05.375 > Loop t1
23:07:05.380 > Loop t1
23:07:05.385 > Loop t1
23:07:05.390 > Loop t1
23:07:05.395 > Loop t1
23:07:05.400 > Loop t1
23:07:05.405 > Loop t1
23:07:05.410 > Loop t1
23:07:05.415 > Loop t1
23:07:05.420 > Loop t1
23:07:05.425 > Loop t1
23:07:05.430 > Loop t1
23:07:05.435 > Loop t1
23:07:05.440 > Loop t1
23:07:05.445 > Loop t1
23:07:05.450 > Loop t1
23:07:05.455 > Loop t1
23:07:05.460 > Loop t1
23:07:05.465 > Loop t1
23:07:05.470 > Loop t1
23:07:05.475 > Loop t1
23:07:05.480 > Loop t1
23:07:05.485 > Loop t1
23:07:05.490 > Loop t1
23:07:05.495 > Loop t1
23:07:05.500 > Loop t1
23:07:05.505 > Loop t1
23:07:05.510 > Loop t1
23:07:05.515 > Loop t1
23:07:05.520 > Loop t1
23:07:05.525 > Loop t1
23:07:05.530 > Loop t1
23:07:05.535 > Loop t1
23:07:05.540 > Loop t1
23:07:05.545 > Loop t1
23:07:05.550 > Loop t1
23:07:05.555 > Loop t1
23:07:05.560 > Loop t1
23:07:05.565 > Loop t1
23:07:05.570 > Loop t1
23:07:05.575 > Loop t1
23:07:05.580 > Loop t1
23:07:05.585 > Loop t1
23:07:05.590 > Loop t1
23:07:05.595 > Loop t1
23:07:05.600 > Loop t1
23:07:05.605 > Loop t1
23:07:05.610 > Loop t1
23:07:05.615 > Loop t1
23:07:05.620 > Loop t1
23:07:05.625 > Loop t1
23:07:05.630 > Loop t1
23:07:05.635 > Loop t1
23:07:05.640 > Loop t1
23:07:05.645 > Loop t1
23:07:05.650 > Loop t1
23:07:05.655 > Loop t1
23:07:05.660 > Loop t1
23:07:05.665 > Loop t1
23:07:05.670 > Loop t1
23:07:05.675 > Loop t1
23:07:05.680 > Loop t1
23:07:05.685 > Loop t1
23:07:05.690 > Loop t1
23:07:05.695 > Loop t1
23:07:05.700 > Loop t1
23:07:05.704 > Loop t1
23:07:05.710 > Loop t1
23:07:05.715 > Loop t1
23:07:05.720 > Loop t1
23:07:05.725 > Loop t1
23:07:05.730 > Loop t1
23:07:05.735 > Loop t1
23:07:05.740 > Loop t1
23:07:05.745 > Loop t1
23:07:05.750 > Loop t1
23:07:05.755 > Loop t1
23:07:05.760 > Loop t1
23:07:05.765 > Loop t1
23:07:05.770 > Loop t1
23:07:05.775 > Loop t1
23:07:05.780 > Loop t1
23:07:05.785 > Loop t1
23:07:05.790 > Loop t1
23:07:05.795 > Loop t1
23:07:05.800 > Loop t1
23:07:05.805 > Loop t1
23:07:05.810 > Loop t1
23:07:05.815 > Loop t1
23:07:05.820 > Loop t1
23:07:05.825 > Loop t1
23:07:05.830 > Loop t1
23:07:05.834 > Loop t1
23:07:05.840 > Loop t1
23:07:05.845 > Loop t1
23:07:05.849 > Loop t1
23:07:05.855 > Loop t1
23:07:05.859 > Loop t1
23:07:05.865 > Loop t1
23:07:05.869 > Loop t1
23:07:05.874 > Loop t1
23:07:05.879 > Loop t1
23:07:05.884 > Loop t1
23:07:05.889 > Loop t1
23:07:05.895 > Loop t1
23:07:05.899 > Loop t1
23:07:05.904 > Loop t1
23:07:05.909 > Loop t1
23:07:05.915 > Loop t1
23:07:05.920 > Loop t1
23:07:05.924 > Loop t1
23:07:05.929 > Loop t1
23:07:05.935 > Loop t1
23:07:05.940 > Loop t1
23:07:05.944 > Loop t1
23:07:05.950 > Loop t1
23:07:05.955 > Loop t1
23:07:05.960 > Loop t1
23:07:05.965 > Loop t1
23:07:05.970 > Loop t1
23:07:05.974 > Loop t1
23:07:05.979 > Loop t1
23:07:05.985 > Loop t1
23:07:05.990 > Loop t1
23:07:05.994 > Loop t1
23:07:05.999 > Loop t1
23:07:06.005 > Loop t1
23:07:06.009 > Loo