19:35:09.513 > Loop t1
19:35:09.519 > 游닍 IMU | Acc: %.2f, %.2f, %.2f | Gyro: %.2f, %.2f, %.2f | Temp: %.2f춿C
19:35:09.526 >  -1.32 -0.03 10.01 -0.07 -0.04 0.07 32.44
19:35:09.530 > 游닍 BMP | Temp: %.2f춿C | Presi칩n: %.2f Pa | Altitud: %.2f m
19:35:09.535 > 
19:35:09.535 >  31.97 98284.34 256.29
19:35:10.536 > Loop t1
19:35:10.542 > 游닍 IMU | Acc: %.2f, %.2f, %.2f | Gyro: %.2f, %.2f, %.2f | Temp: %.2f춿C
19:35:10.549 >  -1.07 -0.03 10.09 -0.08 0.02 0.02 32.58
19:35:10.553 > 游닍 BMP | Temp: %.2f춿C | Presi칩n: %.2f Pa | Altitud: %.2f m
19:35:10.560 > 
19:35:10.560 >  31.97 98285.05 256.23
19:35:11.558 > Loop t1
19:35:11.565 > 游닍 IMU | Acc: %.2f, %.2f, %.2f | Gyro: %.2f, %.2f, %.2f | Temp: %.2f춿C
19:35:11.572 >  -1.09 -0.11 9.87 -0.11 0.05 0.00 32.67
19:35:11.575 > 游닍 BMP | Temp: %.2f춿C | Presi칩n: %.2f Pa | Altitud: %.2f m
19:35:11.581 > 
19:35:11.581 >  31.97 98285.56 256.18
19:35:12.582 > Loop t1
19:35:12.588 > 游닍 IMU | Acc: %.2f, %.2f, %.2f | Gyro: %.2f, %.2f, %.2f | Temp: %.2f춿C
19:35:12.595 >  -0.92 0.11 10.00 -0.08 -0.00 0.00 32.67
19:35:12.598 > 游닍 BMP | Temp: %.2f춿C | Presi칩n: %.2f Pa | Altitud: %.2f m
19:35:12.604 > 
19:35:12.604 >  31.97 98286.27 256.12
19:35:13.605 > Loop t1
19:35:13.610 > 游닍 IMU | Acc: %.2f, %.2f, %.2f | Gyro: %.2f, %.2f, %.2f | Temp: %.2f춿C
19:35:13.617 >  -1.03 -0.03 9.98 -0.07 0.01 0.02 32.72
19:35:13.621 > 游닍 BMP | Temp: %.2f춿C | Presi칩n: %.2f Pa | Altitud: %.2f m
19:35:13.626 > 
19:35:13.627 >  31.97 98286.77 256.08
19:35:14.628 > Loop t1
19:35:14.634 > 游닍 IMU | Acc: %.2f, %.2f, %.2f | Gyro: %.2f, %.2f, %.2f | Temp: %.2f춿C
19:35:14.640 >  -0.95 0.35 10.26 -0.11 -0.03 -0.13 32.72
19:35:14.644 > 游닍 BMP | Temp: %.2f춿C | Presi칩n: %.2f Pa | Altitud: %.2f m
19:35:14.650 > 
19:35:14.650 >  31.97 98287.11 256.05
19:35:15.650 > Loop t1
19:35:15.656 > 游닍 IMU | Acc: %.2f, %.2f, %.2f | Gyro: %.2f, %.2f, %.2f | Temp: %.2f춿C
19:35:15.663 >  0.56 7.82 7.57 0.01 -0.09 -0.05 32.77
19:35:15.667 > 游닍 BMP | Temp: %.2f춿C | Presi칩n: %.2f Pa | Altitud: %.2f m
19:35:15.672 > 
19:35:15.672 >  31.97 98287.11 256.05
19:35:16.673 > Loop t1
19:35:16.679 > 游닍 IMU | Acc: %.2f, %.2f, %.2f | Gyro: %.2f, %.2f, %.2f | Temp: %.2f춿C
19:35:16.686 >  -0.32 6.54 7.78 -0.17 -0.09 0.16 32.67
19:35:16.690 > 游닍 BMP | Temp: %.2f춿C | Presi칩n: %.2f Pa | Altitud: %.2f m
19:35:16.695 > 
19:35:16.695 >  31.97 98287.30 256.04
19:35:17.696 > Loop t1
19:35:17.702 > 游닍 IMU | Acc: %.2f, %.2f, %.2f | Gyro: %.2f, %.2f, %.2f | Temp: %.2f춿C
19:35:17.709 >  0.11 6.76 7.63 -0.08 0.02 -0.06 32.77
19:35:17.713 > 游닍 BMP | Temp: %.2f춿C | Presi칩n: %.2f Pa | Altitud: %.2f m
19:35:17.718 > 
19:35:17.718 >  31.98 98287.47 256.02
19:35:18.719 > Loop t1
19:35:18.725 > 游닍 IMU | Acc: %.2f, %.2f, %.2f | Gyro: %.2f, %.2f, %.2f | Temp: %.2f춿C
19:35:18.732 >  -0.65 6.77 7.77 -0.23 0.06 -0.03 32.81
19:35:18.736 > 游닍 BMP | Temp: %.2f춿C | Presi칩n: %.2f Pa | Altitud: %.2f m
19:35:18.741 > 
19:35:18.741 >  31.98 98287.82 255.99
19:35:19.742 > Loop t1
19:35:19.748 > 游닍 IMU | Acc: %.2f, %.2f, %.2f | Gyro: %.2f, %.2f, %.2f | Temp: %.2f춿C
19:35:19.755 >  -0.32 6.23 7.85 -0.06 -0.07 0.08 32.81
19:35:19.759 > 游닍 BMP | Temp: %.2f춿C | Presi칩n: %.2f Pa | Altitud: %.2f m
19:35:19.764 > 
19:35:19.764 >  31.98 98288.00 255.98
19:35:20.765 > Loop t1
19:35:20.771 > 游닍 IMU | Acc: %.2f, %.2f, %.2f | Gyro: %.2f, %.2f, %.2f | Temp: %.2f춿C
19:35:20.778 >  0.11 7.50 8.26 -0.61 -0.02 0.07 32.81
19:35:20.782 > 游닍 BMP | Temp: %.2f춿C | Presi칩n: %.2f Pa | Altitud: %.2f m
19:35:20.787 > 
19:35:20.787 >  31.98 98288.00 255.98
19:35:21.788 > Loop t1
19:35:21.794 > 游닍 IMU | Acc: %.2f, %.2f, %.2f | Gyro: %.2f, %.2f, %.2f | Temp: %.2f춿C
19:35:21.801 >  -0.19 -6.57 7.24 -0.05 0.02 -0.23 32.86
19:35:21.805 > 游닍 BMP | Temp: %.2f춿C | Presi칩n: %.2f Pa | Altitud: %.2f m
19:35:21.810 > 
19:35:21.810 >  31.99 98287.83 255.99
19:35:22.811 > Loop t1
19:35:22.817 > 游닍 IMU | Acc: %.2f, %.2f, %.2f | Gyro: %.2f, %.2f, %.2f | Temp: %.2f춿C
19:35:22.825 >  -0.15 -6.02 7.82 -0.08 0.04 -0.02 32.77
19:35:22.828 > 游닍 BMP | Temp: %.2f춿C | Presi칩n: %.2f Pa | Altitud: %.2f m
19:35:22.833 > 
19:35:22.833 >  31.99 98288.21 255.96
19:35:23.834 > Loop t1
19:35:23.840 > 游닍 IMU | Acc: %.2f, %.2f, %.2f | Gyro: %.2f, %.2f, %.2f | Temp: %.2f춿C
19:35:23.847 >  -0.18 -5.62 8.13 -0.06 0.01 0.02 32.91
19:35:23.851 > 游닍 BMP | Temp: %.2f춿C | Presi칩n: %.2f Pa | Altitud: %.2f m
19:35:23.857 > 
19:35:23.857 >  31.99 98288.22 255.96
19:35:24.857 > Loop t1
19:35:24.863 > 游닍 IMU | Acc: %.2f, %.2f, %.2f | Gyro: %.2f, %.2f, %.2f | Temp: %.2f춿C
19:35:24.870 >  -5.01 0.04 9.13 1.96 -0.54 1.01 32.81
19:35:24.874 > 游닍 BMP | Temp: %.2f춿C | Presi칩n: %.2f Pa | Altitud: %.2f m
19:35:24.879 > 
19:35:24.879 >  31.99 98288.22 255.96
19:35:25.880 > Loop t1
19:35:25.886 > 游닍 IMU | Acc: %.2f, %.2f, %.2f | Gyro: %.2f, %.2f, %.2f | Temp: %.2f춿C
19:35:25.893 >  -1.03 1.18 9.24 -0.20 0.07 0.01 32.81
19:35:25.897 > 游닍 BMP | Temp: %.2f춿C | Presi칩n: %.2f Pa | Altitud: %.2f m
19:35:25.902 > 
19:35:25.902 >  32.00 98288.22 255.96
19:35:26.903 > Loop t1
19:35:26.909 > 游닍 IMU | Acc: %.2f, %.2f, %.2f | Gyro: %.2f, %.2f, %.2f | Temp: %.2f춿C
19:35:26.916 >  -2.08 0.23 9.80 -0.08 -0.05 0.18 32.77
19:35:26.920 > 游닍 BMP | Temp: %.2f춿C | Presi칩n: %.2f Pa | Altitud: %.2f m
19:35:26.925 > 
19:35:26.925 >  32.00 98288.75 255.91
19:35:27.926 > Loop t1
19:35:27.932 > 游닍 IMU | Acc: %.2f, %.2f, %.2f | Gyro: %.2f, %.2f, %.2f | Temp: %.2f춿C
19:35:27.939 >  -1.56 -1.64 10.99 -0.25 -0.14 0.09 32.86
19:35:27.943 > 游닍 BMP | Temp: %.2f춿C | Presi칩n: %.2f Pa | Altitud: %.2f m
19:35:27.948 > 
19:35:27.948 >  32.00 98289.42 255.85
19:35:28.949 > Loop t1
19:35:28.955 > 游닍 IMU | Acc: %.2f, %.2f, %.2f | Gyro: %.2f, %.2f, %.2f | Temp: %.2f춿C
19:35:28.963 >  -0.19 -0.09 9.41 -0.58 -0.15 0.03 32.86
19:35:28.967 > 游닍 BMP | Temp: %.2f춿C | Presi칩n: %.2f Pa | Altitud: %.2f m
19:35:28.973 > 
19:35:28.973 >  32.00 98289.77 255.82
19:35:29.972 > Loop t1
19:35:29.978 > 游닍 IMU | Acc: %.2f, %.2f, %.2f | Gyro: %.2f, %.2f, %.2f | Temp: %.2f춿C
19:35:29.985 >  1.77 -0.75 8.66 0.14 -0.08 -0.17 32.91
19:35:29.989 > 游닍 BMP | Temp: %.2f춿C | Presi칩n: %.2f Pa | Altitud: %.2f m
19:35:29.994 > 
19:35:29.994 >  32.01 98289.78 255.82
