21:37:10.198 > Loop t1
21:37:10.201 > Roll rate [º/s]:  -4.84
21:37:10.204 > Pitch rate [º/s]:  0.69
21:37:10.204 > Yaw rate [º/s]:  0.99
21:37:10.250 > Loop t1
21:37:10.254 > Roll rate [º/s]:  -4.85
21:37:10.257 > Pitch rate [º/s]:  0.70
21:37:10.257 > Yaw rate [º/s]:  1.04
21:37:10.302 > Loop t1
21:37:10.304 > Roll rate [º/s]:  -4.82
21:37:10.308 > Pitch rate [º/s]:  0.70
21:37:10.308 > Yaw rate [º/s]:  1.04
21:37:10.354 > Loop t1
21:37:10.358 > Roll rate [º/s]:  -4.85
21:37:10.358 > Pitch rate [º/s]:  0.69
21:37:10.361 > Yaw rate [º/s]:  1.01
21:37:10.409 > Loop t1
21:37:10.409 > Roll rate [º/s]:  -4.85
21:37:10.412 > Pitch rate [º/s]:  0.67
21:37:10.413 > Yaw rate [º/s]:  1.05
21:37:10.463 > Loop t1
21:37:10.464 > Roll rate [º/s]:  -4.85
21:37:10.464 > Pitch rate [º/s]:  0.67
21:37:10.466 > Yaw rate [º/s]:  1.04
21:37:10.511 > Loop t1
21:37:10.512 > Roll rate [º/s]:  -4.85
21:37:10.518 > Pitch rate [º/s]:  0.69
21:37:10.518 > Yaw rate [º/s]:  0.99
21:37:10.566 > Loop t1
21:37:10.567 > Roll rate [º/s]:  -4.87
21:37:10.567 > Pitch rate [º/s]:  0.72
21:37:10.570 > Yaw rate [º/s]:  1.05
21:37:10.614 > Loop t1
21:37:10.616 > Roll rate [º/s]:  -4.87
21:37:10.619 > Pitch rate [º/s]:  0.69
21:37:10.621 > Yaw rate [º/s]:  1.04
21:37:10.668 > Loop t1
21:37:10.669 > Roll rate [º/s]:  -4.82
21:37:10.673 > Pitch rate [º/s]:  0.73
21:37:10.673 > Yaw rate [º/s]:  1.02
21:37:10.718 > Loop t1
21:37:10.722 > Roll rate [º/s]:  -4.85
21:37:10.723 > Pitch rate [º/s]:  0.70
21:37:10.726 > Yaw rate [º/s]:  1.02
21:37:10.770 > Loop t1
21:37:10.772 > Roll rate [º/s]:  -4.85
21:37:10.775 > Pitch rate [º/s]:  0.70
21:37:10.778 > Yaw rate [º/s]:  1.01
21:37:10.822 > Loop t1
21:37:10.826 > Roll rate [º/s]:  -4.85
21:37:10.827 > Pitch rate [º/s]:  0.67
21:37:10.829 > Yaw rate [º/s]:  0.98
21:37:10.877 > Loop t1
21:37:10.877 > Roll rate [º/s]:  -4.85
21:37:10.878 > Pitch rate [º/s]:  0.67
21:37:10.882 > Yaw rate [º/s]:  1.05
21:37:10.926 > Loop t1
21:37:10.929 > Roll rate [º/s]:  -4.85
21:37:10.931 > Pitch rate [º/s]:  0.70
21:37:10.935 > Yaw rate [º/s]:  1.02
21:37:10.978 > Loop t1
21:37:10.980 > Roll rate [º/s]:  -4.85
21:37:10.983 > Pitch rate [º/s]:  0.67
21:37:10.985 > Yaw rate [º/s]:  0.99
21:37:11.030 > Loop t1
21:37:11.034 > Roll rate [º/s]:  -4.90
21:37:11.034 > Pitch rate [º/s]:  0.67
21:37:11.037 > Yaw rate [º/s]:  1.07
21:37:11.084 > Loop t1
21:37:11.084 > Roll rate [º/s]:  -4.87
21:37:11.087 > Pitch rate [º/s]:  0.70
21:37:11.089 > Yaw rate [º/s]:  1.01
21:37:11.136 > Loop t1
21:37:11.137 > Roll rate [º/s]:  -4.89
21:37:11.139 > Pitch rate [º/s]:  0.66
21:37:11.144 > Yaw rate [º/s]:  1.04
21:37:11.186 > Loop t1
21:37:11.188 > Roll rate [º/s]:  -4.85
21:37:11.191 > Pitch rate [º/s]:  0.66
21:37:11.193 > Yaw rate [º/s]:  1.05
21:37:11.239 > Loop t1
21:37:11.241 > Roll rate [º/s]:  -4.84
21:37:11.242 > Pitch rate [º/s]:  0.70
21:37:11.245 > Yaw rate [º/s]:  1.01
21:37:11.290 > Loop t1
21:37:11.293 > Roll rate [º/s]:  -4.87
21:37:11.294 > Pitch rate [º/s]:  0.72
21:37:11.297 > Yaw rate [º/s]:  1.01
21:37:11.342 > Loop t1
21:37:11.346 > Roll rate [º/s]:  -4.85
21:37:11.348 > Pitch rate [º/s]:  0.70
21:37:11.348 > Yaw rate [º/s]:  1.05
21:37:11.394 > Loop t1
21:37:11.396 > Roll rate [º/s]:  -4.84
21:37:11.398 > Pitch rate [º/s]:  0.72
21:37:11.402 > Yaw rate [º/s]:  1.02
21:37:11.447 > Loop t1
21:37:11.448 > Roll rate [º/s]:  -4.89
21:37:11.450 > Pitch rate [º/s]:  0.63
21:37:11.454 > Yaw rate [º/s]:  1.02
21:37:11.498 > Loop t1
21:37:11.501 > Roll rate [º/s]:  -4.85
21:37:11.502 > Pitch rate [º/s]:  0.64
21:37:11.505 > Yaw rate [º/s]:  1.05
21:37:11.550 > Loop t1
21:37:11.552 > Roll rate [º/s]:  -4.87
21:37:11.556 > Pitch rate [º/s]:  0.67
21:37:11.559 > Yaw rate [º/s]:  1.04
21:37:11.602 > Loop t1
21:37:11.605 > Roll rate [º/s]:  -4.85
21:37:11.606 > Pitch rate [º/s]:  0.67
21:37:11.610 > Yaw rate [º/s]:  1.01
21:37:11.655 > Loop t1
21:37:11.656 > Roll rate [º/s]:  -4.85
21:37:11.658 > Pitch rate [º/s]:  0.67
21:37:11.660 > Yaw rate [º/s]:  1.07
21:37:11.706 > Loop t1
21:37:11.708 > Roll rate [º/s]:  -4.89
21:37:11.711 > Pitch rate [º/s]:  0.72
21:37:11.713 > Yaw rate [º/s]:  1.02
21:37:11.759 > Loop t1
21:37:11.761 > Roll rate [º/s]:  -4.89
21:37:11.763 > Pitch rate [º/s]:  0.64
21:37:11.765 > Yaw rate [º/s]:  1.04
21:37:11.811 > Loop t1
21:37:11.814 > Roll rate [º/s]:  -4.87
21:37:11.815 > Pitch rate [º/s]:  0.70
21:37:11.817 > Yaw rate [º/s]:  1.04
21:37:11.863 > Loop t1
21:37:11.868 > Roll rate [º/s]:  -4.85
21:37:11.868 > Pitch rate [º/s]:  0.69
21:37:11.871 > Yaw rate [º/s]:  1.02
21:37:11.914 > Loop t1
21:37:11.916 > Roll rate [º/s]:  -4.85
21:37:11.919 > Pitch rate [º/s]:  0.70
21:37:11.921 > Yaw rate [º/s]:  1.07
21:37:11.966 > Loop t1
21:37:11.968 > Roll rate [º/s]:  -4.89
21:37:11.970 > Pitch rate [º/s]:  0.67
21:37:11.974 > Yaw rate [º/s]:  1.04
21:37:12.018 > Loop t1
21:37:12.020 > Roll rate [º/s]:  -4.87
21:37:12.023 > Pitch rate [º/s]:  0.69
21:37:12.025 > Yaw rate [º/s]:  1.01
21:37:12.070 > Loop t1
21:37:12.072 > Roll rate [º/s]:  -4.85
21:37:12.076 > Pitch rate [º/s]:  0.64
21:37:12.077 > Yaw rate [º/s]:  1.04
21:37:12.123 > Loop t1
21:37:12.125 > Roll rate [º/s]:  -4.87
21:37:12.128 > Pitch rate [º/s]:  0.66
21:37:12.130 > Yaw rate [º/s]:  1.01
21:37:12.174 > Loop t1
21:37:12.176 > Roll rate [º/s]:  -4.87
21:37:12.179 > Pitch rate [º/s]:  0.69
21:37:12.181 > Yaw rate [º/s]:  1.04
21:37:12.226 > Loop t1
21:37:12.229 > Roll rate [º/s]:  -4.89
21:37:12.230 > Pitch rate [º/s]:  0.67
21:37:12.233 > Yaw rate [º/s]:  0.99
21:37:12.278 > Loop t1
21:37:12.281 > Roll rate [º/s]:  -4.89
21:37:12.282 > Pitch rate [º/s]:  0.67
21:37:12.285 > Yaw rate [º/s]:  1.02
21:37:12.331 > Loop t1
21:37:12.333 > Roll rate [º/s]:  -4.84
21:37:12.335 > Pitch rate [º/s]:  0.66
21:37:12.337 > Yaw rate [º/s]:  1.01
21:37:12.382 > Loop t1
21:37:12.385 > Roll rate [º/s]:  -4.87
21:37:12.387 > Pitch rate [º/s]:  0.67
21:37:12.389 > Yaw rate [º/s]:  1.01
21:37:12.437 > Loop t1
21:37:12.437 > Roll rate [º/s]:  -4.89
21:37:12.440 > Pitch rate [º/s]:  0.69
21:37:12.441 > Yaw rate [º/s]:  1.04
21:37:12.486 > Loop t1
21:37:12.489 > Roll rate [º/s]:  -4.85
21:37:12.491 > Pitch rate [º/s]:  0.70
21:37:12.494 > Yaw rate [º/s]:  1.02
21:37:12.538 > Loop t1
21:37:12.541 > Roll rate [º/s]:  -4.87
21:37:12.543 > Pitch rate [º/s]:  0.72
21:37:12.547 > Yaw rate [º/s]:  1.02
21:37:12.590 > Loop t1
21:37:12.593 > Roll rate [º/s]:  -4.84
21:37:12.597 > Pitch rate [º/s]:  0.69
21:37:12.597 > Yaw rate [º/s]:  1.01
21:37:12.642 > Loop t1
21:37:12.645 > Roll rate [º/s]:  -4.90
21:37:12.648 > Pitch rate [º/s]:  0.67
21:37:12.652 > Yaw rate [º/s]:  1.05
21:37:12.694 > Loop t1
21:37:12.696 > Roll rate [º/s]:  -4.85
21:37:12.699 > Pitch rate [º/s]:  0.70
21:37:12.701 > Yaw rate [º/s]:  1.02
21:37:12.746 > Loop t1
21:37:12.748 > Roll rate [º/s]:  -4.87
21:37:12.751 > Pitch rate [º/s]:  0.67
21:37:12.753 > Yaw rate [º/s]:  1.01
21:37:12.798 > Loop t1
21:37:12.800 > Roll rate [º/s]:  -4.81
21:37:12.802 > Pitch rate [º/s]:  0.67
21:37:12.804 > Yaw rate [º/s]:  1.02
21:37:12.850 > Loop t1
21:37:12.852 > Roll rate [º/s]:  -4.84
21:37:12.855 > Pitch rate [º/s]:  0.69
21:37:12.857 > Yaw rate [º/s]:  1.02
21:37:12.902 > Loop t1
21:37:12.904 > Roll rate [º/s]:  -4.85
21:37:12.907 > Pitch rate [º/s]:  0.66
21:37:12.912 > Yaw rate [º/s]:  1.02
21:37:12.954 > Loop t1
21:37:12.956 > Roll rate [º/s]:  -4.87
21:37:12.959 > Pitch rate [º/s]:  0.69
21:37:12.963 > Yaw rate [º/s]:  1.02
21:37:13.007 > Loop t1
21:37:13.010 > Roll rate [º/s]:  -4.87
21:37:13.010 > Pitch rate [º/s]:  0.67
21:37:13.013 > Yaw rate [º/s]:  1.01
21:37:13.058 > Loop t1
21:37:13.062 > Roll rate [º/s]:  -4.89
21:37:13.062 > Pitch rate [º/s]:  0.70
21:37:13.066 > Yaw rate [º/s]:  1.07
21:37:13.111 > Loop t1
21:37:13.117 > Roll rate [º/s]:  -4.85
21:37:13.117 > Pitch rate [º/s]:  0.70
21:37:13.117 > Yaw rate [º/s]:  0.99
21:37:13.162 > Loop t1
21:37:13.164 > Roll rate [º/s]:  -4.84
21:37:13.167 > Pitch rate [º/s]:  0.69
21:37:13.169 > Yaw rate [º/s]:  1.01
21:37:13.214 > Loop t1
21:37:13.216 > Roll rate [º/s]:  -4.84
21:37:13.219 > Pitch rate [º/s]:  0.67
21:37:13.221 > Yaw rate [º/s]:  1.04
21:37:13.266 > Loop t1
21:37:13.268 > Roll rate [º/s]:  -4.85
21:37:13.271 > Pitch rate [º/s]:  0.66
21:37:13.273 > Yaw rate [º/s]:  1.02
21:37:13.318 > Loop t1
21:37:13.320 > Roll rate [º/s]:  -4.89
21:37:13.323 > Pitch rate [º/s]:  0.70
21:37:13.325 > Yaw rate [º/s]:  1.05
21:37:13.370 > Loop t1
21:37:13.373 > Roll rate [º/s]:  -4.82
21:37:13.375 > Pitch rate [º/s]:  0.69
21:37:13.377 > Yaw rate [º/s]:  1.04
21:37:13.422 > Loop t1
21:37:13.424 > Roll rate [º/s]:  -4.89
21:37:13.426 > Pitch rate [º/s]:  0.67
21:37:13.429 > Yaw rate [º/s]:  1.05
21:37:13.474 > Loop t1
21:37:13.476 > Roll rate [º/s]:  -4.81
21:37:13.480 > Pitch rate [º/s]:  0.67
21:37:13.481 > Yaw rate [º/s]:  1.02
21:37:13.526 > Loop t1
21:37:13.529 > Roll rate [º/s]:  -4.85
21:37:13.533 > Pitch rate [º/s]:  0.67
21:37:13.533 > Yaw rate [º/s]:  1.07
21:37:13.579 > Loop t1
21:37:13.581 > Roll rate [º/s]:  -4.85
21:37:13.583 > Pitch rate [º/s]:  0.61
21:37:13.585 > Yaw rate [º/s]:  1.05
21:37:13.631 > Loop t1
21:37:13.632 > Roll rate [º/s]:  -4.84
21:37:13.635 > Pitch rate [º/s]:  0.66
21:37:13.636 > Yaw rate [º/s]:  1.04
21:37:13.682 > Loop t1
21:37:13.684 > Roll rate [º/s]:  -4.89
21:37:13.687 > Pitch rate [º/s]:  0.72
21:37:13.689 > Yaw rate [º/s]:  1.08
21:37:13.734 > Loop t1
21:37:13.737 > Roll rate [º/s]:  -4.89
21:37:13.739 > Pitch rate [º/s]:  0.70
21:37:13.741 > Yaw rate [º/s]:  1.02
21:37:13.786 > Loop t1
21:37:13.789 > Roll rate [º/s]:  -4.87
21:37:13.791 > Pitch rate [º/s]:  0.67
21:37:13.795 > Yaw rate [º/s]:  1.04
21:37:13.838 > Loop t1
21:37:13.840 > Roll rate [º/s]:  -4.89
21:37:13.843 > Pitch rate [º/s]:  0.66
21:37:13.845 > Yaw rate [º/s]:  1.05
21:37:13.890 > Loop t1
21:37:13.892 > Roll rate [º/s]:  -4.87
21:37:13.895 > Pitch rate [º/s]:  0.69
21:37:13.897 > Yaw rate [º/s]:  0.99
21:37:13.943 > Loop t1
21:37:13.945 > Roll rate [º/s]:  -4.87
21:37:13.947 > Pitch rate [º/s]:  0.64
21:37:13.949 > Yaw rate [º/s]:  1.02
21:37:13.994 > Loop t1
21:37:13.996 > Roll rate [º/s]:  -4.89
21:37:13.999 > Pitch rate [º/s]:  0.67
21:37:14.001 > Yaw rate [º/s]:  1.02
21:37:14.046 > Loop t1
21:37:14.050 > Roll rate [º/s]:  -4.87
21:37:14.051 > Pitch rate [º/s]:  0.70
21:37:14.053 > Yaw rate [º/s]:  1.02
21:37:14.098 > Loop t1
21:37:14.099 > Roll rate [º/s]:  -4.87
21:37:14.103 > Pitch rate [º/s]:  0.69
21:37:14.105 > Yaw rate [º/s]:  1.01
21:37:14.150 > Loop t1
21:37:14.153 > Roll rate [º/s]:  -4.85
21:37:14.155 > Pitch rate [º/s]:  0.70
21:37:14.157 > Yaw rate [º/s]:  1.05
21:37:14.202 > Loop t1
21:37:14.203 > Roll rate [º/s]:  -4.85
21:37:14.208 > Pitch rate [º/s]:  0.67
21:37:14.210 > Yaw rate [º/s]:  1.04
21:37:14.255 > Loop t1
21:37:14.256 > Roll rate [º/s]:  -4.85
21:37:14.259 > Pitch rate [º/s]:  0.64
21:37:14.261 > Yaw rate [º/s]:  1.01
21:37:14.306 > Loop t1
21:37:14.307 > Roll rate [º/s]:  -4.81
21:37:14.311 > Pitch rate [º/s]:  0.61
21:37:14.313 > Yaw rate [º/s]:  1.04
21:37:14.358 > Loop t1
21:37:14.360 > Roll rate [º/s]:  -4.90
21:37:14.363 > Pitch rate [º/s]:  0.64
21:37:14.365 > Yaw rate [º/s]:  1.02
21:37:14.410 > Loop t1
21:37:14.412 > Roll rate [º/s]:  -4.85
21:37:14.415 > Pitch rate [º/s]:  0.66
21:37:14.417 > Yaw rate [º/s]:  1.01
21:37:14.462 > Loop t1
21:37:14.464 > Roll rate [º/s]:  -4.87
21:37:14.467 > Pitch rate [º/s]:  0.67
21:37:14.474 > Yaw rate [º/s]:  1.02
21:37:14.514 > Loop t1
21:37:14.515 > Roll rate [º/s]:  -4.89
21:37:14.519 > Pitch rate [º/s]:  0.63
21:37:14.521 > Yaw rate [º/s]:  1.04
21:37:14.566 > Loop t1
21:37:14.572 > Roll rate [º/s]:  -4.85
21:37:14.573 > Pitch rate [º/s]:  0.63
21:37:14.573 > Yaw rate [º/s]:  0.96
21:37:14.618 > Loop t1
21:37:14.620 > Roll rate [º/s]:  -4.87
21:37:14.623 > Pitch rate [º/s]:  0.67
21:37:14.625 > Yaw rate [º/s]:  1.02
21:37:14.670 > Loop t1
21:37:14.672 > Roll rate [º/s]:  -4.85
21:37:14.675 > Pitch rate [º/s]:  0.66
21:37:14.677 > Yaw rate [º/s]:  1.04
21:37:14.722 > Loop t1
21:37:14.724 > Roll rate [º/s]:  -4.89
21:37:14.727 > Pitch rate [º/s]:  0.66
21:37:14.729 > Yaw rate [º/s]:  0.99
21:37:14.774 > Loop t1
21:37:14.775 > Roll rate [º/s]:  -4.85
21:37:14.779 > Pitch rate [º/s]:  0.67
21:37:14.782 > Yaw rate [º/s]:  0.99
21:37:14.826 > Loop t1
21:37:14.828 > Roll rate [º/s]:  -4.87
21:37:14.831 > Pitch rate [º/s]:  0.67
21:37:14.832 > Yaw rate [º/s]:  1.02
21:37:14.878 > Loop t1
21:37:14.880 > Roll rate [º/s]:  -4.87
21:37:14.883 > Pitch rate [º/s]:  0.69
21:37:14.885 > Yaw rate [º/s]:  1.04
21:37:14.930 > Loop t1
21:37:14.931 > Roll rate [º/s]:  -4.85
21:37:14.935 > Pitch rate [º/s]:  0.70
21:37:14.937 > Yaw rate [º/s]:  1.01
21:37:14.982 > Loop t1
21:37:14.984 > Roll rate [º/s]:  -4.82
21:37:14.987 > Pitch rate [º/s]:  0.70
21:37:14.989 > Yaw rate [º/s]:  1.04
21:37:15.034 > Loop t1
21:37:15.038 > Roll rate [º/s]:  -4.85
21:37:15.039 > Pitch rate [º/s]:  0.70
21:37:15.041 > Yaw rate [º/s]:  1.02
21:37:15.086 > Loop t1
21:37:15.088 > Roll rate [º/s]:  -4.85
21:37:15.091 > Pitch rate [º/s]:  0.64
21:37:15.093 > Yaw rate [º/s]:  1.04
21:37:15.138 > Loop t1
21:37:15.140 > Roll rate [º/s]:  -4.84
21:37:15.143 > Pitch rate [º/s]:  0.66
21:37:15.145 > Yaw rate [º/s]:  1.02
21:37:15.191 > Loop t1
21:37:15.193 > Roll rate [º/s]:  -4.85
21:37:15.195 > Pitch rate [º/s]:  0.70
21:37:15.197 > Yaw rate [º/s]:  1.02
21:37:15.242 > Loop t1
21:37:15.244 > Roll rate [º/s]:  -4.85
21:37:15.246 > Pitch rate [º/s]:  0.69
21:37:15.249 > Yaw rate [º/s]:  0.99
21:37:15.294 > Loop t1
21:37:15.296 > Roll rate [º/s]:  -4.87
21:37:15.298 > Pitch rate [º/s]:  0.67
21:37:15.301 > Yaw rate [º/s]:  1.04
21:37:15.346 > Loop t1
21:37:15.348 > Roll rate [º/s]:  -4.87
21:37:15.352 > Pitch rate [º/s]:  0.66
21:37:15.353 > Yaw rate [º/s]:  1.02
21:37:15.398 > Loop t1
21:37:15.400 > Roll rate [º/s]:  -4.87
21:37:15.403 > Pitch rate [º/s]:  0.70
21:37:15.405 > Yaw rate [º/s]:  0.99
21:37:15.450 > Loop t1
21:37:15.452 > Roll rate [º/s]:  -4.87
21:37:15.455 > Pitch rate [º/s]:  0.66
21:37:15.458 > Yaw rate [º/s]:  1.05
21:37:15.502 > Loop t1
21:37:15.504 > Roll rate [º/s]:  -4.85
21:37:15.507 > Pitch rate [º/s]:  0.72
21:37:15.509 > Yaw rate [º/s]:  1.04
21:37:15.554 > Loop t1
21:37:15.556 > Roll rate [º/s]:  -4.89
21:37:15.559 > Pitch rate [º/s]:  0.72
21:37:15.561 > Yaw rate [º/s]:  1.05
21:37:15.606 > Loop t1
21:37:15.608 > Roll rate [º/s]:  -4.85
21:37:15.611 > Pitch rate [º/s]:  0.70
21:37:15.613 > Yaw rate [º/s]:  1.01
21:37:15.659 > Loop t1
21:37:15.659 > Roll rate [º/s]:  -4.85
21:37:15.663 > Pitch rate [º/s]:  0.67
21:37:15.665 > Yaw rate [º/s]:  1.02
21:37:15.710 > Loop t1
21:37:15.712 > Roll rate [º/s]:  -4.85
21:37:15.715 > Pitch rate [º/s]:  0.69
21:37:15.717 > Yaw rate [º/s]:  1.01
21:37:15.762 > Loop t1
21:37:15.763 > Roll rate [º/s]:  -4.85
21:37:15.766 > Pitch rate [º/s]:  0.70
21:37:15.769 > Yaw rate [º/s]:  1.04
21:37:15.814 > Loop t1
21:37:15.816 > Roll rate [º/s]:  -4.81
21:37:15.820 > Pitch rate [º/s]:  0.67
21:37:15.821 > Yaw rate [º/s]:  1.01
21:37:15.866 > Loop t1
21:37:15.867 > Roll rate [º/s]:  -4.89
21:37:15.872 > Pitch rate [º/s]:  0.70
21:37:15.873 > Yaw rate [º/s]:  1.01
21:37:15.918 > Loop t1
21:37:15.920 > Roll rate [º/s]:  -4.87
21:37:15.924 > Pitch rate [º/s]:  0.69
21:37:15.924 > Yaw rate [º/s]:  1.04
21:37:15.970 > Loop t1
21:37:15.972 > Roll rate [º/s]:  -4.85
21:37:15.975 > Pitch rate [º/s]:  0.63
21:37:15.977 > Yaw rate [º/s]:  0.99
21:37:16.023 > Loop t1
21:37:16.024 > Roll rate [º/s]:  -4.89
21:37:16.027 > Pitch rate [º/s]:  0.69
21:37:16.029 > Yaw rate [º/s]:  1.02
21:37:16.074 > Loop t1
21:37:16.076 > Roll rate [º/s]:  -4.84
21:37:16.080 > Pitch rate [º/s]:  0.67
21:37:16.081 > Yaw rate [º/s]:  1.04
21:37:16.126 > Loop t1
21:37:16.128 > Roll rate [º/s]:  -4.87
21:37:16.131 > Pitch rate [º/s]:  0.72
21:37:16.134 > Yaw rate [º/s]:  1.02
21:37:16.180 > Loop t1
21:37:16.181 > Roll rate [º/s]:  -4.87
21:37:16.183 > Pitch rate [º/s]:  0.70
21:37:16.185 > Yaw rate [º/s]:  1.04
21:37:16.230 > Loop t1
21:37:16.232 > Roll rate [º/s]:  -4.82
21:37:16.235 > Pitch rate [º/s]:  0.72
21:37:16.237 > Yaw rate [º/s]:  1.02
21:37:16.283 > Loop t1
21:37:16.284 > Roll rate [º/s]:  -4.89
21:37:16.287 > Pitch rate [º/s]:  0.66
21:37:16.289 > Yaw rate [º/s]:  0.99
21:37:16.334 > Loop t1
21:37:16.336 > Roll rate [º/s]:  -4.84
21:37:16.339 > Pitch rate [º/s]:  0.67
21:37:16.342 > Yaw rate [º/s]:  1.01
21:37:16.386 > Loop t1
21:37:16.388 > Roll rate [º/s]:  -4.89
21:37:16.391 > Pitch rate [º/s]:  0.64
21:37:16.393 > Yaw rate [º/s]:  1.02
21:37:16.438 > Loop t1
21:37:16.440 > Roll rate [º/s]:  -4.84
21:37:16.445 > Pitch rate [º/s]:  0.67
21:37:16.445 > Yaw rate [º/s]:  1.04
21:37:16.490 > Loop t1
21:37:16.491 > Roll rate [º/s]:  -4.87
21:37:16.496 > Pitch rate [º/s]:  0.69
21:37:16.497 > Yaw rate [º/s]:  1.04
21:37:16.543 > Loop t1
21:37:16.544 > Roll rate [º/s]:  -4.85
21:37:16.547 > Pitch rate [º/s]:  0.69
21:37:16.549 > Yaw rate [º/s]:  1.04
21:37:16.594 > Loop t1
21:37:16.597 > Roll rate [º/s]:  -4.87
21:37:16.599 > Pitch rate [º/s]:  0.69
21:37:16.601 > Yaw rate [º/s]:  1.05
21:37:16.646 > Loop t1
21:37:16.648 > Roll rate [º/s]:  -4.85
21:37:16.651 > Pitch rate [º/s]:  0.67
21:37:16.653 > Yaw rate [º/s]:  1.02
21:37:16.698 > Loop t1
21:37:16.700 > Roll rate [º/s]:  -4.89
21:37:16.703 > Pitch rate [º/s]:  0.66
21:37:16.705 > Yaw rate [º/s]:  1.01
21:37:16.750 > Loop t1
21:37:16.752 > Roll rate [º/s]:  -4.85
21:37:16.756 > Pitch rate [º/s]:  0.70
21:37:16.757 > Yaw rate [º/s]:  1.05
21:37:16.803 > Loop t1
21:37:16.804 > Roll rate [º/s]:  -4.84
21:37:16.807 > Pitch rate [º/s]:  0.67
21:37:16.809 > Yaw rate [º/s]:  1.05
21:37:16.854 > Loop t1
21:37:16.856 > Roll rate [º/s]:  -4.89
21:37:16.859 > Pitch rate [º/s]:  0.69
21:37:16.861 > Yaw rate [º/s]:  0.99
21:37:16.906 > Loop t1
21:37:16.908 > Roll rate [º/s]:  -4.87
21:37:16.911 > Pitch rate [º/s]:  0.66
21:37:16.913 > Yaw rate [º/s]:  1.04
21:37:16.958 > Loop t1
21:37:16.962 > Roll rate [º/s]:  -4.82
21:37:16.967 > Pitch rate [º/s]:  0.69
21:37:16.967 > Yaw rate [º/s]:  1.04
21:37:17.011 > Loop t1
21:37:17.012 > Roll rate [º/s]:  -4.87
21:37:17.016 > Pitch rate [º/s]:  0.66
21:37:17.017 > Yaw rate [º/s]:  1.04
21:37:17.062 > Loop t1
21:37:17.064 > Roll rate [º/s]:  -4.89
21:37:17.067 > Pitch rate [º/s]:  0.70
21:37:17.069 > Yaw rate [º/s]:  0.99
21:37:17.114 > Loop t1
21:37:17.116 > Roll rate [º/s]:  -4.82
21:37:17.119 > Pitch rate [º/s]:  0.67
21:37:17.124 > Yaw rate [º/s]:  1.05
21:37:17.166 > Loop t1
21:37:17.168 > Roll rate [º/s]:  -4.85
21:37:17.171 > Pitch rate [º/s]:  0.76
21:37:17.174 > Yaw rate [º/s]:  1.02
21:37:17.218 > Loop t1
21:37:17.219 > Roll rate [º/s]:  -4.85
21:37:17.223 > Pitch rate [º/s]:  0.70
21:37:17.225 > Yaw rate [º/s]:  1.07
21:37:17.270 > Loop t1
21:37:17.272 > Roll rate [º/s]:  -4.85
21:37:17.275 > Pitch rate [º/s]:  0.70
21:37:17.278 > Yaw rate [º/s]:  1.04
21:37:17.322 > Loop t1
21:37:17.328 > Roll rate [º/s]:  -4.85
21:37:17.328 > Pitch rate [º/s]:  0.66
21:37:17.330 > Yaw rate [º/s]:  1.04
21:37:17.374 > Loop t1
21:37:17.376 > Roll rate [º/s]:  -4.85
21:37:17.381 > Pitch rate [º/s]:  0.69
21:37:17.381 > Yaw rate [º/s]:  1.05
21:37:17.426 > Loop t1
21:37:17.428 > Roll rate [º/s]:  -4.84
21:37:17.431 > Pitch rate [º/s]:  0.70
21:37:17.433 > Yaw rate [º/s]:  1.05
21:37:17.479 > Loop t1
21:37:17.480 > Roll rate [º/s]:  -4.90
21:37:17.483 > Pitch rate [º/s]:  0.69
21:37:17.485 > Yaw rate [º/s]:  1.05
21:37:17.531 > Loop t1
21:37:17.533 > Roll rate [º/s]:  -4.85
21:37:17.535 > Pitch rate [º/s]:  0.69
21:37:17.537 > Yaw rate [º/s]:  1.02
21:37:17.582 > Loop t1
21:37:17.583 > Roll rate [º/s]:  -4.87
21:37:17.589 > Pitch rate [º/s]:  0.70
21:37:17.589 > Yaw rate [º/s]:  1.04
21:37:17.636 > Loop t1
21:37:17.636 > Roll rate [º/s]:  -4.85
21:37:17.639 > Pitch rate [º/s]:  0.72
21:37:17.641 > Yaw rate [º/s]:  1.01
21:37:17.686 > Loop t1
21:37:17.688 > Roll rate [º/s]:  -4.89
21:37:17.691 > Pitch rate [º/s]:  0.67
21:37:17.696 > Yaw rate [º/s]:  1.04
21:37:17.738 > Loop t1
21:37:17.740 > Roll rate [º/s]:  -4.84
21:37:17.743 > Pitch rate [º/s]:  0.64
21:37:17.745 > Yaw rate [º/s]:  1.02
21:37:17.790 > Loop t1
21:37:17.792 > Roll rate [º/s]:  -4.87
21:37:17.795 > Pitch rate [º/s]:  0.66
21:37:17.797 > Yaw rate [º/s]:  1.04
21:37:17.842 > Loop t1
21:37:17.844 > Roll rate [º/s]:  -4.85
21:37:17.847 > Pitch rate [º/s]:  0.67
21:37:17.850 > Yaw rate [º/s]:  1.04
21:37:17.894 > Loop t1
21:37:17.897 > Roll rate [º/s]:  -4.89
21:37:17.899 > Pitch rate [º/s]:  0.67
21:37:17.901 > Yaw rate [º/s]:  1.05
21:37:17.946 > Loop t1
21:37:17.948 > Roll rate [º/s]:  -4.85
21:37:17.951 > Pitch rate [º/s]:  0.72
21:37:17.953 > Yaw rate [º/s]:  1.02
21:37:17.998 > Loop t1
21:37:18.000 > Roll rate [º/s]:  -4.81
21:37:18.003 > Pitch rate [º/s]:  0.67
21:37:18.005 > Yaw rate [º/s]:  1.04
21:37:18.050 > Loop t1
21:37:18.052 > Roll rate [º/s]:  -4.85
21:37:18.055 > Pitch rate [º/s]:  0.67
21:37:18.057 > Yaw rate [º/s]:  1.02
21:37:18.103 > Loop t1
21:37:18.106 > Roll rate [º/s]:  -4.90
21:37:18.111 > Pitch rate [º/s]:  0.64
21:37:18.114 > Yaw rate [º/s]:  0.99
21:37:18.155 > Loop t1
21:37:18.157 > Roll rate [º/s]:  -4.89
21:37:18.160 > Pitch rate [º/s]:  0.66
21:37:18.161 > Yaw rate [º/s]:  1.04
21:37:18.208 > Loop t1
21:37:18.208 > Roll rate [º/s]:  -4.85
21:37:18.212 > Pitch rate [º/s]:  0.70
21:37:18.213 > Yaw rate [º/s]:  1.04
21:37:18.259 > Loop t1
21:37:18.261 > Roll rate [º/s]:  -4.89
21:37:18.263 > Pitch rate [º/s]:  0.69
21:37:18.266 > Yaw rate [º/s]:  1.01
21:37:18.312 > Loop t1
21:37:18.313 > Roll rate [º/s]:  -4.87
21:37:18.315 > Pitch rate [º/s]:  0.73
21:37:18.317 > Yaw rate [º/s]:  1.05
21:37:18.362 > Loop t1
21:37:18.364 > Roll rate [º/s]:  -4.87
21:37:18.367 > Pitch rate [º/s]:  0.70
21:37:18.369 > Yaw rate [º/s]:  1.07
21:37:18.414 > Loop t1
21:37:18.416 > Roll rate [º/s]:  -4.82
21:37:18.419 > Pitch rate [º/s]:  0.67
21:37:18.421 > Yaw rate [º/s]:  0.99
21:37:18.467 > Loop t1
21:37:18.468 > Roll rate [º/s]:  -4.87
21:37:18.472 > Pitch rate [º/s]:  0.69
21:37:18.476 > Yaw rate [º/s]:  1.01
21:37:18.518 > Loop t1
21:37:18.520 > Roll rate [º/s]:  -4.90
21:37:18.523 > Pitch rate [º/s]:  0.72
21:37:18.525 > Yaw rate [º/s]:  1.05
21:37:18.572 > Loop t1
21:37:18.573 > Roll rate [º/s]:  -4.89
21:37:18.575 > Pitch rate [º/s]:  0.69
21:37:18.577 > Yaw rate [º/s]:  0.99
21:37:18.623 > Loop t1
21:37:18.625 > Roll rate [º/s]:  -4.85
21:37:18.627 > Pitch rate [º/s]:  0.67
21:37:18.630 > Yaw rate [º/s]:  1.05
21:37:18.674 > Loop t1
21:37:18.676 > Roll rate [º/s]:  -4.85
21:37:18.679 > Pitch rate [º/s]:  0.63
21:37:18.681 > Yaw rate [º/s]:  1.02
21:37:18.726 > Loop t1
21:37:18.728 > Roll rate [º/s]:  -4.85
21:37:18.732 > Pitch rate [º/s]:  0.69
21:37:18.733 > Yaw rate [º/s]:  0.99
21:37:18.779 > Loop t1
21:37:18.780 > Roll rate [º/s]:  -4.87
21:37:18.783 > Pitch rate [º/s]:  0.64
21:37:18.786 > Yaw rate [º/s]:  1.02
21:37:18.830 > Loop t1
21:37:18.832 > Roll rate [º/s]:  -4.87
21:37:18.835 > Pitch rate [º/s]:  0.66
21:37:18.837 > Yaw rate [º/s]:  1.04
21:37:18.882 > Loop t1
21:37:18.884 > Roll rate [º/s]:  -4.87
21:37:18.886 > Pitch rate [º/s]:  0.67
21:37:18.890 > Yaw rate [º/s]:  1.02
21:37:18.935 > Loop t1
21:37:18.936 > Roll rate [º/s]:  -4.87
21:37:18.939 > Pitch rate [º/s]:  0.69
21:37:18.941 > Yaw rate [º/s]:  1.02
21:37:18.986 > Loop t1
21:37:18.988 > Roll rate [º/s]:  -4.82
21:37:18.991 > Pitch rate [º/s]:  0.69
21:37:18.993 > Yaw rate [º/s]:  1.07
21:37:19.038 > Loop t1
21:37:19.041 > Roll rate [º/s]:  -4.85
21:37:19.043 > Pitch rate [º/s]:  0.64
21:37:19.046 > Yaw rate [º/s]:  1.05
21:37:19.090 > Loop t1
21:37:19.092 > Roll rate [º/s]:  -4.89
21:37:19.095 > Pitch rate [º/s]:  0.70
21:37:19.097 > Yaw rate [º/s]:  1.04
21:37:19.143 > Loop t1
21:37:19.144 > Roll rate [º/s]:  -4.89
21:37:19.149 > Pitch rate [º/s]:  0.67
21:37:19.149 > Yaw rate [º/s]:  1.01
21:37:19.195 > Loop t1
21:37:19.196 > Roll rate [º/s]:  -4.87
21:37:19.199 > Pitch rate [º/s]:  0.70
21:37:19.201 > Yaw rate [º/s]:  1.02
21:37:19.246 > Loop t1
21:37:19.248 > Roll rate [º/s]:  -4.89
21:37:19.250 > Pitch rate [º/s]:  0.69
21:37:19.253 > Yaw rate [º/s]:  1.02
21:37:19.298 > Loop t1
21:37:19.300 > Roll rate [º/s]:  -4.85
21:37:19.303 > Pitch rate [º/s]:  0.66
21:37:19.307 > Yaw rate [º/s]:  1.01
21:37:19.350 > Loop t1
21:37:19.352 > Roll rate [º/s]:  -4.82
21:37:19.354 > Pitch rate [º/s]:  0.70
21:37:19.357 > Yaw rate [º/s]:  1.02
21:37:19.403 > Loop t1
21:37:19.404 > Roll rate [º/s]:  -4.89
21:37:19.406 > Pitch rate [º/s]:  0.66
21:37:19.409 > Yaw rate [º/s]:  0.99
21:37:19.454 > Loop t1
21:37:19.456 > Roll rate [º/s]:  -4.85
21:37:19.458 > Pitch rate [º/s]:  0.70
21:37:19.461 > Yaw rate [º/s]:  1.04
21:37:19.506 > Loop t1
21:37:19.508 > Roll rate [º/s]:  -4.78
21:37:19.510 > Pitch rate [º/s]:  0.69
21:37:19.513 > Yaw rate [º/s]:  1.08
21:37:19.558 > Loop t1
21:37:19.560 > Roll rate [º/s]:  -4.84
21:37:19.562 > Pitch rate [º/s]:  0.69
21:37:19.565 > Yaw rate [º/s]:  0.93
21:37:19.610 > Loop t1
21:37:19.612 > Roll rate [º/s]:  -4.89
21:37:19.614 > Pitch rate [º/s]:  0.67
21:37:19.617 > Yaw rate [º/s]:  1.07
21:37:19.662 > Loop t1
21:37:19.664 > Roll rate [º/s]:  -4.87
21:37:19.666 > Pitch rate [º/s]:  0.69
21:37:19.671 > Yaw rate [º/s]:  1.05
21:37:19.714 > Loop t1
21:37:19.716 > Roll rate [º/s]:  -4.87
21:37:19.718 > Pitch rate [º/s]:  0.72
21:37:19.721 > Yaw rate [º/s]:  0.98
21:37:19.766 > Loop t1
21:37:19.768 > Roll rate [º/s]:  -4.85
21:37:19.771 > Pitch rate [º/s]:  0.72
21:37:19.773 > Yaw rate [º/s]:  1.07
21:37:19.818 > Loop t1
21:37:19.820 > Roll rate [º/s]:  -4.81
21:37:19.822 > Pitch rate [º/s]:  0.67
21:37:19.825 > Yaw rate [º/s]:  1.05
21:37:19.872 > Loop t1
21:37:19.872 > Roll rate [º/s]:  -4.85
21:37:19.875 > Pitch rate [º/s]:  0.69
21:37:19.878 > Yaw rate [º/s]:  0.98
21:37:19.922 > Loop t1
21:37:19.924 > Roll rate [º/s]:  -4.87
21:37:19.926 > Pitch rate [º/s]:  0.67
21:37:19.929 > Yaw rate [º/s]:  1.08
21:37:19.974 > Loop t1
21:37:19.977 > Roll rate [º/s]:  -4.90
21:37:19.978 > Pitch rate [º/s]:  0.69
21:37:19.981 > Yaw rate [º/s]:  1.04
21:37:20.026 > Loop t1
21:37:20.028 > Roll rate [º/s]:  -4.85
21:37:20.031 > Pitch rate [º/s]:  0.66
21:37:20.033 > Yaw rate [º/s]:  0.96
21:37:20.078 > Loop t1
21:37:20.081 > Roll rate [º/s]:  -4.84
21:37:20.082 > Pitch rate [º/s]:  0.69
21:37:20.085 > Yaw rate [º/s]:  1.15
21:37:20.130 > Loop t1
21:37:20.132 > Roll rate [º/s]:  -4.89
21:37:20.134 > Pitch rate [º/s]:  0.72
21:37:20.138 > Yaw rate [º/s]:  1.15
21:37:20.183 > Loop t1
21:37:20.184 > Roll rate [º/s]:  -4.79
21:37:20.186 > Pitch rate [º/s]:  0.70
21:37:20.190 > Yaw rate [º/s]:  0.90
21:37:20.234 > Loop t1
21:37:20.236 > Roll rate [º/s]:  -4.84
21:37:20.238 > Pitch rate [º/s]:  0.64
21:37:20.243 > Yaw rate [º/s]:  1.07
21:37:20.289 > Loop t1
21:37:20.289 > Roll rate [º/s]:  -4.87
21:37:20.290 > Pitch rate [º/s]:  0.70
21:37:20.293 > Yaw rate [º/s]:  1.07
21:37:20.340 > Loop t1
21:37:20.340 > Roll rate [º/s]:  -4.85
21:37:20.342 > Pitch rate [º/s]:  0.66
21:37:20.345 > Yaw rate [º/s]:  0.96
21:37:20.391 > Loop t1
21:37:20.392 > Roll rate [º/s]:  -4.89
21:37:20.394 > Pitch rate [º/s]:  0.73
21:37:20.397 > Yaw rate [º/s]:  1.01
21:37:20.442 > Loop t1
21:37:20.444 > Roll rate [º/s]:  -4.92
21:37:20.446 > Pitch rate [º/s]:  0.70
21:37:20.449 > Yaw rate [º/s]:  1.10
21:37:20.494 > Loop t1
21:37:20.496 > Roll rate [º/s]:  -4.84
21:37:20.498 > Pitch rate [º/s]:  0.69
21:37:20.501 > Yaw rate [º/s]:  0.95
21:37:20.547 > Loop t1
21:37:20.548 > Roll rate [º/s]:  -4.81
21:37:20.550 > Pitch rate [º/s]:  0.64
21:37:20.553 > Yaw rate [º/s]:  1.02
21:37:20.598 > Loop t1
21:37:20.600 > Roll rate [º/s]:  -4.82
21:37:20.602 > Pitch rate [º/s]:  0.67
21:37:20.605 > Yaw rate [º/s]:  1.15
21:37:20.650 > Loop t1
21:37:20.652 > Roll rate [º/s]:  -4.90
21:37:20.655 > Pitch rate [º/s]:  0.66
21:37:20.657 > Yaw rate [º/s]:  0.95
21:37:20.702 > Loop t1
21:37:20.704 > Roll rate [º/s]:  -4.89
21:37:20.707 > Pitch rate [º/s]:  0.67
21:37:20.710 > Yaw rate [º/s]:  0.98
21:37:20.754 > Loop t1
21:37:20.756 > Roll rate [º/s]:  -4.84
21:37:20.758 > Pitch rate [º/s]:  0.72
21:37:20.763 > Yaw rate [º/s]:  1.16
21:37:20.807 > Loop t1
21:37:20.809 > Roll rate [º/s]:  -4.87
21:37:20.811 > Pitch rate [º/s]:  0.70
21:37:20.813 > Yaw rate [º/s]:  0.95
21:37:20.858 > Loop t1
21:37:20.861 > Roll rate [º/s]:  -4.82
21:37:20.862 > Pitch rate [º/s]:  0.70
21:37:20.866 > Yaw rate [º/s]:  1.02
21:37:20.911 > Loop t1
21:37:20.912 > Roll rate [º/s]:  -4.90
21:37:20.916 > Pitch rate [º/s]:  0.66
21:37:20.921 > Yaw rate [º/s]:  1.15
21:37:20.962 > Loop t1
21:37:20.964 > Roll rate [º/s]:  -4.85
21:37:20.967 > Pitch rate [º/s]:  0.70
21:37:20.969 > Yaw rate [º/s]:  0.93
21:37:21.014 > Loop t1
21:37:21.019 > Roll rate [º/s]:  -4.87
21:37:21.019 > Pitch rate [º/s]:  0.69
21:37:21.021 > Yaw rate [º/s]:  0.98
21:37:21.066 > Loop t1
21:37:21.068 > Roll rate [º/s]:  -4.89
21:37:21.070 > Pitch rate [º/s]:  0.69
21:37:21.074 > Yaw rate [º/s]:  1.11
21:37:21.118 > Loop t1
21:37:21.120 > Roll rate [º/s]:  -4.87
21:37:21.122 > Pitch rate [º/s]:  0.64
21:37:21.125 > Yaw rate [º/s]:  0.95
21:37:21.172 > Loop t1
21:37:21.172 > Roll rate [º/s]:  -4.82
21:37:21.174 > Pitch rate [º/s]:  0.70
21:37:21.178 > Yaw rate [º/s]:  1.07
21:37:21.222 > Loop t1
21:37:21.224 > Roll rate [º/s]:  -4.85
21:37:21.226 > Pitch rate [º/s]:  0.67
21:37:21.230 > Yaw rate [º/s]:  1.11
21:37:21.274 > Loop t1
21:37:21.279 > Roll rate [º/s]:  -4.85
21:37:21.279 > Pitch rate [º/s]:  0.64
21:37:21.284 > Yaw rate [º/s]:  1.01
21:37:21.326 > Loop t1
21:37:21.328 > Roll rate [º/s]:  -4.85
21:37:21.335 > Pitch rate [º/s]:  0.72
21:37:21.335 > Yaw rate [º/s]:  1.01
21:37:21.379 > Loop t1
21:37:21.381 > Roll rate [º/s]:  -4.85
21:37:21.382 > Pitch rate [º/s]:  0.66
21:37:21.385 > Yaw rate [º/s]:  1.10
21:37:21.437 > Loop t1
21:37:21.437 > Roll rate [º/s]:  -4.89
21:37:21.437 > Pitch rate [º/s]:  0.70
21:37:21.437 > Yaw rate [º/s]:  0.95
21:37:21.482 > Loop t1
21:37:21.486 > Roll rate [º/s]:  -4.89
21:37:21.486 > Pitch rate [º/s]:  0.67
21:37:21.490 > Yaw rate [º/s]:  0.99
21:37:21.539 > Loop t1
21:37:21.539 > Roll rate [º/s]:  -4.87
21:37:21.539 > Pitch rate [º/s]:  0.69
21:37:21.541 > Yaw rate [º/s]:  1.13
21:37:21.586 > Loop t1
21:37:21.588 > Roll rate [º/s]:  -4.89
21:37:21.590 > Pitch rate [º/s]:  0.66
21:37:21.595 > Yaw rate [º/s]:  0.98
21:37:21.638 > Loop t1
21:37:21.640 > Roll rate [º/s]:  -4.84
21:37:21.642 > Pitch rate [º/s]:  0.70
21:37:21.646 > Yaw rate [º/s]:  1.02
21:37:21.690 > Loop t1
21:37:21.692 > Roll rate [º/s]:  -4.82
21:37:21.694 > Pitch rate [º/s]:  0.64
21:37:21.698 > Yaw rate [º/s]:  1.08
21:37:21.742 > Loop t1
21:37:21.745 > Roll rate [º/s]:  -4.87
21:37:21.746 > Pitch rate [º/s]:  0.67
21:37:21.749 > Yaw rate [º/s]:  0.99
21:37:21.794 > Loop t1
21:37:21.796 > Roll rate [º/s]:  -4.87
21:37:21.798 > Pitch rate [º/s]:  0.70
21:37:21.801 > Yaw rate [º/s]:  1.02
21:37:21.846 > Loop t1
21:37:21.848 > Roll rate [º/s]:  -4.87
21:37:21.850 > Pitch rate [º/s]:  0.69
21:37:21.853 > Yaw rate [º/s]:  1.05
21:37:21.899 > Loop t1
21:37:21.900 > Roll rate [º/s]:  -4.84
21:37:21.903 > Pitch rate [º/s]:  0.67
21:37:21.906 > Yaw rate [º/s]:  0.96
21:37:21.951 > Loop t1
21:37:21.952 > Roll rate [º/s]:  -4.87
21:37:21.954 > Pitch rate [º/s]:  0.70
21:37:21.957 > Yaw rate [º/s]:  1.05
21:37:22.003 > Loop t1
21:37:22.004 > Roll rate [º/s]:  -4.85
21:37:22.006 > Pitch rate [º/s]:  0.64
21:37:22.011 > Yaw rate [º/s]:  1.05
21:37:22.054 > Loop t1
21:37:22.056 > Roll rate [º/s]:  -4.84
21:37:22.058 > Pitch rate [º/s]:  0.67
21:37:22.061 > Yaw rate [º/s]:  0.98
21:37:22.106 > Loop t1
21:37:22.109 > Roll rate [º/s]:  -4.92
21:37:22.112 > Pitch rate [º/s]:  0.69
21:37:22.115 > Yaw rate [º/s]:  1.04
21:37:22.158 > Loop t1
21:37:22.162 > Roll rate [º/s]:  -4.84
21:37:22.162 > Pitch rate [º/s]:  0.67
21:37:22.165 > Yaw rate [º/s]:  1.05
21:37:22.210 > Loop t1
21:37:22.212 > Roll rate [º/s]:  -4.87
21:37:22.214 > Pitch rate [º/s]:  0.70
21:37:22.217 > Yaw rate [º/s]:  0.99
21:37:22.262 > Loop t1
21:37:22.264 > Roll rate [º/s]:  -4.85
21:37:22.266 > Pitch rate [º/s]:  0.72
21:37:22.269 > Yaw rate [º/s]:  1.02
21:37:22.316 > Loop t1
21:37:22.316 > Roll rate [º/s]:  -4.90
21:37:22.318 > Pitch rate [º/s]:  0.64
21:37:22.321 > Yaw rate [º/s]:  1.05
21:37:22.366 > Loop t1
21:37:22.368 > Roll rate [º/s]:  -4.84
21:37:22.370 > Pitch rate [º/s]:  0.67
21:37:22.373 > Yaw rate [º/s]:  0.99
21:37:22.419 > Loop t1
21:37:22.420 > Roll rate [º/s]:  -4.87
21:37:22.422 > Pitch rate [º/s]:  0.70
21:37:22.425 > Yaw rate [º/s]:  1.05
21:37:22.470 > Loop t1
21:37:22.472 > Roll rate [º/s]:  -4.87
21:37:22.474 > Pitch rate [º/s]:  0.70
21:37:22.477 > Yaw rate [º/s]:  1.04
21:37:22.522 > Loop t1
21:37:22.524 > Roll rate [º/s]:  -4.85
21:37:22.526 > Pitch rate [º/s]:  0.66
21:37:22.529 > Yaw rate [º/s]:  1.02
21:37:22.574 > Loop t1
21:37:22.576 > Roll rate [º/s]:  -4.90
21:37:22.578 > Pitch rate [º/s]:  0.67
21:37:22.581 > Yaw rate [º/s]:  1.04
21:37:22.628 > Loop t1
21:37:22.628 > Roll rate [º/s]:  -4.85
21:37:22.630 > Pitch rate [º/s]:  0.66
21:37:22.633 > Yaw rate [º/s]:  1.10
21:37:22.678 > Loop t1
21:37:22.680 > Roll rate [º/s]:  -4.82
21:37:22.682 > Pitch rate [º/s]:  0.72
21:37:22.685 > Yaw rate [º/s]:  0.98
21:37:22.734 > Loop t1
21:37:22.734 > Roll rate [º/s]:  -4.85
21:37:22.734 > Pitch rate [º/s]:  0.67
21:37:22.738 > Yaw rate [º/s]:  0.99
21:37:22.782 > Loop t1
21:37:22.784 > Roll rate [º/s]:  -4.87
21:37:22.788 > Pitch rate [º/s]:  0.70
21:37:22.789 > Yaw rate [º/s]:  1.07
21:37:22.834 > Loop t1
21:37:22.837 > Roll rate [º/s]:  -4.90
21:37:22.840 > Pitch rate [º/s]:  0.70
21:37:22.842 > Yaw rate [º/s]:  0.98
21:37:22.886 > Loop t1
21:37:22.889 > Roll rate [º/s]:  -4.85
21:37:22.890 > Pitch rate [º/s]:  0.75
21:37:22.897 > Yaw rate [º/s]:  1.02
21:37:22.940 > Loop t1
21:37:22.941 > Roll rate [º/s]:  -4.85
21:37:22.943 > Pitch rate [º/s]:  0.69
21:37:22.945 > Yaw rate [º/s]:  1.08
21:37:22.990 > Loop t1
21:37:22.992 > Roll rate [º/s]:  -4.85
21:37:22.999 > Pitch rate [º/s]:  0.64
21:37:22.999 > Yaw rate [º/s]:  1.02
21:37:23.042 > Loop t1
21:37:23.045 > Roll rate [º/s]:  -4.89
21:37:23.047 > Pitch rate [º/s]:  0.70
21:37:23.049 > Yaw rate [º/s]:  1.05
21:37:23.094 > Loop t1
21:37:23.096 > Roll rate [º/s]:  -4.85
21:37:23.098 > Pitch rate [º/s]:  0.64
21:37:23.101 > Yaw rate [º/s]:  1.08
21:37:23.148 > Loop t1
21:37:23.148 > Roll rate [º/s]:  -4.85
21:37:23.150 > Pitch rate [º/s]:  0.69
21:37:23.153 > Yaw rate [º/s]:  0.96
21:37:23.199 > Loop t1
21:37:23.201 > Roll rate [º/s]:  -4.82
21:37:23.203 > Pitch rate [º/s]:  0.75
21:37:23.209 > Yaw rate [º/s]:  1.04
21:37:23.250 > Loop t1
21:37:23.253 > Roll rate [º/s]:  -4.87
21:37:23.257 > Pitch rate [º/s]:  0.69
21:37:23.257 > Yaw rate [º/s]:  1.08
21:37:23.305 > Loop t1
21:37:23.305 > Roll rate [º/s]:  -4.90
21:37:23.306 > Pitch rate [º/s]:  0.70
21:37:23.310 > Yaw rate [º/s]:  0.93
21:37:23.354 > Loop t1
21:37:23.357 > Roll rate [º/s]:  -4.85
21:37:23.358 > Pitch rate [º/s]:  0.70
21:37:23.361 > Yaw rate [º/s]:  1.07
21:37:23.406 > Loop t1
21:37:23.411 > Roll rate [º/s]:  -4.87
21:37:23.411 > Pitch rate [º/s]:  0.69
21:37:23.413 > Yaw rate [º/s]:  1.04
21:37:23.458 > Loop t1
21:37:23.462 > Roll rate [º/s]:  -4.89
21:37:23.463 > Pitch rate [º/s]:  0.67
21:37:23.465 > Yaw rate [º/s]:  0.98
21:37:23.510 > Loop t1
21:37:23.513 > Roll rate [º/s]:  -4.87
21:37:23.515 > Pitch rate [º/s]:  0.72
21:37:23.518 > Yaw rate [º/s]:  1.05
21:37:23.562 > Loop t1
21:37:23.564 > Roll rate [º/s]:  -4.85
21:37:23.567 > Pitch rate [º/s]:  0.70
21:37:23.569 > Yaw rate [º/s]:  1.07
21:37:23.614 > Loop t1
21:37:23.617 > Roll rate [º/s]:  -4.87
21:37:23.620 > Pitch rate [º/s]:  0.73
21:37:23.621 > Yaw rate [º/s]:  0.96
21:37:23.667 > Loop t1
21:37:23.668 > Roll rate [º/s]:  -4.84
21:37:23.672 > Pitch rate [º/s]:  0.67
21:37:23.672 > Yaw rate [º/s]:  1.02
21:37:23.718 > Loop t1
21:37:23.720 > Roll rate [º/s]:  -4.89
21:37:23.724 > Pitch rate [º/s]:  0.69
21:37:23.725 > Yaw rate [º/s]:  1.04
21:37:23.771 > Loop t1
21:37:23.772 > Roll rate [º/s]:  -4.84
21:37:23.774 > Pitch rate [º/s]:  0.72
21:37:23.776 > Yaw rate [º/s]:  0.98
21:37:23.827 > Loop t1
21:37:23.828 > Roll rate [º/s]:  -4.89
21:37:23.828 > Pitch rate [º/s]:  0.69
21:37:23.829 > Yaw rate [º/s]:  1.04
21:37:23.874 > Loop t1
21:37:23.877 > Roll rate [º/s]:  -4.85
21:37:23.878 > Pitch rate [º/s]:  0.75
21:37:23.881 > Yaw rate [º/s]:  1.04
21:37:23.927 > Loop t1
21:37:23.928 > Roll rate [º/s]:  -4.82
21:37:23.930 > Pitch rate [º/s]:  0.64
21:37:23.933 > Yaw rate [º/s]:  0.99
21:37:23.978 > Loop t1
21:37:23.981 > Roll rate [º/s]:  -4.87
21:37:23.984 > Pitch rate [º/s]:  0.66
21:37:23.986 > Yaw rate [º/s]:  1.01
21:37:24.032 > Loop t1
21:37:24.032 > Roll rate [º/s]:  -4.84
21:37:24.037 > Pitch rate [º/s]:  0.66
21:37:24.037 > Yaw rate [º/s]:  1.07
21:37:24.082 > Loop t1
21:37:24.087 > Roll rate [º/s]:  -4.84
21:37:24.087 > Pitch rate [º/s]:  0.69
21:37:24.088 > Yaw rate [º/s]:  1.01
21:37:24.135 > Loop t1
21:37:24.136 > Roll rate [º/s]:  -4.85
21:37:24.141 > Pitch rate [º/s]:  0.64
21:37:24.141 > Yaw rate [º/s]:  1.05
21:37:24.188 > Loop t1
21:37:24.188 > Roll rate [º/s]:  -4.87
21:37:24.191 > Pitch rate [º/s]:  0.70
21:37:24.193 > Yaw rate [º/s]:  1.07
21:37:24.239 > Loop t1
21:37:24.240 > Roll rate [º/s]:  -4.84
21:37:24.242 > Pitch rate [º/s]:  0.70
21:37:24.244 > Yaw rate [º/s]:  0.99
21:37:24.290 > Loop t1
21:37:24.292 > Roll rate [º/s]:  -4.87
21:37:24.301 > Pitch rate [º/s]:  0.69
21:37:24.301 > Yaw rate [º/s]:  1.07
21:37:24.346 > Loop t1
21:37:24.346 > Roll rate [º/s]:  -4.84
21:37:24.346 > Pitch rate [º/s]:  0.70
21:37:24.349 > Yaw rate [º/s]:  1.04
21:37:24.394 > Loop t1
21:37:24.397 > Roll rate [º/s]:  -4.85
21:37:24.398 > Pitch rate [º/s]:  0.69
21:37:24.402 > Yaw rate [º/s]:  0.99
21:37:24.447 > Loop t1
21:37:24.448 > Roll rate [º/s]:  -4.87
21:37:24.450 > Pitch rate [º/s]:  0.67
21:37:24.453 > Yaw rate [º/s]:  1.04
21:37:24.499 > Loop t1
21:37:24.500 > Roll rate [º/s]:  -4.82
21:37:24.502 > Pitch rate [º/s]:  0.66
21:37:24.504 > Yaw rate [º/s]:  1.07
21:37:24.556 > Loop t1
21:37:24.557 > Roll rate [º/s]:  -4.87
21:37:24.557 > Pitch rate [º/s]:  0.72
21:37:24.557 > Yaw rate [º/s]:  1.02
21:37:24.602 > Loop t1
21:37:24.609 > Roll rate [º/s]:  -4.89
21:37:24.609 > Pitch rate [º/s]:  0.70
21:37:24.609 > Yaw rate [º/s]:  1.05
21:37:24.654 > Loop t1
21:37:24.656 > Roll rate [º/s]:  -4.85
21:37:24.658 > Pitch rate [º/s]:  0.69
21:37:24.668 > Yaw rate [º/s]:  1.02
21:37:24.706 > Loop t1
21:37:24.708 > Roll rate [º/s]:  -4.87
21:37:24.714 > Pitch rate [º/s]:  0.70
21:37:24.714 > Yaw rate [º/s]:  0.99
21:37:24.759 > Loop t1
21:37:24.760 > Roll rate [º/s]:  -4.85
21:37:24.763 > Pitch rate [º/s]:  0.69
21:37:24.769 > Yaw rate [º/s]:  1.07
21:37:24.810 > Loop t1
21:37:24.813 > Roll rate [º/s]:  -4.89
21:37:24.816 > Pitch rate [º/s]:  0.70
21:37:24.816 > Yaw rate [º/s]:  1.05
21:37:24.862 > Loop t1
21:37:24.864 > Roll rate [º/s]:  -4.84
21:37:24.867 > Pitch rate [º/s]:  0.64
21:37:24.868 > Yaw rate [º/s]:  1.02
21:37:24.917 > Loop t1
21:37:24.917 > Roll rate [º/s]:  -4.87
21:37:24.918 > Pitch rate [º/s]:  0.64
21:37:24.922 > Yaw rate [º/s]:  1.01
21:37:24.969 > Loop t1
21:37:24.971 > Roll rate [º/s]:  -4.87
21:37:24.971 > Pitch rate [º/s]:  0.67
21:37:24.972 > Yaw rate [º/s]:  0.99
21:37:25.020 > Loop t1
21:37:25.020 > Roll rate [º/s]:  -4.89
21:37:25.022 > Pitch rate [º/s]:  0.69
21:37:25.024 > Yaw rate [º/s]:  1.01
21:37:25.070 > Loop t1
21:37:25.072 > Roll rate [º/s]:  -4.85
21:37:25.075 > Pitch rate [º/s]:  0.67
21:37:25.078 > Yaw rate [º/s]:  1.02
21:37:25.123 > Loop t1
21:37:25.125 > Roll rate [º/s]:  -4.82
21:37:25.126 > Pitch rate [º/s]:  0.69
21:37:25.131 > Yaw rate [º/s]:  1.05
21:37:25.175 > Loop t1
21:37:25.177 > Roll rate [º/s]:  -4.87
21:37:25.178 > Pitch rate [º/s]:  0.67
21:37:25.181 > Yaw rate [º/s]:  1.01
21:37:25.226 > Loop t1
21:37:25.228 > Roll rate [º/s]:  -4.85
21:37:25.230 > Pitch rate [º/s]:  0.67
21:37:25.232 > Yaw rate [º/s]:  1.05
21:37:25.282 > Loop t1
21:37:25.282 > Roll rate [º/s]:  -4.87
21:37:25.282 > Pitch rate [º/s]:  0.67
21:37:25.289 > Yaw rate [º/s]:  1.04
21:37:25.331 > Loop t1
21:37:25.332 > Roll rate [º/s]:  -4.81
21:37:25.334 > Pitch rate [º/s]:  0.69
21:37:25.336 > Yaw rate [º/s]:  0.98
21:37:25.384 > Loop t1
21:37:25.384 > Roll rate [º/s]:  -4.82
21:37:25.386 > Pitch rate [º/s]:  0.67
21:37:25.388 > Yaw rate [º/s]:  1.02
21:37:25.437 > Loop t1
21:37:25.437 > Roll rate [º/s]:  -4.90
21:37:25.438 > Pitch rate [º/s]:  0.70
21:37:25.442 > Yaw rate [º/s]:  1.05
21:37:25.487 > Loop t1
21:37:25.488 > Roll rate [º/s]:  -4.85
21:37:25.491 > Pitch rate [º/s]:  0.72
21:37:25.492 > Yaw rate [º/s]:  1.01
21:37:25.542 > Loop t1
21:37:25.542 > Roll rate [º/s]:  -4.87
21:37:25.542 > Pitch rate [º/s]:  0.67
21:37:25.545 > Yaw rate [º/s]:  1.04
21:37:25.593 > Loop t1
21:37:25.594 > Roll rate [º/s]:  -4.85
21:37:25.594 > Pitch rate [º/s]:  0.70
21:37:25.596 > Yaw rate [º/s]:  1.01
21:37:25.641 > Loop t1
21:37:25.644 > Roll rate [º/s]:  -4.84
21:37:25.646 > Pitch rate [º/s]:  0.72
21:37:25.648 > Yaw rate [º/s]:  1.01
21:37:25.694 > Loop t1
21:37:25.696 > Roll rate [º/s]:  -4.84
21:37:25.698 > Pitch rate [º/s]:  0.63
21:37:25.700 > Yaw rate [º/s]:  1.02
21:37:25.746 > Loop t1
21:37:25.748 > Roll rate [º/s]:  -4.85
21:37:25.752 > Pitch rate [º/s]:  0.67
21:37:25.752 > Yaw rate [º/s]:  1.05
21:37:25.798 > Loop t1
21:37:25.800 > Roll rate [º/s]:  -4.84
21:37:25.802 > Pitch rate [º/s]:  0.67
21:37:25.804 > Yaw rate [º/s]:  1.04
21:37:25.851 > Loop t1
21:37:25.852 > Roll rate [º/s]:  -4.85
21:37:25.855 > Pitch rate [º/s]:  0.66
21:37:25.863 > Yaw rate [º/s]:  1.04
21:37:25.904 > Loop t1
21:37:25.904 > Roll rate [º/s]:  -4.87
21:37:25.906 > Pitch rate [º/s]:  0.66
21:37:25.908 > Yaw rate [º/s]:  1.04
21:37:25.954 > Loop t1
21:37:25.956 > Roll rate [º/s]:  -4.87
21:37:25.959 > Pitch rate [º/s]:  0.70
21:37:25.965 > Yaw rate [º/s]:  1.04
21:37:26.009 > Loop t1
21:37:26.011 > Roll rate [º/s]:  -4.85
21:37:26.011 > Pitch rate [º/s]:  0.67
21:37:26.012 > Yaw rate [º/s]:  1.01
21:37:26.060 > Loop t1
21:37:26.061 > Roll rate [º/s]:  -4.84
21:37:26.064 > Pitch rate [º/s]:  0.70
21:37:26.064 > Yaw rate [º/s]:  1.01
21:37:26.113 > Loop t1
21:37:26.113 > Roll rate [º/s]:  -4.90
21:37:26.116 > Pitch rate [º/s]:  0.67
21:37:26.116 > Yaw rate [º/s]:  1.04
21:37:26.161 > Loop t1
21:37:26.169 > Roll rate [º/s]:  -4.85
21:37:26.169 > Pitch rate [º/s]:  0.69
21:37:26.169 > Yaw rate [º/s]:  1.01
21:37:26.214 > Loop t1
21:37:26.216 > Roll rate [º/s]:  -4.85
21:37:26.219 > Pitch rate [º/s]:  0.70
21:37:26.220 > Yaw rate [º/s]:  1.02
21:37:26.266 > Loop t1
21:37:26.268 > Roll rate [º/s]:  -4.87
21:37:26.274 > Pitch rate [º/s]:  0.72
21:37:26.274 > Yaw rate [º/s]:  1.04
21:37:26.320 > Loop t1
21:37:26.320 > Roll rate [º/s]:  -4.85
21:37:26.326 > Pitch rate [º/s]:  0.70
21:37:26.326 > Yaw rate [º/s]:  1.04
21:37:26.374 > Loop t1
21:37:26.374 > Roll rate [º/s]:  -4.87
21:37:26.374 > Pitch rate [º/s]:  0.66
21:37:26.378 > Yaw rate [º/s]:  1.01
21:37:26.422 > Loop t1
21:37:26.424 > Roll rate [º/s]:  -4.85
21:37:26.427 > Pitch rate [º/s]:  0.70
21:37:26.430 > Yaw rate [º/s]:  1.02
21:37:26.480 > Loop t1
21:37:26.481 > Roll rate [º/s]:  -4.87
21:37:26.481 > Pitch rate [º/s]:  0.67
21:37:26.481 > Yaw rate [º/s]:  1.05
21:37:26.526 > Loop t1
21:37:26.529 > Roll rate [º/s]:  -4.85
21:37:26.530 > Pitch rate [º/s]:  0.64
21:37:26.533 > Yaw rate [º/s]:  1.05
21:37:26.578 > Loop t1
21:37:26.581 > Roll rate [º/s]:  -4.84
21:37:26.582 > Pitch rate [º/s]:  0.72
21:37:26.586 > Yaw rate [º/s]:  1.04
21:37:26.630 > Loop t1
21:37:26.634 > Roll rate [º/s]:  -4.87
21:37:26.634 > Pitch rate [º/s]:  0.67
21:37:26.636 > Yaw rate [º/s]:  1.01
21:37:26.684 > Loop t1
21:37:26.684 > Roll rate [º/s]:  -4.84
21:37:26.688 > Pitch rate [º/s]:  0.67
21:37:26.688 > Yaw rate [º/s]:  0.99
21:37:26.736 > Loop t1
21:37:26.737 > Roll rate [º/s]:  -4.87
21:37:26.748 > Pitch rate [º/s]:  0.70
21:37:26.748 > Yaw rate [º/s]:  1.02
21:37:26.791 > Loop t1
21:37:26.791 > Roll rate [º/s]:  -4.85
21:37:26.791 > Pitch rate [º/s]:  0.69
21:37:26.792 > Yaw rate [º/s]:  1.01
21:37:26.839 > Loop t1
21:37:26.841 > Roll rate [º/s]:  -4.85
21:37:26.842 > Pitch rate [º/s]:  0.66
21:37:26.846 > Yaw rate [º/s]:  1.04
21:37:26.889 > Loop t1
21:37:26.895 > Roll rate [º/s]:  -4.89
21:37:26.897 > Pitch rate [º/s]:  0.72
21:37:26.897 > Yaw rate [º/s]:  1.01
21:37:26.943 > Loop t1
21:37:26.944 > Roll rate [º/s]:  -4.85
21:37:26.948 > Pitch rate [º/s]:  0.70
21:37:26.948 > Yaw rate [º/s]:  1.04
21:37:26.996 > Loop t1
21:37:27.000 > Roll rate [º/s]:  -4.87
21:37:27.000 > Pitch rate [º/s]:  0.73
21:37:27.000 > Yaw rate [º/s]:  1.05
21:37:27.049 > Loop t1
21:37:27.049 > Roll rate [º/s]:  -4.84
21:37:27.051 > Pitch rate [º/s]:  0.67
21:37:27.052 > Yaw rate [º/s]:  1.02
21:37:27.098 > Loop t1
21:37:27.100 > Roll rate [º/s]:  -4.84
21:37:27.102 > Pitch rate [º/s]:  0.72
21:37:27.105 > Yaw rate [º/s]:  0.96
21:37:27.150 > Loop t1
21:37:27.152 > Roll rate [º/s]:  -4.87
21:37:27.156 > Pitch rate [º/s]:  0.69
21:37:27.157 > Yaw rate [º/s]:  0.99
21:37:27.202 > Loop t1
21:37:27.205 > Roll rate [º/s]:  -4.85
21:37:27.207 > Pitch rate [º/s]:  0.67
21:37:27.208 > Yaw rate [º/s]:  1.02
21:37:27.254 > Loop t1
21:37:27.257 > Roll rate [º/s]:  -4.89
21:37:27.258 > Pitch rate [º/s]:  0.67
21:37:27.260 > Yaw rate [º/s]:  1.04
21:37:27.307 > Loop t1
21:37:27.308 > Roll rate [º/s]:  -4.85
21:37:27.313 > Pitch rate [º/s]:  0.70
21:37:27.315 > Yaw rate [º/s]:  1.01
21:37:27.360 > Loop t1
21:37:27.360 > Roll rate [º/s]:  -4.85
21:37:27.362 > Pitch rate [º/s]:  0.64
21:37:27.369 > Yaw rate [º/s]:  0.99
21:37:27.410 > Loop t1
21:37:27.412 > Roll rate [º/s]:  -4.82
21:37:27.415 > Pitch rate [º/s]:  0.66
21:37:27.417 > Yaw rate [º/s]:  1.01
21:37:27.462 > Loop t1
21:37:27.466 > Roll rate [º/s]:  -4.87
21:37:27.468 > Pitch rate [º/s]:  0.69
21:37:27.468 > Yaw rate [º/s]:  1.02
21:37:27.515 > Loop t1
21:37:27.516 > Roll rate [º/s]:  -4.87
21:37:27.518 > Pitch rate [º/s]:  0.64
21:37:27.520 > Yaw rate [º/s]:  1.01
21:37:27.567 > Loop t1
21:37:27.568 > Roll rate [º/s]:  -4.84
21:37:27.571 > Pitch rate [º/s]:  0.67
21:37:27.573 > Yaw rate [º/s]:  0.99
21:37:27.623 > Loop t1
21:37:27.624 > Roll rate [º/s]:  -4.85
21:37:27.624 > Pitch rate [º/s]:  0.67
21:37:27.626 > Yaw rate [º/s]:  1.02
21:37:27.675 > Loop t1
21:37:27.675 > Roll rate [º/s]:  -4.89
21:37:27.675 > Pitch rate [º/s]:  0.67
21:37:27.676 > Yaw rate [º/s]:  1.02
21:37:27.721 > Loop t1
21:37:27.727 > Roll rate [º/s]:  -4.89
21:37:27.727 > Pitch rate [º/s]:  0.67
21:37:27.729 > Yaw rate [º/s]:  1.02
21:37:27.776 > Loop t1
21:37:27.776 > Roll rate [º/s]:  -4.89
21:37:27.782 > Pitch rate [º/s]:  0.70
21:37:27.782 > Yaw rate [º/s]:  0.98
21:37:27.827 > Loop t1
21:37:27.830 > Roll rate [º/s]:  -4.87
21:37:27.830 > Pitch rate [º/s]:  0.66
21:37:27.833 > Yaw rate [º/s]:  1.05
21:37:27.881 > Loop t1
21:37:27.883 > Roll rate [º/s]:  -4.85
21:37:27.883 > Pitch rate [º/s]:  0.66
21:37:27.885 > Yaw rate [º/s]:  1.01
21:37:27.933 > Loop t1
21:37:27.934 > Roll rate [º/s]:  -4.87
21:37:27.934 > Pitch rate [º/s]:  0.69
21:37:27.936 > Yaw rate [º/s]:  1.01
21:37:27.982 > Loop t1
21:37:27.984 > Roll rate [º/s]:  -4.85
21:37:27.987 > Pitch rate [º/s]:  0.64
21:37:27.989 > Yaw rate [º/s]:  1.07
21:37:28.036 > Loop t1
21:37:28.036 > Roll rate [º/s]:  -4.92
21:37:28.042 > Pitch rate [º/s]:  0.69
21:37:28.042 > Yaw rate [º/s]:  1.02
21:37:28.086 > Loop t1
21:37:28.089 > Roll rate [º/s]:  -4.87
21:37:28.091 > Pitch rate [º/s]:  0.69
21:37:28.092 > Yaw rate [º/s]:  1.01
21:37:28.140 > Loop t1
21:37:28.140 > Roll rate [º/s]:  -4.84
21:37:28.143 > Pitch rate [º/s]:  0.70
21:37:28.145 > Yaw rate [º/s]:  1.02
21:37:28.192 > Loop t1
21:37:28.192 > Roll rate [º/s]:  -4.89
21:37:28.194 > Pitch rate [º/s]:  0.66
21:37:28.200 > Yaw rate [º/s]:  1.01
21:37:28.241 > Loop t1
21:37:28.246 > Roll rate [º/s]:  -4.84
21:37:28.246 > Pitch rate [º/s]:  0.66
21:37:28.249 > Yaw rate [º/s]:  1.04
21:37:28.294 > Loop t1
21:37:28.299 > Roll rate [º/s]:  -4.87
21:37:28.299 > Pitch rate [º/s]:  0.67
21:37:28.306 > Yaw rate [º/s]:  1.05
21:37:28.347 > Loop t1
21:37:28.349 > Roll rate [º/s]:  -4.87
21:37:28.351 > Pitch rate [º/s]:  0.70
21:37:28.355 > Yaw rate [º/s]:  1.01
21:37:28.400 > Loop t1
21:37:28.400 > Roll rate [º/s]:  -4.84
21:37:28.402 > Pitch rate [º/s]:  0.64
21:37:28.405 > Yaw rate [º/s]:  1.08
21:37:28.450 > Loop t1
21:37:28.452 > Roll rate [º/s]:  -4.87
21:37:28.454 > Pitch rate [º/s]:  0.69
21:37:28.457 > Yaw rate [º/s]:  1.07
21:37:28.506 > Loop t1
21:37:28.506 > Roll rate [º/s]:  -4.85
21:37:28.506 > Pitch rate [º/s]:  0.69
21:37:28.508 > Yaw rate [º/s]:  1.01
21:37:28.554 > Loop t1
21:37:28.556 > Roll rate [º/s]:  -4.87
21:37:28.562 > Pitch rate [º/s]:  0.66
21:37:28.562 > Yaw rate [º/s]:  0.99
21:37:28.607 > Loop t1
21:37:28.608 > Roll rate [º/s]:  -4.84
21:37:28.611 > Pitch rate [º/s]:  0.69
21:37:28.614 > Yaw rate [º/s]:  1.07
21:37:28.658 > Loop t1
21:37:28.661 > Roll rate [º/s]:  -4.84
21:37:28.663 > Pitch rate [º/s]:  0.64
21:37:28.667 > Yaw rate [º/s]:  0.99
21:37:28.710 > Loop t1
21:37:28.712 > Roll rate [º/s]:  -4.87
21:37:28.715 > Pitch rate [º/s]:  0.69
21:37:28.716 > Yaw rate [º/s]:  1.05
21:37:28.762 > Loop t1
21:37:28.764 > Roll rate [º/s]:  -4.85
21:37:28.766 > Pitch rate [º/s]:  0.66
21:37:28.772 > Yaw rate [º/s]:  1.10
21:37:28.814 > Loop t1
21:37:28.818 > Roll rate [º/s]:  -4.87
21:37:28.819 > Pitch rate [º/s]:  0.70
21:37:28.822 > Yaw rate [º/s]:  0.99
21:37:28.867 > Loop t1
21:37:28.868 > Roll rate [º/s]:  -4.82
21:37:28.870 > Pitch rate [º/s]:  0.66
21:37:28.873 > Yaw rate [º/s]:  1.01
21:37:28.918 > Loop t1
21:37:28.923 > Roll rate [º/s]:  -4.85
21:37:28.926 > Pitch rate [º/s]:  0.66
21:37:28.926 > Yaw rate [º/s]:  1.07
21:37:28.972 > Loop t1
21:37:28.974 > Roll rate [º/s]:  -4.84
21:37:28.974 > Pitch rate [º/s]:  0.63
21:37:28.978 > Yaw rate [º/s]:  1.02
21:37:29.023 > Loop t1
21:37:29.025 > Roll rate [º/s]:  -4.89
21:37:29.026 > Pitch rate [º/s]:  0.70
21:37:29.030 > Yaw rate [º/s]:  1.02
21:37:29.074 > Loop t1
21:37:29.076 > Roll rate [º/s]:  -4.85
21:37:29.079 > Pitch rate [º/s]:  0.69
21:37:29.083 > Yaw rate [º/s]:  1.05
21:37:29.127 > Loop t1
21:37:29.133 > Roll rate [º/s]:  -4.82
21:37:29.133 > Pitch rate [º/s]:  0.73
21:37:29.133 > Yaw rate [º/s]:  0.98
21:37:29.177 > Loop t1
21:37:29.180 > Roll rate [º/s]:  -4.85
21:37:29.184 > Pitch rate [º/s]:  0.72
21:37:29.184 > Yaw rate [º/s]:  1.04
21:37:29.230 > Loop t1
21:37:29.234 > Roll rate [º/s]:  -4.84
21:37:29.234 > Pitch rate [º/s]:  0.67
21:37:29.237 > Yaw rate [º/s]:  1.07
21:37:29.282 > Loop t1
21:37:29.285 > Roll rate [º/s]:  -4.87
21:37:29.286 > Pitch rate [º/s]:  0.67
21:37:29.289 > Yaw rate [º/s]:  0.98
21:37:29.334 > Loop t1
21:37:29.336 > Roll rate [º/s]:  -4.90
21:37:29.339 > Pitch rate [º/s]:  0.67
21:37:29.340 > Yaw rate [º/s]:  0.99
21:37:29.388 > Loop t1
21:37:29.388 > Roll rate [º/s]:  -4.82
21:37:29.392 > Pitch rate [º/s]:  0.66
21:37:29.392 > Yaw rate [º/s]:  1.10
21:37:29.438 > Loop t1
21:37:29.441 > Roll rate [º/s]:  -4.85
21:37:29.442 > Pitch rate [º/s]:  0.67
21:37:29.449 > Yaw rate [º/s]:  0.95
21:37:29.491 > Loop t1
21:37:29.492 > Roll rate [º/s]:  -4.89
21:37:29.496 > Pitch rate [º/s]:  0.69
21:37:29.497 > Yaw rate [º/s]:  1.02
21:37:29.543 > Loop t1
21:37:29.544 > Roll rate [º/s]:  -4.85
21:37:29.546 > Pitch rate [º/s]:  0.69
21:37:29.548 > Yaw rate [º/s]:  1.10
21:37:29.594 > Loop t1
21:37:29.598 > Roll rate [º/s]:  -4.87
21:37:29.599 > Pitch rate [º/s]:  0.67
21:37:29.601 > Yaw rate [º/s]:  0.95
21:37:29.648 > Loop t1
21:37:29.648 > Roll rate [º/s]:  -4.85
21:37:29.650 > Pitch rate [º/s]:  0.66
21:37:29.652 > Yaw rate [º/s]:  1.04
21:37:29.700 > Loop t1
21:37:29.701 > Roll rate [º/s]:  -4.89
21:37:29.702 > Pitch rate [º/s]:  0.67
21:37:29.708 > Yaw rate [º/s]:  1.10
21:37:29.750 > Loop t1
21:37:29.752 > Roll rate [º/s]:  -4.87
21:37:29.754 > Pitch rate [º/s]:  0.70
21:37:29.759 > Yaw rate [º/s]:  0.98
21:37:29.802 > Loop t1
21:37:29.805 > Roll rate [º/s]:  -4.84
21:37:29.806 > Pitch rate [º/s]:  0.66
21:37:29.809 > Yaw rate [º/s]:  1.04
21:37:29.855 > Loop t1
21:37:29.857 > Roll rate [º/s]:  -4.87
21:37:29.858 > Pitch rate [º/s]:  0.70
21:37:29.862 > Yaw rate [º/s]:  1.05
21:37:29.906 > Loop t1
21:37:29.910 > Roll rate [º/s]:  -4.85
21:37:29.912 > Pitch rate [º/s]:  0.66
21:37:29.912 > Yaw rate [º/s]:  0.98
21:37:29.957 > Loop t1
21:37:29.960 > Roll rate [º/s]:  -4.92
21:37:29.964 > Pitch rate [º/s]:  0.66
21:37:29.964 > Yaw rate [º/s]:  1.01
21:37:30.009 > Loop t1
21:37:30.012 > Roll rate [º/s]:  -4.87
21:37:30.015 > Pitch rate [º/s]:  0.66
21:37:30.017 > Yaw rate [º/s]:  1.05
21:37:30.061 > Loop t1
21:37:30.065 > Roll rate [º/s]:  -4.85
21:37:30.066 > Pitch rate [º/s]:  0.66
21:37:30.068 > Yaw rate [º/s]:  0.99
21:37:30.113 > Loop t1
21:37:30.118 > Roll rate [º/s]:  -4.82
21:37:30.119 > Pitch rate [º/s]:  0.69
21:37:30.120 > Yaw rate [º/s]:  1.01
21:37:30.167 > Loop t1
21:37:30.170 > Roll rate [º/s]:  -4.87
21:37:30.171 > Pitch rate [º/s]:  0.66
21:37:30.174 > Yaw rate [º/s]:  1.05
21:37:30.221 > Loop t1
21:37:30.221 > Roll rate [º/s]:  -4.89
21:37:30.222 > Pitch rate [º/s]:  0.75
21:37:30.224 > Yaw rate [º/s]:  0.96
21:37:30.269 > Loop t1
21:37:30.272 > Roll rate [º/s]:  -4.84
21:37:30.274 > Pitch rate [º/s]:  0.70
21:37:30.281 > Yaw rate [º/s]:  1.02
21:37:30.324 > Loop t1
21:37:30.324 > Roll rate [º/s]:  -4.85
21:37:30.332 > Pitch rate [º/s]:  0.73
21:37:30.332 > Yaw rate [º/s]:  1.07
21:37:30.373 > Loop t1
21:37:30.376 > Roll rate [º/s]:  -4.87
21:37:30.379 > Pitch rate [º/s]:  0.72
21:37:30.380 > Yaw rate [º/s]:  1.02
21:37:30.426 > Loop t1
21:37:30.431 > Roll rate [º/s]:  -4.87
21:37:30.431 > Pitch rate [º/s]:  0.69
21:37:30.432 > Yaw rate [º/s]:  1.07
21:37:30.477 > Loop t1
21:37:30.480 > Roll rate [º/s]:  -4.82
21:37:30.482 > Pitch rate [º/s]:  0.72
21:37:30.485 > Yaw rate [º/s]:  1.08
21:37:30.529 > Loop t1
21:37:30.532 > Roll rate [º/s]:  -4.82
21:37:30.534 > Pitch rate [º/s]:  0.70
21:37:30.536 > Yaw rate [º/s]:  1.01
21:37:30.581 > Loop t1
21:37:30.584 > Roll rate [º/s]:  -4.87
21:37:30.586 > Pitch rate [º/s]:  0.67
21:37:30.588 > Yaw rate [º/s]:  0.99
21:37:30.635 > Loop t1
21:37:30.637 > Roll rate [º/s]:  -4.87
21:37:30.641 > Pitch rate [º/s]:  0.64
21:37:30.641 > Yaw rate [º/s]:  1.01
21:37:30.688 > Loop t1
21:37:30.688 > Roll rate [º/s]:  -4.82
21:37:30.690 > Pitch rate [º/s]:  0.72
21:37:30.692 > Yaw rate [º/s]:  1.01
21:37:30.739 > Loop t1
21:37:30.744 > Roll rate [º/s]:  -4.85
21:37:30.744 > Pitch rate [º/s]:  0.70
21:37:30.744 > Yaw rate [º/s]:  1.04
21:37:30.794 > Loop t1
21:37:30.794 > Roll rate [º/s]:  -4.84
21:37:30.794 > Pitch rate [º/s]:  0.66
21:37:30.796 > Yaw rate [º/s]:  1.04
21:37:30.841 > Loop t1
21:37:30.845 > Roll rate [º/s]:  -4.87
21:37:30.846 > Pitch rate [º/s]:  0.67
21:37:30.854 > Yaw rate [º/s]:  1.01
21:37:30.893 > Loop t1
21:37:30.899 > Roll rate [º/s]:  -4.84
21:37:30.899 > Pitch rate [º/s]:  0.69
21:37:30.903 > Yaw rate [º/s]:  1.04
21:37:30.946 > Loop t1
21:37:30.949 > Roll rate [º/s]:  -4.87
21:37:30.952 > Pitch rate [º/s]:  0.73
21:37:30.955 > Yaw rate [º/s]:  1.05
21:37:30.997 > Loop t1
21:37:31.002 > Roll rate [º/s]:  -4.90
21:37:31.002 > Pitch rate [º/s]:  0.70
21:37:31.004 > Yaw rate [º/s]:  0.99
21:37:31.053 > Loop t1
21:37:31.053 > Roll rate [º/s]:  -4.85
21:37:31.055 > Pitch rate [º/s]:  0.67
21:37:31.056 > Yaw rate [º/s]:  1.05
21:37:31.107 > Loop t1
21:37:31.107 > Roll rate [º/s]:  -4.84
21:37:31.107 > Pitch rate [º/s]:  0.67
21:37:31.108 > Yaw rate [º/s]:  1.02
21:37:31.157 > Loop t1
21:37:31.157 > Roll rate [º/s]:  -4.89
21:37:31.158 > Pitch rate [º/s]:  0.64
21:37:31.161 > Yaw rate [º/s]:  1.01
21:37:31.206 > Loop t1
21:37:31.209 > Roll rate [º/s]:  -4.89
21:37:31.210 > Pitch rate [º/s]:  0.72
21:37:31.212 > Yaw rate [º/s]:  1.05
21:37:31.258 > Loop t1
21:37:31.261 > Roll rate [º/s]:  -4.87
21:37:31.262 > Pitch rate [º/s]:  0.73
21:37:31.265 > Yaw rate [º/s]:  1.01
21:37:31.310 > Loop t1
21:37:31.313 > Roll rate [º/s]:  -4.89
21:37:31.315 > Pitch rate [º/s]:  0.67
21:37:31.316 > Yaw rate [º/s]:  1.01
21:37:31.361 > Loop t1
21:37:31.365 > Roll rate [º/s]:  -4.87
21:37:31.367 > Pitch rate [º/s]:  0.63
21:37:31.370 > Yaw rate [º/s]:  1.07
21:37:31.417 > Loop t1
21:37:31.417 > Roll rate [º/s]:  -4.85
21:37:31.418 > Pitch rate [º/s]:  0.70
21:37:31.422 > Yaw rate [º/s]:  1.07
21:37:31.466 > Loop t1
21:37:31.468 > Roll rate [º/s]:  -4.87
21:37:31.470 > Pitch rate [º/s]:  0.67
21:37:31.473 > Yaw rate [º/s]:  1.02
21:37:31.519 > Loop t1
21:37:31.522 > Roll rate [º/s]:  -4.89
21:37:31.522 > Pitch rate [º/s]:  0.70
21:37:31.529 > Yaw rate [º/s]:  1.01
21:37:31.569 > Loop t1
21:37:31.572 > Roll rate [º/s]:  -4.90
21:37:31.575 > Pitch rate [º/s]:  0.67
21:37:31.577 > Yaw rate [º/s]:  1.05
21:37:31.621 > Loop t1
21:37:31.629 > Roll rate [º/s]:  -4.85
21:37:31.629 > Pitch rate [º/s]:  0.67
21:37:31.629 > Yaw rate [º/s]:  1.02
21:37:31.675 > Loop t1
21:37:31.677 > Roll rate [º/s]:  -4.87
21:37:31.678 > Pitch rate [º/s]:  0.67
21:37:31.680 > Yaw rate [º/s]:  0.99
21:37:31.726 > Loop t1
21:37:31.729 > Roll rate [º/s]:  -4.87
21:37:31.733 > Pitch rate [º/s]:  0.73
21:37:31.733 > Yaw rate [º/s]:  1.05
21:37:31.777 > Loop t1
21:37:31.780 > Roll rate [º/s]:  -4.84
21:37:31.782 > Pitch rate [º/s]:  0.67
21:37:31.784 > Yaw rate [º/s]:  1.05
21:37:31.829 > Loop t1
21:37:31.833 > Roll rate [º/s]:  -4.85
21:37:31.838 > Pitch rate [º/s]:  0.66
21:37:31.838 > Yaw rate [º/s]:  1.02
21:37:31.883 > Loop t1
21:37:31.885 > Roll rate [º/s]:  -4.84
21:37:31.886 > Pitch rate [º/s]:  0.69
21:37:31.889 > Yaw rate [º/s]:  1.02
21:37:31.935 > Loop t1
21:37:31.940 > Roll rate [º/s]:  -4.89
21:37:31.940 > Pitch rate [º/s]:  0.66
21:37:31.941 > Yaw rate [º/s]:  1.04
21:37:31.985 > Loop t1
21:37:31.990 > Roll rate [º/s]:  -4.85
21:37:31.990 > Pitch rate [º/s]:  0.67
21:37:31.992 > Yaw rate [º/s]:  1.01
21:37:32.037 > Loop t1
21:37:32.040 > Roll rate [º/s]:  -4.84
21:37:32.042 > Pitch rate [º/s]:  0.69
21:37:32.045 > Yaw rate [º/s]:  1.04
21:37:32.093 > Loop t1
21:37:32.093 > Roll rate [º/s]:  -4.84
21:37:32.094 > Pitch rate [º/s]:  0.67
21:37:32.096 > Yaw rate [º/s]:  1.04
21:37:32.142 > Loop t1
21:37:32.145 > Roll rate [º/s]:  -4.87
21:37:32.147 > Pitch rate [º/s]:  0.67
21:37:32.149 > Yaw rate [º/s]:  1.02
21:37:32.194 > Loop t1
21:37:32.201 > Roll rate [º/s]:  -4.87
21:37:32.201 > Pitch rate [º/s]:  0.66
21:37:32.201 > Yaw rate [º/s]:  1.04
21:37:32.250 > Loop t1
21:37:32.251 > Roll rate [º/s]:  -4.89
21:37:32.251 > Pitch rate [º/s]:  0.67
21:37:32.254 > Yaw rate [º/s]:  1.01
21:37:32.301 > Loop t1
21:37:32.301 > Roll rate [º/s]:  -4.89
21:37:32.304 > Pitch rate [º/s]:  0.67
21:37:32.307 > Yaw rate [º/s]:  0.99
21:37:32.351 > Loop t1
21:37:32.353 > Roll rate [º/s]:  -4.82
21:37:32.355 > Pitch rate [º/s]:  0.72
21:37:32.356 > Yaw rate [º/s]:  1.04
21:37:32.405 > Loop t1
21:37:32.405 > Roll rate [º/s]:  -4.89
21:37:32.406 > Pitch rate [º/s]:  0.72
21:37:32.408 > Yaw rate [º/s]:  1.02
21:37:32.454 > Loop t1
21:37:32.456 > Roll rate [º/s]:  -4.87
21:37:32.458 > Pitch rate [º/s]:  0.70
21:37:32.465 > Yaw rate [º/s]:  1.01
21:37:32.505 > Loop t1
21:37:32.508 > Roll rate [º/s]:  -4.87
21:37:32.510 > Pitch rate [º/s]:  0.67
21:37:32.513 > Yaw rate [º/s]:  1.02
21:37:32.559 > Loop t1
21:37:32.560 > Roll rate [º/s]:  -4.87
21:37:32.562 > Pitch rate [º/s]:  0.70
21:37:32.565 > Yaw rate [º/s]:  0.98
21:37:32.609 > Loop t1
21:37:32.615 > Roll rate [º/s]:  -4.89
21:37:32.618 > Pitch rate [º/s]:  0.67
21:37:32.618 > Yaw rate [º/s]:  1.04
21:37:32.662 > Loop t1
21:37:32.663 > Roll rate [º/s]:  -4.87
21:37:32.666 > Pitch rate [º/s]:  0.67
21:37:32.670 > Yaw rate [º/s]:  1.01
21:37:32.715 > Loop t1
21:37:32.718 > Roll rate [º/s]:  -4.84
21:37:32.718 > Pitch rate [º/s]:  0.69
21:37:32.721 > Yaw rate [º/s]:  0.99
21:37:32.767 > Loop t1
21:37:32.767 > Roll rate [º/s]:  -4.87
21:37:32.771 > Pitch rate [º/s]:  0.67
21:37:32.772 > Yaw rate [º/s]:  1.02
21:37:32.819 > Loop t1
21:37:32.819 > Roll rate [º/s]:  -4.89
21:37:32.823 > Pitch rate [º/s]:  0.67
21:37:32.824 > Yaw rate [º/s]:  1.05
21:37:32.869 > Loop t1
21:37:32.874 > Roll rate [º/s]:  -4.85
21:37:32.874 > Pitch rate [º/s]:  0.69
21:37:32.876 > Yaw rate [º/s]:  1.02
21:37:32.923 > Loop t1
21:37:32.923 > Roll rate [º/s]:  -4.89
21:37:32.926 > Pitch rate [º/s]:  0.67
21:37:32.928 > Yaw rate [º/s]:  1.05
21:37:32.974 > Loop t1
21:37:32.975 > Roll rate [º/s]:  -4.85
21:37:32.980 > Pitch rate [º/s]:  0.72
21:37:32.981 > Yaw rate [º/s]:  1.04
21:37:33.026 > Loop t1
21:37:33.028 > Roll rate [º/s]:  -4.89
21:37:33.031 > Pitch rate [º/s]:  0.70
21:37:33.032 > Yaw rate [º/s]:  1.04
21:37:33.077 > Loop t1
21:37:33.080 > Roll rate [º/s]:  -4.82
21:37:33.082 > Pitch rate [º/s]:  0.66
21:37:33.084 > Yaw rate [º/s]:  1.02
21:37:33.132 > Loop t1
21:37:33.132 > Roll rate [º/s]:  -4.87
21:37:33.135 > Pitch rate [º/s]:  0.67
21:37:33.138 > Yaw rate [º/s]:  1.01
21:37:33.181 > Loop t1
21:37:33.183 > Roll rate [º/s]:  -4.87
21:37:33.186 > Pitch rate [º/s]:  0.67
21:37:33.189 > Yaw rate [º/s]:  1.02
21:37:33.233 > Loop t1
21:37:33.235 > Roll rate [º/s]:  -4.85
21:37:33.238 > Pitch rate [º/s]:  0.69
21:37:33.241 > Yaw rate [º/s]:  1.04
21:37:33.285 > Loop t1
21:37:33.287 > Roll rate [º/s]:  -4.89
21:37:33.291 > Pitch rate [º/s]:  0.69
21:37:33.293 > Yaw rate [º/s]:  1.02
21:37:33.337 > Loop t1
21:37:33.340 > Roll rate [º/s]:  -4.84
21:37:33.342 > Pitch rate [º/s]:  0.64
21:37:33.344 > Yaw rate [º/s]:  1.02
21:37:33.390 > Loop t1
21:37:33.391 > Roll rate [º/s]:  -4.85
21:37:33.396 > Pitch rate [º/s]:  0.69
21:37:33.398 > Yaw rate [º/s]:  1.07
21:37:33.444 > Loop t1
21:37:33.444 > Roll rate [º/s]:  -4.90
21:37:33.446 > Pitch rate [º/s]:  0.70
21:37:33.448 > Yaw rate [º/s]:  1.07
21:37:33.494 > Loop t1
21:37:33.496 > Roll rate [º/s]:  -4.90
21:37:33.499 > Pitch rate [º/s]:  0.70
21:37:33.500 > Yaw rate [º/s]:  1.02
21:37:33.546 > Loop t1
21:37:33.551 > Roll rate [º/s]:  -4.84
21:37:33.551 > Pitch rate [º/s]:  0.75
21:37:33.553 > Yaw rate [º/s]:  1.02
21:37:33.604 > Loop t1
21:37:33.605 > Roll rate [º/s]:  -4.85
21:37:33.605 > Pitch rate [º/s]:  0.66
21:37:33.605 > Yaw rate [º/s]:  1.04
21:37:33.649 > Loop t1
21:37:33.652 > Roll rate [º/s]:  -4.87
21:37:33.655 > Pitch rate [º/s]:  0.69
21:37:33.658 > Yaw rate [º/s]:  1.01
21:37:33.702 > Loop t1
21:37:33.704 > Roll rate [º/s]:  -4.85
21:37:33.706 > Pitch rate [º/s]:  0.67
21:37:33.709 > Yaw rate [º/s]:  1.02
21:37:33.753 > Loop t1
21:37:33.755 > Roll rate [º/s]:  -4.87
21:37:33.758 > Pitch rate [º/s]:  0.64
21:37:33.761 > Yaw rate [º/s]:  1.01
21:37:33.805 > Loop t1
21:37:33.807 > Roll rate [º/s]:  -4.89
21:37:33.810 > Pitch rate [º/s]:  0.73
21:37:33.812 > Yaw rate [º/s]:  1.05
21:37:33.862 > Loop t1
21:37:33.863 > Roll rate [º/s]:  -4.85
21:37:33.863 > Pitch rate [º/s]:  0.73
21:37:33.865 > Yaw rate [º/s]:  1.05
21:37:33.912 > Loop t1
21:37:33.912 > Roll rate [º/s]:  -4.87
21:37:33.916 > Pitch rate [º/s]:  0.69
21:37:33.916 > Yaw rate [º/s]:  0.99
21:37:33.961 > Loop t1
21:37:33.964 > Roll rate [º/s]:  -4.85
21:37:33.968 > Pitch rate [º/s]:  0.69
21:37:33.969 > Yaw rate [º/s]:  1.04
21:37:34.018 > Loop t1
21:37:34.018 > Roll rate [º/s]:  -4.89
21:37:34.018 > Pitch rate [º/s]:  0.67
21:37:34.020 > Yaw rate [º/s]:  1.04
21:37:34.066 > Loop t1
21:37:34.068 > Roll rate [º/s]:  -4.85
21:37:34.071 > Pitch rate [º/s]:  0.66
21:37:34.073 > Yaw rate [º/s]:  0.99
21:37:34.117 > Loop t1
21:37:34.119 > Roll rate [º/s]:  -4.87
21:37:34.122 > Pitch rate [º/s]:  0.73
21:37:34.124 > Yaw rate [º/s]:  1.02
21:37:34.170 > Loop t1
21:37:34.171 > Roll rate [º/s]:  -4.90
21:37:34.174 > Pitch rate [º/s]:  0.72
21:37:34.176 > Yaw rate [º/s]:  1.04
21:37:34.221 > Loop t1
21:37:34.225 > Roll rate [º/s]:  -4.85
21:37:34.226 > Pitch rate [º/s]:  0.69
21:37:34.231 > Yaw rate [º/s]:  1.04
21:37:34.277 > Loop t1
21:37:34.277 > Roll rate [º/s]:  -4.81
21:37:34.280 > Pitch rate [º/s]:  0.70
21:37:34.280 > Yaw rate [º/s]:  1.02
21:37:34.327 > Loop t1
21:37:34.327 > Roll rate [º/s]:  -4.90
21:37:34.331 > Pitch rate [º/s]:  0.70
21:37:34.333 > Yaw rate [º/s]:  1.01
21:37:34.377 > Loop t1
21:37:34.382 > Roll rate [º/s]:  -4.84
21:37:34.382 > Pitch rate [º/s]:  0.64
21:37:34.389 > Yaw rate [º/s]:  1.01
21:37:34.434 > Loop t1
21:37:34.434 > Roll rate [º/s]:  -4.89
21:37:34.434 > Pitch rate [º/s]:  0.64
21:37:34.437 > Yaw rate [º/s]:  0.99
21:37:34.483 > Loop t1
21:37:34.488 > Roll rate [º/s]:  -4.85
21:37:34.489 > Pitch rate [º/s]:  0.72
21:37:34.489 > Yaw rate [º/s]:  1.01
21:37:34.533 > Loop t1
21:37:34.535 > Roll rate [º/s]:  -4.84
21:37:34.538 > Pitch rate [º/s]:  0.67
21:37:34.541 > Yaw rate [º/s]:  1.02
21:37:34.585 > Loop t1
21:37:34.587 > Roll rate [º/s]:  -4.85
21:37:34.595 > Pitch rate [º/s]:  0.66
21:37:34.595 > Yaw rate [º/s]:  1.04
21:37:34.638 > Loop t1
21:37:34.640 > Roll rate [º/s]:  -4.87
21:37:34.643 > Pitch rate [º/s]:  0.67
21:37:34.646 > Yaw rate [º/s]:  1.04
21:37:34.689 > Loop t1
21:37:34.691 > Roll rate [º/s]:  -4.85
21:37:34.694 > Pitch rate [º/s]:  0.69
21:37:34.700 > Yaw rate [º/s]:  1.01
21:37:34.742 > Loop t1
21:37:34.743 > Roll rate [º/s]:  -4.85
21:37:34.752 > Pitch rate [º/s]:  0.72
21:37:34.752 > Yaw rate [º/s]:  1.01
21:37:34.793 > Loop t1
21:37:34.795 > Roll rate [º/s]:  -4.85
21:37:34.798 > Pitch rate [º/s]:  0.67
21:37:34.800 > Yaw rate [º/s]:  1.02
21:37:34.848 > Loop t1
21:37:34.848 > Roll rate [º/s]:  -4.89
21:37:34.852 > Pitch rate [º/s]:  0.69
21:37:34.852 > Yaw rate [º/s]:  1.01
21:37:34.899 > Loop t1
21:37:34.899 > Roll rate [º/s]:  -4.85
21:37:34.903 > Pitch rate [º/s]:  0.69
21:37:34.905 > Yaw rate [º/s]:  0.99
21:37:34.951 > Loop t1
21:37:34.951 > Roll rate [º/s]:  -4.87
21:37:34.957 > Pitch rate [º/s]:  0.63
21:37:34.957 > Yaw rate [º/s]:  1.02
21:37:35.004 > Loop t1
21:37:35.004 > Roll rate [º/s]:  -4.84
21:37:35.012 > Pitch rate [º/s]:  0.67
21:37:35.012 > Yaw rate [º/s]:  0.99
21:37:35.056 > Loop t1
21:37:35.057 > Roll rate [º/s]:  -4.87
21:37:35.061 > Pitch rate [º/s]:  0.69
21:37:35.061 > Yaw rate [º/s]:  1.05
21:37:35.105 > Loop t1
21:37:35.107 > Roll rate [º/s]:  -4.89
21:37:35.110 > Pitch rate [º/s]:  0.67
21:37:35.113 > Yaw rate [º/s]:  1.02
21:37:35.158 > Loop t1
21:37:35.159 > Roll rate [º/s]:  -4.85
21:37:35.164 > Pitch rate [º/s]:  0.69
21:37:35.166 > Yaw rate [º/s]:  1.01
21:37:35.213 > Loop t1
21:37:35.213 > Roll rate [º/s]:  -4.85
21:37:35.217 > Pitch rate [º/s]:  0.70
21:37:35.217 > Yaw rate [º/s]:  1.02
21:37:35.261 > Loop t1
21:37:35.265 > Roll rate [º/s]:  -4.85
21:37:35.267 > Pitch rate [º/s]:  0.70
21:37:35.268 > Yaw rate [º/s]:  1.05
21:37:35.313 > Loop t1
21:37:35.316 > Roll rate [º/s]:  -4.85
21:37:35.319 > Pitch rate [º/s]:  0.70
21:37:35.322 > Yaw rate [º/s]:  0.98
21:37:35.366 > Loop t1
21:37:35.367 > Roll rate [º/s]:  -4.89
21:37:35.371 > Pitch rate [º/s]:  0.70
21:37:35.373 > Yaw rate [º/s]:  1.02
21:37:35.417 > Loop t1
21:37:35.421 > Roll rate [º/s]:  -4.87
21:37:35.423 > Pitch rate [º/s]:  0.66
21:37:35.424 > Yaw rate [º/s]:  1.02
21:37:35.472 > Loop t1
21:37:35.472 > Roll rate [º/s]:  -4.85
21:37:35.474 > Pitch rate [º/s]:  0.70
21:37:35.476 > Yaw rate [º/s]:  0.98
21:37:35.523 > Loop t1
21:37:35.524 > Roll rate [º/s]:  -4.87
21:37:35.529 > Pitch rate [º/s]:  0.69
21:37:35.529 > Yaw rate [º/s]:  1.08
21:37:35.575 > Loop t1
21:37:35.575 > Roll rate [º/s]:  -4.85
21:37:35.579 > Pitch rate [º/s]:  0.64
21:37:35.580 > Yaw rate [º/s]:  1.07
21:37:35.627 > Loop t1
21:37:35.627 > Roll rate [º/s]:  -4.89
21:37:35.633 > Pitch rate [º/s]:  0.67
21:37:35.633 > Yaw rate [º/s]:  1.01
21:37:35.682 > Loop t1
21:37:35.682 > Roll rate [º/s]:  -4.84
21:37:35.682 > Pitch rate [º/s]:  0.69
21:37:35.687 > Yaw rate [º/s]:  1.02
21:37:35.729 > Loop t1
21:37:35.738 > Roll rate [º/s]:  -4.87
21:37:35.738 > Pitch rate [º/s]:  0.69
21:37:35.738 > Yaw rate [º/s]:  1.04
21:37:35.788 > Loop t1
21:37:35.788 > Roll rate [º/s]:  -4.84
21:37:35.788 > Pitch rate [º/s]:  0.66
21:37:35.788 > Yaw rate [º/s]:  0.95
21:37:35.834 > Loop t1
21:37:35.835 > Roll rate [º/s]:  -4.84
21:37:35.838 > Pitch rate [º/s]:  0.67
21:37:35.841 > Yaw rate [º/s]:  1.07
21:37:35.886 > Loop t1
21:37:35.887 > Roll rate [º/s]:  -4.87
21:37:35.890 > Pitch rate [º/s]:  0.69
21:37:35.892 > Yaw rate [º/s]:  1.05
21:37:35.938 > Loop t1
21:37:35.940 > Roll rate [º/s]:  -4.87
21:37:35.943 > Pitch rate [º/s]:  0.69
21:37:35.946 > Yaw rate [º/s]:  0.98
21:37:35.991 > Loop t1
21:37:35.991 > Roll rate [º/s]:  -4.87
21:37:35.994 > Pitch rate [º/s]:  0.70
21:37:35.997 > Yaw rate [º/s]:  1.05
21:37:36.042 > Loop t1
21:37:36.044 > Roll rate [º/s]:  -4.85
21:37:36.046 > Pitch rate [º/s]:  0.69
21:37:36.052 > Yaw rate [º/s]:  1.02
21:37:36.095 > Loop t1
21:37:36.096 > Roll rate [º/s]:  -4.90
21:37:36.099 > Pitch rate [º/s]:  0.69
21:37:36.103 > Yaw rate [º/s]:  0.98
21:37:36.145 > Loop t1
21:37:36.149 > Roll rate [º/s]:  -4.89
21:37:36.152 > Pitch rate [º/s]:  0.70
21:37:36.152 > Yaw rate [º/s]:  1.10
21:37:36.197 > Loop t1
21:37:36.200 > Roll rate [º/s]:  -4.85
21:37:36.204 > Pitch rate [º/s]:  0.67
21:37:36.204 > Yaw rate [º/s]:  1.07
21:37:36.250 > Loop t1
21:37:36.252 > Roll rate [º/s]:  -4.85
21:37:36.255 > Pitch rate [º/s]:  0.69
21:37:36.256 > Yaw rate [º/s]:  0.99
21:37:36.303 > Loop t1
21:37:36.304 > Roll rate [º/s]:  -4.87
21:37:36.306 > Pitch rate [º/s]:  0.69
21:37:36.308 > Yaw rate [º/s]:  1.08
21:37:36.354 > Loop t1
21:37:36.355 > Roll rate [º/s]:  -4.85
21:37:36.359 > Pitch rate [º/s]:  0.69
21:37:36.361 > Yaw rate [º/s]:  1.05
21:37:36.408 > Loop t1
21:37:36.409 > Roll rate [º/s]:  -4.82
21:37:36.411 > Pitch rate [º/s]:  0.70
21:37:36.412 > Yaw rate [º/s]:  0.96
21:37:36.465 > Loop t1
21:37:36.465 > Roll rate [º/s]:  -4.87
21:37:36.465 > Pitch rate [º/s]:  0.70
21:37:36.465 > Yaw rate [º/s]:  1.04
21:37:36.509 > Loop t1
21:37:36.511 > Roll rate [º/s]:  -4.87
21:37:36.515 > Pitch rate [º/s]:  0.66
21:37:36.516 > Yaw rate [º/s]:  1.04
21:37:36.561 > Loop t1
21:37:36.563 > Roll rate [º/s]:  -4.87
21:37:36.568 > Pitch rate [º/s]:  0.69
21:37:36.569 > Yaw rate [º/s]:  0.99
21:37:36.615 > Loop t1
21:37:36.616 > Roll rate [º/s]:  -4.85
21:37:36.619 > Pitch rate [º/s]:  0.67
21:37:36.622 > Yaw rate [º/s]:  1.04
21:37:36.666 > Loop t1
21:37:36.668 > Roll rate [º/s]:  -4.90
21:37:36.671 > Pitch rate [º/s]:  0.69
21:37:36.673 > Yaw rate [º/s]:  1.04
21:37:36.717 > Loop t1
21:37:36.719 > Roll rate [º/s]:  -4.87
21:37:36.722 > Pitch rate [º/s]:  0.67
21:37:36.725 > Yaw rate [º/s]:  1.02
21:37:36.769 > Loop t1
21:37:36.772 > Roll rate [º/s]:  -4.87
21:37:36.774 > Pitch rate [º/s]:  0.69
21:37:36.780 > Yaw rate [º/s]:  1.10
21:37:36.821 > Loop t1
21:37:36.823 > Roll rate [º/s]:  -4.87
21:37:36.829 > Pitch rate [º/s]:  0.72
21:37:36.829 > Yaw rate [º/s]:  1.04
21:37:36.875 > Loop t1
21:37:36.877 > Roll rate [º/s]:  -4.85
21:37:36.878 > Pitch rate [º/s]:  0.67
21:37:36.880 > Yaw rate [º/s]:  0.98
21:37:36.927 > Loop t1
21:37:36.927 > Roll rate [º/s]:  -4.82
21:37:36.931 > Pitch rate [º/s]:  0.66
21:37:36.937 > Yaw rate [º/s]:  1.04
21:37:36.977 > Loop t1
21:37:36.985 > Roll rate [º/s]:  -4.90
21:37:36.989 > Pitch rate [º/s]:  0.66
21:37:36.989 > Yaw rate [º/s]:  1.01
21:37:37.030 > Loop t1
21:37:37.032 > Roll rate [º/s]:  -4.85
21:37:37.035 > Pitch rate [º/s]:  0.72
21:37:37.036 > Yaw rate [º/s]:  1.04
21:37:37.082 > Loop t1
21:37:37.084 > Roll rate [º/s]:  -4.85
21:37:37.091 > Pitch rate [º/s]:  0.72
21:37:37.091 > Yaw rate [º/s]:  1.05
21:37:37.135 > Loop t1
21:37:37.135 > Roll rate [º/s]:  -4.84
21:37:37.138 > Pitch rate [º/s]:  0.66
21:37:37.142 > Yaw rate [º/s]:  0.99
21:37:37.185 > Loop t1
21:37:37.187 > Roll rate [º/s]:  -4.87
21:37:37.192 > Pitch rate [º/s]:  0.67
21:37:37.195 > Yaw rate [º/s]:  0.99
21:37:37.239 > Loop t1
21:37:37.241 > Roll rate [º/s]:  -4.89
21:37:37.243 > Pitch rate [º/s]:  0.69
21:37:37.246 > Yaw rate [º/s]:  1.02
21:37:37.290 > Loop t1
21:37:37.294 > Roll rate [º/s]:  -4.87
21:37:37.295 > Pitch rate [º/s]:  0.70
21:37:37.296 > Yaw rate [º/s]:  1.02
21:37:37.341 > Loop t1
21:37:37.344 > Roll rate [º/s]:  -4.87
21:37:37.350 > Pitch rate [º/s]:  0.69
21:37:37.350 > Yaw rate [º/s]:  1.04
21:37:37.393 > Loop t1
21:37:37.395 > Roll rate [º/s]:  -4.87
21:37:37.398 > Pitch rate [º/s]:  0.69
21:37:37.401 > Yaw rate [º/s]:  1.02
21:37:37.447 > Loop t1
21:37:37.448 > Roll rate [º/s]:  -4.85
21:37:37.450 > Pitch rate [º/s]:  0.67
21:37:37.452 > Yaw rate [º/s]:  1.01
21:37:37.499 > Loop t1
21:37:37.500 > Roll rate [º/s]:  -4.85
21:37:37.501 > Pitch rate [º/s]:  0.66
21:37:37.505 > Yaw rate [º/s]:  1.02
21:37:37.550 > Loop t1
21:37:37.552 > Roll rate [º/s]:  -4.85
21:37:37.554 > Pitch rate [º/s]:  0.66
21:37:37.557 > Yaw rate [º/s]:  1.05
21:37:37.602 > Loop t1
21:37:37.603 > Roll rate [º/s]:  -4.87
21:37:37.608 > Pitch rate [º/s]:  0.64
21:37:37.610 > Yaw rate [º/s]:  1.02
21:37:37.655 > Loop t1
21:37:37.655 > Roll rate [º/s]:  -4.87
21:37:37.658 > Pitch rate [º/s]:  0.66
21:37:37.662 > Yaw rate [º/s]:  1.01
21:37:37.708 > Loop t1
21:37:37.708 > Roll rate [º/s]:  -4.89
21:37:37.713 > Pitch rate [º/s]:  0.69
21:37:37.713 > Yaw rate [º/s]:  1.05
21:37:37.760 > Loop t1
21:37:37.760 > Roll rate [º/s]:  -4.84
21:37:37.762 > Pitch rate [º/s]:  0.70
21:37:37.766 > Yaw rate [º/s]:  1.01
21:37:37.815 > Loop t1
21:37:37.815 > Roll rate [º/s]:  -4.85
21:37:37.815 > Pitch rate [º/s]:  0.67
21:37:37.821 > Yaw rate [º/s]:  1.05
21:37:37.864 > Loop t1
21:37:37.864 > Roll rate [º/s]:  -4.85
21:37:37.867 > Pitch rate [º/s]:  0.72
21:37:37.872 > Yaw rate [º/s]:  1.04
21:37:37.914 > Loop t1
21:37:37.921 > Roll rate [º/s]:  -4.90
21:37:37.921 > Pitch rate [º/s]:  0.67
21:37:37.921 > Yaw rate [º/s]:  1.07
21:37:37.965 > Loop t1
21:37:37.971 > Roll rate [º/s]:  -4.87
21:37:37.971 > Pitch rate [º/s]:  0.66
21:37:37.972 > Yaw rate [º/s]:  1.01
21:37:38.021 > Loop t1
21:37:38.021 > Roll rate [º/s]:  -4.87
21:37:38.021 > Pitch rate [º/s]:  0.67
21:37:38.025 > Yaw rate [º/s]:  1.02
21:37:38.071 > Loop t1
21:37:38.071 > Roll rate [º/s]:  -4.87
21:37:38.075 > Pitch rate [º/s]:  0.66
21:37:38.077 > Yaw rate [º/s]:  0.99
21:37:38.125 > Loop t1
21:37:38.125 > Roll rate [º/s]:  -4.85
21:37:38.125 > Pitch rate [º/s]:  0.72
21:37:38.130 > Yaw rate [º/s]:  1.01
21:37:38.173 > Loop t1
21:37:38.177 > Roll rate [º/s]:  -4.87
21:37:38.177 > Pitch rate [º/s]:  0.73
21:37:38.183 > Yaw rate [º/s]:  1.02
21:37:38.225 > Loop t1
21:37:38.228 > Roll rate [º/s]:  -4.84
21:37:38.231 > Pitch rate [º/s]:  0.67
21:37:38.232 > Yaw rate [º/s]:  1.05
21:37:38.277 > Loop t1
21:37:38.281 > Roll rate [º/s]:  -4.85
21:37:38.281 > Pitch rate [º/s]:  0.64
21:37:38.284 > Yaw rate [º/s]:  1.02
21:37:38.329 > Loop t1
21:37:38.331 > Roll rate [º/s]:  -4.84
21:37:38.334 > Pitch rate [º/s]:  0.67
21:37:38.337 > Yaw rate [º/s]:  1.05
21:37:38.386 > Loop t1
21:37:38.386 > Roll rate [º/s]:  -4.90
21:37:38.386 > Pitch rate [º/s]:  0.64
21:37:38.389 > Yaw rate [º/s]:  1.01
21:37:38.437 > Loop t1
21:37:38.438 > Roll rate [º/s]:  -4.87
21:37:38.438 > Pitch rate [º/s]:  0.67
21:37:38.444 > Yaw rate [º/s]:  0.99
21:37:38.489 > Loop t1
21:37:38.489 > Roll rate [º/s]:  -4.85
21:37:38.489 > Pitch rate [º/s]:  0.70
21:37:38.496 > Yaw rate [º/s]:  1.05
21:37:38.539 > Loop t1
21:37:38.540 > Roll rate [º/s]:  -4.84
21:37:38.543 > Pitch rate [º/s]:  0.70
21:37:38.544 > Yaw rate [º/s]:  1.04
21:37:38.592 > Loop t1
21:37:38.592 > Roll rate [º/s]:  -4.87
21:37:38.596 > Pitch rate [º/s]:  0.67
21:37:38.597 > Yaw rate [º/s]:  1.05
21:37:38.643 > Loop t1
21:37:38.644 > Roll rate [º/s]:  -4.85
21:37:38.646 > Pitch rate [º/s]:  0.66
21:37:38.649 > Yaw rate [º/s]:  1.02
21:37:38.694 > Loop t1
21:37:38.699 > Roll rate [º/s]:  -4.84
21:37:38.699 > Pitch rate [º/s]:  0.69
21:37:38.703 > Yaw rate [º/s]:  1.02
21:37:38.746 > Loop t1
21:37:38.749 > Roll rate [º/s]:  -4.87
21:37:38.750 > Pitch rate [º/s]:  0.70
21:37:38.755 > Yaw rate [º/s]:  1.04
21:37:38.798 > Loop t1
21:37:38.802 > Roll rate [º/s]:  -4.87
21:37:38.802 > Pitch rate [º/s]:  0.72
21:37:38.804 > Yaw rate [º/s]:  1.01
21:37:38.850 > Loop t1
21:37:38.852 > Roll rate [º/s]:  -4.84
21:37:38.854 > Pitch rate [º/s]:  0.67
21:37:38.860 > Yaw rate [º/s]:  0.99
21:37:38.902 > Loop t1
21:37:38.903 > Roll rate [º/s]:  -4.87
21:37:38.906 > Pitch rate [º/s]:  0.73
21:37:38.915 > Yaw rate [º/s]:  1.04
21:37:38.953 > Loop t1
21:37:38.955 > Roll rate [º/s]:  -4.87
21:37:38.958 > Pitch rate [º/s]:  0.67
21:37:38.961 > Yaw rate [º/s]:  1.02
21:37:39.006 > Loop t1
21:37:39.008 > Roll rate [º/s]:  -4.87
21:37:39.011 > Pitch rate [º/s]:  0.67
21:37:39.013 > Yaw rate [º/s]:  1.01
21:37:39.059 > Loop t1
21:37:39.060 > Roll rate [º/s]:  -4.87
21:37:39.066 > Pitch rate [º/s]:  0.66
21:37:39.066 > Yaw rate [º/s]:  1.02
21:37:39.109 > Loop t1
21:37:39.111 > Roll rate [º/s]:  -4.89
21:37:39.114 > Pitch rate [º/s]:  0.69
21:37:39.122 > Yaw rate [º/s]:  1.07
21:37:39.164 > Loop t1
21:37:39.165 > Roll rate [º/s]:  -4.87
21:37:39.165 > Pitch rate [º/s]:  0.70
21:37:39.169 > Yaw rate [º/s]:  0.99
21:37:39.215 > Loop t1
21:37:39.217 > Roll rate [º/s]:  -4.84
21:37:39.217 > Pitch rate [º/s]:  0.64
21:37:39.221 > Yaw rate [º/s]:  1.01
21:37:39.266 > Loop t1
21:37:39.267 > Roll rate [º/s]:  -4.84
21:37:39.269 > Pitch rate [º/s]:  0.69
21:37:39.273 > Yaw rate [º/s]:  0.99
21:37:39.317 > Loop t1
21:37:39.319 > Roll rate [º/s]:  -4.85
21:37:39.322 > Pitch rate [º/s]:  0.72
21:37:39.324 > Yaw rate [º/s]:  0.96
21:37:39.369 > Loop t1
21:37:39.375 > Roll rate [º/s]:  -4.84
21:37:39.375 > Pitch rate [º/s]:  0.70
21:37:39.377 > Yaw rate [º/s]:  1.02
21:37:39.422 > Loop t1
21:37:39.423 > Roll rate [º/s]:  -4.92
21:37:39.426 > Pitch rate [º/s]:  0.66
21:37:39.428 > Yaw rate [º/s]:  1.08
21:37:39.474 > Loop t1
21:37:39.476 > Roll rate [º/s]:  -4.90
21:37:39.481 > Pitch rate [º/s]:  0.69
21:37:39.481 > Yaw rate [º/s]:  1.02
21:37:39.525 > Loop t1
21:37:39.528 > Roll rate [º/s]:  -4.82
21:37:39.530 > Pitch rate [º/s]:  0.66
21:37:39.534 > Yaw rate [º/s]:  1.04
21:37:39.577 > Loop t1
21:37:39.579 > Roll rate [º/s]:  -4.87
21:37:39.581 > Pitch rate [º/s]:  0.67
21:37:39.586 > Yaw rate [º/s]:  1.04
21:37:39.629 > Loop t1
21:37:39.631 > Roll rate [º/s]:  -4.90
21:37:39.633 > Pitch rate [º/s]:  0.72
21:37:39.637 > Yaw rate [º/s]:  1.04
21:37:39.682 > Loop t1
21:37:39.683 > Roll rate [º/s]:  -4.87
21:37:39.686 > Pitch rate [º/s]:  0.69
21:37:39.690 > Yaw rate [º/s]:  1.02
21:37:39.737 > Loop t1
21:37:39.737 > Roll rate [º/s]:  -4.87
21:37:39.740 > Pitch rate [º/s]:  0.66
21:37:39.743 > Yaw rate [º/s]:  1.04
21:37:39.787 > Loop t1
21:37:39.790 > Roll rate [º/s]:  -4.87
21:37:39.790 > Pitch rate [º/s]:  0.67
21:37:39.792 > Yaw rate [º/s]:  1.05
21:37:39.842 > Loop t1
21:37:39.843 > Roll rate [º/s]:  -4.87
21:37:39.843 > Pitch rate [º/s]:  0.70
21:37:39.845 > Yaw rate [º/s]:  1.07
21:37:39.891 > Loop t1
21:37:39.891 > Roll rate [º/s]:  -4.87
21:37:39.894 > Pitch rate [º/s]:  0.67
21:37:39.897 > Yaw rate [º/s]:  1.04
21:37:39.943 > Loop t1
21:37:39.947 > Roll rate [º/s]:  -4.87
21:37:39.947 > Pitch rate [º/s]:  0.66
21:37:39.949 > Yaw rate [º/s]:  0.98
21:37:39.996 > Loop t1
21:37:39.997 > Roll rate [º/s]:  -4.85
21:37:40.001 > Pitch rate [º/s]:  0.67
21:37:40.001 > Yaw rate [º/s]:  1.04
21:37:40.046 > Loop t1
21:37:40.048 > Roll rate [º/s]:  -4.89
21:37:40.050 > Pitch rate [º/s]:  0.69
21:37:40.052 > Yaw rate [º/s]:  1.05
21:37:40.098 > Loop t1
21:37:40.099 > Roll rate [º/s]:  -4.89
21:37:40.101 > Pitch rate [º/s]:  0.69
21:37:40.104 > Yaw rate [º/s]:  1.01
21:37:40.152 > Loop t1
21:37:40.153 > Roll rate [º/s]:  -4.85
21:37:40.156 > Pitch rate [º/s]:  0.67
21:37:40.156 > Yaw rate [º/s]:  1.01
21:37:40.201 > Loop t1
21:37:40.203 > Roll rate [º/s]:  -4.84
21:37:40.206 > Pitch rate [º/s]:  0.72
21:37:40.208 > Yaw rate [º/s]:  1.04
21:37:40.253 > Loop t1
21:37:40.255 > Roll rate [º/s]:  -4.87
21:37:40.257 > Pitch rate [º/s]:  0.67
21:37:40.260 > Yaw rate [º/s]:  1.04
21:37:40.308 > Loop t1
21:37:40.308 > Roll rate [º/s]:  -4.85
21:37:40.309 > Pitch rate [º/s]:  0.67
21:37:40.312 > Yaw rate [º/s]:  1.02
21:37:40.357 > Loop t1
21:37:40.361 > Roll rate [º/s]:  -4.85
21:37:40.361 > Pitch rate [º/s]:  0.64
21:37:40.364 > Yaw rate [º/s]:  1.01
21:37:40.412 > Loop t1
21:37:40.412 > Roll rate [º/s]:  -4.84
21:37:40.413 > Pitch rate [º/s]:  0.70
21:37:40.418 > Yaw rate [º/s]:  0.99
21:37:40.464 > Loop t1
21:37:40.464 > Roll rate [º/s]:  -4.85
21:37:40.465 > Pitch rate [º/s]:  0.72
21:37:40.470 > Yaw rate [º/s]:  1.02
21:37:40.513 > Loop t1
21:37:40.515 > Roll rate [º/s]:  -4.87
21:37:40.517 > Pitch rate [º/s]:  0.64
21:37:40.520 > Yaw rate [º/s]:  1.04
21:37:40.565 > Loop t1
21:37:40.567 > Roll rate [º/s]:  -4.84
21:37:40.569 > Pitch rate [º/s]:  0.72
21:37:40.572 > Yaw rate [º/s]:  1.01
21:37:40.620 > Loop t1
21:37:40.621 > Roll rate [º/s]:  -4.85
21:37:40.621 > Pitch rate [º/s]:  0.69
21:37:40.626 > Yaw rate [º/s]:  1.02
21:37:40.669 > Loop t1
21:37:40.672 > Roll rate [º/s]:  -4.89
21:37:40.674 > Pitch rate [º/s]:  0.73
21:37:40.677 > Yaw rate [º/s]:  1.02
21:37:40.721 > Loop t1
21:37:40.723 > Roll rate [º/s]:  -4.82
21:37:40.725 > Pitch rate [º/s]:  0.69
21:37:40.728 > Yaw rate [º/s]:  1.04
21:37:40.774 > Loop t1
21:37:40.778 > Roll rate [º/s]:  -4.89
21:37:40.778 > Pitch rate [º/s]:  0.67
21:37:40.781 > Yaw rate [º/s]:  1.02
21:37:40.827 > Loop t1
21:37:40.827 > Roll rate [º/s]:  -4.89
21:37:40.830 > Pitch rate [º/s]:  0.64
21:37:40.833 > Yaw rate [º/s]:  1.01
21:37:40.881 > Loop t1
21:37:40.881 > Roll rate [º/s]:  -4.84
21:37:40.882 > Pitch rate [º/s]:  0.63
21:37:40.887 > Yaw rate [º/s]:  1.02
21:37:40.929 > Loop t1
21:37:40.936 > Roll rate [º/s]:  -4.87
21:37:40.936 > Pitch rate [º/s]:  0.69
21:37:40.937 > Yaw rate [º/s]:  1.01
21:37:40.982 > Loop t1
21:37:40.983 > Roll rate [º/s]:  -4.89
21:37:40.986 > Pitch rate [º/s]:  0.67
21:37:40.990 > Yaw rate [º/s]:  1.01
21:37:41.035 > Loop t1
21:37:41.037 > Roll rate [º/s]:  -4.87
21:37:41.042 > Pitch rate [º/s]:  0.69
21:37:41.042 > Yaw rate [º/s]:  0.99
21:37:41.085 > Loop t1
21:37:41.088 > Roll rate [º/s]:  -4.87
21:37:41.091 > Pitch rate [º/s]:  0.67
21:37:41.092 > Yaw rate [º/s]:  1.01
21:37:41.137 > Loop t1
21:37:41.140 > Roll rate [º/s]:  -4.82
21:37:41.142 > Pitch rate [º/s]:  0.70
21:37:41.145 > Yaw rate [º/s]:  1.02
21:37:41.193 > Loop t1
21:37:41.193 > Roll rate [º/s]:  -4.89
21:37:41.195 > Pitch rate [º/s]:  0.66
21:37:41.198 > Yaw rate [º/s]:  1.02
21:37:41.242 > Loop t1
21:37:41.246 > Roll rate [º/s]:  -4.85
21:37:41.246 > Pitch rate [º/s]:  0.67
21:37:41.251 > Yaw rate [º/s]:  1.04
21:37:41.298 > Loop t1
21:37:41.298 > Roll rate [º/s]:  -4.87
21:37:41.298 > Pitch rate [º/s]:  0.67
21:37:41.302 > Yaw rate [º/s]:  1.04
21:37:41.349 > Loop t1
21:37:41.349 > Roll rate [º/s]:  -4.85
21:37:41.351 > Pitch rate [º/s]:  0.67
21:37:41.352 > Yaw rate [º/s]:  1.05
21:37:41.397 > Loop t1
21:37:41.399 > Roll rate [º/s]:  -4.87
21:37:41.403 > Pitch rate [º/s]:  0.67
21:37:41.405 > Yaw rate [º/s]:  1.05
21:37:41.449 > Loop t1
21:37:41.452 > Roll rate [º/s]:  -4.87
21:37:41.453 > Pitch rate [º/s]:  0.67
21:37:41.458 > Yaw rate [º/s]:  1.04
21:37:41.501 > Loop t1
21:37:41.503 > Roll rate [º/s]:  -4.87
21:37:41.507 > Pitch rate [º/s]:  0.72
21:37:41.508 > Yaw rate [º/s]:  1.02
21:37:41.553 > Loop t1
21:37:41.555 > Roll rate [º/s]:  -4.82
21:37:41.557 > Pitch rate [º/s]:  0.69
21:37:41.560 > Yaw rate [º/s]:  0.99
21:37:41.607 > Loop t1
21:37:41.608 > Roll rate [º/s]:  -4.84
21:37:41.610 > Pitch rate [º/s]:  0.69
21:37:41.614 > Yaw rate [º/s]:  1.04
21:37:41.659 > Loop t1
21:37:41.659 > Roll rate [º/s]:  -4.89
21:37:41.663 > Pitch rate [º/s]:  0.70
21:37:41.670 > Yaw rate [º/s]:  1.01
21:37:41.712 > Loop t1
21:37:41.714 > Roll rate [º/s]:  -4.85
21:37:41.714 > Pitch rate [º/s]:  0.69
21:37:41.717 > Yaw rate [º/s]:  1.02
21:37:41.761 > Loop t1
21:37:41.765 > Roll rate [º/s]:  -4.85
21:37:41.765 > Pitch rate [º/s]:  0.67
21:37:41.769 > Yaw rate [º/s]:  0.98
21:37:41.813 > Loop t1
21:37:41.816 > Roll rate [º/s]:  -4.89
21:37:41.818 > Pitch rate [º/s]:  0.69
21:37:41.820 > Yaw rate [º/s]:  1.02
21:37:41.865 > Loop t1
21:37:41.868 > Roll rate [º/s]:  -4.87
21:37:41.871 > Pitch rate [º/s]:  0.60
21:37:41.873 > Yaw rate [º/s]:  1.04
21:37:41.917 > Loop t1
21:37:41.919 > Roll rate [º/s]:  -4.84
21:37:41.924 > Pitch rate [º/s]:  0.70
21:37:41.925 > Yaw rate [º/s]:  1.02
21:37:41.978 > Loop t1
21:37:41.978 > Roll rate [º/s]:  -4.89
21:37:41.978 > Pitch rate [º/s]:  0.66
21:37:41.978 > Yaw rate [º/s]:  1.02
21:37:42.025 > Loop t1
21:37:42.025 > Roll rate [º/s]:  -4.89
21:37:42.025 > Pitch rate [º/s]:  0.66
21:37:42.030 > Yaw rate [º/s]:  1.04
21:37:42.074 > Loop t1
21:37:42.075 > Roll rate [º/s]:  -4.82
21:37:42.078 > Pitch rate [º/s]:  0.63
21:37:42.082 > Yaw rate [º/s]:  1.01
21:37:42.127 > Loop t1
21:37:42.129 > Roll rate [º/s]:  -4.89
21:37:42.129 > Pitch rate [º/s]:  0.67
21:37:42.133 > Yaw rate [º/s]:  1.05
21:37:42.178 > Loop t1
21:37:42.181 > Roll rate [º/s]:  -4.85
21:37:42.182 > Pitch rate [º/s]:  0.64
21:37:42.184 > Yaw rate [º/s]:  1.01
21:37:42.232 > Loop t1
21:37:42.232 > Roll rate [º/s]:  -4.82
21:37:42.236 > Pitch rate [º/s]:  0.66
21:37:42.238 > Yaw rate [º/s]:  1.02
21:37:42.282 > Loop t1
21:37:42.284 > Roll rate [º/s]:  -4.89
21:37:42.285 > Pitch rate [º/s]:  0.69
21:37:42.288 > Yaw rate [º/s]:  1.04
21:37:42.333 > Loop t1
21:37:42.335 > Roll rate [º/s]:  -4.87
21:37:42.338 > Pitch rate [º/s]:  0.63
21:37:42.340 > Yaw rate [º/s]:  1.01
21:37:42.386 > Loop t1
21:37:42.389 > Roll rate [º/s]:  -4.84
21:37:42.390 > Pitch rate [º/s]:  0.70
21:37:42.394 > Yaw rate [º/s]:  1.01
21:37:42.439 > Loop t1
21:37:42.439 > Roll rate [º/s]:  -4.84
21:37:42.441 > Pitch rate [º/s]:  0.69
21:37:42.445 > Yaw rate [º/s]:  1.05
21:37:42.489 > Loop t1
21:37:42.492 > Roll rate [º/s]:  -4.89
21:37:42.493 > Pitch rate [º/s]:  0.64
21:37:42.495 > Yaw rate [º/s]:  1.04
21:37:42.542 > Loop t1
21:37:42.543 > Roll rate [º/s]:  -4.84
21:37:42.546 > Pitch rate [º/s]:  0.69
21:37:42.548 > Yaw rate [º/s]:  1.04
21:37:42.595 > Loop t1
21:37:42.596 > Roll rate [º/s]:  -4.85
21:37:42.600 > Pitch rate [º/s]:  0.67
21:37:42.600 > Yaw rate [º/s]:  1.05
21:37:42.647 > Loop t1
21:37:42.649 > Roll rate [º/s]:  -4.87
21:37:42.649 > Pitch rate [º/s]:  0.69
21:37:42.654 > Yaw rate [º/s]:  0.98
21:37:42.705 > Loop t1
21:37:42.705 > Roll rate [º/s]:  -4.87
21:37:42.705 > Pitch rate [º/s]:  0.70
21:37:42.705 > Yaw rate [º/s]:  1.01
